[로그 파일] /home/work/lab_project/severity/experiment_logs/all_20260329_125714/logs/anomaly_vanilla_ae_train_score_relevance_0_3.log

[피처 중요도 로그] /home/work/lab_project/severity/feature_importance_train_severity_anomaly_vanilla_ae_train_score_relevance_0_3.log

[검증] train 비율로 배정한 분류 정확도(참고): 0.2492

[Train] 실제 Severity와 비교

=== Train (비율 배정) ===
Accuracy: 0.2523
Macro precision: 0.2523
Macro recall: 0.2523
Macro F1: 0.2523
Weighted precision: 0.2523
Weighted recall: 0.2523
Weighted F1: 0.2523
              precision    recall  f1-score   support

    Critical     0.2524    0.2524    0.2524     15114
        High     0.2549    0.2549    0.2549     15048
      Medium     0.2496    0.2496    0.2496     14906
         Low     0.2523    0.2523    0.2523     14932

    accuracy                         0.2523     60000
   macro avg     0.2523    0.2523    0.2523     60000
weighted avg     0.2523    0.2523    0.2523     60000


[train_score_relevance_0_3] train 점수 min~max를 [0,3] relevance로 선형 매핑 후 반올림 (train min=0.000056, train max=0.003719)

[Test] 실제 Severity와 비교

=== Test (mode=train_score_relevance_0_3) ===
Accuracy: 0.2472
Macro precision: 0.2756
Macro recall: 0.2497
Macro F1: 0.1175
Weighted precision: 0.2767
Weighted recall: 0.2472
Weighted F1: 0.1165
              precision    recall  f1-score   support

    Critical     0.4167    0.0010    0.0020      5108
        High     0.1915    0.0018    0.0036      4920
      Medium     0.2471    0.0420    0.0718      5027
         Low     0.2472    0.9541    0.3926      4945

    accuracy                         0.2472     20000
   macro avg     0.2756    0.2497    0.1175     20000
weighted avg     0.2767    0.2472    0.1165     20000


저장: severity/logging_monitoring_anomalies_anomaly_vanilla_ae_train_score_relevance_0_3.csv

=== 소요 시간 ===
CSV 로드·train/val/test 분할: 0.391 s
전처리(인코딩·스케일) + 학습(train∪val): 121.670 s
추론·경계·평가·저장(전수): 2.473 s
  └ Test severity 정답 비교(report_metrics)만: 0.355 s
전체: 124.535 s

=== 랭킹 지표 MRR (relevance=0..3) ===
Validation MRR: 0.854990
Test MRR:       0.867764
