nohup: ignoring input 

===== Running LambdaMART.py =====

Epoch 0 | Train Metrics: {'NDCG@1': 0.5732484076433121, 'NDCG@5': 0.5880736881665914, 'NDCG@10': 0.6096442262461437, 'MAP': 0.5865170157251175, 'MRR': 0.6600840831732551}
Epoch 10 | Train Metrics: {'NDCG@1': 0.6581740976645435, 'NDCG@5': 0.6490149173410855, 'NDCG@10': 0.662554086692225, 'MAP': 0.6443693912514491, 'MRR': 0.7016985138004246}
Epoch 20 | Train Metrics: {'NDCG@1': 0.6702052370842179, 'NDCG@5': 0.6639797850615851, 'NDCG@10': 0.6763812444132374, 'MAP': 0.6604776144512488, 'MRR': 0.7091295116772823}
Epoch 30 | Train Metrics: {'NDCG@1': 0.6843595187544231, 'NDCG@5': 0.6824925913397444, 'NDCG@10': 0.6873292460956864, 'MAP': 0.6750762617845637, 'MRR': 0.7133757961783439}
Epoch 40 | Train Metrics: {'NDCG@1': 0.6935598018400565, 'NDCG@5': 0.6887611432088858, 'NDCG@10': 0.6929422932887351, 'MAP': 0.6820188636392133, 'MRR': 0.7165605095541401}
Epoch 50 | Train Metrics: {'NDCG@1': 0.6978060863411182, 'NDCG@5': 0.6933516807490566, 'NDCG@10': 0.6957190029534982, 'MAP': 0.6847760896803594, 'MRR': 0.7165605095541401}
Epoch 60 | Train Metrics: {'NDCG@1': 0.6978060863411182, 'NDCG@5': 0.694829905072356, 'NDCG@10': 0.6979451586547417, 'MAP': 0.6872442014170375, 'MRR': 0.7165605095541401}
Epoch 70 | Train Metrics: {'NDCG@1': 0.70276008492569, 'NDCG@5': 0.6984435995295061, 'NDCG@10': 0.7009325346612334, 'MAP': 0.6907980143908793, 'MRR': 0.7176220806794055}
Epoch 80 | Train Metrics: {'NDCG@1': 0.7062986553432413, 'NDCG@5': 0.700490281738865, 'NDCG@10': 0.7035251277299235, 'MAP': 0.6938584157490768, 'MRR': 0.7186836518046709}
Epoch 90 | Train Metrics: {'NDCG@1': 0.7126680820948336, 'NDCG@5': 0.7025400328846082, 'NDCG@10': 0.7056460550924333, 'MAP': 0.6961995677725679, 'MRR': 0.7197452229299363}
Epoch 100 | Train Metrics: {'NDCG@1': 0.7126680820948336, 'NDCG@5': 0.70256740745063, 'NDCG@10': 0.7062225580347419, 'MAP': 0.6976321454568204, 'MRR': 0.7197452229299363}
Epoch 110 | Train Metrics: {'NDCG@1': 0.7112526539278131, 'NDCG@5': 0.7032682923953467, 'NDCG@10': 0.7067174708747616, 'MAP': 0.6986514306711229, 'MRR': 0.7197452229299363}
Epoch 120 | Train Metrics: {'NDCG@1': 0.7126680820948336, 'NDCG@5': 0.7041323239747876, 'NDCG@10': 0.7080894189520077, 'MAP': 0.6997087122077233, 'MRR': 0.7197452229299363}
Epoch 130 | Train Metrics: {'NDCG@1': 0.7126680820948336, 'NDCG@5': 0.7058659401150004, 'NDCG@10': 0.7088211843762716, 'MAP': 0.7009339467717083, 'MRR': 0.7197452229299363}
Epoch 140 | Train Metrics: {'NDCG@1': 0.7154989384288747, 'NDCG@5': 0.7071581044643609, 'NDCG@10': 0.7099211633175924, 'MAP': 0.7021938183285082, 'MRR': 0.7197452229299363}
Epoch 150 | Train Metrics: {'NDCG@1': 0.7154989384288747, 'NDCG@5': 0.7078183240205806, 'NDCG@10': 0.7106012792074172, 'MAP': 0.7030504432272175, 'MRR': 0.7197452229299363}
Epoch 160 | Train Metrics: {'NDCG@1': 0.7140835102618541, 'NDCG@5': 0.7082928327010873, 'NDCG@10': 0.7108776614771986, 'MAP': 0.7037064175798015, 'MRR': 0.7197452229299363}
Epoch 170 | Train Metrics: {'NDCG@1': 0.7140835102618541, 'NDCG@5': 0.7086974039060459, 'NDCG@10': 0.7114487292084334, 'MAP': 0.7047315304947579, 'MRR': 0.7197452229299363}
Epoch 180 | Train Metrics: {'NDCG@1': 0.7140835102618541, 'NDCG@5': 0.7085914508230813, 'NDCG@10': 0.7111953275016194, 'MAP': 0.7048111664187271, 'MRR': 0.7197452229299363}
Epoch 190 | Train Metrics: {'NDCG@1': 0.7140835102618541, 'NDCG@5': 0.7090436093385022, 'NDCG@10': 0.7115714258264746, 'MAP': 0.7053390637320589, 'MRR': 0.7197452229299363}
{'NDCG@1': 0.33760683760683763, 'NDCG@5': 0.42646520590390496, 'NDCG@10': 0.46830836920893265, 'MAP': 0.44142068090495656, 'MRR': 0.4985195360195361}

===== Running lambdaRank.py =====

Training .....

Epoch 0 | Train Metrics: {'NDCG@1': 0.23354564755838642, 'NDCG@5': 0.2952791016885726, 'NDCG@10': 0.3728108468320442, 'MAP': 0.3431783343702424, 'MRR': 0.41849202920505474}
Epoch 1 | Train Metrics: {'NDCG@1': 0.3552724699221514, 'NDCG@5': 0.4209138039702778, 'NDCG@10': 0.47442645877206135, 'MAP': 0.4417978204318036, 'MRR': 0.5126055954965882}
Epoch 2 | Train Metrics: {'NDCG@1': 0.3581033262561925, 'NDCG@5': 0.4278080979042994, 'NDCG@10': 0.4799827445709826, 'MAP': 0.44946522595370664, 'MRR': 0.5158628455134687}
Epoch 3 | Train Metrics: {'NDCG@1': 0.35810332625619246, 'NDCG@5': 0.4320433900304457, 'NDCG@10': 0.4830156044486701, 'MAP': 0.4545204203893926, 'MRR': 0.5200800048812516}
Epoch 4 | Train Metrics: {'NDCG@1': 0.3609341825902335, 'NDCG@5': 0.435861987901396, 'NDCG@10': 0.48957517960956864, 'MAP': 0.4621158482735995, 'MRR': 0.5266242533108032}
Epoch 5 | Train Metrics: {'NDCG@1': 0.3680113234253362, 'NDCG@5': 0.4439139825432289, 'NDCG@10': 0.4938124521044379, 'MAP': 0.4676769061721493, 'MRR': 0.5345451191122547}
Epoch 6 | Train Metrics: {'NDCG@1': 0.3602264685067233, 'NDCG@5': 0.4485623100552488, 'NDCG@10': 0.49433725675559614, 'MAP': 0.4702249081291935, 'MRR': 0.5324546105382948}
Epoch 7 | Train Metrics: {'NDCG@1': 0.35951875442321296, 'NDCG@5': 0.45071375514926904, 'NDCG@10': 0.4977954278745093, 'MAP': 0.4742746206895434, 'MRR': 0.5319469352382874}
Epoch 8 | Train Metrics: {'NDCG@1': 0.3651804670912951, 'NDCG@5': 0.45464735654402666, 'NDCG@10': 0.500194315245024, 'MAP': 0.47764947723408485, 'MRR': 0.5383033619079546}
Epoch 9 | Train Metrics: {'NDCG@1': 0.36376503892427453, 'NDCG@5': 0.4542253978414817, 'NDCG@10': 0.5004472818732071, 'MAP': 0.477848075040761, 'MRR': 0.5376942988785094}
{'NDCG@1': 0.3226495726495726, 'NDCG@5': 0.4359042190152543, 'NDCG@10': 0.47573260449083477, 'MAP': 0.45000359514529265, 'MRR': 0.4934345746845747}

===== Running RankNet.py =====

Load training data...
Load done.


Traning………………

/home/work/lab_project/L2R/RankNet.py:214: UserWarning: Converting a tensor with requires_grad=True to a scalar may lead to unexpected behavior.
Consider using tensor.detach() first. (Triggered internally at /opt/pytorch/pytorch/aten/src/ATen/native/Scalar.cpp:22.)
  score = -loss.item()
/home/work/lab_project/L2R/RankNet.py:231: UserWarning: FigureCanvasSVG is non-interactive, and thus cannot be shown
  plt.pause(1)
Epoch:0, loss : 0.697047770023346, Metrics: {'NDCG@1': 0.3531493276716206, 'NDCG@5': 0.4187852964464692, 'NDCG@10': 0.4732346443078712, 'MAP': 0.44592837865132456, 'MRR': 0.5148929975373533}
Epoch:10, loss : 0.42836999893188477, Metrics: {'NDCG@1': 0.3807501769285208, 'NDCG@5': 0.4494174151741059, 'NDCG@10': 0.4967242127599117, 'MAP': 0.47336641701253773, 'MRR': 0.5475528513089397}
Epoch:20, loss : 0.38301894068717957, Metrics: {'NDCG@1': 0.3665958952583156, 'NDCG@5': 0.4582154728197271, 'NDCG@10': 0.5025830566866063, 'MAP': 0.4794721671592173, 'MRR': 0.540633190235101}
Epoch:30, loss : 0.3394751250743866, Metrics: {'NDCG@1': 0.38924274593064406, 'NDCG@5': 0.46401969319476005, 'NDCG@10': 0.508048597299012, 'MAP': 0.48575922013403317, 'MRR': 0.5475620864072539}
Epoch:40, loss : 0.3008691966533661, Metrics: {'NDCG@1': 0.3984430290162775, 'NDCG@5': 0.47911234096833627, 'NDCG@10': 0.5217396369248732, 'MAP': 0.4994932261764704, 'MRR': 0.5643697743374135}
Epoch:50, loss : 0.2682245969772339, Metrics: {'NDCG@1': 0.4118895966029724, 'NDCG@5': 0.4872716153367023, 'NDCG@10': 0.5350280564625989, 'MAP': 0.5093779013506615, 'MRR': 0.5765629451935185}
Epoch:60, loss : 0.24289090931415558, Metrics: {'NDCG@1': 0.41259731068648264, 'NDCG@5': 0.4968904003720552, 'NDCG@10': 0.5352258703547652, 'MAP': 0.5130355227992749, 'MRR': 0.5790902057725652}
Epoch:70, loss : 0.22036251425743103, Metrics: {'NDCG@1': 0.4380750176928521, 'NDCG@5': 0.5103526486684203, 'NDCG@10': 0.546287291313296, 'MAP': 0.5252316087197229, 'MRR': 0.5886293018140152}
Epoch:80, loss : 0.19818244874477386, Metrics: {'NDCG@1': 0.4642604387827317, 'NDCG@5': 0.532969176337178, 'NDCG@10': 0.5687532450532207, 'MAP': 0.5478013537963613, 'MRR': 0.6052173400207186}
Epoch:90, loss : 0.1848982721567154, Metrics: {'NDCG@1': 0.4883227176220807, 'NDCG@5': 0.5384805822929997, 'NDCG@10': 0.5770980317967043, 'MAP': 0.5531390627376912, 'MRR': 0.6145913793684494}
/home/work/lab_project/L2R/RankNet.py:238: UserWarning: FigureCanvasSVG is non-interactive, and thus cannot be shown
  plt.show()
Validate...
{'NDCG@1': 0.25854700854700857, 'NDCG@5': 0.3733441988543906, 'NDCG@10': 0.4297807999165596, 'MAP': 0.4055489049529206, 'MRR': 0.454721435971436}

===== Running ListNet.py =====

ListNet Epoch 0 | Metrics: {'NDCG@1': 0.3906581740976645, 'NDCG@5': 0.4918747185564429, 'NDCG@10': 0.5416491606452128, 'MAP': 0.5057805212811262, 'MRR': 0.562278644921957}
ListNet Epoch 1 | Metrics: {'NDCG@1': 0.3927813163481953, 'NDCG@5': 0.49296535806127845, 'NDCG@10': 0.5439387655662047, 'MAP': 0.5058979128895678, 'MRR': 0.5679961581235466}
ListNet Epoch 2 | Metrics: {'NDCG@1': 0.4033970276008492, 'NDCG@5': 0.4960619509458956, 'NDCG@10': 0.5445323551277829, 'MAP': 0.508296198170481, 'MRR': 0.569038937461812}
ListNet Epoch 3 | Metrics: {'NDCG@1': 0.4097664543524417, 'NDCG@5': 0.4964246345768153, 'NDCG@10': 0.5461314325752377, 'MAP': 0.5082728532881761, 'MRR': 0.5660108822529205}
ListNet Epoch 4 | Metrics: {'NDCG@1': 0.386411889596603, 'NDCG@5': 0.4901049776546949, 'NDCG@10': 0.539334018352808, 'MAP': 0.5004181848430062, 'MRR': 0.55606502178089}
ListNet Epoch 5 | Metrics: {'NDCG@1': 0.39490445859872614, 'NDCG@5': 0.4937269988234357, 'NDCG@10': 0.5418061394208387, 'MAP': 0.5037933895196497, 'MRR': 0.5623787924743339}
ListNet Epoch 6 | Metrics: {'NDCG@1': 0.3991507430997877, 'NDCG@5': 0.4952089384264774, 'NDCG@10': 0.5420710424428201, 'MAP': 0.5042300770003463, 'MRR': 0.5620299905331753}
ListNet Epoch 7 | Metrics: {'NDCG@1': 0.4012738853503185, 'NDCG@5': 0.4946282592854642, 'NDCG@10': 0.5443786875262588, 'MAP': 0.5080319998046696, 'MRR': 0.5637158665821086}
ListNet Epoch 8 | Metrics: {'NDCG@1': 0.39702760084925687, 'NDCG@5': 0.48911188866902633, 'NDCG@10': 0.5402489431502285, 'MAP': 0.503305049738726, 'MRR': 0.5629727667944229}
ListNet: {'NDCG@1': 0.391025641025641, 'NDCG@5': 0.45161418580256524, 'NDCG@10': 0.4911445658524408, 'MAP': 0.462484308642179, 'MRR': 0.520487382987383}

===== Running ListMLE.py =====

ListMLE Epoch 0 | Metrics: {'NDCG@1': 0.3524416135881104, 'NDCG@5': 0.4555056215937758, 'NDCG@10': 0.5147136597577486, 'MAP': 0.46937139046099075, 'MRR': 0.5323772689959819}
ListMLE Epoch 1 | Metrics: {'NDCG@1': 0.3588110403397028, 'NDCG@5': 0.4653529546844268, 'NDCG@10': 0.5234535498384066, 'MAP': 0.48057518542080513, 'MRR': 0.5422167004969554}
ListMLE Epoch 2 | Metrics: {'NDCG@1': 0.37579617834394907, 'NDCG@5': 0.4653217949128653, 'NDCG@10': 0.5257606935871271, 'MAP': 0.4837499345660834, 'MRR': 0.5452064814166726}
ListMLE Epoch 3 | Metrics: {'NDCG@1': 0.38004246284501064, 'NDCG@5': 0.46232500656208647, 'NDCG@10': 0.5223425994663075, 'MAP': 0.479798187080026, 'MRR': 0.5511512797181587}
ListMLE Epoch 4 | Metrics: {'NDCG@1': 0.3715498938428875, 'NDCG@5': 0.4571686687043607, 'NDCG@10': 0.520735726383466, 'MAP': 0.4758691796711592, 'MRR': 0.5439785974817822}
ListMLE Epoch 5 | Metrics: {'NDCG@1': 0.37367303609341823, 'NDCG@5': 0.45282846695498075, 'NDCG@10': 0.5206881567135728, 'MAP': 0.4749814662407172, 'MRR': 0.5453480242333746}
ListMLE Epoch 6 | Metrics: {'NDCG@1': 0.3779193205944798, 'NDCG@5': 0.45484601411395675, 'NDCG@10': 0.5197904808697393, 'MAP': 0.4731008041105601, 'MRR': 0.5440262320835569}
ListMLE Epoch 7 | Metrics: {'NDCG@1': 0.3779193205944798, 'NDCG@5': 0.45473132468797994, 'NDCG@10': 0.5198946920066011, 'MAP': 0.47393906308956274, 'MRR': 0.5439724434462735}
ListMLE Epoch 8 | Metrics: {'NDCG@1': 0.38428874734607216, 'NDCG@5': 0.45686430035930076, 'NDCG@10': 0.5194423151721853, 'MAP': 0.47516267003936485, 'MRR': 0.5473351842778594}
ListMLE Epoch 9 | Metrics: {'NDCG@1': 0.3779193205944798, 'NDCG@5': 0.46210791936916096, 'NDCG@10': 0.5186423553891436, 'MAP': 0.47488940078392405, 'MRR': 0.5441428882511686}
ListMLE Epoch 10 | Metrics: {'NDCG@1': 0.38428874734607216, 'NDCG@5': 0.45858586160841186, 'NDCG@10': 0.5190623374772865, 'MAP': 0.47590139786271834, 'MRR': 0.5471423304225853}
ListMLE Epoch 11 | Metrics: {'NDCG@1': 0.3800424628450106, 'NDCG@5': 0.45939812207667846, 'NDCG@10': 0.5176951521196322, 'MAP': 0.47567100497515513, 'MRR': 0.5482280281643339}
ListMLE Epoch 12 | Metrics: {'NDCG@1': 0.3800424628450106, 'NDCG@5': 0.4565964416103601, 'NDCG@10': 0.5181498040951127, 'MAP': 0.47479479052191526, 'MRR': 0.5502514718119814}
ListMLE Epoch 13 | Metrics: {'NDCG@1': 0.3800424628450106, 'NDCG@5': 0.45715977843802363, 'NDCG@10': 0.5181090018217145, 'MAP': 0.4751728852117663, 'MRR': 0.5503300699105663}
ListMLE Epoch 14 | Metrics: {'NDCG@1': 0.36730360934182593, 'NDCG@5': 0.45301142180350623, 'NDCG@10': 0.5168209281994803, 'MAP': 0.47409582572618103, 'MRR': 0.543808990141079}
ListMLE Epoch 15 | Metrics: {'NDCG@1': 0.36730360934182593, 'NDCG@5': 0.4520709302639423, 'NDCG@10': 0.5159347461280793, 'MAP': 0.4737012195870868, 'MRR': 0.5417749307821788}
ListMLE Epoch 16 | Metrics: {'NDCG@1': 0.3736730360934183, 'NDCG@5': 0.45575682303346526, 'NDCG@10': 0.5176355758863517, 'MAP': 0.47692452390233164, 'MRR': 0.5444101634388259}
ListMLE Epoch 17 | Metrics: {'NDCG@1': 0.3736730360934183, 'NDCG@5': 0.4562277738755944, 'NDCG@10': 0.5186632768670535, 'MAP': 0.47707760741345256, 'MRR': 0.5452678455066989}
ListMLE Epoch 18 | Metrics: {'NDCG@1': 0.36730360934182593, 'NDCG@5': 0.45657124437644836, 'NDCG@10': 0.5173182624240359, 'MAP': 0.47717036506728305, 'MRR': 0.5423931783008216}
ListMLE Epoch 19 | Metrics: {'NDCG@1': 0.3779193205944798, 'NDCG@5': 0.4569958406413564, 'NDCG@10': 0.5178147920740208, 'MAP': 0.47689871758287317, 'MRR': 0.5442062743814337}
ListMLE Epoch 20 | Metrics: {'NDCG@1': 0.3779193205944798, 'NDCG@5': 0.45539463185712886, 'NDCG@10': 0.5213576133929857, 'MAP': 0.4784704800746508, 'MRR': 0.5452212773072646}
ListMLE Epoch 21 | Metrics: {'NDCG@1': 0.3779193205944798, 'NDCG@5': 0.4550534917104243, 'NDCG@10': 0.5200668646271518, 'MAP': 0.47740698299265816, 'MRR': 0.5438943134006828}
ListMLE Epoch 22 | Metrics: {'NDCG@1': 0.3779193205944798, 'NDCG@5': 0.45468852190572323, 'NDCG@10': 0.519558507859127, 'MAP': 0.4765267030942423, 'MRR': 0.5429314901963834}
ListMLE Epoch 23 | Metrics: {'NDCG@1': 0.38428874734607216, 'NDCG@5': 0.45679877964816495, 'NDCG@10': 0.521985676162919, 'MAP': 0.4797044739307793, 'MRR': 0.5461162035721796}
ListMLE Epoch 24 | Metrics: {'NDCG@1': 0.3906581740976645, 'NDCG@5': 0.4567427246809299, 'NDCG@10': 0.5217336945818384, 'MAP': 0.4797094347312597, 'MRR': 0.5496193882855555}
ListMLE Epoch 25 | Metrics: {'NDCG@1': 0.3906581740976645, 'NDCG@5': 0.45641169042761076, 'NDCG@10': 0.5217529832138916, 'MAP': 0.47946416324174596, 'MRR': 0.5503757948821644}
ListMLE Epoch 26 | Metrics: {'NDCG@1': 0.38428874734607216, 'NDCG@5': 0.4569129234374272, 'NDCG@10': 0.5207290201985134, 'MAP': 0.47926559658338275, 'MRR': 0.547959789369444}
ListMLE Epoch 27 | Metrics: {'NDCG@1': 0.39490445859872614, 'NDCG@5': 0.46373330991177886, 'NDCG@10': 0.5241238592928145, 'MAP': 0.4836356674583825, 'MRR': 0.5535431479782804}
ListMLE Epoch 28 | Metrics: {'NDCG@1': 0.3906581740976645, 'NDCG@5': 0.46270404630843676, 'NDCG@10': 0.5230866531213603, 'MAP': 0.48275793657437044, 'MRR': 0.5536337229649332}
ListMLE Epoch 29 | Metrics: {'NDCG@1': 0.3885350318471338, 'NDCG@5': 0.46434408583678516, 'NDCG@10': 0.5238586168325078, 'MAP': 0.483510109179614, 'MRR': 0.5514954154126128}
ListMLE Epoch 30 | Metrics: {'NDCG@1': 0.3885350318471338, 'NDCG@5': 0.46249696490250947, 'NDCG@10': 0.5238475927625672, 'MAP': 0.4825913897011589, 'MRR': 0.5509646298499801}
ListMLE Epoch 31 | Metrics: {'NDCG@1': 0.39490445859872614, 'NDCG@5': 0.4633087131836352, 'NDCG@10': 0.524542240699958, 'MAP': 0.48359643972324884, 'MRR': 0.5533000863255639}
ListMLE Epoch 32 | Metrics: {'NDCG@1': 0.39490445859872614, 'NDCG@5': 0.4660893710685396, 'NDCG@10': 0.523253205901857, 'MAP': 0.4839447893206572, 'MRR': 0.5523955344019039}
ListMLE Epoch 33 | Metrics: {'NDCG@1': 0.4012738853503185, 'NDCG@5': 0.4687021099312628, 'NDCG@10': 0.5259697304432916, 'MAP': 0.48692087141458235, 'MRR': 0.5567843986633796}
ListMLE Epoch 34 | Metrics: {'NDCG@1': 0.39490445859872614, 'NDCG@5': 0.4643860405955312, 'NDCG@10': 0.5240458934051848, 'MAP': 0.4845684104534107, 'MRR': 0.5514681178693918}
ListMLE Epoch 35 | Metrics: {'NDCG@1': 0.39490445859872614, 'NDCG@5': 0.46416554518566283, 'NDCG@10': 0.5239292495967827, 'MAP': 0.4834477925805681, 'MRR': 0.5535912601199225}
ListMLE Epoch 36 | Metrics: {'NDCG@1': 0.4012738853503185, 'NDCG@5': 0.46729455830810973, 'NDCG@10': 0.5275337246841505, 'MAP': 0.4863775170167312, 'MRR': 0.5569276265136137}
ListMLE Epoch 37 | Metrics: {'NDCG@1': 0.39490445859872614, 'NDCG@5': 0.46429699808020464, 'NDCG@10': 0.5247925321039233, 'MAP': 0.48214007348804244, 'MRR': 0.5537291264998271}
ListMLE Epoch 38 | Metrics: {'NDCG@1': 0.3885350318471338, 'NDCG@5': 0.4643866255556902, 'NDCG@10': 0.522187896379233, 'MAP': 0.4807777371248287, 'MRR': 0.5505444131240309}
ListMLE Epoch 39 | Metrics: {'NDCG@1': 0.3821656050955414, 'NDCG@5': 0.46363222210411126, 'NDCG@10': 0.520278321315847, 'MAP': 0.47818249957157866, 'MRR': 0.5474734395116561}
ListMLE Epoch 40 | Metrics: {'NDCG@1': 0.3821656050955414, 'NDCG@5': 0.46217857473302765, 'NDCG@10': 0.5212520652392663, 'MAP': 0.47738197215158445, 'MRR': 0.5473355731317515}
ListMLE Epoch 41 | Metrics: {'NDCG@1': 0.3885350318471338, 'NDCG@5': 0.4660701021472093, 'NDCG@10': 0.5243286973425587, 'MAP': 0.4823023489358645, 'MRR': 0.5506719395254427}
ListMLE Epoch 42 | Metrics: {'NDCG@1': 0.3821656050955414, 'NDCG@5': 0.46275291732662827, 'NDCG@10': 0.5241881688668859, 'MAP': 0.4792388415812941, 'MRR': 0.5476009659130677}
ListMLE Epoch 43 | Metrics: {'NDCG@1': 0.3885350318471338, 'NDCG@5': 0.4628979634395253, 'NDCG@10': 0.5233280137295533, 'MAP': 0.4788168197045359, 'MRR': 0.5506340262709689}
ListMLE Epoch 44 | Metrics: {'NDCG@1': 0.37579617834394907, 'NDCG@5': 0.4613638719437283, 'NDCG@10': 0.5225709781290483, 'MAP': 0.47650994794197826, 'MRR': 0.5449099673621967}
ListMLE Epoch 45 | Metrics: {'NDCG@1': 0.36942675159235666, 'NDCG@5': 0.4582905769034881, 'NDCG@10': 0.519949336556666, 'MAP': 0.47287801598307827, 'MRR': 0.5414446959032946}
ListMLE Epoch 46 | Metrics: {'NDCG@1': 0.37579617834394907, 'NDCG@5': 0.4591028281354901, 'NDCG@10': 0.521973043815628, 'MAP': 0.4757086141105881, 'MRR': 0.5446294092790908}
ListMLE Epoch 47 | Metrics: {'NDCG@1': 0.37579617834394907, 'NDCG@5': 0.45870936900435194, 'NDCG@10': 0.5210464178874129, 'MAP': 0.47450809392679616, 'MRR': 0.5440986237164581}
ListMLE Epoch 48 | Metrics: {'NDCG@1': 0.37579617834394907, 'NDCG@5': 0.4584863312124794, 'NDCG@10': 0.5218841318872041, 'MAP': 0.4750288938704887, 'MRR': 0.5449200775633897}
ListMLE Epoch 49 | Metrics: {'NDCG@1': 0.3821656050955414, 'NDCG@5': 0.46105025642737796, 'NDCG@10': 0.5223115526086246, 'MAP': 0.47731723447962876, 'MRR': 0.5481047909391858}
ListMLE: {'NDCG@1': 0.32264957264957267, 'NDCG@5': 0.40246300050853817, 'NDCG@10': 0.44625045597260293, 'MAP': 0.41489077738877456, 'MRR': 0.49493307618307625}

===== Running XGBoost_Rank.py =====

[0]	validation_0-ndcg@32:0.79314
[1]	validation_0-ndcg@32:0.80266
[2]	validation_0-ndcg@32:0.80383
[3]	validation_0-ndcg@32:0.79990
[4]	validation_0-ndcg@32:0.80581
[5]	validation_0-ndcg@32:0.79867
[6]	validation_0-ndcg@32:0.80073
[7]	validation_0-ndcg@32:0.79947
[8]	validation_0-ndcg@32:0.80015
[9]	validation_0-ndcg@32:0.80005
[10]	validation_0-ndcg@32:0.79791
[11]	validation_0-ndcg@32:0.79549
[12]	validation_0-ndcg@32:0.80006
[13]	validation_0-ndcg@32:0.80014
[14]	validation_0-ndcg@32:0.80016
[15]	validation_0-ndcg@32:0.80085
[16]	validation_0-ndcg@32:0.79653
[17]	validation_0-ndcg@32:0.79764
[18]	validation_0-ndcg@32:0.79866
[19]	validation_0-ndcg@32:0.79798
[20]	validation_0-ndcg@32:0.79673
[21]	validation_0-ndcg@32:0.79460
[22]	validation_0-ndcg@32:0.79760
[23]	validation_0-ndcg@32:0.79791
[24]	validation_0-ndcg@32:0.79902
[25]	validation_0-ndcg@32:0.79912
[26]	validation_0-ndcg@32:0.80260
[27]	validation_0-ndcg@32:0.80206
[28]	validation_0-ndcg@32:0.80079
[29]	validation_0-ndcg@32:0.79926
[30]	validation_0-ndcg@32:0.80018
[31]	validation_0-ndcg@32:0.80066
[32]	validation_0-ndcg@32:0.80267
[33]	validation_0-ndcg@32:0.79946
[34]	validation_0-ndcg@32:0.79776
[35]	validation_0-ndcg@32:0.79884
[36]	validation_0-ndcg@32:0.79818
[37]	validation_0-ndcg@32:0.79873
[38]	validation_0-ndcg@32:0.79999
[39]	validation_0-ndcg@32:0.79908
[40]	validation_0-ndcg@32:0.79948
[41]	validation_0-ndcg@32:0.79918
[42]	validation_0-ndcg@32:0.79830
[43]	validation_0-ndcg@32:0.80002
[44]	validation_0-ndcg@32:0.80240
[45]	validation_0-ndcg@32:0.80204
[46]	validation_0-ndcg@32:0.80160
[47]	validation_0-ndcg@32:0.80171
[48]	validation_0-ndcg@32:0.79839
[49]	validation_0-ndcg@32:0.79936
[50]	validation_0-ndcg@32:0.79662
[51]	validation_0-ndcg@32:0.79740
[52]	validation_0-ndcg@32:0.79562
[53]	validation_0-ndcg@32:0.79893
[54]	validation_0-ndcg@32:0.80115
[55]	validation_0-ndcg@32:0.80261
[56]	validation_0-ndcg@32:0.80267
[57]	validation_0-ndcg@32:0.80296
[58]	validation_0-ndcg@32:0.80383
[59]	validation_0-ndcg@32:0.80380
[60]	validation_0-ndcg@32:0.80325
[61]	validation_0-ndcg@32:0.80326
[62]	validation_0-ndcg@32:0.80329
[63]	validation_0-ndcg@32:0.80302
[64]	validation_0-ndcg@32:0.80100
[65]	validation_0-ndcg@32:0.79945
[66]	validation_0-ndcg@32:0.80121
[67]	validation_0-ndcg@32:0.79887
[68]	validation_0-ndcg@32:0.79859
[69]	validation_0-ndcg@32:0.79872
[70]	validation_0-ndcg@32:0.79870
[71]	validation_0-ndcg@32:0.79892
[72]	validation_0-ndcg@32:0.79938
[73]	validation_0-ndcg@32:0.79885
[74]	validation_0-ndcg@32:0.79960
[75]	validation_0-ndcg@32:0.79959
[76]	validation_0-ndcg@32:0.79851
[77]	validation_0-ndcg@32:0.79939
[78]	validation_0-ndcg@32:0.79994
[79]	validation_0-ndcg@32:0.79975
[80]	validation_0-ndcg@32:0.80190
[81]	validation_0-ndcg@32:0.80110
[82]	validation_0-ndcg@32:0.80065
[83]	validation_0-ndcg@32:0.79822
[84]	validation_0-ndcg@32:0.79821
[85]	validation_0-ndcg@32:0.80045
[86]	validation_0-ndcg@32:0.80014
[87]	validation_0-ndcg@32:0.80021
[88]	validation_0-ndcg@32:0.79807
[89]	validation_0-ndcg@32:0.79809
[90]	validation_0-ndcg@32:0.79993
[91]	validation_0-ndcg@32:0.79804
[92]	validation_0-ndcg@32:0.79792
[93]	validation_0-ndcg@32:0.79777
[94]	validation_0-ndcg@32:0.79782
[95]	validation_0-ndcg@32:0.80092
[96]	validation_0-ndcg@32:0.80067
[97]	validation_0-ndcg@32:0.80070
[98]	validation_0-ndcg@32:0.80081
[99]	validation_0-ndcg@32:0.80011
[100]	validation_0-ndcg@32:0.79867
[101]	validation_0-ndcg@32:0.80128
[102]	validation_0-ndcg@32:0.80250
[103]	validation_0-ndcg@32:0.80014
[104]	validation_0-ndcg@32:0.80011
[105]	validation_0-ndcg@32:0.79656
[106]	validation_0-ndcg@32:0.80231
[107]	validation_0-ndcg@32:0.80046
[108]	validation_0-ndcg@32:0.80072
[109]	validation_0-ndcg@32:0.80097
[110]	validation_0-ndcg@32:0.80346
[111]	validation_0-ndcg@32:0.80396
[112]	validation_0-ndcg@32:0.80322
[113]	validation_0-ndcg@32:0.80356
[114]	validation_0-ndcg@32:0.80289
[115]	validation_0-ndcg@32:0.80299
[116]	validation_0-ndcg@32:0.80214
[117]	validation_0-ndcg@32:0.80198
[118]	validation_0-ndcg@32:0.80181
[119]	validation_0-ndcg@32:0.80210
[120]	validation_0-ndcg@32:0.80167
[121]	validation_0-ndcg@32:0.79950
[122]	validation_0-ndcg@32:0.79932
[123]	validation_0-ndcg@32:0.79914
[124]	validation_0-ndcg@32:0.79924
[125]	validation_0-ndcg@32:0.79886
[126]	validation_0-ndcg@32:0.79668
[127]	validation_0-ndcg@32:0.79921
[128]	validation_0-ndcg@32:0.79931
[129]	validation_0-ndcg@32:0.79927
[130]	validation_0-ndcg@32:0.80036
[131]	validation_0-ndcg@32:0.79970
[132]	validation_0-ndcg@32:0.80060
[133]	validation_0-ndcg@32:0.79887
[134]	validation_0-ndcg@32:0.80114
[135]	validation_0-ndcg@32:0.79953
[136]	validation_0-ndcg@32:0.80204
[137]	validation_0-ndcg@32:0.80239
[138]	validation_0-ndcg@32:0.79960
[139]	validation_0-ndcg@32:0.80213
[140]	validation_0-ndcg@32:0.80020
[141]	validation_0-ndcg@32:0.80024
[142]	validation_0-ndcg@32:0.79979
[143]	validation_0-ndcg@32:0.79977
[144]	validation_0-ndcg@32:0.80021
[145]	validation_0-ndcg@32:0.79966
[146]	validation_0-ndcg@32:0.80027
[147]	validation_0-ndcg@32:0.79868
[148]	validation_0-ndcg@32:0.79899
[149]	validation_0-ndcg@32:0.79848
[150]	validation_0-ndcg@32:0.79878
[151]	validation_0-ndcg@32:0.79860
[152]	validation_0-ndcg@32:0.79865
[153]	validation_0-ndcg@32:0.79834
[154]	validation_0-ndcg@32:0.79840
[155]	validation_0-ndcg@32:0.79880
[156]	validation_0-ndcg@32:0.79893
[157]	validation_0-ndcg@32:0.79893
[158]	validation_0-ndcg@32:0.79951
[159]	validation_0-ndcg@32:0.80020
[160]	validation_0-ndcg@32:0.79965
[161]	validation_0-ndcg@32:0.79968
[162]	validation_0-ndcg@32:0.80222
[163]	validation_0-ndcg@32:0.80248
[164]	validation_0-ndcg@32:0.80122
[165]	validation_0-ndcg@32:0.80103
[166]	validation_0-ndcg@32:0.80074
[167]	validation_0-ndcg@32:0.80089
[168]	validation_0-ndcg@32:0.80069
[169]	validation_0-ndcg@32:0.80069
[170]	validation_0-ndcg@32:0.80067
[171]	validation_0-ndcg@32:0.80032
[172]	validation_0-ndcg@32:0.80090
[173]	validation_0-ndcg@32:0.80142
[174]	validation_0-ndcg@32:0.80095
[175]	validation_0-ndcg@32:0.80121
[176]	validation_0-ndcg@32:0.80148
[177]	validation_0-ndcg@32:0.80108
[178]	validation_0-ndcg@32:0.80112
[179]	validation_0-ndcg@32:0.80043
[180]	validation_0-ndcg@32:0.79978
[181]	validation_0-ndcg@32:0.79982
[182]	validation_0-ndcg@32:0.80111
[183]	validation_0-ndcg@32:0.80234
[184]	validation_0-ndcg@32:0.80218
[185]	validation_0-ndcg@32:0.80193
[186]	validation_0-ndcg@32:0.80182
[187]	validation_0-ndcg@32:0.80153
[188]	validation_0-ndcg@32:0.80202
[189]	validation_0-ndcg@32:0.80227
[190]	validation_0-ndcg@32:0.80299
[191]	validation_0-ndcg@32:0.80191
[192]	validation_0-ndcg@32:0.80285
[193]	validation_0-ndcg@32:0.80288
[194]	validation_0-ndcg@32:0.80311
[195]	validation_0-ndcg@32:0.80170
[196]	validation_0-ndcg@32:0.80069
[197]	validation_0-ndcg@32:0.80063
[198]	validation_0-ndcg@32:0.80073
[199]	validation_0-ndcg@32:0.80080
[200]	validation_0-ndcg@32:0.80056
[201]	validation_0-ndcg@32:0.80084
[202]	validation_0-ndcg@32:0.80097
[203]	validation_0-ndcg@32:0.80087
[204]	validation_0-ndcg@32:0.80098
[205]	validation_0-ndcg@32:0.80126
[206]	validation_0-ndcg@32:0.80127
[207]	validation_0-ndcg@32:0.80121
[208]	validation_0-ndcg@32:0.80058
[209]	validation_0-ndcg@32:0.80145
[210]	validation_0-ndcg@32:0.80168
[211]	validation_0-ndcg@32:0.80214
[212]	validation_0-ndcg@32:0.80289
[213]	validation_0-ndcg@32:0.80305
[214]	validation_0-ndcg@32:0.80318
[215]	validation_0-ndcg@32:0.80147
[216]	validation_0-ndcg@32:0.80093
[217]	validation_0-ndcg@32:0.80092
[218]	validation_0-ndcg@32:0.80069
[219]	validation_0-ndcg@32:0.80044
[220]	validation_0-ndcg@32:0.80043
[221]	validation_0-ndcg@32:0.79981
[222]	validation_0-ndcg@32:0.79955
[223]	validation_0-ndcg@32:0.79926
[224]	validation_0-ndcg@32:0.80016
[225]	validation_0-ndcg@32:0.80140
[226]	validation_0-ndcg@32:0.80157
[227]	validation_0-ndcg@32:0.80194
[228]	validation_0-ndcg@32:0.80176
[229]	validation_0-ndcg@32:0.80118
[230]	validation_0-ndcg@32:0.80390
[231]	validation_0-ndcg@32:0.80371
[232]	validation_0-ndcg@32:0.80352
[233]	validation_0-ndcg@32:0.80364
[234]	validation_0-ndcg@32:0.80313
[235]	validation_0-ndcg@32:0.80379
[236]	validation_0-ndcg@32:0.80373
[237]	validation_0-ndcg@32:0.80546
[238]	validation_0-ndcg@32:0.80481
[239]	validation_0-ndcg@32:0.80524
[240]	validation_0-ndcg@32:0.80528
[241]	validation_0-ndcg@32:0.80360
[242]	validation_0-ndcg@32:0.80353
[243]	validation_0-ndcg@32:0.80433
[244]	validation_0-ndcg@32:0.80520
[245]	validation_0-ndcg@32:0.80406
[246]	validation_0-ndcg@32:0.80387
[247]	validation_0-ndcg@32:0.80299
[248]	validation_0-ndcg@32:0.80322
[249]	validation_0-ndcg@32:0.80273
[250]	validation_0-ndcg@32:0.80269
[251]	validation_0-ndcg@32:0.80273
[252]	validation_0-ndcg@32:0.80149
[253]	validation_0-ndcg@32:0.80113
[254]	validation_0-ndcg@32:0.80163
[255]	validation_0-ndcg@32:0.80371
[256]	validation_0-ndcg@32:0.80441
[257]	validation_0-ndcg@32:0.80405
[258]	validation_0-ndcg@32:0.80456
[259]	validation_0-ndcg@32:0.80347
[260]	validation_0-ndcg@32:0.80235
[261]	validation_0-ndcg@32:0.80222
[262]	validation_0-ndcg@32:0.80248
[263]	validation_0-ndcg@32:0.80300
[264]	validation_0-ndcg@32:0.80304
[265]	validation_0-ndcg@32:0.80214
[266]	validation_0-ndcg@32:0.80268
[267]	validation_0-ndcg@32:0.80212
[268]	validation_0-ndcg@32:0.80205
[269]	validation_0-ndcg@32:0.80267
[270]	validation_0-ndcg@32:0.80271
[271]	validation_0-ndcg@32:0.80277
[272]	validation_0-ndcg@32:0.80330
[273]	validation_0-ndcg@32:0.80354
[274]	validation_0-ndcg@32:0.80336
[275]	validation_0-ndcg@32:0.80340
[276]	validation_0-ndcg@32:0.80315
[277]	validation_0-ndcg@32:0.80317
[278]	validation_0-ndcg@32:0.80284
[279]	validation_0-ndcg@32:0.80419
[280]	validation_0-ndcg@32:0.80438
[281]	validation_0-ndcg@32:0.80443
[282]	validation_0-ndcg@32:0.80406
[283]	validation_0-ndcg@32:0.80405
[284]	validation_0-ndcg@32:0.80398
[285]	validation_0-ndcg@32:0.80386
[286]	validation_0-ndcg@32:0.80316
[287]	validation_0-ndcg@32:0.80340
[288]	validation_0-ndcg@32:0.80316
[289]	validation_0-ndcg@32:0.80275
[290]	validation_0-ndcg@32:0.80278
[291]	validation_0-ndcg@32:0.80277
[292]	validation_0-ndcg@32:0.80283
[293]	validation_0-ndcg@32:0.80337
[294]	validation_0-ndcg@32:0.80292
[295]	validation_0-ndcg@32:0.80291
[296]	validation_0-ndcg@32:0.80293
[297]	validation_0-ndcg@32:0.80289
[298]	validation_0-ndcg@32:0.80288
[299]	validation_0-ndcg@32:0.80288
XGB: {'NDCG@1': 0.3333333333333333, 'NDCG@5': 0.45339047741139876, 'NDCG@10': 0.48427314635334784, 'MAP': 0.4590089406523133, 'MRR': 0.5089819902319902}

===== Running BM25.py =====

BM25: {'NDCG@1': 0.18376068376068375, 'NDCG@5': 0.29912115818174084, 'NDCG@10': 0.3612081495589041, 'MAP': 0.33397001848803437, 'MRR': 0.3490425046174927}
