# qid_mode=cve_calendar_day (날짜=normalize(max(mod_date,pub_date)))
# csv: C:\LTR-algorithm\severity\CVE_summary_separate\cve-datasets\cve_with_meaning70.csv
# generated: 2026-03-30

[요약 통계]
n_qid=2719 n_docs_total=89660 mean=32.98 std=185.24 min=1 p50=7 p90=57 p95=88 p99=305 max=5473
percentiles: p01=1 p05=1 p10=1 p25=3 p50=7 p75=24 p90=57 p95=88 p99=305

[상위 일자]
2019-10-09	5473
2019-10-03	3690
2017-08-29	3246
2017-09-29	3227
2017-09-19	2176
2017-08-17	2157
2018-10-12	1872
2018-10-30	1760
2017-08-08	1470
2018-10-11	1269
2018-10-10	1205
2018-10-15	1085
2018-10-09	1048
2017-07-29	847
2014-11-14	819
2016-11-28	804
2018-01-05	793
2019-08-21	661
2017-09-08	580
2019-02-26	525
2019-03-08	455
2016-12-07	387
2016-12-03	338
2017-07-11	325
2008-09-05	324
2017-07-01	320
2016-12-22	312
2018-10-16	309
2019-11-06	284
2018-10-18	264

[최하위 일자]
2008-10-03	1
2008-10-01	1
2008-09-15	1
2008-09-12	1
2008-06-12	1
2009-02-04	1
2009-02-02	1
2009-01-31	1
2017-01-30	1
2010-10-29	1
2010-10-25	1
2010-10-21	1
2015-12-29	1
2010-11-19	1
2010-11-12	1
2010-11-08	1
2009-03-04	1
2009-02-20	1
2009-02-19	1
2009-02-16	1
2009-02-13	1
2009-02-12	1
2009-02-11	1
2008-12-01	1
2009-01-12	1
2009-01-07	1
2008-12-02	1
2008-12-23	1
2019-11-16	1
2008-12-16	1
