[로그 파일] /home/sghan/LTR-algorithm/severity/experiment_logs/from_lambdamart_20260331_092138/logs/anomaly_isolation_forest_train_score_relevance_0_3.log

[피처 중요도 로그] /home/sghan/LTR-algorithm/severity/feature_importance_train_severity_anomaly_isolation_forest_train_score_relevance_0_3.log

[검증] 이상 점수→CVSS 매핑 MAE(참고): 4.0776

[검증] Validation (CVSS)

=== Validation (CVSS 수치) ===
MAE: 4.0776
RMSE: 4.6060
Pearson r (y_true, y_pred): 0.1944

[Train] CVSS 예측 vs 정답

=== Train (score→CVSS map) (CVSS 수치) ===
MAE: 4.1254
RMSE: 4.6442
Pearson r (y_true, y_pred): 0.0333

[CVSS] train 이상 점수 min/max: 0.315973 / 0.580743 (train CVSS min/max로 선형 매핑)

[Test] CVSS 예측 vs 정답

=== Test (mode=train_score_relevance_0_3) (CVSS 수치) ===
MAE: 3.6687
RMSE: 4.2139
Pearson r (y_true, y_pred): 0.0709

저장: severity/CVE_summary_separate/cve-datasets/cve_with_meaning70_anomaly_isolation_forest_train_score_relevance_0_3.csv

=== 소요 시간 ===
CSV 로드·train/val/test 분할: 0.577 s
전처리(인코딩·스케일) + 학습(train∪val): 2.740 s
추론·경계·평가·저장(전수): 1.294 s
  └ Test severity 정답 비교(report_metrics)만: 0.000 s
전체: 4.611 s

=== 랭킹 지표 MRR (relevance=CVSS 수치) ===
Validation MRR: 1.000000
Test MRR:       1.000000
