[로그 파일] /home/sghan/LTR-algorithm/severity/experiment_logs/from_lambdamart_20260331_092138/logs/anomaly_deep_stacked_ae_train_score_relevance_0_3.log

[피처 중요도 로그] /home/sghan/LTR-algorithm/severity/feature_importance_train_severity_anomaly_deep_stacked_ae_train_score_relevance_0_3.log

[검증] 이상 점수→CVSS 매핑 MAE(참고): 6.2530

[검증] Validation (CVSS)

=== Validation (CVSS 수치) ===
MAE: 6.2530
RMSE: 6.5922
Pearson r (y_true, y_pred): 0.0373

[Train] CVSS 예측 vs 정답

=== Train (score→CVSS map) (CVSS 수치) ===
MAE: 6.0455
RMSE: 6.3625
Pearson r (y_true, y_pred): 0.0013

[CVSS] train 이상 점수 min/max: 0.000126 / 134.921112 (train CVSS min/max로 선형 매핑)

[Test] CVSS 예측 vs 정답

=== Test (mode=train_score_relevance_0_3) (CVSS 수치) ===
MAE: 5.6859
RMSE: 5.9910
Pearson r (y_true, y_pred): 0.0642

저장: severity/CVE_summary_separate/cve-datasets/cve_with_meaning70_anomaly_deep_stacked_ae_train_score_relevance_0_3.csv

=== 소요 시간 ===
CSV 로드·train/val/test 분할: 0.575 s
전처리(인코딩·스케일) + 학습(train∪val): 141.626 s
추론·경계·평가·저장(전수): 0.518 s
  └ Test severity 정답 비교(report_metrics)만: 0.000 s
전체: 142.719 s

=== 랭킹 지표 MRR (relevance=CVSS 수치) ===
Validation MRR: 1.000000
Test MRR:       1.000000
