[로그 파일] /home/sghan/LTR-algorithm/severity/experiment_logs/from_lambdamart_20260331_092138/logs/anomaly_vae_train_score_relevance_0_3.log

[피처 중요도 로그] /home/sghan/LTR-algorithm/severity/feature_importance_train_severity_anomaly_vae_train_score_relevance_0_3.log

[검증] 이상 점수→CVSS 매핑 MAE(참고): 6.1994

[검증] Validation (CVSS)

=== Validation (CVSS 수치) ===
MAE: 6.1994
RMSE: 6.5432
Pearson r (y_true, y_pred): 0.0393

[Train] CVSS 예측 vs 정답

=== Train (score→CVSS map) (CVSS 수치) ===
MAE: 6.0196
RMSE: 6.3380
Pearson r (y_true, y_pred): 0.0055

[CVSS] train 이상 점수 min/max: 0.013857 / 8.593413 (train CVSS min/max로 선형 매핑)

[Test] CVSS 예측 vs 정답

=== Test (mode=train_score_relevance_0_3) (CVSS 수치) ===
MAE: 5.6129
RMSE: 5.9221
Pearson r (y_true, y_pred): 0.0602

저장: severity/CVE_summary_separate/cve-datasets/cve_with_meaning70_anomaly_vae_train_score_relevance_0_3.csv

=== 소요 시간 ===
CSV 로드·train/val/test 분할: 0.579 s
전처리(인코딩·스케일) + 학습(train∪val): 67.345 s
추론·경계·평가·저장(전수): 0.352 s
  └ Test severity 정답 비교(report_metrics)만: 0.000 s
전체: 68.276 s

=== 랭킹 지표 MRR (relevance=CVSS 수치) ===
Validation MRR: 1.000000
Test MRR:       1.000000
