# train_severity_l2r_rank 2026-03-30T21:37:36.514305
# model=ranknet test_mode=train_score_relevance_0_3 csv=severity/CVE_summary_separate/cve-datasets/cve_with_meaning70.csv
# config=/home/sghan/LTR-algorithm/severity/experiment_config.yaml

[로그 파일] /home/sghan/LTR-algorithm/severity/experiment_logs/all_20260330_213303/logs/l2r_ranknet_train_score_relevance_0_3.log
[[ 5.      0.     -1.1232 -0.2859 -0.4048 -0.4294 -0.4028 -0.3939 -0.3819 -0.3086 -0.3087 -0.3104 -0.3066 -0.2778 -0.3069 -0.3074 -0.3048 -0.141  -0.2267 -0.2223 -0.292  -0.2186 -0.2439 -0.2375
  -0.1655 -0.2792 -0.1645 -0.2836 -0.2775 -0.1003 -0.1586 -0.2229 -0.2076 -0.191  -0.2113 -0.2164 -0.2154 -0.2131 -0.1907 -0.2554 -0.1859 -0.1639 -0.1722 -0.2022 -0.2015 -0.2024 -0.2159 -0.1078
  -0.1348 -0.1959 -0.1045 -0.1683 -0.131  -0.1583 -0.1597 -0.1793 -0.1657 -0.1447 -0.18   -0.1944 -0.13   -0.1296 -0.1861 -0.1174 -0.1816 -0.1538 -0.1441 -0.1347 -0.1287 -0.1412 -0.2019 -0.1842
  -0.1578 -0.5867 -0.3699 -0.7797  0.3774  1.0478  0.9286  0.8101]
 [ 5.      0.     -1.1232 -0.2859 -0.4048 -0.4294 -0.4028 -0.3939 -0.3819 -0.3086 -0.3087 -0.3104 -0.3066 -0.2778 -0.3069 -0.3074 -0.3048 -0.141  -0.2267 -0.2223 -0.292  -0.2186 -0.2439 -0.2375
  -0.1655 -0.2792 -0.1645 -0.2836 -0.2775 -0.1003 -0.1586 -0.2229 -0.2076 -0.191  -0.2113 -0.2164 -0.2154 -0.2131 -0.1907 -0.2554 -0.1859 -0.1639 -0.1722 -0.2022 -0.2015 -0.2024 -0.2159 -0.1078
  -0.1348 -0.1959 -0.1045 -0.1683 -0.131  -0.1583 -0.1597 -0.1793 -0.1657 -0.1447 -0.18   -0.1944 -0.13   -0.1296 -0.1861 -0.1174 -0.1816 -0.1538 -0.1441 -0.1347 -0.1287 -0.1412 -0.2019 -0.1842
  -0.1578 -0.5867 -0.3699 -0.7797  0.3774  1.0478  0.9286  0.8101]
 [ 5.      0.     -0.4009 -0.2859 -0.4048 -0.4294 -0.4028 -0.3939 -0.3819 -0.3086 -0.3087 -0.3104 -0.3066 -0.2778 -0.3069 -0.3074 -0.3048 -0.141  -0.2267 -0.2223 -0.292  -0.2186 -0.2439 -0.2375
  -0.1655 -0.2792 -0.1645 -0.2836 -0.2775 -0.1003 -0.1586 -0.2229 -0.2076  3.7522 -0.2113 -0.2164 -0.2154 -0.2131 -0.1907 -0.2554 -0.1859 -0.1639 -0.1722 -0.2022 -0.2015 -0.2024 -0.2159 -0.1078
  -0.1348 -0.1959 -0.1045 -0.1683 -0.131  -0.1583 -0.1597 -0.1793 -0.1657 -0.1447 -0.18   -0.1944 -0.13   -0.1296 -0.1861 -0.1174 -0.1816 -0.1538 -0.1441 -0.1347 -0.1287 -0.1412 -0.2019 -0.1842
  -0.1578 -0.0048 -0.3699 -0.7797  0.3774  1.0478  0.9286  0.8101]
 [ 5.      0.      1.6421 -0.2859 -0.4048 -0.4294 -0.4028 -0.3939 -0.3819 -0.3086 -0.3087 -0.3104 -0.3066 -0.2778 -0.3069 -0.3074 -0.3048 -0.141  -0.2267 -0.2223 -0.292  -0.2186 -0.2439 -0.2375
  -0.1655 -0.2792 -0.1645 -0.2836 -0.2775 -0.1003 -0.1586 -0.2229 -0.2076 -0.191  -0.2113 -0.2164 -0.2154 -0.2131 -0.1907 -0.2554 -0.1859 -0.1639 -0.1722 -0.2022 -0.2015 -0.2024 -0.2159 -0.1078
  -0.1348 -0.1959 -0.1045 -0.1683 -0.131  -0.1583 -0.1597 -0.1793 -0.1657 -0.1447 -0.18   -0.1944 -0.13   -0.1296 -0.1861 -0.1174 -0.1816 -0.1538 -0.1441 -0.1347 -0.1287 -0.1412 -0.2019 -0.1842
  -0.1578  1.6512 -0.3699 -0.7797  0.3774  1.0478  0.9286  0.8101]]
Traning………………

Epoch:0, loss(avg) : 0.7044953708851208, Metrics: {'NDCG@1': 0.7217816249842869, 'NDCG@5': 0.8243579627803157, 'NDCG@10': 0.8542272037884657, 'MAP': 0.9999997682044538, 'MRR': 1.0}
Epoch:10, loss(avg) : 0.27783112100975654, Metrics: {'NDCG@1': 0.9261091561509007, 'NDCG@5': 0.9532618013502587, 'NDCG@10': 0.960818503850184, 'MAP': 0.9999998590953967, 'MRR': 1.0}
Epoch:20, loss(avg) : 0.18181865847098472, Metrics: {'NDCG@1': 0.9639580993201231, 'NDCG@5': 0.9784973129964045, 'NDCG@10': 0.9823785429858327, 'MAP': 0.9999998665694646, 'MRR': 1.0}
Epoch:30, loss(avg) : 0.1367896783458613, Metrics: {'NDCG@1': 0.9754851526916868, 'NDCG@5': 0.9853182245856483, 'NDCG@10': 0.9878107351966129, 'MAP': 0.9999998844991397, 'MRR': 1.0}
Epoch:40, loss(avg) : 0.10200423225234836, Metrics: {'NDCG@1': 0.9837659920691763, 'NDCG@5': 0.9892487532792648, 'NDCG@10': 0.9913501577518486, 'MAP': 0.9999998928909485, 'MRR': 1.0}
Epoch:50, loss(avg) : 0.07766863127654534, Metrics: {'NDCG@1': 0.9873462820545515, 'NDCG@5': 0.9920515769747456, 'NDCG@10': 0.9936805324296222, 'MAP': 0.9999999012897939, 'MRR': 1.0}
Epoch:60, loss(avg) : 0.06405238506850189, Metrics: {'NDCG@1': 0.990482249519989, 'NDCG@5': 0.993911555016281, 'NDCG@10': 0.9950625505710508, 'MAP': 0.999999930677679, 'MRR': 1.0}
Epoch:70, loss(avg) : 0.05553295578422834, Metrics: {'NDCG@1': 0.9912674504629764, 'NDCG@5': 0.9945940359900687, 'NDCG@10': 0.9956980856254295, 'MAP': 0.9999999809218111, 'MRR': 1.0}
Epoch:80, loss(avg) : 0.049868986643101576, Metrics: {'NDCG@1': 0.9918754212982187, 'NDCG@5': 0.9952207985770407, 'NDCG@10': 0.9962871083771999, 'MAP': 0.999999983681301, 'MRR': 1.0}
Epoch:90, loss(avg) : 0.04540921696486655, Metrics: {'NDCG@1': 0.992392501120354, 'NDCG@5': 0.995527081889757, 'NDCG@10': 0.9965353849133376, 'MAP': 0.9999999845431006, 'MRR': 1.0}
Epoch:100, loss(avg) : 0.041894292127956305, Metrics: {'NDCG@1': 0.9933936430615526, 'NDCG@5': 0.9958959333707202, 'NDCG@10': 0.9968855391484925, 'MAP': 0.999999990550836, 'MRR': 1.0}
Epoch:110, loss(avg) : 0.0390650780814936, Metrics: {'NDCG@1': 0.9936053557343755, 'NDCG@5': 0.9960646197796069, 'NDCG@10': 0.9970538084077376, 'MAP': 0.9999999914114304, 'MRR': 1.0}
Epoch:120, loss(avg) : 0.036608518754483906, Metrics: {'NDCG@1': 0.9936053557343755, 'NDCG@5': 0.9962276165346602, 'NDCG@10': 0.9971176349712517, 'MAP': 0.9999999915828695, 'MRR': 1.0}
Epoch:130, loss(avg) : 0.03459514708094224, Metrics: {'NDCG@1': 0.994098998017528, 'NDCG@5': 0.9963969142897656, 'NDCG@10': 0.9972764137104043, 'MAP': 0.9999999916685045, 'MRR': 1.0}
Epoch:140, loss(avg) : 0.032895129453266066, Metrics: {'NDCG@1': 0.9943033974048817, 'NDCG@5': 0.9965405330542239, 'NDCG@10': 0.9973630923671849, 'MAP': 0.9999999916685045, 'MRR': 1.0}

[피처 중요도 로그] /home/sghan/LTR-algorithm/severity/feature_importance_train_severity_l2r_ranknet_train_score_relevance_0_3.log

[검증] L2R 점수→CVSS 매핑 MAE(참고): 1.8981

[검증] Validation (CVSS)

=== Validation (CVSS 수치) ===
MAE: 1.8981
RMSE: 2.0342
Pearson r (y_true, y_pred): 0.9488

[Train] CVSS 예측 vs 정답

=== Train (L2R score→CVSS) (CVSS 수치) ===
MAE: 1.8222
RMSE: 1.9526
Pearson r (y_true, y_pred): 0.9416

[CVSS] train L2R 점수 min/max: -35.980427 / 56.132137 (train CVSS 범위로 선형 매핑)

[Test] CVSS 예측 vs 정답

=== Test (mode=train_score_relevance_0_3) (CVSS 수치) ===
MAE: 1.7694
RMSE: 1.9387
Pearson r (y_true, y_pred): 0.9008

저장: severity/CVE_summary_separate/cve-datasets/cve_with_meaning70_l2r_ranknet_train_score_relevance_0_3.csv

=== 소요 시간 ===
CSV 로드·train/val/test 분할: 0.578 s
전처리(인코딩·스케일) + 학습(train∪val L2R): 21607.881 s
추론·경계·Train·Val·Test 평가·저장(전수): 0.474 s
  └ Test severity 정답 비교(report_metrics)만: 0.001 s
전체: 21608.943 s

=== 랭킹 지표 MRR (L2R/metrics, relevance=CVSS 수치) ===
Validation MRR: 1.000000
Test MRR:       1.000000
