# train_severity_l2r_rank 2026-03-30T21:33:05.715393
# model=listnet test_mode=train_score_relevance_0_3 csv=severity/CVE_summary_separate/cve-datasets/cve_with_meaning70.csv
# config=/home/sghan/LTR-algorithm/severity/experiment_config.yaml

[로그 파일] /home/sghan/LTR-algorithm/severity/experiment_logs/all_20260330_213303/logs/l2r_listnet_train_score_relevance_0_3.log
[[ 5.      0.     -1.1232 -0.2859 -0.4048 -0.4294 -0.4028 -0.3939 -0.3819 -0.3086 -0.3087 -0.3104 -0.3066 -0.2778 -0.3069 -0.3074 -0.3048 -0.141  -0.2267 -0.2223 -0.292  -0.2186 -0.2439 -0.2375
  -0.1655 -0.2792 -0.1645 -0.2836 -0.2775 -0.1003 -0.1586 -0.2229 -0.2076 -0.191  -0.2113 -0.2164 -0.2154 -0.2131 -0.1907 -0.2554 -0.1859 -0.1639 -0.1722 -0.2022 -0.2015 -0.2024 -0.2159 -0.1078
  -0.1348 -0.1959 -0.1045 -0.1683 -0.131  -0.1583 -0.1597 -0.1793 -0.1657 -0.1447 -0.18   -0.1944 -0.13   -0.1296 -0.1861 -0.1174 -0.1816 -0.1538 -0.1441 -0.1347 -0.1287 -0.1412 -0.2019 -0.1842
  -0.1578 -0.5867 -0.3699 -0.7797  0.3774  1.0478  0.9286  0.8101]
 [ 5.      0.     -1.1232 -0.2859 -0.4048 -0.4294 -0.4028 -0.3939 -0.3819 -0.3086 -0.3087 -0.3104 -0.3066 -0.2778 -0.3069 -0.3074 -0.3048 -0.141  -0.2267 -0.2223 -0.292  -0.2186 -0.2439 -0.2375
  -0.1655 -0.2792 -0.1645 -0.2836 -0.2775 -0.1003 -0.1586 -0.2229 -0.2076 -0.191  -0.2113 -0.2164 -0.2154 -0.2131 -0.1907 -0.2554 -0.1859 -0.1639 -0.1722 -0.2022 -0.2015 -0.2024 -0.2159 -0.1078
  -0.1348 -0.1959 -0.1045 -0.1683 -0.131  -0.1583 -0.1597 -0.1793 -0.1657 -0.1447 -0.18   -0.1944 -0.13   -0.1296 -0.1861 -0.1174 -0.1816 -0.1538 -0.1441 -0.1347 -0.1287 -0.1412 -0.2019 -0.1842
  -0.1578 -0.5867 -0.3699 -0.7797  0.3774  1.0478  0.9286  0.8101]
 [ 5.      0.     -0.4009 -0.2859 -0.4048 -0.4294 -0.4028 -0.3939 -0.3819 -0.3086 -0.3087 -0.3104 -0.3066 -0.2778 -0.3069 -0.3074 -0.3048 -0.141  -0.2267 -0.2223 -0.292  -0.2186 -0.2439 -0.2375
  -0.1655 -0.2792 -0.1645 -0.2836 -0.2775 -0.1003 -0.1586 -0.2229 -0.2076  3.7522 -0.2113 -0.2164 -0.2154 -0.2131 -0.1907 -0.2554 -0.1859 -0.1639 -0.1722 -0.2022 -0.2015 -0.2024 -0.2159 -0.1078
  -0.1348 -0.1959 -0.1045 -0.1683 -0.131  -0.1583 -0.1597 -0.1793 -0.1657 -0.1447 -0.18   -0.1944 -0.13   -0.1296 -0.1861 -0.1174 -0.1816 -0.1538 -0.1441 -0.1347 -0.1287 -0.1412 -0.2019 -0.1842
  -0.1578 -0.0048 -0.3699 -0.7797  0.3774  1.0478  0.9286  0.8101]
 [ 5.      0.      1.6421 -0.2859 -0.4048 -0.4294 -0.4028 -0.3939 -0.3819 -0.3086 -0.3087 -0.3104 -0.3066 -0.2778 -0.3069 -0.3074 -0.3048 -0.141  -0.2267 -0.2223 -0.292  -0.2186 -0.2439 -0.2375
  -0.1655 -0.2792 -0.1645 -0.2836 -0.2775 -0.1003 -0.1586 -0.2229 -0.2076 -0.191  -0.2113 -0.2164 -0.2154 -0.2131 -0.1907 -0.2554 -0.1859 -0.1639 -0.1722 -0.2022 -0.2015 -0.2024 -0.2159 -0.1078
  -0.1348 -0.1959 -0.1045 -0.1683 -0.131  -0.1583 -0.1597 -0.1793 -0.1657 -0.1447 -0.18   -0.1944 -0.13   -0.1296 -0.1861 -0.1174 -0.1816 -0.1538 -0.1441 -0.1347 -0.1287 -0.1412 -0.2019 -0.1842
  -0.1578  1.6512 -0.3699 -0.7797  0.3774  1.0478  0.9286  0.8101]]
ListNet Epoch 0 | Metrics: {'NDCG@1': 0.9367234521698072, 'NDCG@5': 0.9527241040455812, 'NDCG@10': 0.9603530982806556, 'MAP': 1.0, 'MRR': 1.0}
ListNet Epoch 1 | Metrics: {'NDCG@1': 0.9636024454212665, 'NDCG@5': 0.9695562900026972, 'NDCG@10': 0.972761950065188, 'MAP': 1.0, 'MRR': 1.0}
ListNet Epoch 2 | Metrics: {'NDCG@1': 0.9581621409842767, 'NDCG@5': 0.9674240518702883, 'NDCG@10': 0.97368880573569, 'MAP': 1.0, 'MRR': 1.0}
ListNet Epoch 3 | Metrics: {'NDCG@1': 0.9650057612298768, 'NDCG@5': 0.9718259447587845, 'NDCG@10': 0.9781179921288828, 'MAP': 1.0, 'MRR': 1.0}
ListNet Epoch 4 | Metrics: {'NDCG@1': 0.9770707705110091, 'NDCG@5': 0.9783885198493842, 'NDCG@10': 0.9817525074326895, 'MAP': 1.0, 'MRR': 1.0}
ListNet Epoch 5 | Metrics: {'NDCG@1': 0.9783357917898797, 'NDCG@5': 0.980874563205648, 'NDCG@10': 0.9846255763422079, 'MAP': 1.0, 'MRR': 1.0}
ListNet Epoch 6 | Metrics: {'NDCG@1': 0.972117734737254, 'NDCG@5': 0.9802160545908256, 'NDCG@10': 0.9833897775709755, 'MAP': 1.0, 'MRR': 1.0}
ListNet Epoch 7 | Metrics: {'NDCG@1': 0.9873634265705532, 'NDCG@5': 0.9890193036041234, 'NDCG@10': 0.9900526793857817, 'MAP': 1.0, 'MRR': 1.0}
ListNet Epoch 8 | Metrics: {'NDCG@1': 0.9825561695274887, 'NDCG@5': 0.985470266935902, 'NDCG@10': 0.9877662435437489, 'MAP': 1.0, 'MRR': 1.0}
ListNet Epoch 9 | Metrics: {'NDCG@1': 0.9650530836033195, 'NDCG@5': 0.9805856118554636, 'NDCG@10': 0.9847950127140901, 'MAP': 1.0, 'MRR': 1.0}
ListNet Epoch 10 | Metrics: {'NDCG@1': 0.9880575474352249, 'NDCG@5': 0.989203895059881, 'NDCG@10': 0.9906763114215151, 'MAP': 1.0, 'MRR': 1.0}
ListNet Epoch 11 | Metrics: {'NDCG@1': 0.9914264241720346, 'NDCG@5': 0.9903805331982831, 'NDCG@10': 0.9916264433162972, 'MAP': 1.0, 'MRR': 1.0}
ListNet Epoch 12 | Metrics: {'NDCG@1': 0.9940113924934619, 'NDCG@5': 0.9911436086665916, 'NDCG@10': 0.9927018311639223, 'MAP': 1.0, 'MRR': 1.0}
ListNet Epoch 13 | Metrics: {'NDCG@1': 0.9931824675264506, 'NDCG@5': 0.9918904628768632, 'NDCG@10': 0.9928789378314699, 'MAP': 1.0, 'MRR': 1.0}
ListNet Epoch 14 | Metrics: {'NDCG@1': 0.992068285795135, 'NDCG@5': 0.9901474203266459, 'NDCG@10': 0.9912417798225303, 'MAP': 1.0, 'MRR': 1.0}
ListNet Epoch 15 | Metrics: {'NDCG@1': 0.9887742480263756, 'NDCG@5': 0.9927849855530922, 'NDCG@10': 0.994255000387278, 'MAP': 1.0, 'MRR': 1.0}
ListNet Epoch 16 | Metrics: {'NDCG@1': 0.9922514051695989, 'NDCG@5': 0.9933544969805659, 'NDCG@10': 0.9938037435488893, 'MAP': 1.0, 'MRR': 1.0}
ListNet Epoch 17 | Metrics: {'NDCG@1': 0.9973583217928141, 'NDCG@5': 0.9926744817893471, 'NDCG@10': 0.9931374062424779, 'MAP': 1.0, 'MRR': 1.0}
ListNet Epoch 18 | Metrics: {'NDCG@1': 0.9970758034561784, 'NDCG@5': 0.9945777211249557, 'NDCG@10': 0.9954099047849189, 'MAP': 1.0, 'MRR': 1.0}
ListNet Epoch 19 | Metrics: {'NDCG@1': 0.9934636495990654, 'NDCG@5': 0.9954427518462116, 'NDCG@10': 0.9968299363680664, 'MAP': 1.0, 'MRR': 1.0}
ListNet Epoch 20 | Metrics: {'NDCG@1': 0.9957181034664225, 'NDCG@5': 0.993437392268309, 'NDCG@10': 0.9943271515083144, 'MAP': 1.0, 'MRR': 1.0}
ListNet Epoch 21 | Metrics: {'NDCG@1': 0.9974514526148345, 'NDCG@5': 0.9967934443839569, 'NDCG@10': 0.9973923973653179, 'MAP': 1.0, 'MRR': 1.0}
ListNet Epoch 22 | Metrics: {'NDCG@1': 0.9965651575836327, 'NDCG@5': 0.9947385124364553, 'NDCG@10': 0.9954555306263209, 'MAP': 1.0, 'MRR': 1.0}
ListNet Epoch 23 | Metrics: {'NDCG@1': 0.9957181034664225, 'NDCG@5': 0.9948250901981328, 'NDCG@10': 0.9952771796813588, 'MAP': 1.0, 'MRR': 1.0}
ListNet Epoch 24 | Metrics: {'NDCG@1': 0.9988091526045902, 'NDCG@5': 0.9965337981676553, 'NDCG@10': 0.9975288982943343, 'MAP': 1.0, 'MRR': 1.0}
ListNet Epoch 25 | Metrics: {'NDCG@1': 0.9965651575836327, 'NDCG@5': 0.9954974573645612, 'NDCG@10': 0.9956233853519838, 'MAP': 1.0, 'MRR': 1.0}
ListNet Epoch 26 | Metrics: {'NDCG@1': 0.996511267675604, 'NDCG@5': 0.9930446497038016, 'NDCG@10': 0.9946658433537531, 'MAP': 1.0, 'MRR': 1.0}
ListNet Epoch 27 | Metrics: {'NDCG@1': 0.9948301123988721, 'NDCG@5': 0.9942770676837583, 'NDCG@10': 0.9947771077698058, 'MAP': 1.0, 'MRR': 1.0}
ListNet Epoch 28 | Metrics: {'NDCG@1': 0.9965651575836327, 'NDCG@5': 0.9954803426824319, 'NDCG@10': 0.9956174767224646, 'MAP': 1.0, 'MRR': 1.0}
ListNet Epoch 29 | Metrics: {'NDCG@1': 0.9965651575836327, 'NDCG@5': 0.9963450694932224, 'NDCG@10': 0.9967104885635534, 'MAP': 1.0, 'MRR': 1.0}
ListNet Epoch 30 | Metrics: {'NDCG@1': 0.9982985067320446, 'NDCG@5': 0.9968443427873838, 'NDCG@10': 0.997357435927006, 'MAP': 1.0, 'MRR': 1.0}
ListNet Epoch 31 | Metrics: {'NDCG@1': 0.996563461547284, 'NDCG@5': 0.9966269549010621, 'NDCG@10': 0.9973622267006641, 'MAP': 1.0, 'MRR': 1.0}
ListNet Epoch 32 | Metrics: {'NDCG@1': 0.9861650626931617, 'NDCG@5': 0.9907505205895496, 'NDCG@10': 0.992710937875487, 'MAP': 1.0, 'MRR': 1.0}
ListNet Epoch 33 | Metrics: {'NDCG@1': 0.9982985067320446, 'NDCG@5': 0.9970798536522495, 'NDCG@10': 0.9971040941155068, 'MAP': 1.0, 'MRR': 1.0}
ListNet Epoch 34 | Metrics: {'NDCG@1': 0.9973583217928141, 'NDCG@5': 0.9956791023782771, 'NDCG@10': 0.9961454369465177, 'MAP': 1.0, 'MRR': 1.0}
ListNet Epoch 35 | Metrics: {'NDCG@1': 0.9965095716392552, 'NDCG@5': 0.9960869570440398, 'NDCG@10': 0.9960967651897148, 'MAP': 1.0, 'MRR': 1.0}
ListNet Epoch 36 | Metrics: {'NDCG@1': 0.9942877683721346, 'NDCG@5': 0.9942991671788654, 'NDCG@10': 0.995032762657028, 'MAP': 1.0, 'MRR': 1.0}
ListNet Epoch 37 | Metrics: {'NDCG@1': 0.9973583217928141, 'NDCG@5': 0.9957799898855882, 'NDCG@10': 0.9956686111776507, 'MAP': 1.0, 'MRR': 1.0}
ListNet Epoch 38 | Metrics: {'NDCG@1': 0.9957181034664225, 'NDCG@5': 0.9956563686298037, 'NDCG@10': 0.9957772748362494, 'MAP': 1.0, 'MRR': 1.0}
ListNet Epoch 39 | Metrics: {'NDCG@1': 0.9982446168240159, 'NDCG@5': 0.9957674291386627, 'NDCG@10': 0.9963386139210045, 'MAP': 1.0, 'MRR': 1.0}
ListNet Epoch 40 | Metrics: {'NDCG@1': 0.9976615378930015, 'NDCG@5': 0.9964563930945048, 'NDCG@10': 0.9963514593884011, 'MAP': 1.0, 'MRR': 1.0}
ListNet Epoch 41 | Metrics: {'NDCG@1': 0.9956232766080536, 'NDCG@5': 0.9955266013324955, 'NDCG@10': 0.9954796250763253, 'MAP': 1.0, 'MRR': 1.0}
ListNet Epoch 42 | Metrics: {'NDCG@1': 0.9976613358469381, 'NDCG@5': 0.9970599056370186, 'NDCG@10': 0.9966496651019334, 'MAP': 1.0, 'MRR': 1.0}
ListNet Epoch 43 | Metrics: {'NDCG@1': 0.9973566257564654, 'NDCG@5': 0.9975904845175776, 'NDCG@10': 0.9979977130962131, 'MAP': 1.0, 'MRR': 1.0}
ListNet Epoch 44 | Metrics: {'NDCG@1': 0.9976615378930015, 'NDCG@5': 0.9967693072253571, 'NDCG@10': 0.996615815431902, 'MAP': 1.0, 'MRR': 1.0}
ListNet Epoch 45 | Metrics: {'NDCG@1': 0.9959262906621775, 'NDCG@5': 0.9946357429654394, 'NDCG@10': 0.9951646046721295, 'MAP': 1.0, 'MRR': 1.0}
ListNet Epoch 46 | Metrics: {'NDCG@1': 0.9973583217928141, 'NDCG@5': 0.9954971676108058, 'NDCG@10': 0.9955751395017828, 'MAP': 1.0, 'MRR': 1.0}
ListNet Epoch 47 | Metrics: {'NDCG@1': 0.996511267675604, 'NDCG@5': 0.9956468473663264, 'NDCG@10': 0.9964667057719274, 'MAP': 1.0, 'MRR': 1.0}
ListNet Epoch 48 | Metrics: {'NDCG@1': 0.9973583217928141, 'NDCG@5': 0.9970877709598907, 'NDCG@10': 0.9971468496775046, 'MAP': 1.0, 'MRR': 1.0}
ListNet Epoch 49 | Metrics: {'NDCG@1': 0.9907279392532908, 'NDCG@5': 0.9934063333248927, 'NDCG@10': 0.9946685864483974, 'MAP': 1.0, 'MRR': 1.0}
ListNet Epoch 50 | Metrics: {'NDCG@1': 0.9973583217928141, 'NDCG@5': 0.9972243301147224, 'NDCG@10': 0.9972882310322232, 'MAP': 1.0, 'MRR': 1.0}
ListNet Epoch 51 | Metrics: {'NDCG@1': 0.9973583217928141, 'NDCG@5': 0.9965856927491352, 'NDCG@10': 0.9964479059662879, 'MAP': 1.0, 'MRR': 1.0}
ListNet Epoch 52 | Metrics: {'NDCG@1': 0.9960211175205465, 'NDCG@5': 0.9966144472172036, 'NDCG@10': 0.9968562968424933, 'MAP': 1.0, 'MRR': 1.0}
ListNet Epoch 53 | Metrics: {'NDCG@1': 0.9973583217928141, 'NDCG@5': 0.9968652869492303, 'NDCG@10': 0.9972357669937735, 'MAP': 1.0, 'MRR': 1.0}
ListNet Epoch 54 | Metrics: {'NDCG@1': 0.9976615378930015, 'NDCG@5': 0.9968460600975662, 'NDCG@10': 0.9970393308370697, 'MAP': 1.0, 'MRR': 1.0}
ListNet Epoch 55 | Metrics: {'NDCG@1': 0.996511267675604, 'NDCG@5': 0.9964923671424613, 'NDCG@10': 0.9968282281666339, 'MAP': 1.0, 'MRR': 1.0}
ListNet Epoch 56 | Metrics: {'NDCG@1': 0.9973583217928141, 'NDCG@5': 0.9970121311514998, 'NDCG@10': 0.997285532703256, 'MAP': 1.0, 'MRR': 1.0}
ListNet Epoch 57 | Metrics: {'NDCG@1': 0.9976615378930015, 'NDCG@5': 0.997605591698313, 'NDCG@10': 0.997639684425873, 'MAP': 1.0, 'MRR': 1.0}
ListNet Epoch 58 | Metrics: {'NDCG@1': 0.9973583217928141, 'NDCG@5': 0.9964497527190547, 'NDCG@10': 0.9963366104631, 'MAP': 1.0, 'MRR': 1.0}
ListNet Epoch 59 | Metrics: {'NDCG@1': 0.9954353830837234, 'NDCG@5': 0.9960837937032877, 'NDCG@10': 0.9965477297084133, 'MAP': 1.0, 'MRR': 1.0}
ListNet Epoch 60 | Metrics: {'NDCG@1': 0.9973788175103023, 'NDCG@5': 0.9967139239617685, 'NDCG@10': 0.9969444790925555, 'MAP': 1.0, 'MRR': 1.0}
ListNet Epoch 61 | Metrics: {'NDCG@1': 0.996511267675604, 'NDCG@5': 0.9959361154940974, 'NDCG@10': 0.9964021194873277, 'MAP': 1.0, 'MRR': 1.0}
ListNet Epoch 62 | Metrics: {'NDCG@1': 0.9976613358469381, 'NDCG@5': 0.9973585515473946, 'NDCG@10': 0.9975742451766838, 'MAP': 1.0, 'MRR': 1.0}
ListNet Epoch 63 | Metrics: {'NDCG@1': 0.9976613358469381, 'NDCG@5': 0.99719851374283, 'NDCG@10': 0.9975270215066189, 'MAP': 1.0, 'MRR': 1.0}
ListNet Epoch 64 | Metrics: {'NDCG@1': 0.995967429658581, 'NDCG@5': 0.9967161005033939, 'NDCG@10': 0.9970204553147453, 'MAP': 1.0, 'MRR': 1.0}
ListNet Epoch 65 | Metrics: {'NDCG@1': 0.9976613358469381, 'NDCG@5': 0.9964981347884877, 'NDCG@10': 0.9968114401763326, 'MAP': 1.0, 'MRR': 1.0}
ListNet Epoch 66 | Metrics: {'NDCG@1': 0.996511267675604, 'NDCG@5': 0.997267971926723, 'NDCG@10': 0.9972891513432037, 'MAP': 1.0, 'MRR': 1.0}
ListNet Epoch 67 | Metrics: {'NDCG@1': 0.9976613358469381, 'NDCG@5': 0.9969119054557745, 'NDCG@10': 0.9972607927519338, 'MAP': 1.0, 'MRR': 1.0}
ListNet Epoch 68 | Metrics: {'NDCG@1': 0.996814281729728, 'NDCG@5': 0.99675428887867, 'NDCG@10': 0.9969193913956459, 'MAP': 1.0, 'MRR': 1.0}
ListNet Epoch 69 | Metrics: {'NDCG@1': 0.9976615378930015, 'NDCG@5': 0.9976076616804086, 'NDCG@10': 0.9976060851944437, 'MAP': 1.0, 'MRR': 1.0}
ListNet Epoch 70 | Metrics: {'NDCG@1': 0.996814281729728, 'NDCG@5': 0.9964275830853145, 'NDCG@10': 0.9968252785390458, 'MAP': 1.0, 'MRR': 1.0}
ListNet Epoch 71 | Metrics: {'NDCG@1': 0.9968144837757913, 'NDCG@5': 0.9966502070532256, 'NDCG@10': 0.9972240387318955, 'MAP': 1.0, 'MRR': 1.0}
ListNet Epoch 72 | Metrics: {'NDCG@1': 0.996511267675604, 'NDCG@5': 0.9971003983984145, 'NDCG@10': 0.9970308266457976, 'MAP': 1.0, 'MRR': 1.0}
ListNet Epoch 73 | Metrics: {'NDCG@1': 0.996511267675604, 'NDCG@5': 0.9965206484122183, 'NDCG@10': 0.9968839618280525, 'MAP': 1.0, 'MRR': 1.0}
ListNet Epoch 74 | Metrics: {'NDCG@1': 0.9988508469783269, 'NDCG@5': 0.9985245750845269, 'NDCG@10': 0.9990454667965525, 'MAP': 1.0, 'MRR': 1.0}
ListNet Epoch 75 | Metrics: {'NDCG@1': 0.9971174978299152, 'NDCG@5': 0.9971920823648535, 'NDCG@10': 0.9972668752172691, 'MAP': 1.0, 'MRR': 1.0}
ListNet Epoch 76 | Metrics: {'NDCG@1': 0.996814281729728, 'NDCG@5': 0.9968336607678682, 'NDCG@10': 0.997034076928207, 'MAP': 1.0, 'MRR': 1.0}
ListNet Epoch 77 | Metrics: {'NDCG@1': 0.9973788175103023, 'NDCG@5': 0.9975064889031212, 'NDCG@10': 0.9976546695840488, 'MAP': 1.0, 'MRR': 1.0}
ListNet Epoch 78 | Metrics: {'NDCG@1': 0.996814281729728, 'NDCG@5': 0.9957454314814509, 'NDCG@10': 0.99600189649896, 'MAP': 1.0, 'MRR': 1.0}
ListNet Epoch 79 | Metrics: {'NDCG@1': 0.996511267675604, 'NDCG@5': 0.9970181673087248, 'NDCG@10': 0.9972151871274848, 'MAP': 1.0, 'MRR': 1.0}
ListNet Epoch 80 | Metrics: {'NDCG@1': 0.9985476308781398, 'NDCG@5': 0.9986836877407874, 'NDCG@10': 0.9988620362052231, 'MAP': 1.0, 'MRR': 1.0}
ListNet Epoch 81 | Metrics: {'NDCG@1': 0.996511267675604, 'NDCG@5': 0.9971958130165673, 'NDCG@10': 0.997441853841346, 'MAP': 1.0, 'MRR': 1.0}
ListNet Epoch 82 | Metrics: {'NDCG@1': 0.9970758034561784, 'NDCG@5': 0.9972015871099523, 'NDCG@10': 0.9973917393707918, 'MAP': 1.0, 'MRR': 1.0}
ListNet Epoch 83 | Metrics: {'NDCG@1': 0.996511267675604, 'NDCG@5': 0.9966428917571627, 'NDCG@10': 0.9970237376351675, 'MAP': 1.0, 'MRR': 1.0}
ListNet Epoch 84 | Metrics: {'NDCG@1': 0.9976613358469381, 'NDCG@5': 0.9969574245780207, 'NDCG@10': 0.9971564391240642, 'MAP': 1.0, 'MRR': 1.0}
ListNet Epoch 85 | Metrics: {'NDCG@1': 0.9985476308781398, 'NDCG@5': 0.9987775406867571, 'NDCG@10': 0.998910807651601, 'MAP': 1.0, 'MRR': 1.0}
ListNet Epoch 86 | Metrics: {'NDCG@1': 0.9976615378930015, 'NDCG@5': 0.9976889050857433, 'NDCG@10': 0.9977406336508738, 'MAP': 1.0, 'MRR': 1.0}
ListNet Epoch 87 | Metrics: {'NDCG@1': 0.9970758034561784, 'NDCG@5': 0.9987049186420517, 'NDCG@10': 0.9989406274618317, 'MAP': 1.0, 'MRR': 1.0}
ListNet Epoch 88 | Metrics: {'NDCG@1': 0.9973583217928141, 'NDCG@5': 0.9968642512345801, 'NDCG@10': 0.996940819804296, 'MAP': 1.0, 'MRR': 1.0}
ListNet Epoch 89 | Metrics: {'NDCG@1': 0.996531763393092, 'NDCG@5': 0.9969883829150133, 'NDCG@10': 0.9969309690201127, 'MAP': 1.0, 'MRR': 1.0}
ListNet Epoch 90 | Metrics: {'NDCG@1': 0.996814281729728, 'NDCG@5': 0.9974378535150435, 'NDCG@10': 0.9973995335691537, 'MAP': 1.0, 'MRR': 1.0}
ListNet Epoch 91 | Metrics: {'NDCG@1': 0.9904454209166549, 'NDCG@5': 0.9958027419150036, 'NDCG@10': 0.9967788714798403, 'MAP': 1.0, 'MRR': 1.0}
ListNet Epoch 92 | Metrics: {'NDCG@1': 0.9979645519471254, 'NDCG@5': 0.9974996365720336, 'NDCG@10': 0.9977113371632196, 'MAP': 1.0, 'MRR': 1.0}
ListNet Epoch 93 | Metrics: {'NDCG@1': 0.9985476308781398, 'NDCG@5': 0.9980745890794427, 'NDCG@10': 0.9986139634777994, 'MAP': 1.0, 'MRR': 1.0}
ListNet Epoch 94 | Metrics: {'NDCG@1': 0.995967429658581, 'NDCG@5': 0.9970441576920469, 'NDCG@10': 0.9974104817767513, 'MAP': 1.0, 'MRR': 1.0}
ListNet Epoch 95 | Metrics: {'NDCG@1': 0.9970758034561784, 'NDCG@5': 0.997609825106183, 'NDCG@10': 0.9978814974235934, 'MAP': 1.0, 'MRR': 1.0}
ListNet Epoch 96 | Metrics: {'NDCG@1': 0.9971174978299152, 'NDCG@5': 0.9968433969104095, 'NDCG@10': 0.9972259497223659, 'MAP': 1.0, 'MRR': 1.0}
ListNet Epoch 97 | Metrics: {'NDCG@1': 0.996814281729728, 'NDCG@5': 0.9965948514034696, 'NDCG@10': 0.9967315456923416, 'MAP': 1.0, 'MRR': 1.0}
ListNet Epoch 98 | Metrics: {'NDCG@1': 0.9976615378930015, 'NDCG@5': 0.9970635068809534, 'NDCG@10': 0.997414890591175, 'MAP': 1.0, 'MRR': 1.0}
ListNet Epoch 99 | Metrics: {'NDCG@1': 0.9959663124628566, 'NDCG@5': 0.9958863006119433, 'NDCG@10': 0.9961310229458648, 'MAP': 1.0, 'MRR': 1.0}
ListNet Epoch 100 | Metrics: {'NDCG@1': 0.996511267675604, 'NDCG@5': 0.9969589418932312, 'NDCG@10': 0.9972167724139235, 'MAP': 1.0, 'MRR': 1.0}
ListNet Epoch 101 | Metrics: {'NDCG@1': 0.9988091526045902, 'NDCG@5': 0.9991450371092889, 'NDCG@10': 0.999119953979881, 'MAP': 1.0, 'MRR': 1.0}
ListNet Epoch 102 | Metrics: {'NDCG@1': 0.9973583217928141, 'NDCG@5': 0.9965025247155702, 'NDCG@10': 0.9970028645208817, 'MAP': 1.0, 'MRR': 1.0}
ListNet Epoch 103 | Metrics: {'NDCG@1': 0.9962287493389682, 'NDCG@5': 0.9973620211849361, 'NDCG@10': 0.9975483815833657, 'MAP': 1.0, 'MRR': 1.0}
ListNet Epoch 104 | Metrics: {'NDCG@1': 0.9976613358469381, 'NDCG@5': 0.9970425354037238, 'NDCG@10': 0.9974639849281749, 'MAP': 1.0, 'MRR': 1.0}
ListNet Epoch 105 | Metrics: {'NDCG@1': 0.9968144837757913, 'NDCG@5': 0.9970718261568828, 'NDCG@10': 0.9972921372466386, 'MAP': 1.0, 'MRR': 1.0}
ListNet Epoch 106 | Metrics: {'NDCG@1': 0.9979645519471254, 'NDCG@5': 0.9979562850685711, 'NDCG@10': 0.9979736271567842, 'MAP': 1.0, 'MRR': 1.0}
ListNet Epoch 107 | Metrics: {'NDCG@1': 0.9956642135583937, 'NDCG@5': 0.9960820442103699, 'NDCG@10': 0.9964782683705156, 'MAP': 1.0, 'MRR': 1.0}
ListNet Epoch 108 | Metrics: {'NDCG@1': 0.9976615378930015, 'NDCG@5': 0.9973446012711388, 'NDCG@10': 0.9974274729867181, 'MAP': 1.0, 'MRR': 1.0}
ListNet Epoch 109 | Metrics: {'NDCG@1': 0.9973583217928141, 'NDCG@5': 0.9976887214620849, 'NDCG@10': 0.9979298861029027, 'MAP': 1.0, 'MRR': 1.0}
ListNet Epoch 110 | Metrics: {'NDCG@1': 0.996814281729728, 'NDCG@5': 0.9964795614185747, 'NDCG@10': 0.9967583115405527, 'MAP': 1.0, 'MRR': 1.0}
ListNet Epoch 111 | Metrics: {'NDCG@1': 0.998547832924203, 'NDCG@5': 0.99907944501148, 'NDCG@10': 0.9991534927048608, 'MAP': 1.0, 'MRR': 1.0}
ListNet Epoch 112 | Metrics: {'NDCG@1': 0.996814281729728, 'NDCG@5': 0.9972901634069955, 'NDCG@10': 0.9971379745701922, 'MAP': 1.0, 'MRR': 1.0}
ListNet Epoch 113 | Metrics: {'NDCG@1': 0.9971174978299152, 'NDCG@5': 0.9973567505737662, 'NDCG@10': 0.997438608094569, 'MAP': 1.0, 'MRR': 1.0}
ListNet Epoch 114 | Metrics: {'NDCG@1': 0.9970758034561784, 'NDCG@5': 0.9974482719886667, 'NDCG@10': 0.9976050015220768, 'MAP': 1.0, 'MRR': 1.0}
ListNet Epoch 115 | Metrics: {'NDCG@1': 0.9976613358469381, 'NDCG@5': 0.996856383530246, 'NDCG@10': 0.9975173476621099, 'MAP': 1.0, 'MRR': 1.0}
ListNet Epoch 116 | Metrics: {'NDCG@1': 0.996511267675604, 'NDCG@5': 0.9966817713204621, 'NDCG@10': 0.9970111876576487, 'MAP': 1.0, 'MRR': 1.0}
ListNet Epoch 117 | Metrics: {'NDCG@1': 0.9979645519471254, 'NDCG@5': 0.9976406092711366, 'NDCG@10': 0.9977137006727836, 'MAP': 1.0, 'MRR': 1.0}
ListNet Epoch 118 | Metrics: {'NDCG@1': 0.996511267675604, 'NDCG@5': 0.9983784304576445, 'NDCG@10': 0.9985706545861778, 'MAP': 1.0, 'MRR': 1.0}
ListNet Epoch 119 | Metrics: {'NDCG@1': 0.9993948870414133, 'NDCG@5': 0.9990867537123108, 'NDCG@10': 0.9994215495258282, 'MAP': 1.0, 'MRR': 1.0}
ListNet Epoch 120 | Metrics: {'NDCG@1': 0.9988508469783269, 'NDCG@5': 0.9989751403623572, 'NDCG@10': 0.9991515650113313, 'MAP': 1.0, 'MRR': 1.0}
ListNet Epoch 121 | Metrics: {'NDCG@1': 0.9988508469783269, 'NDCG@5': 0.9994964374434678, 'NDCG@10': 0.999606787444836, 'MAP': 1.0, 'MRR': 1.0}
ListNet Epoch 122 | Metrics: {'NDCG@1': 0.9990916709412261, 'NDCG@5': 0.9987400866987479, 'NDCG@10': 0.9989977007682767, 'MAP': 1.0, 'MRR': 1.0}
ListNet Epoch 123 | Metrics: {'NDCG@1': 0.9993948870414133, 'NDCG@5': 0.9996471486427068, 'NDCG@10': 0.9996398027524344, 'MAP': 1.0, 'MRR': 1.0}
ListNet Epoch 124 | Metrics: {'NDCG@1': 0.9988508469783269, 'NDCG@5': 0.9992386819796103, 'NDCG@10': 0.9993578185053088, 'MAP': 1.0, 'MRR': 1.0}
ListNet Epoch 125 | Metrics: {'NDCG@1': 0.996511267675604, 'NDCG@5': 0.9964115354436718, 'NDCG@10': 0.9965082434502511, 'MAP': 1.0, 'MRR': 1.0}
ListNet Epoch 126 | Metrics: {'NDCG@1': 0.9988091526045902, 'NDCG@5': 0.9993929438614647, 'NDCG@10': 0.9994773888646675, 'MAP': 1.0, 'MRR': 1.0}
ListNet Epoch 127 | Metrics: {'NDCG@1': 0.996814281729728, 'NDCG@5': 0.9976857393461346, 'NDCG@10': 0.9983799149874826, 'MAP': 1.0, 'MRR': 1.0}
ListNet Epoch 128 | Metrics: {'NDCG@1': 0.9967783388924757, 'NDCG@5': 0.9965902613261025, 'NDCG@10': 0.9968292469692925, 'MAP': 1.0, 'MRR': 1.0}
ListNet Epoch 129 | Metrics: {'NDCG@1': 0.9985128052366118, 'NDCG@5': 0.9991411595875639, 'NDCG@10': 0.999114853094232, 'MAP': 1.0, 'MRR': 1.0}
ListNet Epoch 130 | Metrics: {'NDCG@1': 0.9985476308781398, 'NDCG@5': 0.9983311471505432, 'NDCG@10': 0.9983485603299644, 'MAP': 1.0, 'MRR': 1.0}
ListNet Epoch 131 | Metrics: {'NDCG@1': 0.9988091526045902, 'NDCG@5': 0.9987535442220373, 'NDCG@10': 0.9990992356132855, 'MAP': 1.0, 'MRR': 1.0}
ListNet Epoch 132 | Metrics: {'NDCG@1': 0.9996979010955372, 'NDCG@5': 0.9989648439156668, 'NDCG@10': 0.999293318452201, 'MAP': 1.0, 'MRR': 1.0}
ListNet Epoch 133 | Metrics: {'NDCG@1': 0.9970758034561784, 'NDCG@5': 0.997507265273161, 'NDCG@10': 0.9977020369130342, 'MAP': 1.0, 'MRR': 1.0}
ListNet Epoch 134 | Metrics: {'NDCG@1': 0.9979645519471254, 'NDCG@5': 0.9976863231116168, 'NDCG@10': 0.9976460385444319, 'MAP': 1.0, 'MRR': 1.0}
ListNet Epoch 135 | Metrics: {'NDCG@1': 0.996531763393092, 'NDCG@5': 0.9982280992891521, 'NDCG@10': 0.9989382310345288, 'MAP': 1.0, 'MRR': 1.0}
ListNet Epoch 136 | Metrics: {'NDCG@1': 0.9979645519471254, 'NDCG@5': 0.997674937866216, 'NDCG@10': 0.9980570232877014, 'MAP': 1.0, 'MRR': 1.0}
ListNet Epoch 137 | Metrics: {'NDCG@1': 0.99796209848738, 'NDCG@5': 0.9989831125373284, 'NDCG@10': 0.9991447463365781, 'MAP': 1.0, 'MRR': 1.0}
ListNet Epoch 138 | Metrics: {'NDCG@1': 0.9976613358469381, 'NDCG@5': 0.9961245481288367, 'NDCG@10': 0.9967495644981936, 'MAP': 1.0, 'MRR': 1.0}
ListNet Epoch 139 | Metrics: {'NDCG@1': 0.9985476308781398, 'NDCG@5': 0.9988987302968232, 'NDCG@10': 0.999066921517859, 'MAP': 1.0, 'MRR': 1.0}
ListNet Epoch 140 | Metrics: {'NDCG@1': 0.9993948870414133, 'NDCG@5': 0.9994809201472963, 'NDCG@10': 0.9994222554477806, 'MAP': 1.0, 'MRR': 1.0}
ListNet Epoch 141 | Metrics: {'NDCG@1': 0.9985476308781398, 'NDCG@5': 0.9985303987055951, 'NDCG@10': 0.9986664523968006, 'MAP': 1.0, 'MRR': 1.0}
ListNet Epoch 142 | Metrics: {'NDCG@1': 0.9962312027987135, 'NDCG@5': 0.9973776854949795, 'NDCG@10': 0.9981656611554715, 'MAP': 1.0, 'MRR': 1.0}
ListNet Epoch 143 | Metrics: {'NDCG@1': 0.9976615378930015, 'NDCG@5': 0.9977432173268872, 'NDCG@10': 0.9979088880512558, 'MAP': 1.0, 'MRR': 1.0}
ListNet Epoch 144 | Metrics: {'NDCG@1': 0.99939468499535, 'NDCG@5': 0.999236607718162, 'NDCG@10': 0.9994299492787978, 'MAP': 1.0, 'MRR': 1.0}
ListNet Epoch 145 | Metrics: {'NDCG@1': 0.9970758034561784, 'NDCG@5': 0.9974299627713049, 'NDCG@10': 0.9980365691284628, 'MAP': 1.0, 'MRR': 1.0}
ListNet Epoch 146 | Metrics: {'NDCG@1': 0.9976613358469381, 'NDCG@5': 0.9965270085106971, 'NDCG@10': 0.9967432459445387, 'MAP': 1.0, 'MRR': 1.0}
ListNet Epoch 147 | Metrics: {'NDCG@1': 0.9988508469783269, 'NDCG@5': 0.9991218277152271, 'NDCG@10': 0.9991513819336976, 'MAP': 1.0, 'MRR': 1.0}
ListNet Epoch 148 | Metrics: {'NDCG@1': 0.9979645519471254, 'NDCG@5': 0.9979224163435868, 'NDCG@10': 0.9979784337155186, 'MAP': 1.0, 'MRR': 1.0}
ListNet Epoch 149 | Metrics: {'NDCG@1': 0.9962287493389682, 'NDCG@5': 0.9971928383375832, 'NDCG@10': 0.9975073274660848, 'MAP': 1.0, 'MRR': 1.0}

[피처 중요도 로그] /home/sghan/LTR-algorithm/severity/feature_importance_train_severity_l2r_listnet_train_score_relevance_0_3.log

[검증] L2R 점수→CVSS 매핑 MAE(참고): 0.3901

[검증] Validation (CVSS)

=== Validation (CVSS 수치) ===
MAE: 0.3901
RMSE: 0.4057
Pearson r (y_true, y_pred): 0.9984

[Train] CVSS 예측 vs 정답

=== Train (L2R score→CVSS) (CVSS 수치) ===
MAE: 0.3884
RMSE: 0.4013
Pearson r (y_true, y_pred): 0.9988

[CVSS] train L2R 점수 min/max: 19.379816 / 29.636616 (train CVSS 범위로 선형 매핑)

[Test] CVSS 예측 vs 정답

=== Test (mode=train_score_relevance_0_3) (CVSS 수치) ===
MAE: 0.4609
RMSE: 0.6713
Pearson r (y_true, y_pred): 0.9466

저장: severity/CVE_summary_separate/cve-datasets/cve_with_meaning70_l2r_listnet_train_score_relevance_0_3.csv

=== 소요 시간 ===
CSV 로드·train/val/test 분할: 0.582 s
전처리(인코딩·스케일) + 학습(train∪val L2R): 255.911 s
추론·경계·Train·Val·Test 평가·저장(전수): 0.308 s
  └ Test severity 정답 비교(report_metrics)만: 0.000 s
전체: 256.810 s

=== 랭킹 지표 MRR (L2R/metrics, relevance=CVSS 수치) ===
Validation MRR: 1.000000
Test MRR:       1.000000
