# train_severity_l2r_rank 2026-03-30T21:37:28.860445
# model=xgboost test_mode=train_score_relevance_0_3 csv=severity/CVE_summary_separate/cve-datasets/cve_with_meaning70.csv
# config=/home/sghan/LTR-algorithm/severity/experiment_config.yaml

[로그 파일] /home/sghan/LTR-algorithm/severity/experiment_logs/all_20260330_213303/logs/l2r_xgboost_train_score_relevance_0_3.log
[[ 5.      0.     -1.1232 -0.2859 -0.4048 -0.4294 -0.4028 -0.3939 -0.3819 -0.3086 -0.3087 -0.3104 -0.3066 -0.2778 -0.3069 -0.3074 -0.3048 -0.141  -0.2267 -0.2223 -0.292  -0.2186 -0.2439 -0.2375
  -0.1655 -0.2792 -0.1645 -0.2836 -0.2775 -0.1003 -0.1586 -0.2229 -0.2076 -0.191  -0.2113 -0.2164 -0.2154 -0.2131 -0.1907 -0.2554 -0.1859 -0.1639 -0.1722 -0.2022 -0.2015 -0.2024 -0.2159 -0.1078
  -0.1348 -0.1959 -0.1045 -0.1683 -0.131  -0.1583 -0.1597 -0.1793 -0.1657 -0.1447 -0.18   -0.1944 -0.13   -0.1296 -0.1861 -0.1174 -0.1816 -0.1538 -0.1441 -0.1347 -0.1287 -0.1412 -0.2019 -0.1842
  -0.1578 -0.5867 -0.3699 -0.7797  0.3774  1.0478  0.9286  0.8101]
 [ 5.      0.     -1.1232 -0.2859 -0.4048 -0.4294 -0.4028 -0.3939 -0.3819 -0.3086 -0.3087 -0.3104 -0.3066 -0.2778 -0.3069 -0.3074 -0.3048 -0.141  -0.2267 -0.2223 -0.292  -0.2186 -0.2439 -0.2375
  -0.1655 -0.2792 -0.1645 -0.2836 -0.2775 -0.1003 -0.1586 -0.2229 -0.2076 -0.191  -0.2113 -0.2164 -0.2154 -0.2131 -0.1907 -0.2554 -0.1859 -0.1639 -0.1722 -0.2022 -0.2015 -0.2024 -0.2159 -0.1078
  -0.1348 -0.1959 -0.1045 -0.1683 -0.131  -0.1583 -0.1597 -0.1793 -0.1657 -0.1447 -0.18   -0.1944 -0.13   -0.1296 -0.1861 -0.1174 -0.1816 -0.1538 -0.1441 -0.1347 -0.1287 -0.1412 -0.2019 -0.1842
  -0.1578 -0.5867 -0.3699 -0.7797  0.3774  1.0478  0.9286  0.8101]
 [ 5.      0.     -0.4009 -0.2859 -0.4048 -0.4294 -0.4028 -0.3939 -0.3819 -0.3086 -0.3087 -0.3104 -0.3066 -0.2778 -0.3069 -0.3074 -0.3048 -0.141  -0.2267 -0.2223 -0.292  -0.2186 -0.2439 -0.2375
  -0.1655 -0.2792 -0.1645 -0.2836 -0.2775 -0.1003 -0.1586 -0.2229 -0.2076  3.7522 -0.2113 -0.2164 -0.2154 -0.2131 -0.1907 -0.2554 -0.1859 -0.1639 -0.1722 -0.2022 -0.2015 -0.2024 -0.2159 -0.1078
  -0.1348 -0.1959 -0.1045 -0.1683 -0.131  -0.1583 -0.1597 -0.1793 -0.1657 -0.1447 -0.18   -0.1944 -0.13   -0.1296 -0.1861 -0.1174 -0.1816 -0.1538 -0.1441 -0.1347 -0.1287 -0.1412 -0.2019 -0.1842
  -0.1578 -0.0048 -0.3699 -0.7797  0.3774  1.0478  0.9286  0.8101]
 [ 5.      0.      1.6421 -0.2859 -0.4048 -0.4294 -0.4028 -0.3939 -0.3819 -0.3086 -0.3087 -0.3104 -0.3066 -0.2778 -0.3069 -0.3074 -0.3048 -0.141  -0.2267 -0.2223 -0.292  -0.2186 -0.2439 -0.2375
  -0.1655 -0.2792 -0.1645 -0.2836 -0.2775 -0.1003 -0.1586 -0.2229 -0.2076 -0.191  -0.2113 -0.2164 -0.2154 -0.2131 -0.1907 -0.2554 -0.1859 -0.1639 -0.1722 -0.2022 -0.2015 -0.2024 -0.2159 -0.1078
  -0.1348 -0.1959 -0.1045 -0.1683 -0.131  -0.1583 -0.1597 -0.1793 -0.1657 -0.1447 -0.18   -0.1944 -0.13   -0.1296 -0.1861 -0.1174 -0.1816 -0.1538 -0.1441 -0.1347 -0.1287 -0.1412 -0.2019 -0.1842
  -0.1578  1.6512 -0.3699 -0.7797  0.3774  1.0478  0.9286  0.8101]]
[xgboost] yr 원시 min/max/dtype=0.0/10.0/float32 | fit 라벨(정수) min/max/dtype=0/10/int32

[피처 중요도 로그] /home/sghan/LTR-algorithm/severity/feature_importance_train_severity_l2r_xgboost_train_score_relevance_0_3.log

[검증] L2R 점수→CVSS 매핑 MAE(참고): 2.2004

[검증] Validation (CVSS)

=== Validation (CVSS 수치) ===
MAE: 2.2004
RMSE: 2.2955
Pearson r (y_true, y_pred): 0.9721

[Train] CVSS 예측 vs 정답

=== Train (L2R score→CVSS) (CVSS 수치) ===
MAE: 2.1964
RMSE: 2.3142
Pearson r (y_true, y_pred): 0.9694

[CVSS] train L2R 점수 min/max: -7.783539 / 8.030688 (train CVSS 범위로 선형 매핑)

[Test] CVSS 예측 vs 정답

=== Test (mode=train_score_relevance_0_3) (CVSS 수치) ===
MAE: 2.2230
RMSE: 2.3170
Pearson r (y_true, y_pred): 0.9079

저장: severity/CVE_summary_separate/cve-datasets/cve_with_meaning70_l2r_xgboost_train_score_relevance_0_3.csv

=== 소요 시간 ===
CSV 로드·train/val/test 분할: 0.582 s
전처리(인코딩·스케일) + 학습(train∪val L2R): 4.405 s
추론·경계·Train·Val·Test 평가·저장(전수): 0.380 s
  └ Test severity 정답 비교(report_metrics)만: 0.001 s
전체: 5.377 s

=== 랭킹 지표 MRR (L2R/metrics, relevance=CVSS 수치) ===
Validation MRR: 1.000000
Test MRR:       1.000000
