[로그 파일] /home/work/lab_project/severity/experiment_logs/all_20260328_054638/logs/anomaly_vanilla_ae_train_thresholds.log

[검증] train 비율로 배정한 분류 정확도(참고): 0.2520

[Train] 실제 Severity와 비교 (train 비율 배정)

=== Train (비율 배정) ===
Accuracy: 0.2515
Ordinal MAE (relevance 0–3): 1.2460  (closer wrong labels score better than farther; ex. Critical→High < Critical→Low penalty)
Ordinal RMSE (relevance): 1.5776
Within-1 severity (|pred-true|≤1 step): 0.6264
Macro precision: 0.2514
Macro recall: 0.2514
Macro F1: 0.2514
Weighted precision: 0.2515
Weighted recall: 0.2515
Weighted F1: 0.2515
              precision    recall  f1-score   support

    Critical     0.2555    0.2555    0.2555     15089
        High     0.2508    0.2508    0.2508     14954
      Medium     0.2480    0.2480    0.2480     15010
         Low     0.2515    0.2515    0.2515     14947

    accuracy                         0.2515     60000
   macro avg     0.2514    0.2514    0.2514     60000
weighted avg     0.2515    0.2515    0.2515     60000


Train에서 추정한 score 경계(내림차순 상위부터 Critical→…): [0.000454 0.000355 0.000288]
(참고) train score min/max: 0.000105 / 0.007099

[Test] 실제 Severity와 비교

=== Test (mode=train_thresholds) ===
Accuracy: 0.2544
Ordinal MAE (relevance 0–3): 1.2478  (closer wrong labels score better than farther; ex. Critical→High < Critical→Low penalty)
Ordinal RMSE (relevance): 1.5823
Within-1 severity (|pred-true|≤1 step): 0.6235
Macro precision: 0.2531
Macro recall: 0.2541
Macro F1: 0.2433
Weighted precision: 0.2531
Weighted recall: 0.2544
Weighted F1: 0.2434
              precision    recall  f1-score   support

    Critical     0.2575    0.3959    0.3121      5029
        High     0.2559    0.2967    0.2748      4984
      Medium     0.2482    0.2034    0.2236      5004
         Low     0.2508    0.1202    0.1625      4983

    accuracy                         0.2544     20000
   macro avg     0.2531    0.2541    0.2433     20000
weighted avg     0.2531    0.2544    0.2434     20000


저장: severity/logging_monitoring_anomalies_anomaly_vanilla_ae_train_thresholds.csv

=== 소요 시간 ===
CSV 로드·train/val/test 분할: 0.441 s
전처리(인코딩·스케일) + 학습(train∪val): 17.307 s
추론·경계·평가·저장(전수): 2.507 s
  └ Test severity 정답 비교(report_metrics)만: 0.415 s
전체: 20.255 s

=== 랭킹 지표 MRR (relevance=0..3) ===
Validation MRR: 0.891108
Test MRR:       0.846912
