[로그 파일] /home/work/lab_project/severity/experiment_logs/all_20260328_054638/logs/anomaly_sequence_ae_train_thresholds.log

[검증] train 비율로 배정한 분류 정확도(참고): 0.2551

[Train] 실제 Severity와 비교 (train 비율 배정)

=== Train (비율 배정) ===
Accuracy: 0.2498
Ordinal MAE (relevance 0–3): 1.2508  (closer wrong labels score better than farther; ex. Critical→High < Critical→Low penalty)
Ordinal RMSE (relevance): 1.5823
Within-1 severity (|pred-true|≤1 step): 0.6252
Macro precision: 0.2498
Macro recall: 0.2498
Macro F1: 0.2498
Weighted precision: 0.2498
Weighted recall: 0.2498
Weighted F1: 0.2498
              precision    recall  f1-score   support

    Critical     0.2510    0.2510    0.2510     15089
        High     0.2444    0.2444    0.2444     14954
      Medium     0.2526    0.2526    0.2526     15010
         Low     0.2512    0.2512    0.2512     14947

    accuracy                         0.2498     60000
   macro avg     0.2498    0.2498    0.2498     60000
weighted avg     0.2498    0.2498    0.2498     60000


Train에서 추정한 score 경계(내림차순 상위부터 Critical→…): [1.062331 0.938077 0.813814]
(참고) train score min/max: 0.273397 / 1.759562

[Test] 실제 Severity와 비교

=== Test (mode=train_thresholds) ===
Accuracy: 0.2542
Ordinal MAE (relevance 0–3): 1.2578  (closer wrong labels score better than farther; ex. Critical→High < Critical→Low penalty)
Ordinal RMSE (relevance): 1.5949
Within-1 severity (|pred-true|≤1 step): 0.6188
Macro precision: 0.2536
Macro recall: 0.2540
Macro F1: 0.2446
Weighted precision: 0.2536
Weighted recall: 0.2542
Weighted F1: 0.2448
              precision    recall  f1-score   support

    Critical     0.2582    0.4058    0.3156      5029
        High     0.2551    0.2727    0.2636      4984
      Medium     0.2428    0.1974    0.2178      5004
         Low     0.2581    0.1399    0.1814      4983

    accuracy                         0.2542     20000
   macro avg     0.2536    0.2540    0.2446     20000
weighted avg     0.2536    0.2542    0.2448     20000


저장: severity/logging_monitoring_anomalies_anomaly_sequence_ae_train_thresholds.csv

=== 소요 시간 ===
CSV 로드·train/val/test 분할: 0.441 s
전처리(인코딩·스케일) + 학습(train∪val): 56.412 s
추론·경계·평가·저장(전수): 4.843 s
  └ Test severity 정답 비교(report_metrics)만: 0.409 s
전체: 61.696 s

=== 랭킹 지표 MRR (relevance=0..3) ===
Validation MRR: 0.882588
Test MRR:       0.841321
