[로그 파일] /home/work/lab_project/severity/experiment_logs/all_20260328_054638/logs/anomaly_denoising_ae_train_thresholds.log

[검증] train 비율로 배정한 분류 정확도(참고): 0.2505

[Train] 실제 Severity와 비교 (train 비율 배정)

=== Train (비율 배정) ===
Accuracy: 0.2511
Ordinal MAE (relevance 0–3): 1.2507  (closer wrong labels score better than farther; ex. Critical→High < Critical→Low penalty)
Ordinal RMSE (relevance): 1.5836
Within-1 severity (|pred-true|≤1 step): 0.6250
Macro precision: 0.2511
Macro recall: 0.2511
Macro F1: 0.2511
Weighted precision: 0.2511
Weighted recall: 0.2511
Weighted F1: 0.2511
              precision    recall  f1-score   support

    Critical     0.2491    0.2491    0.2491     15089
        High     0.2510    0.2510    0.2510     14954
      Medium     0.2516    0.2516    0.2516     15010
         Low     0.2526    0.2526    0.2526     14947

    accuracy                         0.2511     60000
   macro avg     0.2511    0.2511    0.2511     60000
weighted avg     0.2511    0.2511    0.2511     60000


Train에서 추정한 score 경계(내림차순 상위부터 Critical→…): [0.00157  0.001301 0.001092]
(참고) train score min/max: 0.000372 / 0.012186

[Test] 실제 Severity와 비교

=== Test (mode=train_thresholds) ===
Accuracy: 0.2534
Ordinal MAE (relevance 0–3): 1.2595  (closer wrong labels score better than farther; ex. Critical→High < Critical→Low penalty)
Ordinal RMSE (relevance): 1.5969
Within-1 severity (|pred-true|≤1 step): 0.6193
Macro precision: 0.2534
Macro recall: 0.2532
Macro F1: 0.2473
Weighted precision: 0.2534
Weighted recall: 0.2534
Weighted F1: 0.2474
              precision    recall  f1-score   support

    Critical     0.2572    0.3780    0.3061      5029
        High     0.2475    0.2628    0.2549      4984
      Medium     0.2494    0.2036    0.2242      5004
         Low     0.2595    0.1682    0.2041      4983

    accuracy                         0.2534     20000
   macro avg     0.2534    0.2532    0.2473     20000
weighted avg     0.2534    0.2534    0.2474     20000


저장: severity/logging_monitoring_anomalies_anomaly_denoising_ae_train_thresholds.csv

=== 소요 시간 ===
CSV 로드·train/val/test 분할: 0.441 s
전처리(인코딩·스케일) + 학습(train∪val): 17.202 s
추론·경계·평가·저장(전수): 2.502 s
  └ Test severity 정답 비교(report_metrics)만: 0.411 s
전체: 20.145 s

=== 랭킹 지표 MRR (relevance=0..3) ===
Validation MRR: 0.847817
Test MRR:       0.867678
