[로그 파일] /home/work/lab_project/severity/experiment_logs/all_20260328_054638/logs/anomaly_isolation_forest_train_thresholds.log

[검증] train 비율로 배정한 분류 정확도(참고): 0.2495

[Train] 실제 Severity와 비교 (train 비율 배정)

=== Train (비율 배정) ===
Accuracy: 0.2518
Ordinal MAE (relevance 0–3): 1.2479  (closer wrong labels score better than farther; ex. Critical→High < Critical→Low penalty)
Ordinal RMSE (relevance): 1.5807
Within-1 severity (|pred-true|≤1 step): 0.6260
Macro precision: 0.2518
Macro recall: 0.2518
Macro F1: 0.2518
Weighted precision: 0.2518
Weighted recall: 0.2518
Weighted F1: 0.2518
              precision    recall  f1-score   support

    Critical     0.2528    0.2528    0.2528     15089
        High     0.2458    0.2458    0.2458     14954
      Medium     0.2580    0.2580    0.2580     15010
         Low     0.2508    0.2508    0.2508     14947

    accuracy                         0.2518     60000
   macro avg     0.2518    0.2518    0.2518     60000
weighted avg     0.2518    0.2518    0.2518     60000


Train에서 추정한 score 경계(내림차순 상위부터 Critical→…): [0.536913 0.525139 0.51331 ]
(참고) train score min/max: 0.458603 / 0.596859

[Test] 실제 Severity와 비교

=== Test (mode=train_thresholds) ===
Accuracy: 0.2544
Ordinal MAE (relevance 0–3): 1.2631  (closer wrong labels score better than farther; ex. Critical→High < Critical→Low penalty)
Ordinal RMSE (relevance): 1.6017
Within-1 severity (|pred-true|≤1 step): 0.6161
Macro precision: 0.2552
Macro recall: 0.2540
Macro F1: 0.2391
Weighted precision: 0.2552
Weighted recall: 0.2544
Weighted F1: 0.2393
              precision    recall  f1-score   support

    Critical     0.2551    0.4436    0.3239      5029
        High     0.2539    0.2751    0.2641      4984
      Medium     0.2480    0.1876    0.2136      5004
         Low     0.2640    0.1096    0.1549      4983

    accuracy                         0.2544     20000
   macro avg     0.2552    0.2540    0.2391     20000
weighted avg     0.2552    0.2544    0.2393     20000


저장: severity/logging_monitoring_anomalies_anomaly_isolation_forest_train_thresholds.csv

=== 소요 시간 ===
CSV 로드·train/val/test 분할: 0.443 s
전처리(인코딩·스케일) + 학습(train∪val): 1.749 s
추론·경계·평가·저장(전수): 4.125 s
  └ Test severity 정답 비교(report_metrics)만: 0.414 s
전체: 6.318 s

=== 랭킹 지표 MRR (relevance=0..3) ===
Validation MRR: 0.874281
Test MRR:       0.853142
