[로그 파일] /home/work/lab_project/severity/experiment_logs/all_20260328_054638/logs/anomaly_vae_train_thresholds.log

[검증] train 비율로 배정한 분류 정확도(참고): 0.2465

[Train] 실제 Severity와 비교 (train 비율 배정)

=== Train (비율 배정) ===
Accuracy: 0.2455
Ordinal MAE (relevance 0–3): 1.2576  (closer wrong labels score better than farther; ex. Critical→High < Critical→Low penalty)
Ordinal RMSE (relevance): 1.5854
Within-1 severity (|pred-true|≤1 step): 0.6217
Macro precision: 0.2455
Macro recall: 0.2455
Macro F1: 0.2455
Weighted precision: 0.2455
Weighted recall: 0.2455
Weighted F1: 0.2455
              precision    recall  f1-score   support

    Critical     0.2481    0.2481    0.2481     15089
        High     0.2458    0.2458    0.2458     14954
      Medium     0.2442    0.2442    0.2442     15010
         Low     0.2441    0.2441    0.2441     14947

    accuracy                         0.2455     60000
   macro avg     0.2455    0.2455    0.2455     60000
weighted avg     0.2455    0.2455    0.2455     60000


Train에서 추정한 score 경계(내림차순 상위부터 Critical→…): [0.036471 0.034706 0.03314 ]
(참고) train score min/max: 0.027035 / 0.105154

[Test] 실제 Severity와 비교

=== Test (mode=train_thresholds) ===
Accuracy: 0.2531
Ordinal MAE (relevance 0–3): 1.2459  (closer wrong labels score better than farther; ex. Critical→High < Critical→Low penalty)
Ordinal RMSE (relevance): 1.5765
Within-1 severity (|pred-true|≤1 step): 0.6218
Macro precision: 0.2531
Macro recall: 0.2529
Macro F1: 0.2479
Weighted precision: 0.2530
Weighted recall: 0.2531
Weighted F1: 0.2480
              precision    recall  f1-score   support

    Critical     0.2544    0.3470    0.2936      5029
        High     0.2536    0.2807    0.2665      4984
      Medium     0.2494    0.2286    0.2386      5004
         Low     0.2548    0.1553    0.1930      4983

    accuracy                         0.2531     20000
   macro avg     0.2531    0.2529    0.2479     20000
weighted avg     0.2530    0.2531    0.2480     20000


저장: severity/logging_monitoring_anomalies_anomaly_vae_train_thresholds.csv

=== 소요 시간 ===
CSV 로드·train/val/test 분할: 0.446 s
전처리(인코딩·스케일) + 학습(train∪val): 12.522 s
추론·경계·평가·저장(전수): 2.299 s
  └ Test severity 정답 비교(report_metrics)만: 0.417 s
전체: 15.268 s

=== 랭킹 지표 MRR (relevance=0..3) ===
Validation MRR: 0.864483
Test MRR:       0.869808
