[로그 파일] /home/work/lab_project/severity/experiment_logs/all_20260328_054638/logs/anomaly_deep_stacked_ae_train_thresholds.log

[검증] train 비율로 배정한 분류 정확도(참고): 0.2458

[Train] 실제 Severity와 비교 (train 비율 배정)

=== Train (비율 배정) ===
Accuracy: 0.2521
Ordinal MAE (relevance 0–3): 1.2498  (closer wrong labels score better than farther; ex. Critical→High < Critical→Low penalty)
Ordinal RMSE (relevance): 1.5829
Within-1 severity (|pred-true|≤1 step): 0.6240
Macro precision: 0.2521
Macro recall: 0.2521
Macro F1: 0.2521
Weighted precision: 0.2521
Weighted recall: 0.2521
Weighted F1: 0.2521
              precision    recall  f1-score   support

    Critical     0.2547    0.2547    0.2547     15089
        High     0.2502    0.2502    0.2502     14954
      Medium     0.2562    0.2562    0.2562     15010
         Low     0.2471    0.2471    0.2471     14947

    accuracy                         0.2521     60000
   macro avg     0.2521    0.2521    0.2521     60000
weighted avg     0.2521    0.2521    0.2521     60000


Train에서 추정한 score 경계(내림차순 상위부터 Critical→…): [0.009097 0.007535 0.006242]
(참고) train score min/max: 0.001911 / 0.056947

[Test] 실제 Severity와 비교

=== Test (mode=train_thresholds) ===
Accuracy: 0.2525
Ordinal MAE (relevance 0–3): 1.2610  (closer wrong labels score better than farther; ex. Critical→High < Critical→Low penalty)
Ordinal RMSE (relevance): 1.5967
Within-1 severity (|pred-true|≤1 step): 0.6173
Macro precision: 0.2511
Macro recall: 0.2522
Macro F1: 0.2442
Weighted precision: 0.2511
Weighted recall: 0.2525
Weighted F1: 0.2444
              precision    recall  f1-score   support

    Critical     0.2598    0.4045    0.3164      5029
        High     0.2472    0.2520    0.2496      4984
      Medium     0.2450    0.1956    0.2176      5004
         Low     0.2523    0.1567    0.1933      4983

    accuracy                         0.2525     20000
   macro avg     0.2511    0.2522    0.2442     20000
weighted avg     0.2511    0.2525    0.2444     20000


저장: severity/logging_monitoring_anomalies_anomaly_deep_stacked_ae_train_thresholds.csv

=== 소요 시간 ===
CSV 로드·train/val/test 분할: 0.444 s
전처리(인코딩·스케일) + 학습(train∪val): 52.703 s
추론·경계·평가·저장(전수): 3.483 s
  └ Test severity 정답 비교(report_metrics)만: 0.413 s
전체: 56.631 s

=== 랭킹 지표 MRR (relevance=0..3) ===
Validation MRR: 0.841427
Test MRR:       0.853674
