[로그 파일] /home/work/lab_project/severity/experiment_logs/all_20260328_054638/logs/cls_random_forest_train_thresholds.log

[검증] train 비율로 배정한 분류 정확도(참고): 0.2464

[Train] 실제 Severity와 비교 (train 비율 배정)

=== Train (비율 배정) ===
Accuracy: 0.7315
Ordinal MAE (relevance 0–3): 0.2699  (closer wrong labels score better than farther; ex. Critical→High < Critical→Low penalty)
Ordinal RMSE (relevance): 0.5223
Within-1 severity (|pred-true|≤1 step): 0.9986
Macro precision: 0.7314
Macro recall: 0.7314
Macro F1: 0.7314
Weighted precision: 0.7315
Weighted recall: 0.7315
Weighted F1: 0.7315
              precision    recall  f1-score   support

    Critical     0.7722    0.7722    0.7722     15089
        High     0.6990    0.6990    0.6990     14954
      Medium     0.6920    0.6920    0.6920     15010
         Low     0.7626    0.7626    0.7626     14947

    accuracy                         0.7315     60000
   macro avg     0.7314    0.7314    0.7314     60000
weighted avg     0.7315    0.7315    0.7315     60000


Train에서 추정한 score 경계(내림차순 상위부터 Critical→…): [1.556595 1.501337 1.443466]
(참고) train score min/max: 0.956323 / 2.022767

[Test] 실제 Severity와 비교

=== Test (mode=train_thresholds) ===
Accuracy: 0.2472
Ordinal MAE (relevance 0–3): 1.1540  (closer wrong labels score better than farther; ex. Critical→High < Critical→Low penalty)
Ordinal RMSE (relevance): 1.4514
Within-1 severity (|pred-true|≤1 step): 0.6738
Macro precision: 0.2472
Macro recall: 0.2472
Macro F1: 0.2115
Weighted precision: 0.2472
Weighted recall: 0.2472
Weighted F1: 0.2117
              precision    recall  f1-score   support

    Critical     0.2489    0.2806    0.2638      5029
        High     0.2464    0.4886    0.3275      4984
      Medium     0.2469    0.2020    0.2222      5004
         Low     0.2465    0.0175    0.0326      4983

    accuracy                         0.2472     20000
   macro avg     0.2472    0.2472    0.2115     20000
weighted avg     0.2472    0.2472    0.2117     20000


저장: severity/logging_monitoring_anomalies_cls_random_forest_train_thresholds.csv

=== 소요 시간 ===
CSV 로드·train/val/test 분할: 0.478 s
전처리(인코딩·스케일) + 학습(train∪val): 24.106 s
추론·경계·평가·저장(전수): 2.873 s
  └ Test severity 정답 비교(report_metrics)만: 0.406 s
전체: 27.457 s

=== 랭킹 지표 MRR (relevance=0..3) ===
Validation MRR: 0.874157
Test MRR:       0.867652
