# train_severity_l2r_rank 2026-03-28T05:46:40.825435
# model=listnet test_mode=train_thresholds csv=severity/logging_monitoring_anomalies.csv
# config=/home/work/lab_project/severity/experiment_config.yaml

[лЎңк·ё нҢҢмқј] /home/work/lab_project/severity/experiment_logs/all_20260328_054638/logs/l2r_listnet_train_thresholds.log

[кІҖмҰқ] train л№„мңЁлЎң л°°м •н•ң л¶„лҘҳ м •нҷ•лҸ„(early stoppingмҡ© м°ёкі ): 0.2503

[Train] мӢӨм ң SeverityмҷҖ л№„көҗ (train л№„мңЁ л°°м •)

=== Train (л№„мңЁ л°°м •) ===
Accuracy: 0.2558
Ordinal MAE (relevance 0вҖ“3): 1.2260  (closer wrong labels score better than farther; ex. CriticalвҶ’High < CriticalвҶ’Low penalty)
Ordinal RMSE (relevance): 1.5566
Within-1 severity (|pred-true|вүӨ1 step): 0.6350
Macro precision: 0.2557
Macro recall: 0.2557
Macro F1: 0.2557
Weighted precision: 0.2558
Weighted recall: 0.2558
Weighted F1: 0.2558
              precision    recall  f1-score   support

    Critical     0.2685    0.2685    0.2685     15089
        High     0.2483    0.2483    0.2483     14954
      Medium     0.2465    0.2465    0.2465     15010
         Low     0.2597    0.2597    0.2597     14947

    accuracy                         0.2558     60000
   macro avg     0.2557    0.2557    0.2557     60000
weighted avg     0.2558    0.2558    0.2558     60000


Trainм—җм„ң м¶”м •н•ң score кІҪкі„(лӮҙлҰјм°ЁмҲң мғҒмң„л¶Җн„° CriticalвҶ’вҖҰ): [0.101682 0.057816 0.013852]
(м°ёкі ) train score min/max: -0.192419 / 0.308436

[Test] мӢӨм ң SeverityмҷҖ л№„көҗ

=== Test (mode=train_thresholds) ===
Accuracy: 0.2485
Ordinal MAE (relevance 0вҖ“3): 1.2482  (closer wrong labels score better than farther; ex. CriticalвҶ’High < CriticalвҶ’Low penalty)
Ordinal RMSE (relevance): 1.5768
Within-1 severity (|pred-true|вүӨ1 step): 0.6258
Macro precision: 0.2485
Macro recall: 0.2485
Macro F1: 0.2485
Weighted precision: 0.2486
Weighted recall: 0.2485
Weighted F1: 0.2485
              precision    recall  f1-score   support

    Critical     0.2554    0.2478    0.2515      5029
        High     0.2464    0.2516    0.2490      4984
      Medium     0.2487    0.2520    0.2503      5004
         Low     0.2437    0.2426    0.2431      4983

    accuracy                         0.2485     20000
   macro avg     0.2485    0.2485    0.2485     20000
weighted avg     0.2486    0.2485    0.2485     20000


м ҖмһҘ: severity/logging_monitoring_anomalies_l2r_listnet_train_thresholds.csv

=== мҶҢмҡ” мӢңк°„ ===
CSV лЎңл“ңВ·train/val/test л¶„н• : 0.435 s
м „мІҳлҰ¬(мқёмҪ”л”©В·мҠӨмјҖмқј) + н•ҷмҠө(trainвҲӘval L2R): 8.293 s
м¶”лЎ В·кІҪкі„В·TrainВ·ValВ·Test нҸүк°ҖВ·м ҖмһҘ(м „мҲҳ): 2.108 s
  в”” Test severity м •лӢө л№„көҗ(report_metrics)л§Ң: 0.412 s
м „мІҙ: 10.836 s

=== лһӯнӮ№ м§Җн‘ң MRR (L2R/metrics, relevance=0..3) ===
Validation MRR: 0.874840
Test MRR:       0.892545
