# train_severity_l2r_rank 2026-03-28T05:46:54.784612
# model=listmle test_mode=train_thresholds csv=severity/logging_monitoring_anomalies.csv
# config=/home/work/lab_project/severity/experiment_config.yaml

[лЎңк·ё нҢҢмқј] /home/work/lab_project/severity/experiment_logs/all_20260328_054638/logs/l2r_listmle_train_thresholds.log

[кІҖмҰқ] train л№„мңЁлЎң л°°м •н•ң л¶„лҘҳ м •нҷ•лҸ„(early stoppingмҡ© м°ёкі ): 0.2465

[Train] мӢӨм ң SeverityмҷҖ л№„көҗ (train л№„мңЁ л°°м •)

=== Train (л№„мңЁ л°°м •) ===
Accuracy: 0.2745
Ordinal MAE (relevance 0вҖ“3): 1.1728  (closer wrong labels score better than farther; ex. CriticalвҶ’High < CriticalвҶ’Low penalty)
Ordinal RMSE (relevance): 1.5092
Within-1 severity (|pred-true|вүӨ1 step): 0.6580
Macro precision: 0.2744
Macro recall: 0.2744
Macro F1: 0.2744
Weighted precision: 0.2745
Weighted recall: 0.2745
Weighted F1: 0.2745
              precision    recall  f1-score   support

    Critical     0.2890    0.2890    0.2890     15089
        High     0.2526    0.2526    0.2526     14954
      Medium     0.2566    0.2566    0.2566     15010
         Low     0.2996    0.2996    0.2996     14947

    accuracy                         0.2745     60000
   macro avg     0.2744    0.2744    0.2744     60000
weighted avg     0.2745    0.2745    0.2745     60000


Trainм—җм„ң м¶”м •н•ң score кІҪкі„(лӮҙлҰјм°ЁмҲң мғҒмң„л¶Җн„° CriticalвҶ’вҖҰ): [0.859131 0.785516 0.711901]
(м°ёкі ) train score min/max: 0.277677 / 1.289874

[Test] мӢӨм ң SeverityмҷҖ л№„көҗ

=== Test (mode=train_thresholds) ===
Accuracy: 0.2449
Ordinal MAE (relevance 0вҖ“3): 1.2748  (closer wrong labels score better than farther; ex. CriticalвҶ’High < CriticalвҶ’Low penalty)
Ordinal RMSE (relevance): 1.6077
Within-1 severity (|pred-true|вүӨ1 step): 0.6156
Macro precision: 0.2449
Macro recall: 0.2449
Macro F1: 0.2445
Weighted precision: 0.2449
Weighted recall: 0.2449
Weighted F1: 0.2445
              precision    recall  f1-score   support

    Critical     0.2532    0.2633    0.2581      5029
        High     0.2433    0.2269    0.2348      4984
      Medium     0.2433    0.2234    0.2329      5004
         Low     0.2397    0.2659    0.2521      4983

    accuracy                         0.2449     20000
   macro avg     0.2449    0.2449    0.2445     20000
weighted avg     0.2449    0.2449    0.2445     20000


м ҖмһҘ: severity/logging_monitoring_anomalies_l2r_listmle_train_thresholds.csv

=== мҶҢмҡ” мӢңк°„ ===
CSV лЎңл“ңВ·train/val/test л¶„н• : 0.437 s
м „мІҳлҰ¬(мқёмҪ”л”©В·мҠӨмјҖмқј) + н•ҷмҠө(trainвҲӘval L2R): 126.770 s
м¶”лЎ В·кІҪкі„В·TrainВ·ValВ·Test нҸүк°ҖВ·м ҖмһҘ(м „мҲҳ): 2.116 s
  в”” Test severity м •лӢө л№„көҗ(report_metrics)л§Ң: 0.412 s
м „мІҙ: 129.323 s

=== лһӯнӮ№ м§Җн‘ң MRR (L2R/metrics, relevance=0..3) ===
Validation MRR: 0.861395
Test MRR:       0.844995
