# train_severity_l2r_rank 2026-03-30T21:51:47.869279
# model=listmle test_mode=train_score_relevance_0_3 csv=severity/CVE_summary_separate/cve-datasets/cve_with_meaning70.csv
# config=/home/sghan/LTR-algorithm/severity/experiment_config.yaml

[로그 파일] /home/sghan/LTR-algorithm/severity/experiment_logs/all_20260330_214454/logs/l2r_listmle_train_score_relevance_0_3.log
[[ 5.      0.     -1.1232 -0.2859 -0.4048 -0.4294 -0.4028 -0.3939 -0.3819 -0.3086 -0.3087 -0.3104 -0.3066 -0.2778 -0.3069 -0.3074 -0.3048 -0.141  -0.2267 -0.2223 -0.292  -0.2186 -0.2439 -0.2375
  -0.1655 -0.2792 -0.1645 -0.2836 -0.2775 -0.1003 -0.1586 -0.2229 -0.2076 -0.191  -0.2113 -0.2164 -0.2154 -0.2131 -0.1907 -0.2554 -0.1859 -0.1639 -0.1722 -0.2022 -0.2015 -0.2024 -0.2159 -0.1078
  -0.1348 -0.1959 -0.1045 -0.1683 -0.131  -0.1583 -0.1597 -0.1793 -0.1657 -0.1447 -0.18   -0.1944 -0.13   -0.1296 -0.1861 -0.1174 -0.1816 -0.1538 -0.1441 -0.1347 -0.1287 -0.1412 -0.2019 -0.1842
  -0.1578 -0.5867 -0.3699 -0.7797  0.3774  1.0478  0.9286  0.8101]
 [ 5.      0.     -1.1232 -0.2859 -0.4048 -0.4294 -0.4028 -0.3939 -0.3819 -0.3086 -0.3087 -0.3104 -0.3066 -0.2778 -0.3069 -0.3074 -0.3048 -0.141  -0.2267 -0.2223 -0.292  -0.2186 -0.2439 -0.2375
  -0.1655 -0.2792 -0.1645 -0.2836 -0.2775 -0.1003 -0.1586 -0.2229 -0.2076 -0.191  -0.2113 -0.2164 -0.2154 -0.2131 -0.1907 -0.2554 -0.1859 -0.1639 -0.1722 -0.2022 -0.2015 -0.2024 -0.2159 -0.1078
  -0.1348 -0.1959 -0.1045 -0.1683 -0.131  -0.1583 -0.1597 -0.1793 -0.1657 -0.1447 -0.18   -0.1944 -0.13   -0.1296 -0.1861 -0.1174 -0.1816 -0.1538 -0.1441 -0.1347 -0.1287 -0.1412 -0.2019 -0.1842
  -0.1578 -0.5867 -0.3699 -0.7797  0.3774  1.0478  0.9286  0.8101]
 [ 5.      0.     -0.4009 -0.2859 -0.4048 -0.4294 -0.4028 -0.3939 -0.3819 -0.3086 -0.3087 -0.3104 -0.3066 -0.2778 -0.3069 -0.3074 -0.3048 -0.141  -0.2267 -0.2223 -0.292  -0.2186 -0.2439 -0.2375
  -0.1655 -0.2792 -0.1645 -0.2836 -0.2775 -0.1003 -0.1586 -0.2229 -0.2076  3.7522 -0.2113 -0.2164 -0.2154 -0.2131 -0.1907 -0.2554 -0.1859 -0.1639 -0.1722 -0.2022 -0.2015 -0.2024 -0.2159 -0.1078
  -0.1348 -0.1959 -0.1045 -0.1683 -0.131  -0.1583 -0.1597 -0.1793 -0.1657 -0.1447 -0.18   -0.1944 -0.13   -0.1296 -0.1861 -0.1174 -0.1816 -0.1538 -0.1441 -0.1347 -0.1287 -0.1412 -0.2019 -0.1842
  -0.1578 -0.0048 -0.3699 -0.7797  0.3774  1.0478  0.9286  0.8101]
 [ 5.      0.      1.6421 -0.2859 -0.4048 -0.4294 -0.4028 -0.3939 -0.3819 -0.3086 -0.3087 -0.3104 -0.3066 -0.2778 -0.3069 -0.3074 -0.3048 -0.141  -0.2267 -0.2223 -0.292  -0.2186 -0.2439 -0.2375
  -0.1655 -0.2792 -0.1645 -0.2836 -0.2775 -0.1003 -0.1586 -0.2229 -0.2076 -0.191  -0.2113 -0.2164 -0.2154 -0.2131 -0.1907 -0.2554 -0.1859 -0.1639 -0.1722 -0.2022 -0.2015 -0.2024 -0.2159 -0.1078
  -0.1348 -0.1959 -0.1045 -0.1683 -0.131  -0.1583 -0.1597 -0.1793 -0.1657 -0.1447 -0.18   -0.1944 -0.13   -0.1296 -0.1861 -0.1174 -0.1816 -0.1538 -0.1441 -0.1347 -0.1287 -0.1412 -0.2019 -0.1842
  -0.1578  1.6512 -0.3699 -0.7797  0.3774  1.0478  0.9286  0.8101]]
ListMLE Epoch 0 | Metrics: {'NDCG@1': 0.9741098616141295, 'NDCG@5': 0.9737895476778843, 'NDCG@10': 0.9767595505531002, 'MAP': 1.0, 'MRR': 1.0}
ListMLE Epoch 1 | Metrics: {'NDCG@1': 0.9819261987650054, 'NDCG@5': 0.9822979315302648, 'NDCG@10': 0.9834366031047693, 'MAP': 1.0, 'MRR': 1.0}
ListMLE Epoch 2 | Metrics: {'NDCG@1': 0.9885159323187905, 'NDCG@5': 0.9870306317782903, 'NDCG@10': 0.9869515302306652, 'MAP': 1.0, 'MRR': 1.0}
ListMLE Epoch 3 | Metrics: {'NDCG@1': 0.9893663409099738, 'NDCG@5': 0.9891896772510957, 'NDCG@10': 0.9880536403842443, 'MAP': 1.0, 'MRR': 1.0}
ListMLE Epoch 4 | Metrics: {'NDCG@1': 0.9885192867927635, 'NDCG@5': 0.9890061557300963, 'NDCG@10': 0.9881942975068214, 'MAP': 1.0, 'MRR': 1.0}
ListMLE Epoch 5 | Metrics: {'NDCG@1': 0.9893338089439281, 'NDCG@5': 0.988611997734128, 'NDCG@10': 0.9883414414704466, 'MAP': 1.0, 'MRR': 1.0}
ListMLE Epoch 6 | Metrics: {'NDCG@1': 0.9902192178081642, 'NDCG@5': 0.9894432314409249, 'NDCG@10': 0.9886508575078443, 'MAP': 1.0, 'MRR': 1.0}
ListMLE Epoch 7 | Metrics: {'NDCG@1': 0.991030385485356, 'NDCG@5': 0.9889110111327302, 'NDCG@10': 0.9889762929079974, 'MAP': 1.0, 'MRR': 1.0}
ListMLE Epoch 8 | Metrics: {'NDCG@1': 0.9910662719253744, 'NDCG@5': 0.9899439574099705, 'NDCG@10': 0.9895689656631514, 'MAP': 1.0, 'MRR': 1.0}
ListMLE Epoch 9 | Metrics: {'NDCG@1': 0.991030385485356, 'NDCG@5': 0.9892845855988065, 'NDCG@10': 0.9893632668486512, 'MAP': 1.0, 'MRR': 1.0}
ListMLE Epoch 10 | Metrics: {'NDCG@1': 0.993349469070591, 'NDCG@5': 0.9909754580047371, 'NDCG@10': 0.9902215380327587, 'MAP': 1.0, 'MRR': 1.0}
ListMLE Epoch 11 | Metrics: {'NDCG@1': 0.9887520811241967, 'NDCG@5': 0.9896904741588493, 'NDCG@10': 0.989121333298976, 'MAP': 1.0, 'MRR': 1.0}
ListMLE Epoch 12 | Metrics: {'NDCG@1': 0.9925024149533807, 'NDCG@5': 0.9911087518461721, 'NDCG@10': 0.9904470287143434, 'MAP': 1.0, 'MRR': 1.0}
ListMLE Epoch 13 | Metrics: {'NDCG@1': 0.9913324843898188, 'NDCG@5': 0.9899260118425968, 'NDCG@10': 0.9898886296647528, 'MAP': 1.0, 'MRR': 1.0}
ListMLE Epoch 14 | Metrics: {'NDCG@1': 0.9927637346337679, 'NDCG@5': 0.990896924052454, 'NDCG@10': 0.9906666779190367, 'MAP': 1.0, 'MRR': 1.0}
ListMLE Epoch 15 | Metrics: {'NDCG@1': 0.9918774396025661, 'NDCG@5': 0.9903453118776654, 'NDCG@10': 0.990186424748479, 'MAP': 1.0, 'MRR': 1.0}
ListMLE Epoch 16 | Metrics: {'NDCG@1': 0.991918218826642, 'NDCG@5': 0.9909316660957634, 'NDCG@10': 0.9909805886712576, 'MAP': 1.0, 'MRR': 1.0}
ListMLE Epoch 17 | Metrics: {'NDCG@1': 0.993912887655441, 'NDCG@5': 0.9922940942472643, 'NDCG@10': 0.9912029764051205, 'MAP': 1.0, 'MRR': 1.0}
ListMLE Epoch 18 | Metrics: {'NDCG@1': 0.9901833313681456, 'NDCG@5': 0.9911386982465207, 'NDCG@10': 0.9907771340966789, 'MAP': 1.0, 'MRR': 1.0}
ListMLE Epoch 19 | Metrics: {'NDCG@1': 0.9927652729438521, 'NDCG@5': 0.9910455736639792, 'NDCG@10': 0.9909020053172767, 'MAP': 1.0, 'MRR': 1.0}
ListMLE Epoch 20 | Metrics: {'NDCG@1': 0.9936515679750538, 'NDCG@5': 0.9920251924753741, 'NDCG@10': 0.9918166808286111, 'MAP': 1.0, 'MRR': 1.0}
ListMLE Epoch 21 | Metrics: {'NDCG@1': 0.9927652729438521, 'NDCG@5': 0.9915349784533279, 'NDCG@10': 0.9909563495460926, 'MAP': 1.0, 'MRR': 1.0}
ListMLE Epoch 22 | Metrics: {'NDCG@1': 0.994196523187801, 'NDCG@5': 0.9929021961718933, 'NDCG@10': 0.992271342937047, 'MAP': 1.0, 'MRR': 1.0}
ListMLE Epoch 23 | Metrics: {'NDCG@1': 0.991918218826642, 'NDCG@5': 0.9903899585224956, 'NDCG@10': 0.9904465611581392, 'MAP': 1.0, 'MRR': 1.0}
ListMLE Epoch 24 | Metrics: {'NDCG@1': 0.9936515679750538, 'NDCG@5': 0.9928689355993947, 'NDCG@10': 0.9922219086563545, 'MAP': 1.0, 'MRR': 1.0}
ListMLE Epoch 25 | Metrics: {'NDCG@1': 0.9910319237954403, 'NDCG@5': 0.9910257998992105, 'NDCG@10': 0.9907873615399149, 'MAP': 1.0, 'MRR': 1.0}
ListMLE Epoch 26 | Metrics: {'NDCG@1': 0.9941998776617741, 'NDCG@5': 0.9928058869937159, 'NDCG@10': 0.9922491697499557, 'MAP': 1.0, 'MRR': 1.0}
ListMLE Epoch 27 | Metrics: {'NDCG@1': 0.9953490306834472, 'NDCG@5': 0.9921717126689996, 'NDCG@10': 0.99187344646932, 'MAP': 1.0, 'MRR': 1.0}
ListMLE Epoch 28 | Metrics: {'NDCG@1': 0.9953490306834472, 'NDCG@5': 0.9932251393345027, 'NDCG@10': 0.9923369169346254, 'MAP': 1.0, 'MRR': 1.0}
ListMLE Epoch 29 | Metrics: {'NDCG@1': 0.994498622092264, 'NDCG@5': 0.9925481202541622, 'NDCG@10': 0.9913789788451924, 'MAP': 1.0, 'MRR': 1.0}
ListMLE Epoch 30 | Metrics: {'NDCG@1': 0.994498622092264, 'NDCG@5': 0.9930193622175358, 'NDCG@10': 0.9921879632427522, 'MAP': 1.0, 'MRR': 1.0}
ListMLE Epoch 31 | Metrics: {'NDCG@1': 0.9927652729438521, 'NDCG@5': 0.9919054290390037, 'NDCG@10': 0.9915074924730026, 'MAP': 1.0, 'MRR': 1.0}
ListMLE Epoch 32 | Metrics: {'NDCG@1': 0.9910319237954403, 'NDCG@5': 0.9916700324024484, 'NDCG@10': 0.9912513419840344, 'MAP': 1.0, 'MRR': 1.0}
ListMLE Epoch 33 | Metrics: {'NDCG@1': 0.9910319237954403, 'NDCG@5': 0.9914988187324609, 'NDCG@10': 0.991271905384596, 'MAP': 1.0, 'MRR': 1.0}
ListMLE Epoch 34 | Metrics: {'NDCG@1': 0.9918823323866234, 'NDCG@5': 0.9915486665959404, 'NDCG@10': 0.9912930841501214, 'MAP': 1.0, 'MRR': 1.0}
ListMLE Epoch 35 | Metrics: {'NDCG@1': 0.9927652729438521, 'NDCG@5': 0.992739511877969, 'NDCG@10': 0.9918581361562004, 'MAP': 1.0, 'MRR': 1.0}
ListMLE Epoch 36 | Metrics: {'NDCG@1': 0.994196523187801, 'NDCG@5': 0.9933852478849243, 'NDCG@10': 0.9925761528469081, 'MAP': 1.0, 'MRR': 1.0}
ListMLE Epoch 37 | Metrics: {'NDCG@1': 0.9910319237954403, 'NDCG@5': 0.9914176457209776, 'NDCG@10': 0.9913554916029818, 'MAP': 1.0, 'MRR': 1.0}
ListMLE Epoch 38 | Metrics: {'NDCG@1': 0.9936156815350353, 'NDCG@5': 0.9915233005441688, 'NDCG@10': 0.991466256413096, 'MAP': 1.0, 'MRR': 1.0}
ListMLE Epoch 39 | Metrics: {'NDCG@1': 0.9910319237954403, 'NDCG@5': 0.9911405535795914, 'NDCG@10': 0.9903246750474238, 'MAP': 1.0, 'MRR': 1.0}
ListMLE Epoch 40 | Metrics: {'NDCG@1': 0.9918823323866234, 'NDCG@5': 0.9913910800281123, 'NDCG@10': 0.9913162503332982, 'MAP': 1.0, 'MRR': 1.0}
ListMLE Epoch 41 | Metrics: {'NDCG@1': 0.9927686274178249, 'NDCG@5': 0.99144097772053, 'NDCG@10': 0.9909506994386311, 'MAP': 1.0, 'MRR': 1.0}
ListMLE Epoch 42 | Metrics: {'NDCG@1': 0.9915802334821605, 'NDCG@5': 0.9925355517304769, 'NDCG@10': 0.9923431193677766, 'MAP': 1.0, 'MRR': 1.0}
ListMLE Epoch 43 | Metrics: {'NDCG@1': 0.9910319237954403, 'NDCG@5': 0.9907378071224825, 'NDCG@10': 0.9904277665762132, 'MAP': 1.0, 'MRR': 1.0}
ListMLE Epoch 44 | Metrics: {'NDCG@1': 0.9918823323866234, 'NDCG@5': 0.9917343468159758, 'NDCG@10': 0.9916138963177635, 'MAP': 1.0, 'MRR': 1.0}
ListMLE Epoch 45 | Metrics: {'NDCG@1': 0.9910319237954403, 'NDCG@5': 0.9915760360749077, 'NDCG@10': 0.9917315897795854, 'MAP': 1.0, 'MRR': 1.0}
ListMLE Epoch 46 | Metrics: {'NDCG@1': 0.9918823323866234, 'NDCG@5': 0.9917040155209506, 'NDCG@10': 0.9920416123303174, 'MAP': 1.0, 'MRR': 1.0}
ListMLE Epoch 47 | Metrics: {'NDCG@1': 0.9927652729438521, 'NDCG@5': 0.9919917918901544, 'NDCG@10': 0.9922571981589162, 'MAP': 1.0, 'MRR': 1.0}
ListMLE Epoch 48 | Metrics: {'NDCG@1': 0.9918823323866234, 'NDCG@5': 0.9916773723125367, 'NDCG@10': 0.9918829151029888, 'MAP': 1.0, 'MRR': 1.0}
ListMLE Epoch 49 | Metrics: {'NDCG@1': 0.9918823323866234, 'NDCG@5': 0.991935085336328, 'NDCG@10': 0.991765311430162, 'MAP': 1.0, 'MRR': 1.0}
ListMLE Epoch 50 | Metrics: {'NDCG@1': 0.9936156815350353, 'NDCG@5': 0.9922321217313826, 'NDCG@10': 0.9922368286823519, 'MAP': 1.0, 'MRR': 1.0}
ListMLE Epoch 51 | Metrics: {'NDCG@1': 0.9936156815350353, 'NDCG@5': 0.99184188708365, 'NDCG@10': 0.9923285232514957, 'MAP': 1.0, 'MRR': 1.0}
ListMLE Epoch 52 | Metrics: {'NDCG@1': 0.9936156815350353, 'NDCG@5': 0.9920535212762032, 'NDCG@10': 0.9923477034202292, 'MAP': 1.0, 'MRR': 1.0}
ListMLE Epoch 53 | Metrics: {'NDCG@1': 0.9936156815350353, 'NDCG@5': 0.9919581802878934, 'NDCG@10': 0.9922173214156791, 'MAP': 1.0, 'MRR': 1.0}
ListMLE Epoch 54 | Metrics: {'NDCG@1': 0.9936156815350353, 'NDCG@5': 0.9921203551151484, 'NDCG@10': 0.992290576886243, 'MAP': 1.0, 'MRR': 1.0}
ListMLE Epoch 55 | Metrics: {'NDCG@1': 0.9953490306834472, 'NDCG@5': 0.9926592964890827, 'NDCG@10': 0.993324797034979, 'MAP': 1.0, 'MRR': 1.0}
ListMLE Epoch 56 | Metrics: {'NDCG@1': 0.9927652729438521, 'NDCG@5': 0.9926127316033637, 'NDCG@10': 0.9935133298017688, 'MAP': 1.0, 'MRR': 1.0}
ListMLE Epoch 57 | Metrics: {'NDCG@1': 0.9936156815350353, 'NDCG@5': 0.9921198538586093, 'NDCG@10': 0.9920242892943342, 'MAP': 1.0, 'MRR': 1.0}
ListMLE Epoch 58 | Metrics: {'NDCG@1': 0.9945019765662368, 'NDCG@5': 0.9936586972366859, 'NDCG@10': 0.9939580490709297, 'MAP': 1.0, 'MRR': 1.0}
ListMLE Epoch 59 | Metrics: {'NDCG@1': 0.9945019765662368, 'NDCG@5': 0.9936277843244578, 'NDCG@10': 0.9948208307200376, 'MAP': 1.0, 'MRR': 1.0}
ListMLE Epoch 60 | Metrics: {'NDCG@1': 0.9936156815350353, 'NDCG@5': 0.9924709382368891, 'NDCG@10': 0.9940627195959852, 'MAP': 1.0, 'MRR': 1.0}
ListMLE Epoch 61 | Metrics: {'NDCG@1': 0.9953490306834472, 'NDCG@5': 0.994237408191902, 'NDCG@10': 0.9951857455156361, 'MAP': 1.0, 'MRR': 1.0}
ListMLE Epoch 62 | Metrics: {'NDCG@1': 0.9953490306834472, 'NDCG@5': 0.9930709984166238, 'NDCG@10': 0.9943552529743588, 'MAP': 1.0, 'MRR': 1.0}
ListMLE Epoch 63 | Metrics: {'NDCG@1': 0.9945019765662368, 'NDCG@5': 0.9933592389168105, 'NDCG@10': 0.994765704958401, 'MAP': 1.0, 'MRR': 1.0}
ListMLE Epoch 64 | Metrics: {'NDCG@1': 0.9953490306834472, 'NDCG@5': 0.9938852866112482, 'NDCG@10': 0.994956318495346, 'MAP': 1.0, 'MRR': 1.0}
ListMLE Epoch 65 | Metrics: {'NDCG@1': 0.9945019765662368, 'NDCG@5': 0.9937979432667713, 'NDCG@10': 0.9949666469900683, 'MAP': 1.0, 'MRR': 1.0}
ListMLE Epoch 66 | Metrics: {'NDCG@1': 0.9962353257146487, 'NDCG@5': 0.9942089050969454, 'NDCG@10': 0.9949447889560071, 'MAP': 1.0, 'MRR': 1.0}
ListMLE Epoch 67 | Metrics: {'NDCG@1': 0.9970823798318589, 'NDCG@5': 0.9947568004825793, 'NDCG@10': 0.995475058149493, 'MAP': 1.0, 'MRR': 1.0}
ListMLE Epoch 68 | Metrics: {'NDCG@1': 0.9945019765662368, 'NDCG@5': 0.9939317250559082, 'NDCG@10': 0.9951183632307173, 'MAP': 1.0, 'MRR': 1.0}
ListMLE Epoch 69 | Metrics: {'NDCG@1': 0.9953490306834472, 'NDCG@5': 0.9945024778426692, 'NDCG@10': 0.9951706828643111, 'MAP': 1.0, 'MRR': 1.0}
ListMLE Epoch 70 | Metrics: {'NDCG@1': 0.9962353257146487, 'NDCG@5': 0.9945966006270596, 'NDCG@10': 0.9953844200216716, 'MAP': 1.0, 'MRR': 1.0}
ListMLE Epoch 71 | Metrics: {'NDCG@1': 0.9970823798318589, 'NDCG@5': 0.994729473748074, 'NDCG@10': 0.9956421830802122, 'MAP': 1.0, 'MRR': 1.0}
ListMLE Epoch 72 | Metrics: {'NDCG@1': 0.9970823798318589, 'NDCG@5': 0.9944367693401348, 'NDCG@10': 0.9955160271573267, 'MAP': 1.0, 'MRR': 1.0}
ListMLE Epoch 73 | Metrics: {'NDCG@1': 0.9945019765662368, 'NDCG@5': 0.9932841466238962, 'NDCG@10': 0.9946324926102343, 'MAP': 1.0, 'MRR': 1.0}
ListMLE Epoch 74 | Metrics: {'NDCG@1': 0.9962353257146487, 'NDCG@5': 0.9946680078149384, 'NDCG@10': 0.9954964479815089, 'MAP': 1.0, 'MRR': 1.0}
ListMLE Epoch 75 | Metrics: {'NDCG@1': 0.9962353257146487, 'NDCG@5': 0.9947024011725352, 'NDCG@10': 0.9956555474405409, 'MAP': 1.0, 'MRR': 1.0}
ListMLE Epoch 76 | Metrics: {'NDCG@1': 0.9962353257146487, 'NDCG@5': 0.9946768208126737, 'NDCG@10': 0.9958081844427613, 'MAP': 1.0, 'MRR': 1.0}
ListMLE Epoch 77 | Metrics: {'NDCG@1': 0.9970823798318589, 'NDCG@5': 0.9945783365343036, 'NDCG@10': 0.9953462227742748, 'MAP': 1.0, 'MRR': 1.0}
ListMLE Epoch 78 | Metrics: {'NDCG@1': 0.9962353257146487, 'NDCG@5': 0.9944881965030702, 'NDCG@10': 0.9955663410561467, 'MAP': 1.0, 'MRR': 1.0}
ListMLE Epoch 79 | Metrics: {'NDCG@1': 0.9970823798318589, 'NDCG@5': 0.9948637030098894, 'NDCG@10': 0.9955948733131389, 'MAP': 1.0, 'MRR': 1.0}
ListMLE Epoch 80 | Metrics: {'NDCG@1': 0.9945019765662368, 'NDCG@5': 0.994335803669002, 'NDCG@10': 0.9954457083979882, 'MAP': 1.0, 'MRR': 1.0}
ListMLE Epoch 81 | Metrics: {'NDCG@1': 0.9962353257146487, 'NDCG@5': 0.9946462720420673, 'NDCG@10': 0.9956712454074411, 'MAP': 1.0, 'MRR': 1.0}
ListMLE Epoch 82 | Metrics: {'NDCG@1': 0.9945019765662368, 'NDCG@5': 0.9940519690420639, 'NDCG@10': 0.995446996156382, 'MAP': 1.0, 'MRR': 1.0}
ListMLE Epoch 83 | Metrics: {'NDCG@1': 0.9962353257146487, 'NDCG@5': 0.9947559215347141, 'NDCG@10': 0.9960506114619201, 'MAP': 1.0, 'MRR': 1.0}
ListMLE Epoch 84 | Metrics: {'NDCG@1': 0.9956495912778257, 'NDCG@5': 0.9944041996492817, 'NDCG@10': 0.9960095733636918, 'MAP': 1.0, 'MRR': 1.0}
ListMLE Epoch 85 | Metrics: {'NDCG@1': 0.9970823798318589, 'NDCG@5': 0.995019735604433, 'NDCG@10': 0.9959622915794196, 'MAP': 1.0, 'MRR': 1.0}
ListMLE Epoch 86 | Metrics: {'NDCG@1': 0.9970823798318589, 'NDCG@5': 0.9951060832057684, 'NDCG@10': 0.9961181730131883, 'MAP': 1.0, 'MRR': 1.0}
ListMLE Epoch 87 | Metrics: {'NDCG@1': 0.9970823798318589, 'NDCG@5': 0.9950087193708135, 'NDCG@10': 0.9964078701291385, 'MAP': 1.0, 'MRR': 1.0}
ListMLE Epoch 88 | Metrics: {'NDCG@1': 0.9970823798318589, 'NDCG@5': 0.9944348937495932, 'NDCG@10': 0.995865098001519, 'MAP': 1.0, 'MRR': 1.0}
ListMLE Epoch 89 | Metrics: {'NDCG@1': 0.9970823798318589, 'NDCG@5': 0.9940891234501544, 'NDCG@10': 0.9957400144490287, 'MAP': 1.0, 'MRR': 1.0}
ListMLE Epoch 90 | Metrics: {'NDCG@1': 0.9970823798318589, 'NDCG@5': 0.9944537211416897, 'NDCG@10': 0.9964649224501888, 'MAP': 1.0, 'MRR': 1.0}
ListMLE Epoch 91 | Metrics: {'NDCG@1': 0.9970823798318589, 'NDCG@5': 0.9948329117151382, 'NDCG@10': 0.996717730959499, 'MAP': 1.0, 'MRR': 1.0}
ListMLE Epoch 92 | Metrics: {'NDCG@1': 0.9962353257146487, 'NDCG@5': 0.9947577281438065, 'NDCG@10': 0.9963633914118477, 'MAP': 1.0, 'MRR': 1.0}
ListMLE Epoch 93 | Metrics: {'NDCG@1': 0.9970823798318589, 'NDCG@5': 0.9941219970677317, 'NDCG@10': 0.9956799895645481, 'MAP': 1.0, 'MRR': 1.0}
ListMLE Epoch 94 | Metrics: {'NDCG@1': 0.9953490306834472, 'NDCG@5': 0.9936355545402685, 'NDCG@10': 0.9956102401890864, 'MAP': 1.0, 'MRR': 1.0}
ListMLE Epoch 95 | Metrics: {'NDCG@1': 0.9953490306834472, 'NDCG@5': 0.9945694773933242, 'NDCG@10': 0.9958628215179726, 'MAP': 1.0, 'MRR': 1.0}
ListMLE Epoch 96 | Metrics: {'NDCG@1': 0.9953490306834472, 'NDCG@5': 0.993670875611002, 'NDCG@10': 0.9955692170544772, 'MAP': 1.0, 'MRR': 1.0}
ListMLE Epoch 97 | Metrics: {'NDCG@1': 0.9970823798318589, 'NDCG@5': 0.9953413806590722, 'NDCG@10': 0.9959259124109933, 'MAP': 1.0, 'MRR': 1.0}
ListMLE Epoch 98 | Metrics: {'NDCG@1': 0.9953490306834472, 'NDCG@5': 0.994236546683449, 'NDCG@10': 0.9951218931857979, 'MAP': 1.0, 'MRR': 1.0}
ListMLE Epoch 99 | Metrics: {'NDCG@1': 0.9970823798318589, 'NDCG@5': 0.9956624460987071, 'NDCG@10': 0.9964054660371383, 'MAP': 1.0, 'MRR': 1.0}
ListMLE Epoch 100 | Metrics: {'NDCG@1': 0.9970823798318589, 'NDCG@5': 0.9960892747434856, 'NDCG@10': 0.996740573765899, 'MAP': 1.0, 'MRR': 1.0}
ListMLE Epoch 101 | Metrics: {'NDCG@1': 0.9962353257146487, 'NDCG@5': 0.995681989071803, 'NDCG@10': 0.9964432521566159, 'MAP': 1.0, 'MRR': 1.0}
ListMLE Epoch 102 | Metrics: {'NDCG@1': 0.9970823798318589, 'NDCG@5': 0.9953749582019255, 'NDCG@10': 0.9960435228198867, 'MAP': 1.0, 'MRR': 1.0}
ListMLE Epoch 103 | Metrics: {'NDCG@1': 0.9970823798318589, 'NDCG@5': 0.9962263755829549, 'NDCG@10': 0.9968201493555235, 'MAP': 1.0, 'MRR': 1.0}
ListMLE Epoch 104 | Metrics: {'NDCG@1': 0.9962353257146487, 'NDCG@5': 0.9949423507026406, 'NDCG@10': 0.9958672444472187, 'MAP': 1.0, 'MRR': 1.0}
ListMLE Epoch 105 | Metrics: {'NDCG@1': 0.9970823798318589, 'NDCG@5': 0.9955039583738394, 'NDCG@10': 0.9958977494940224, 'MAP': 1.0, 'MRR': 1.0}
ListMLE Epoch 106 | Metrics: {'NDCG@1': 0.9970823798318589, 'NDCG@5': 0.9951066039300913, 'NDCG@10': 0.9961327442280108, 'MAP': 1.0, 'MRR': 1.0}
ListMLE Epoch 107 | Metrics: {'NDCG@1': 0.9970823798318589, 'NDCG@5': 0.9961526531209698, 'NDCG@10': 0.9968033048239596, 'MAP': 1.0, 'MRR': 1.0}
ListMLE Epoch 108 | Metrics: {'NDCG@1': 0.9970823798318589, 'NDCG@5': 0.995963153980042, 'NDCG@10': 0.9969235640551076, 'MAP': 1.0, 'MRR': 1.0}
ListMLE Epoch 109 | Metrics: {'NDCG@1': 0.9956495912778257, 'NDCG@5': 0.9964045217776979, 'NDCG@10': 0.996759523215574, 'MAP': 1.0, 'MRR': 1.0}
ListMLE Epoch 110 | Metrics: {'NDCG@1': 0.9970823798318589, 'NDCG@5': 0.9968085317453962, 'NDCG@10': 0.9971489616535509, 'MAP': 1.0, 'MRR': 1.0}
ListMLE Epoch 111 | Metrics: {'NDCG@1': 0.9970823798318589, 'NDCG@5': 0.9965432285430381, 'NDCG@10': 0.9965774352742078, 'MAP': 1.0, 'MRR': 1.0}
ListMLE Epoch 112 | Metrics: {'NDCG@1': 0.9970823798318589, 'NDCG@5': 0.9962197544727713, 'NDCG@10': 0.9964333610323661, 'MAP': 1.0, 'MRR': 1.0}
ListMLE Epoch 113 | Metrics: {'NDCG@1': 0.9970823798318589, 'NDCG@5': 0.996774222113816, 'NDCG@10': 0.9971326888669145, 'MAP': 1.0, 'MRR': 1.0}
ListMLE Epoch 114 | Metrics: {'NDCG@1': 0.9970823798318589, 'NDCG@5': 0.9968015138724354, 'NDCG@10': 0.9970091196216342, 'MAP': 1.0, 'MRR': 1.0}
ListMLE Epoch 115 | Metrics: {'NDCG@1': 0.9970823798318589, 'NDCG@5': 0.9968089825371792, 'NDCG@10': 0.9968338961725149, 'MAP': 1.0, 'MRR': 1.0}
ListMLE Epoch 116 | Metrics: {'NDCG@1': 0.9970823798318589, 'NDCG@5': 0.9968501354116917, 'NDCG@10': 0.9970822850083534, 'MAP': 1.0, 'MRR': 1.0}
ListMLE Epoch 117 | Metrics: {'NDCG@1': 0.9970823798318589, 'NDCG@5': 0.996924596712288, 'NDCG@10': 0.9969323313309736, 'MAP': 1.0, 'MRR': 1.0}
ListMLE Epoch 118 | Metrics: {'NDCG@1': 0.9953490306834472, 'NDCG@5': 0.9952285080366492, 'NDCG@10': 0.9958798831636143, 'MAP': 1.0, 'MRR': 1.0}
ListMLE Epoch 119 | Metrics: {'NDCG@1': 0.9970823798318589, 'NDCG@5': 0.9970806985239096, 'NDCG@10': 0.9970707615925617, 'MAP': 1.0, 'MRR': 1.0}
ListMLE Epoch 120 | Metrics: {'NDCG@1': 0.9970823798318589, 'NDCG@5': 0.9970427614708318, 'NDCG@10': 0.9972270170967337, 'MAP': 1.0, 'MRR': 1.0}
ListMLE Epoch 121 | Metrics: {'NDCG@1': 0.9970823798318589, 'NDCG@5': 0.9972078840618377, 'NDCG@10': 0.9970602854796817, 'MAP': 1.0, 'MRR': 1.0}
ListMLE Epoch 122 | Metrics: {'NDCG@1': 0.9970823798318589, 'NDCG@5': 0.996858393887203, 'NDCG@10': 0.9969883940687496, 'MAP': 1.0, 'MRR': 1.0}
ListMLE Epoch 123 | Metrics: {'NDCG@1': 0.9970823798318589, 'NDCG@5': 0.9970288481447636, 'NDCG@10': 0.9968206713566252, 'MAP': 1.0, 'MRR': 1.0}
ListMLE Epoch 124 | Metrics: {'NDCG@1': 0.9953490306834472, 'NDCG@5': 0.9964321561722472, 'NDCG@10': 0.9965192735410052, 'MAP': 1.0, 'MRR': 1.0}
ListMLE Epoch 125 | Metrics: {'NDCG@1': 0.9970823798318589, 'NDCG@5': 0.9974404150707106, 'NDCG@10': 0.9973142231531174, 'MAP': 1.0, 'MRR': 1.0}
ListMLE Epoch 126 | Metrics: {'NDCG@1': 0.9970823798318589, 'NDCG@5': 0.997229072935909, 'NDCG@10': 0.9970736575712862, 'MAP': 1.0, 'MRR': 1.0}
ListMLE Epoch 127 | Metrics: {'NDCG@1': 0.9970823798318589, 'NDCG@5': 0.9972379261434894, 'NDCG@10': 0.9972409677858824, 'MAP': 1.0, 'MRR': 1.0}
ListMLE Epoch 128 | Metrics: {'NDCG@1': 0.9970823798318589, 'NDCG@5': 0.9974180952966255, 'NDCG@10': 0.9969657142009878, 'MAP': 1.0, 'MRR': 1.0}
ListMLE Epoch 129 | Metrics: {'NDCG@1': 0.9970823798318589, 'NDCG@5': 0.9974218396633491, 'NDCG@10': 0.9974130794453538, 'MAP': 1.0, 'MRR': 1.0}
ListMLE Epoch 130 | Metrics: {'NDCG@1': 0.9970823798318589, 'NDCG@5': 0.9965619545668138, 'NDCG@10': 0.996413091118861, 'MAP': 1.0, 'MRR': 1.0}
ListMLE Epoch 131 | Metrics: {'NDCG@1': 0.9970823798318589, 'NDCG@5': 0.9973643603902056, 'NDCG@10': 0.9973273983827541, 'MAP': 1.0, 'MRR': 1.0}
ListMLE Epoch 132 | Metrics: {'NDCG@1': 1.0, 'NDCG@5': 0.9982514862842236, 'NDCG@10': 0.9980402304206009, 'MAP': 1.0, 'MRR': 1.0}
ListMLE Epoch 133 | Metrics: {'NDCG@1': 1.0, 'NDCG@5': 0.9982318170253527, 'NDCG@10': 0.9981856327262636, 'MAP': 1.0, 'MRR': 1.0}
ListMLE Epoch 134 | Metrics: {'NDCG@1': 1.0, 'NDCG@5': 0.9980523117254836, 'NDCG@10': 0.9982546618584713, 'MAP': 1.0, 'MRR': 1.0}
ListMLE Epoch 135 | Metrics: {'NDCG@1': 1.0, 'NDCG@5': 0.9982018833227367, 'NDCG@10': 0.9983459117693095, 'MAP': 1.0, 'MRR': 1.0}
ListMLE Epoch 136 | Metrics: {'NDCG@1': 0.9985672114459667, 'NDCG@5': 0.997653932791797, 'NDCG@10': 0.9980776082947854, 'MAP': 1.0, 'MRR': 1.0}
ListMLE Epoch 137 | Metrics: {'NDCG@1': 1.0, 'NDCG@5': 0.998339967929912, 'NDCG@10': 0.9983067415854421, 'MAP': 1.0, 'MRR': 1.0}
ListMLE Epoch 138 | Metrics: {'NDCG@1': 1.0, 'NDCG@5': 0.9982636561182744, 'NDCG@10': 0.9982461222966306, 'MAP': 1.0, 'MRR': 1.0}
ListMLE Epoch 139 | Metrics: {'NDCG@1': 1.0, 'NDCG@5': 0.9981237217664314, 'NDCG@10': 0.9984539779021967, 'MAP': 1.0, 'MRR': 1.0}
ListMLE Epoch 140 | Metrics: {'NDCG@1': 0.999414265563177, 'NDCG@5': 0.9982505282000759, 'NDCG@10': 0.9983337033973373, 'MAP': 1.0, 'MRR': 1.0}
ListMLE Epoch 141 | Metrics: {'NDCG@1': 0.999414265563177, 'NDCG@5': 0.9981535864688013, 'NDCG@10': 0.9983250137924887, 'MAP': 1.0, 'MRR': 1.0}
ListMLE Epoch 142 | Metrics: {'NDCG@1': 1.0, 'NDCG@5': 0.9982739731620911, 'NDCG@10': 0.9984832474652965, 'MAP': 1.0, 'MRR': 1.0}
ListMLE Epoch 143 | Metrics: {'NDCG@1': 0.999414265563177, 'NDCG@5': 0.9978295823514545, 'NDCG@10': 0.9983007776623785, 'MAP': 1.0, 'MRR': 1.0}
ListMLE Epoch 144 | Metrics: {'NDCG@1': 0.999414265563177, 'NDCG@5': 0.9977089920183859, 'NDCG@10': 0.9980586556867226, 'MAP': 1.0, 'MRR': 1.0}
ListMLE Epoch 145 | Metrics: {'NDCG@1': 1.0, 'NDCG@5': 0.9982845834671348, 'NDCG@10': 0.9982738324420117, 'MAP': 1.0, 'MRR': 1.0}
ListMLE Epoch 146 | Metrics: {'NDCG@1': 1.0, 'NDCG@5': 0.9982304141644971, 'NDCG@10': 0.9985114297216258, 'MAP': 1.0, 'MRR': 1.0}
ListMLE Epoch 147 | Metrics: {'NDCG@1': 1.0, 'NDCG@5': 0.9981421831826954, 'NDCG@10': 0.9984202786658386, 'MAP': 1.0, 'MRR': 1.0}
ListMLE Epoch 148 | Metrics: {'NDCG@1': 0.999414265563177, 'NDCG@5': 0.9978735694465329, 'NDCG@10': 0.998202515322255, 'MAP': 1.0, 'MRR': 1.0}
ListMLE Epoch 149 | Metrics: {'NDCG@1': 1.0, 'NDCG@5': 0.9981844940981099, 'NDCG@10': 0.9984306795322283, 'MAP': 1.0, 'MRR': 1.0}

[피처 중요도 로그] /home/sghan/LTR-algorithm/severity/feature_importance_train_severity_l2r_listmle_train_score_relevance_0_3.log

[검증] L2R 점수→CVSS 매핑 MAE(참고): 1.0764

[검증] Validation (CVSS)

=== Validation (CVSS 수치) ===
MAE: 1.0764
RMSE: 1.1046
Pearson r (y_true, y_pred): 0.9943

[Train] CVSS 예측 vs 정답

=== Train (L2R score→CVSS) (CVSS 수치) ===
MAE: 1.0900
RMSE: 1.1170
Pearson r (y_true, y_pred): 0.9938

[CVSS] train L2R 점수 min/max: -6.537765 / 73.741478 (train CVSS 범위로 선형 매핑)

[Test] CVSS 예측 vs 정답

=== Test (mode=train_score_relevance_0_3) (CVSS 수치) ===
MAE: 1.1628
RMSE: 1.2254
Pearson r (y_true, y_pred): 0.9391

저장: severity/CVE_summary_separate/cve-datasets/cve_with_meaning70_l2r_listmle_train_score_relevance_0_3.csv

=== 소요 시간 ===
CSV 로드·train/val/test 분할: 0.837 s
전처리(인코딩·스케일) + 학습(train∪val L2R): 1456.718 s
추론·경계·Train·Val·Test 평가·저장(전수): 0.366 s
  └ Test severity 정답 비교(report_metrics)만: 0.000 s
전체: 1457.932 s

=== 랭킹 지표 MRR (L2R/metrics, relevance=CVSS 수치) ===
Validation MRR: 1.000000
Test MRR:       1.000000
