# train_severity_l2r_rank 2026-03-30T21:44:57.932982
# model=listnet test_mode=train_score_relevance_0_3 csv=severity/CVE_summary_separate/cve-datasets/cve_with_meaning70.csv
# config=/home/sghan/LTR-algorithm/severity/experiment_config.yaml

[로그 파일] /home/sghan/LTR-algorithm/severity/experiment_logs/all_20260330_214454/logs/l2r_listnet_train_score_relevance_0_3.log
[[ 5.      0.     -1.1232 -0.2859 -0.4048 -0.4294 -0.4028 -0.3939 -0.3819 -0.3086 -0.3087 -0.3104 -0.3066 -0.2778 -0.3069 -0.3074 -0.3048 -0.141  -0.2267 -0.2223 -0.292  -0.2186 -0.2439 -0.2375
  -0.1655 -0.2792 -0.1645 -0.2836 -0.2775 -0.1003 -0.1586 -0.2229 -0.2076 -0.191  -0.2113 -0.2164 -0.2154 -0.2131 -0.1907 -0.2554 -0.1859 -0.1639 -0.1722 -0.2022 -0.2015 -0.2024 -0.2159 -0.1078
  -0.1348 -0.1959 -0.1045 -0.1683 -0.131  -0.1583 -0.1597 -0.1793 -0.1657 -0.1447 -0.18   -0.1944 -0.13   -0.1296 -0.1861 -0.1174 -0.1816 -0.1538 -0.1441 -0.1347 -0.1287 -0.1412 -0.2019 -0.1842
  -0.1578 -0.5867 -0.3699 -0.7797  0.3774  1.0478  0.9286  0.8101]
 [ 5.      0.     -1.1232 -0.2859 -0.4048 -0.4294 -0.4028 -0.3939 -0.3819 -0.3086 -0.3087 -0.3104 -0.3066 -0.2778 -0.3069 -0.3074 -0.3048 -0.141  -0.2267 -0.2223 -0.292  -0.2186 -0.2439 -0.2375
  -0.1655 -0.2792 -0.1645 -0.2836 -0.2775 -0.1003 -0.1586 -0.2229 -0.2076 -0.191  -0.2113 -0.2164 -0.2154 -0.2131 -0.1907 -0.2554 -0.1859 -0.1639 -0.1722 -0.2022 -0.2015 -0.2024 -0.2159 -0.1078
  -0.1348 -0.1959 -0.1045 -0.1683 -0.131  -0.1583 -0.1597 -0.1793 -0.1657 -0.1447 -0.18   -0.1944 -0.13   -0.1296 -0.1861 -0.1174 -0.1816 -0.1538 -0.1441 -0.1347 -0.1287 -0.1412 -0.2019 -0.1842
  -0.1578 -0.5867 -0.3699 -0.7797  0.3774  1.0478  0.9286  0.8101]
 [ 5.      0.     -0.4009 -0.2859 -0.4048 -0.4294 -0.4028 -0.3939 -0.3819 -0.3086 -0.3087 -0.3104 -0.3066 -0.2778 -0.3069 -0.3074 -0.3048 -0.141  -0.2267 -0.2223 -0.292  -0.2186 -0.2439 -0.2375
  -0.1655 -0.2792 -0.1645 -0.2836 -0.2775 -0.1003 -0.1586 -0.2229 -0.2076  3.7522 -0.2113 -0.2164 -0.2154 -0.2131 -0.1907 -0.2554 -0.1859 -0.1639 -0.1722 -0.2022 -0.2015 -0.2024 -0.2159 -0.1078
  -0.1348 -0.1959 -0.1045 -0.1683 -0.131  -0.1583 -0.1597 -0.1793 -0.1657 -0.1447 -0.18   -0.1944 -0.13   -0.1296 -0.1861 -0.1174 -0.1816 -0.1538 -0.1441 -0.1347 -0.1287 -0.1412 -0.2019 -0.1842
  -0.1578 -0.0048 -0.3699 -0.7797  0.3774  1.0478  0.9286  0.8101]
 [ 5.      0.      1.6421 -0.2859 -0.4048 -0.4294 -0.4028 -0.3939 -0.3819 -0.3086 -0.3087 -0.3104 -0.3066 -0.2778 -0.3069 -0.3074 -0.3048 -0.141  -0.2267 -0.2223 -0.292  -0.2186 -0.2439 -0.2375
  -0.1655 -0.2792 -0.1645 -0.2836 -0.2775 -0.1003 -0.1586 -0.2229 -0.2076 -0.191  -0.2113 -0.2164 -0.2154 -0.2131 -0.1907 -0.2554 -0.1859 -0.1639 -0.1722 -0.2022 -0.2015 -0.2024 -0.2159 -0.1078
  -0.1348 -0.1959 -0.1045 -0.1683 -0.131  -0.1583 -0.1597 -0.1793 -0.1657 -0.1447 -0.18   -0.1944 -0.13   -0.1296 -0.1861 -0.1174 -0.1816 -0.1538 -0.1441 -0.1347 -0.1287 -0.1412 -0.2019 -0.1842
  -0.1578  1.6512 -0.3699 -0.7797  0.3774  1.0478  0.9286  0.8101]]
ListNet Epoch 0 | Metrics: {'NDCG@1': 0.9356226527165353, 'NDCG@5': 0.949899697506538, 'NDCG@10': 0.957427540993049, 'MAP': 1.0, 'MRR': 1.0}
ListNet Epoch 1 | Metrics: {'NDCG@1': 0.9773506789826371, 'NDCG@5': 0.9741355571541718, 'NDCG@10': 0.9757684592794214, 'MAP': 1.0, 'MRR': 1.0}
ListNet Epoch 2 | Metrics: {'NDCG@1': 0.9796487344523193, 'NDCG@5': 0.9780583286341635, 'NDCG@10': 0.9794118091862458, 'MAP': 1.0, 'MRR': 1.0}
ListNet Epoch 3 | Metrics: {'NDCG@1': 0.9663039321509354, 'NDCG@5': 0.9740047207942018, 'NDCG@10': 0.9785567027509309, 'MAP': 1.0, 'MRR': 1.0}
ListNet Epoch 4 | Metrics: {'NDCG@1': 0.9861268915485629, 'NDCG@5': 0.9832336077102062, 'NDCG@10': 0.9840418045290527, 'MAP': 1.0, 'MRR': 1.0}
ListNet Epoch 5 | Metrics: {'NDCG@1': 0.9862394053317877, 'NDCG@5': 0.9846053924174729, 'NDCG@10': 0.9866032113588582, 'MAP': 1.0, 'MRR': 1.0}
ListNet Epoch 6 | Metrics: {'NDCG@1': 0.9886066255639075, 'NDCG@5': 0.9869886876378555, 'NDCG@10': 0.9881209192520743, 'MAP': 1.0, 'MRR': 1.0}
ListNet Epoch 7 | Metrics: {'NDCG@1': 0.9659750630284761, 'NDCG@5': 0.9803387108822462, 'NDCG@10': 0.9844647476489639, 'MAP': 1.0, 'MRR': 1.0}
ListNet Epoch 8 | Metrics: {'NDCG@1': 0.9865114405772123, 'NDCG@5': 0.985075501751298, 'NDCG@10': 0.9872079800944566, 'MAP': 1.0, 'MRR': 1.0}
ListNet Epoch 9 | Metrics: {'NDCG@1': 0.9754335976236224, 'NDCG@5': 0.9840937892513425, 'NDCG@10': 0.9873660324048059, 'MAP': 1.0, 'MRR': 1.0}
ListNet Epoch 10 | Metrics: {'NDCG@1': 0.9941987604660496, 'NDCG@5': 0.9918994157476677, 'NDCG@10': 0.9931437319355139, 'MAP': 1.0, 'MRR': 1.0}
ListNet Epoch 11 | Metrics: {'NDCG@1': 0.9962693265169805, 'NDCG@5': 0.9916950118884177, 'NDCG@10': 0.9930186469284761, 'MAP': 1.0, 'MRR': 1.0}
ListNet Epoch 12 | Metrics: {'NDCG@1': 0.9907342510303214, 'NDCG@5': 0.994422791922178, 'NDCG@10': 0.9945756896148508, 'MAP': 1.0, 'MRR': 1.0}
ListNet Epoch 13 | Metrics: {'NDCG@1': 0.995080932581316, 'NDCG@5': 0.9925423517692814, 'NDCG@10': 0.993948037176243, 'MAP': 1.0, 'MRR': 1.0}
ListNet Epoch 14 | Metrics: {'NDCG@1': 0.9950800174316551, 'NDCG@5': 0.992849642674367, 'NDCG@10': 0.9936086457039941, 'MAP': 1.0, 'MRR': 1.0}
ListNet Epoch 15 | Metrics: {'NDCG@1': 0.9930650650962684, 'NDCG@5': 0.9935715931117166, 'NDCG@10': 0.9940416248929673, 'MAP': 1.0, 'MRR': 1.0}
ListNet Epoch 16 | Metrics: {'NDCG@1': 0.9925737725927308, 'NDCG@5': 0.9928288696382667, 'NDCG@10': 0.9936088378160095, 'MAP': 1.0, 'MRR': 1.0}
ListNet Epoch 17 | Metrics: {'NDCG@1': 0.9962704437127049, 'NDCG@5': 0.995862454746901, 'NDCG@10': 0.9960833950286019, 'MAP': 1.0, 'MRR': 1.0}
ListNet Epoch 18 | Metrics: {'NDCG@1': 0.9945898672765974, 'NDCG@5': 0.991588662236928, 'NDCG@10': 0.9920631012876705, 'MAP': 1.0, 'MRR': 1.0}
ListNet Epoch 19 | Metrics: {'NDCG@1': 0.9947779185271921, 'NDCG@5': 0.9937662404913412, 'NDCG@10': 0.9946270812227405, 'MAP': 1.0, 'MRR': 1.0}
ListNet Epoch 20 | Metrics: {'NDCG@1': 0.9951348224893448, 'NDCG@5': 0.9957820290812521, 'NDCG@10': 0.9959559687963307, 'MAP': 1.0, 'MRR': 1.0}
ListNet Epoch 21 | Metrics: {'NDCG@1': 0.9938958367223908, 'NDCG@5': 0.9949795178577546, 'NDCG@10': 0.9956294166066477, 'MAP': 1.0, 'MRR': 1.0}
ListNet Epoch 22 | Metrics: {'NDCG@1': 0.9973583217928141, 'NDCG@5': 0.9966424561346765, 'NDCG@10': 0.9965697955730035, 'MAP': 1.0, 'MRR': 1.0}
ListNet Epoch 23 | Metrics: {'NDCG@1': 0.9976613358469381, 'NDCG@5': 0.995631119655847, 'NDCG@10': 0.9959569786121116, 'MAP': 1.0, 'MRR': 1.0}
ListNet Epoch 24 | Metrics: {'NDCG@1': 0.9928001747604116, 'NDCG@5': 0.9923745503470276, 'NDCG@10': 0.992879966986048, 'MAP': 1.0, 'MRR': 1.0}
ListNet Epoch 25 | Metrics: {'NDCG@1': 0.9954278471610788, 'NDCG@5': 0.9952093326914854, 'NDCG@10': 0.9956275616857647, 'MAP': 1.0, 'MRR': 1.0}
ListNet Epoch 26 | Metrics: {'NDCG@1': 0.9923009103726075, 'NDCG@5': 0.9952911357365478, 'NDCG@10': 0.995141166719276, 'MAP': 1.0, 'MRR': 1.0}
ListNet Epoch 27 | Metrics: {'NDCG@1': 0.9973583217928141, 'NDCG@5': 0.9949143690137221, 'NDCG@10': 0.9956207458768721, 'MAP': 1.0, 'MRR': 1.0}
ListNet Epoch 28 | Metrics: {'NDCG@1': 0.9973583217928141, 'NDCG@5': 0.9959208913935428, 'NDCG@10': 0.9959726164562992, 'MAP': 1.0, 'MRR': 1.0}
ListNet Epoch 29 | Metrics: {'NDCG@1': 0.9956249726444023, 'NDCG@5': 0.9951227638013026, 'NDCG@10': 0.9954067106204717, 'MAP': 1.0, 'MRR': 1.0}
ListNet Epoch 30 | Metrics: {'NDCG@1': 0.9976615378930015, 'NDCG@5': 0.9972399090055586, 'NDCG@10': 0.997352762536884, 'MAP': 1.0, 'MRR': 1.0}
ListNet Epoch 31 | Metrics: {'NDCG@1': 0.9990916709412261, 'NDCG@5': 0.9967923202844333, 'NDCG@10': 0.997398382441773, 'MAP': 1.0, 'MRR': 1.0}
ListNet Epoch 32 | Metrics: {'NDCG@1': 0.9970758034561784, 'NDCG@5': 0.9958625006751826, 'NDCG@10': 0.9964260529431763, 'MAP': 1.0, 'MRR': 1.0}
ListNet Epoch 33 | Metrics: {'NDCG@1': 0.996511267675604, 'NDCG@5': 0.9956872595432819, 'NDCG@10': 0.9960261958945452, 'MAP': 1.0, 'MRR': 1.0}
ListNet Epoch 34 | Metrics: {'NDCG@1': 0.9895983416466891, 'NDCG@5': 0.994202319264407, 'NDCG@10': 0.9951911294111304, 'MAP': 1.0, 'MRR': 1.0}
ListNet Epoch 35 | Metrics: {'NDCG@1': 0.9956642135583937, 'NDCG@5': 0.9935592819660353, 'NDCG@10': 0.9946472015675715, 'MAP': 1.0, 'MRR': 1.0}
ListNet Epoch 36 | Metrics: {'NDCG@1': 0.9973583217928141, 'NDCG@5': 0.9958242553733253, 'NDCG@10': 0.9960103434446941, 'MAP': 1.0, 'MRR': 1.0}
ListNet Epoch 37 | Metrics: {'NDCG@1': 0.9976615378930015, 'NDCG@5': 0.9962666886131428, 'NDCG@10': 0.9962139823967349, 'MAP': 1.0, 'MRR': 1.0}
ListNet Epoch 38 | Metrics: {'NDCG@1': 0.9959281887445895, 'NDCG@5': 0.997002511911724, 'NDCG@10': 0.9974259674185576, 'MAP': 1.0, 'MRR': 1.0}
ListNet Epoch 39 | Metrics: {'NDCG@1': 0.996511267675604, 'NDCG@5': 0.9956668057428764, 'NDCG@10': 0.9964777254916849, 'MAP': 1.0, 'MRR': 1.0}
ListNet Epoch 40 | Metrics: {'NDCG@1': 0.9976613358469381, 'NDCG@5': 0.9956804573013326, 'NDCG@10': 0.9953286627373241, 'MAP': 1.0, 'MRR': 1.0}
ListNet Epoch 41 | Metrics: {'NDCG@1': 0.996814281729728, 'NDCG@5': 0.9947285106863645, 'NDCG@10': 0.9951466078854908, 'MAP': 1.0, 'MRR': 1.0}
ListNet Epoch 42 | Metrics: {'NDCG@1': 0.9970758034561784, 'NDCG@5': 0.9969361379004744, 'NDCG@10': 0.9969984809814121, 'MAP': 1.0, 'MRR': 1.0}
ListNet Epoch 43 | Metrics: {'NDCG@1': 0.9993948870414133, 'NDCG@5': 0.9989408176919051, 'NDCG@10': 0.999033666475091, 'MAP': 1.0, 'MRR': 1.0}
ListNet Epoch 44 | Metrics: {'NDCG@1': 0.9979645519471254, 'NDCG@5': 0.9963963191246766, 'NDCG@10': 0.9961720957259357, 'MAP': 1.0, 'MRR': 1.0}
ListNet Epoch 45 | Metrics: {'NDCG@1': 0.9954353830837234, 'NDCG@5': 0.9963648028606671, 'NDCG@10': 0.9965518417506121, 'MAP': 1.0, 'MRR': 1.0}
ListNet Epoch 46 | Metrics: {'NDCG@1': 0.9993948870414133, 'NDCG@5': 0.998174264261798, 'NDCG@10': 0.9984187733483646, 'MAP': 1.0, 'MRR': 1.0}
ListNet Epoch 47 | Metrics: {'NDCG@1': 0.9967725873559912, 'NDCG@5': 0.9965692420499265, 'NDCG@10': 0.9973502275600424, 'MAP': 1.0, 'MRR': 1.0}
ListNet Epoch 48 | Metrics: {'NDCG@1': 0.9921582743475788, 'NDCG@5': 0.993671275304297, 'NDCG@10': 0.9951274879994106, 'MAP': 1.0, 'MRR': 1.0}
ListNet Epoch 49 | Metrics: {'NDCG@1': 0.99939468499535, 'NDCG@5': 0.9980058215759748, 'NDCG@10': 0.9985623387481767, 'MAP': 1.0, 'MRR': 1.0}
ListNet Epoch 50 | Metrics: {'NDCG@1': 0.9968118134227205, 'NDCG@5': 0.9959030509052166, 'NDCG@10': 0.9961209877966567, 'MAP': 1.0, 'MRR': 1.0}
ListNet Epoch 51 | Metrics: {'NDCG@1': 0.9985451625711325, 'NDCG@5': 0.9983820588750126, 'NDCG@10': 0.9983471405622267, 'MAP': 1.0, 'MRR': 1.0}
ListNet Epoch 52 | Metrics: {'NDCG@1': 0.9976613358469381, 'NDCG@5': 0.9964633969420343, 'NDCG@10': 0.9967783170602623, 'MAP': 1.0, 'MRR': 1.0}
ListNet Epoch 53 | Metrics: {'NDCG@1': 0.9993948870414133, 'NDCG@5': 0.9986914398983932, 'NDCG@10': 0.9985103533359484, 'MAP': 1.0, 'MRR': 1.0}
ListNet Epoch 54 | Metrics: {'NDCG@1': 0.9973583217928141, 'NDCG@5': 0.9972674198524211, 'NDCG@10': 0.9972808794651129, 'MAP': 1.0, 'MRR': 1.0}
ListNet Epoch 55 | Metrics: {'NDCG@1': 0.999112166658714, 'NDCG@5': 0.9988591101593025, 'NDCG@10': 0.9990440332739701, 'MAP': 1.0, 'MRR': 1.0}
ListNet Epoch 56 | Metrics: {'NDCG@1': 0.9970758034561784, 'NDCG@5': 0.9975264383208068, 'NDCG@10': 0.9977244927223218, 'MAP': 1.0, 'MRR': 1.0}
ListNet Epoch 57 | Metrics: {'NDCG@1': 0.9993948870414133, 'NDCG@5': 0.9994645737505539, 'NDCG@10': 0.9994332560361656, 'MAP': 1.0, 'MRR': 1.0}
ListNet Epoch 58 | Metrics: {'NDCG@1': 0.9976615378930015, 'NDCG@5': 0.9973955242725688, 'NDCG@10': 0.9975531829512698, 'MAP': 1.0, 'MRR': 1.0}
ListNet Epoch 59 | Metrics: {'NDCG@1': 0.9993948870414133, 'NDCG@5': 0.9989031779394293, 'NDCG@10': 0.998749508469847, 'MAP': 1.0, 'MRR': 1.0}
ListNet Epoch 60 | Metrics: {'NDCG@1': 0.9996979010955372, 'NDCG@5': 0.9992490894193895, 'NDCG@10': 0.9991869574954965, 'MAP': 1.0, 'MRR': 1.0}
ListNet Epoch 61 | Metrics: {'NDCG@1': 0.9976615378930015, 'NDCG@5': 0.9976225448455985, 'NDCG@10': 0.9972668153152875, 'MAP': 1.0, 'MRR': 1.0}
ListNet Epoch 62 | Metrics: {'NDCG@1': 0.9973583217928141, 'NDCG@5': 0.9972796908039303, 'NDCG@10': 0.997244441838493, 'MAP': 1.0, 'MRR': 1.0}
ListNet Epoch 63 | Metrics: {'NDCG@1': 0.9988091526045902, 'NDCG@5': 0.9989528678313933, 'NDCG@10': 0.999176349041842, 'MAP': 1.0, 'MRR': 1.0}
ListNet Epoch 64 | Metrics: {'NDCG@1': 0.9990916709412261, 'NDCG@5': 0.9983615057558082, 'NDCG@10': 0.9986096512985752, 'MAP': 1.0, 'MRR': 1.0}
ListNet Epoch 65 | Metrics: {'NDCG@1': 0.9976613358469381, 'NDCG@5': 0.9964720365438432, 'NDCG@10': 0.9965943341043867, 'MAP': 1.0, 'MRR': 1.0}
ListNet Epoch 66 | Metrics: {'NDCG@1': 0.9976613358469381, 'NDCG@5': 0.9970963169835145, 'NDCG@10': 0.9970166544713148, 'MAP': 1.0, 'MRR': 1.0}
ListNet Epoch 67 | Metrics: {'NDCG@1': 0.9979645519471254, 'NDCG@5': 0.9970478953733678, 'NDCG@10': 0.9971590331790683, 'MAP': 1.0, 'MRR': 1.0}
ListNet Epoch 68 | Metrics: {'NDCG@1': 0.9965651575836327, 'NDCG@5': 0.9969257999612158, 'NDCG@10': 0.9969369533498074, 'MAP': 1.0, 'MRR': 1.0}
ListNet Epoch 69 | Metrics: {'NDCG@1': 0.9968681716377567, 'NDCG@5': 0.996808806176349, 'NDCG@10': 0.9971076421470012, 'MAP': 1.0, 'MRR': 1.0}
ListNet Epoch 70 | Metrics: {'NDCG@1': 0.99939468499535, 'NDCG@5': 0.9980841689962859, 'NDCG@10': 0.9982546494330761, 'MAP': 1.0, 'MRR': 1.0}
ListNet Epoch 71 | Metrics: {'NDCG@1': 0.9979645519471254, 'NDCG@5': 0.9976710483633988, 'NDCG@10': 0.9978159826572147, 'MAP': 1.0, 'MRR': 1.0}
ListNet Epoch 72 | Metrics: {'NDCG@1': 0.996814281729728, 'NDCG@5': 0.9970741065758124, 'NDCG@10': 0.9972102522662606, 'MAP': 1.0, 'MRR': 1.0}
ListNet Epoch 73 | Metrics: {'NDCG@1': 0.9973788175103023, 'NDCG@5': 0.996635365665379, 'NDCG@10': 0.997120940240664, 'MAP': 1.0, 'MRR': 1.0}
ListNet Epoch 74 | Metrics: {'NDCG@1': 0.9973583217928141, 'NDCG@5': 0.9968909524150039, 'NDCG@10': 0.9970481912828664, 'MAP': 1.0, 'MRR': 1.0}
ListNet Epoch 75 | Metrics: {'NDCG@1': 0.9976613358469381, 'NDCG@5': 0.9967923384931622, 'NDCG@10': 0.9970089745240087, 'MAP': 1.0, 'MRR': 1.0}
ListNet Epoch 76 | Metrics: {'NDCG@1': 0.9986015207861685, 'NDCG@5': 0.9985641745680311, 'NDCG@10': 0.998781209520225, 'MAP': 1.0, 'MRR': 1.0}
ListNet Epoch 77 | Metrics: {'NDCG@1': 0.9990916709412261, 'NDCG@5': 0.9988963944332536, 'NDCG@10': 0.9990154858003975, 'MAP': 1.0, 'MRR': 1.0}
ListNet Epoch 78 | Metrics: {'NDCG@1': 0.9973583217928141, 'NDCG@5': 0.9968685215088808, 'NDCG@10': 0.996891137514013, 'MAP': 1.0, 'MRR': 1.0}
ListNet Epoch 79 | Metrics: {'NDCG@1': 0.9976956401469149, 'NDCG@5': 0.9974568124192705, 'NDCG@10': 0.9975496970627186, 'MAP': 1.0, 'MRR': 1.0}
ListNet Epoch 80 | Metrics: {'NDCG@1': 0.9993948870414133, 'NDCG@5': 0.9997243649775741, 'NDCG@10': 0.999611658421822, 'MAP': 1.0, 'MRR': 1.0}
ListNet Epoch 81 | Metrics: {'NDCG@1': 0.9976615378930015, 'NDCG@5': 0.9975565112684645, 'NDCG@10': 0.9977149502016753, 'MAP': 1.0, 'MRR': 1.0}
ListNet Epoch 82 | Metrics: {'NDCG@1': 0.9990916709412261, 'NDCG@5': 0.9987664394626532, 'NDCG@10': 0.9987174695944514, 'MAP': 1.0, 'MRR': 1.0}
ListNet Epoch 83 | Metrics: {'NDCG@1': 0.9993948870414133, 'NDCG@5': 0.9994844982669051, 'NDCG@10': 0.9994213065741051, 'MAP': 1.0, 'MRR': 1.0}
ListNet Epoch 84 | Metrics: {'NDCG@1': 0.9993948870414133, 'NDCG@5': 0.9994438193146838, 'NDCG@10': 0.9994727968447894, 'MAP': 1.0, 'MRR': 1.0}
ListNet Epoch 85 | Metrics: {'NDCG@1': 0.9996979010955372, 'NDCG@5': 0.9993489975147282, 'NDCG@10': 0.9994654461470613, 'MAP': 1.0, 'MRR': 1.0}
ListNet Epoch 86 | Metrics: {'NDCG@1': 0.9993948870414133, 'NDCG@5': 0.9989626890582711, 'NDCG@10': 0.9992342515782315, 'MAP': 1.0, 'MRR': 1.0}
ListNet Epoch 87 | Metrics: {'NDCG@1': 0.9976604206972771, 'NDCG@5': 0.9963189368029775, 'NDCG@10': 0.9965617860049457, 'MAP': 1.0, 'MRR': 1.0}
ListNet Epoch 88 | Metrics: {'NDCG@1': 0.9982095891364247, 'NDCG@5': 0.9986523455720517, 'NDCG@10': 0.9988671953983059, 'MAP': 1.0, 'MRR': 1.0}
ListNet Epoch 89 | Metrics: {'NDCG@1': 0.9985451625711325, 'NDCG@5': 0.9979152734412018, 'NDCG@10': 0.9983936041057913, 'MAP': 1.0, 'MRR': 1.0}
ListNet Epoch 90 | Metrics: {'NDCG@1': 0.9993948870414133, 'NDCG@5': 0.999489440063072, 'NDCG@10': 0.9991348089191876, 'MAP': 1.0, 'MRR': 1.0}
ListNet Epoch 91 | Metrics: {'NDCG@1': 0.9990916709412261, 'NDCG@5': 0.9990168199558352, 'NDCG@10': 0.9990002112084988, 'MAP': 1.0, 'MRR': 1.0}
ListNet Epoch 92 | Metrics: {'NDCG@1': 0.99939468499535, 'NDCG@5': 0.9978525445884172, 'NDCG@10': 0.997926950160477, 'MAP': 1.0, 'MRR': 1.0}
ListNet Epoch 93 | Metrics: {'NDCG@1': 0.9976613358469381, 'NDCG@5': 0.9968060289238136, 'NDCG@10': 0.9969098844791988, 'MAP': 1.0, 'MRR': 1.0}
ListNet Epoch 94 | Metrics: {'NDCG@1': 0.9988091526045902, 'NDCG@5': 0.9987782267300122, 'NDCG@10': 0.9989725903997126, 'MAP': 1.0, 'MRR': 1.0}
ListNet Epoch 95 | Metrics: {'NDCG@1': 0.997963434751401, 'NDCG@5': 0.9965434725501584, 'NDCG@10': 0.996481389518463, 'MAP': 1.0, 'MRR': 1.0}
ListNet Epoch 96 | Metrics: {'NDCG@1': 0.9996967838998128, 'NDCG@5': 0.9983842027519636, 'NDCG@10': 0.9985018487933544, 'MAP': 1.0, 'MRR': 1.0}
ListNet Epoch 97 | Metrics: {'NDCG@1': 0.9976604206972771, 'NDCG@5': 0.9967496985595296, 'NDCG@10': 0.9968465873536668, 'MAP': 1.0, 'MRR': 1.0}
ListNet Epoch 98 | Metrics: {'NDCG@1': 0.9993948870414133, 'NDCG@5': 0.9996027886230584, 'NDCG@10': 0.9996805173114306, 'MAP': 1.0, 'MRR': 1.0}
ListNet Epoch 99 | Metrics: {'NDCG@1': 0.99939468499535, 'NDCG@5': 0.999007771721634, 'NDCG@10': 0.9988923256651809, 'MAP': 1.0, 'MRR': 1.0}
ListNet Epoch 100 | Metrics: {'NDCG@1': 0.9982095891364247, 'NDCG@5': 0.998604214161171, 'NDCG@10': 0.9985170349465033, 'MAP': 1.0, 'MRR': 1.0}
ListNet Epoch 101 | Metrics: {'NDCG@1': 0.9976613358469381, 'NDCG@5': 0.9976453078365484, 'NDCG@10': 0.9976292019043088, 'MAP': 1.0, 'MRR': 1.0}
ListNet Epoch 102 | Metrics: {'NDCG@1': 0.9973583217928141, 'NDCG@5': 0.9968869709469336, 'NDCG@10': 0.9970311373311253, 'MAP': 1.0, 'MRR': 1.0}
ListNet Epoch 103 | Metrics: {'NDCG@1': 0.99939468499535, 'NDCG@5': 0.9988553657123458, 'NDCG@10': 0.9989810582068491, 'MAP': 1.0, 'MRR': 1.0}
ListNet Epoch 104 | Metrics: {'NDCG@1': 0.9976604206972771, 'NDCG@5': 0.9973110189380736, 'NDCG@10': 0.9971915687268821, 'MAP': 1.0, 'MRR': 1.0}
ListNet Epoch 105 | Metrics: {'NDCG@1': 0.9988091526045902, 'NDCG@5': 0.9990970793238391, 'NDCG@10': 0.9991623405692964, 'MAP': 1.0, 'MRR': 1.0}
ListNet Epoch 106 | Metrics: {'NDCG@1': 0.9996979010955372, 'NDCG@5': 0.9990680620112798, 'NDCG@10': 0.999070379029329, 'MAP': 1.0, 'MRR': 1.0}
ListNet Epoch 107 | Metrics: {'NDCG@1': 0.9993937698456891, 'NDCG@5': 0.9987030772132841, 'NDCG@10': 0.9987795096794874, 'MAP': 1.0, 'MRR': 1.0}
ListNet Epoch 108 | Metrics: {'NDCG@1': 0.9970815549926628, 'NDCG@5': 0.9976975674706702, 'NDCG@10': 0.9977364689342411, 'MAP': 1.0, 'MRR': 1.0}
ListNet Epoch 109 | Metrics: {'NDCG@1': 0.9988091526045902, 'NDCG@5': 0.9993851447988381, 'NDCG@10': 0.9993700960334081, 'MAP': 1.0, 'MRR': 1.0}
ListNet Epoch 110 | Metrics: {'NDCG@1': 0.9973583217928141, 'NDCG@5': 0.9980466226929544, 'NDCG@10': 0.9983361362668488, 'MAP': 1.0, 'MRR': 1.0}
ListNet Epoch 111 | Metrics: {'NDCG@1': 0.9990916709412261, 'NDCG@5': 0.9992576266925864, 'NDCG@10': 0.9991622431885576, 'MAP': 1.0, 'MRR': 1.0}
ListNet Epoch 112 | Metrics: {'NDCG@1': 0.9993937698456891, 'NDCG@5': 0.9985843109905558, 'NDCG@10': 0.9987865108185107, 'MAP': 1.0, 'MRR': 1.0}
ListNet Epoch 113 | Metrics: {'NDCG@1': 0.9976604206972771, 'NDCG@5': 0.9965019183296994, 'NDCG@10': 0.9963341200482626, 'MAP': 1.0, 'MRR': 1.0}
ListNet Epoch 114 | Metrics: {'NDCG@1': 0.9993948870414133, 'NDCG@5': 0.9996211025272391, 'NDCG@10': 0.9994549087272347, 'MAP': 1.0, 'MRR': 1.0}
ListNet Epoch 115 | Metrics: {'NDCG@1': 0.9976604206972771, 'NDCG@5': 0.9969223349090218, 'NDCG@10': 0.9967664663678033, 'MAP': 1.0, 'MRR': 1.0}
ListNet Epoch 116 | Metrics: {'NDCG@1': 0.9990916709412261, 'NDCG@5': 0.9994623291956644, 'NDCG@10': 0.9994983901305012, 'MAP': 1.0, 'MRR': 1.0}
ListNet Epoch 117 | Metrics: {'NDCG@1': 0.9976621656166699, 'NDCG@5': 0.9979915930284095, 'NDCG@10': 0.9981106328675208, 'MAP': 1.0, 'MRR': 1.0}
ListNet Epoch 118 | Metrics: {'NDCG@1': 1.0, 'NDCG@5': 0.9995740762373386, 'NDCG@10': 0.9996778767151796, 'MAP': 1.0, 'MRR': 1.0}
ListNet Epoch 119 | Metrics: {'NDCG@1': 0.9991112515090531, 'NDCG@5': 0.9994557777206641, 'NDCG@10': 0.9992135339929366, 'MAP': 1.0, 'MRR': 1.0}
ListNet Epoch 120 | Metrics: {'NDCG@1': 0.9976604206972771, 'NDCG@5': 0.9973964996686935, 'NDCG@10': 0.9973360367766365, 'MAP': 1.0, 'MRR': 1.0}
ListNet Epoch 121 | Metrics: {'NDCG@1': 0.9993948870414133, 'NDCG@5': 0.999485090529252, 'NDCG@10': 0.9995216512357035, 'MAP': 1.0, 'MRR': 1.0}
ListNet Epoch 122 | Metrics: {'NDCG@1': 0.9985116880408874, 'NDCG@5': 0.9987651015768375, 'NDCG@10': 0.9989772556021745, 'MAP': 1.0, 'MRR': 1.0}
ListNet Epoch 123 | Metrics: {'NDCG@1': 0.9996967838998128, 'NDCG@5': 0.9991493690196394, 'NDCG@10': 0.9990138683169872, 'MAP': 1.0, 'MRR': 1.0}
ListNet Epoch 124 | Metrics: {'NDCG@1': 0.9979636367974644, 'NDCG@5': 0.9978655612357933, 'NDCG@10': 0.9979767746129604, 'MAP': 1.0, 'MRR': 1.0}
ListNet Epoch 125 | Metrics: {'NDCG@1': 0.9996967838998128, 'NDCG@5': 0.9984557432489882, 'NDCG@10': 0.9983974114991844, 'MAP': 1.0, 'MRR': 1.0}
ListNet Epoch 126 | Metrics: {'NDCG@1': 0.9993937698456891, 'NDCG@5': 0.9997371967085622, 'NDCG@10': 0.9997056506955833, 'MAP': 1.0, 'MRR': 1.0}
ListNet Epoch 127 | Metrics: {'NDCG@1': 0.9993937698456891, 'NDCG@5': 0.9991573795660655, 'NDCG@10': 0.999341438170172, 'MAP': 1.0, 'MRR': 1.0}
ListNet Epoch 128 | Metrics: {'NDCG@1': 0.9996967838998128, 'NDCG@5': 0.9983408190105941, 'NDCG@10': 0.9985720813693264, 'MAP': 1.0, 'MRR': 1.0}
ListNet Epoch 129 | Metrics: {'NDCG@1': 0.9976604206972771, 'NDCG@5': 0.9971576616355831, 'NDCG@10': 0.9972076318847217, 'MAP': 1.0, 'MRR': 1.0}
ListNet Epoch 130 | Metrics: {'NDCG@1': 0.9993937698456891, 'NDCG@5': 0.9984988994093238, 'NDCG@10': 0.9989369529560721, 'MAP': 1.0, 'MRR': 1.0}
ListNet Epoch 131 | Metrics: {'NDCG@1': 0.997963434751401, 'NDCG@5': 0.9974196946706643, 'NDCG@10': 0.9970359471662014, 'MAP': 1.0, 'MRR': 1.0}
ListNet Epoch 132 | Metrics: {'NDCG@1': 0.9993948870414133, 'NDCG@5': 0.9996306625955479, 'NDCG@10': 0.9995739002725106, 'MAP': 1.0, 'MRR': 1.0}
ListNet Epoch 133 | Metrics: {'NDCG@1': 0.9993937698456891, 'NDCG@5': 0.9993931266122318, 'NDCG@10': 0.9993697261345725, 'MAP': 1.0, 'MRR': 1.0}
ListNet Epoch 134 | Metrics: {'NDCG@1': 0.999112166658714, 'NDCG@5': 0.9989672096040749, 'NDCG@10': 0.9994280940721155, 'MAP': 1.0, 'MRR': 1.0}
ListNet Epoch 135 | Metrics: {'NDCG@1': 0.9990916709412261, 'NDCG@5': 0.9987005439825102, 'NDCG@10': 0.9988103071341751, 'MAP': 1.0, 'MRR': 1.0}
ListNet Epoch 136 | Metrics: {'NDCG@1': 0.997963434751401, 'NDCG@5': 0.9974831482590928, 'NDCG@10': 0.9975459019798657, 'MAP': 1.0, 'MRR': 1.0}
ListNet Epoch 137 | Metrics: {'NDCG@1': 0.9988147020950113, 'NDCG@5': 0.9983632825953056, 'NDCG@10': 0.9985922857845392, 'MAP': 1.0, 'MRR': 1.0}
ListNet Epoch 138 | Metrics: {'NDCG@1': 0.9970758034561784, 'NDCG@5': 0.9976054008069825, 'NDCG@10': 0.9978481481126498, 'MAP': 1.0, 'MRR': 1.0}
ListNet Epoch 139 | Metrics: {'NDCG@1': 0.9993937698456891, 'NDCG@5': 0.9992674211833977, 'NDCG@10': 0.9991753103722295, 'MAP': 1.0, 'MRR': 1.0}
ListNet Epoch 140 | Metrics: {'NDCG@1': 0.997963434751401, 'NDCG@5': 0.9971090868835624, 'NDCG@10': 0.998036982599797, 'MAP': 1.0, 'MRR': 1.0}
ListNet Epoch 141 | Metrics: {'NDCG@1': 0.9976604206972771, 'NDCG@5': 0.997603388523079, 'NDCG@10': 0.9975747244400995, 'MAP': 1.0, 'MRR': 1.0}
ListNet Epoch 142 | Metrics: {'NDCG@1': 0.9988147020950113, 'NDCG@5': 0.998369490782007, 'NDCG@10': 0.9983939972473981, 'MAP': 1.0, 'MRR': 1.0}
ListNet Epoch 143 | Metrics: {'NDCG@1': 0.9973788175103023, 'NDCG@5': 0.9979866988709802, 'NDCG@10': 0.9981877710360656, 'MAP': 1.0, 'MRR': 1.0}
ListNet Epoch 144 | Metrics: {'NDCG@1': 0.9996979010955372, 'NDCG@5': 0.999302783922137, 'NDCG@10': 0.9994004910558619, 'MAP': 1.0, 'MRR': 1.0}
ListNet Epoch 145 | Metrics: {'NDCG@1': 0.9976604206972771, 'NDCG@5': 0.9976091525133056, 'NDCG@10': 0.9975376371206411, 'MAP': 1.0, 'MRR': 1.0}
ListNet Epoch 146 | Metrics: {'NDCG@1': 0.9996967838998128, 'NDCG@5': 0.9985606196910969, 'NDCG@10': 0.9988516830636078, 'MAP': 1.0, 'MRR': 1.0}
ListNet Epoch 147 | Metrics: {'NDCG@1': 0.997963434751401, 'NDCG@5': 0.9963731996890937, 'NDCG@10': 0.9969104774504048, 'MAP': 1.0, 'MRR': 1.0}
ListNet Epoch 148 | Metrics: {'NDCG@1': 0.997963434751401, 'NDCG@5': 0.9970968097246968, 'NDCG@10': 0.9977317316743467, 'MAP': 1.0, 'MRR': 1.0}
ListNet Epoch 149 | Metrics: {'NDCG@1': 0.9971139123271834, 'NDCG@5': 0.9968964431490257, 'NDCG@10': 0.997180233302894, 'MAP': 1.0, 'MRR': 1.0}

[피처 중요도 로그] /home/sghan/LTR-algorithm/severity/feature_importance_train_severity_l2r_listnet_train_score_relevance_0_3.log

[검증] L2R 점수→CVSS 매핑 MAE(참고): 0.5692

[검증] Validation (CVSS)

=== Validation (CVSS 수치) ===
MAE: 0.5692
RMSE: 0.5841
Pearson r (y_true, y_pred): 0.9977

[Train] CVSS 예측 vs 정답

=== Train (L2R score→CVSS) (CVSS 수치) ===
MAE: 0.5704
RMSE: 0.5778
Pearson r (y_true, y_pred): 0.9986

[CVSS] train L2R 점수 min/max: 19.478439 / 29.507515 (train CVSS 범위로 선형 매핑)

[Test] CVSS 예측 vs 정답

=== Test (mode=train_score_relevance_0_3) (CVSS 수치) ===
MAE: 0.6431
RMSE: 0.7788
Pearson r (y_true, y_pred): 0.9454

저장: severity/CVE_summary_separate/cve-datasets/cve_with_meaning70_l2r_listnet_train_score_relevance_0_3.csv

=== 소요 시간 ===
CSV 로드·train/val/test 분할: 0.836 s
전처리(인코딩·스케일) + 학습(train∪val L2R): 405.359 s
추론·경계·Train·Val·Test 평가·저장(전수): 0.362 s
  └ Test severity 정답 비교(report_metrics)만: 0.001 s
전체: 406.568 s

=== 랭킹 지표 MRR (L2R/metrics, relevance=CVSS 수치) ===
Validation MRR: 1.000000
Test MRR:       1.000000
