# train_severity_l2r_rank 2026-03-30T22:16:25.317431
# model=ranknet test_mode=train_score_relevance_0_3 csv=severity/CVE_summary_separate/cve-datasets/cve_with_meaning70.csv
# config=/home/sghan/LTR-algorithm/severity/experiment_config.yaml

[로그 파일] /home/sghan/LTR-algorithm/severity/experiment_logs/all_20260330_214454/logs/l2r_ranknet_train_score_relevance_0_3.log
[[ 5.      0.     -1.1232 -0.2859 -0.4048 -0.4294 -0.4028 -0.3939 -0.3819 -0.3086 -0.3087 -0.3104 -0.3066 -0.2778 -0.3069 -0.3074 -0.3048 -0.141  -0.2267 -0.2223 -0.292  -0.2186 -0.2439 -0.2375
  -0.1655 -0.2792 -0.1645 -0.2836 -0.2775 -0.1003 -0.1586 -0.2229 -0.2076 -0.191  -0.2113 -0.2164 -0.2154 -0.2131 -0.1907 -0.2554 -0.1859 -0.1639 -0.1722 -0.2022 -0.2015 -0.2024 -0.2159 -0.1078
  -0.1348 -0.1959 -0.1045 -0.1683 -0.131  -0.1583 -0.1597 -0.1793 -0.1657 -0.1447 -0.18   -0.1944 -0.13   -0.1296 -0.1861 -0.1174 -0.1816 -0.1538 -0.1441 -0.1347 -0.1287 -0.1412 -0.2019 -0.1842
  -0.1578 -0.5867 -0.3699 -0.7797  0.3774  1.0478  0.9286  0.8101]
 [ 5.      0.     -1.1232 -0.2859 -0.4048 -0.4294 -0.4028 -0.3939 -0.3819 -0.3086 -0.3087 -0.3104 -0.3066 -0.2778 -0.3069 -0.3074 -0.3048 -0.141  -0.2267 -0.2223 -0.292  -0.2186 -0.2439 -0.2375
  -0.1655 -0.2792 -0.1645 -0.2836 -0.2775 -0.1003 -0.1586 -0.2229 -0.2076 -0.191  -0.2113 -0.2164 -0.2154 -0.2131 -0.1907 -0.2554 -0.1859 -0.1639 -0.1722 -0.2022 -0.2015 -0.2024 -0.2159 -0.1078
  -0.1348 -0.1959 -0.1045 -0.1683 -0.131  -0.1583 -0.1597 -0.1793 -0.1657 -0.1447 -0.18   -0.1944 -0.13   -0.1296 -0.1861 -0.1174 -0.1816 -0.1538 -0.1441 -0.1347 -0.1287 -0.1412 -0.2019 -0.1842
  -0.1578 -0.5867 -0.3699 -0.7797  0.3774  1.0478  0.9286  0.8101]
 [ 5.      0.     -0.4009 -0.2859 -0.4048 -0.4294 -0.4028 -0.3939 -0.3819 -0.3086 -0.3087 -0.3104 -0.3066 -0.2778 -0.3069 -0.3074 -0.3048 -0.141  -0.2267 -0.2223 -0.292  -0.2186 -0.2439 -0.2375
  -0.1655 -0.2792 -0.1645 -0.2836 -0.2775 -0.1003 -0.1586 -0.2229 -0.2076  3.7522 -0.2113 -0.2164 -0.2154 -0.2131 -0.1907 -0.2554 -0.1859 -0.1639 -0.1722 -0.2022 -0.2015 -0.2024 -0.2159 -0.1078
  -0.1348 -0.1959 -0.1045 -0.1683 -0.131  -0.1583 -0.1597 -0.1793 -0.1657 -0.1447 -0.18   -0.1944 -0.13   -0.1296 -0.1861 -0.1174 -0.1816 -0.1538 -0.1441 -0.1347 -0.1287 -0.1412 -0.2019 -0.1842
  -0.1578 -0.0048 -0.3699 -0.7797  0.3774  1.0478  0.9286  0.8101]
 [ 5.      0.      1.6421 -0.2859 -0.4048 -0.4294 -0.4028 -0.3939 -0.3819 -0.3086 -0.3087 -0.3104 -0.3066 -0.2778 -0.3069 -0.3074 -0.3048 -0.141  -0.2267 -0.2223 -0.292  -0.2186 -0.2439 -0.2375
  -0.1655 -0.2792 -0.1645 -0.2836 -0.2775 -0.1003 -0.1586 -0.2229 -0.2076 -0.191  -0.2113 -0.2164 -0.2154 -0.2131 -0.1907 -0.2554 -0.1859 -0.1639 -0.1722 -0.2022 -0.2015 -0.2024 -0.2159 -0.1078
  -0.1348 -0.1959 -0.1045 -0.1683 -0.131  -0.1583 -0.1597 -0.1793 -0.1657 -0.1447 -0.18   -0.1944 -0.13   -0.1296 -0.1861 -0.1174 -0.1816 -0.1538 -0.1441 -0.1347 -0.1287 -0.1412 -0.2019 -0.1842
  -0.1578  1.6512 -0.3699 -0.7797  0.3774  1.0478  0.9286  0.8101]]
Traning………………

Epoch:0, loss(avg) : 0.6901051156437062, Metrics: {'NDCG@1': 0.7463356396910312, 'NDCG@5': 0.841729927797376, 'NDCG@10': 0.8683048117124618, 'MAP': 0.99999977492065, 'MRR': 1.0}
Epoch:10, loss(avg) : 0.2422872515216694, Metrics: {'NDCG@1': 0.9429455540463602, 'NDCG@5': 0.9671837227793134, 'NDCG@10': 0.9724902971389665, 'MAP': 0.9999998854694309, 'MRR': 1.0}
Epoch:20, loss(avg) : 0.16159381750232993, Metrics: {'NDCG@1': 0.9699545528880509, 'NDCG@5': 0.9819770863359749, 'NDCG@10': 0.9852730959147041, 'MAP': 0.9999998793338026, 'MRR': 1.0}
Epoch:30, loss(avg) : 0.12001585126081893, Metrics: {'NDCG@1': 0.9809638440780077, 'NDCG@5': 0.9881030280984959, 'NDCG@10': 0.9899519191680954, 'MAP': 0.9999998904947631, 'MRR': 1.0}
Epoch:40, loss(avg) : 0.09119474024588595, Metrics: {'NDCG@1': 0.9877625196786658, 'NDCG@5': 0.9914283483200573, 'NDCG@10': 0.9933072725708672, 'MAP': 0.9999999044198906, 'MRR': 1.0}
Epoch:50, loss(avg) : 0.07339574344238807, Metrics: {'NDCG@1': 0.9906514723073937, 'NDCG@5': 0.9938823074597193, 'NDCG@10': 0.9950499870841554, 'MAP': 0.9999999212560792, 'MRR': 1.0}
Epoch:60, loss(avg) : 0.061868405700084735, Metrics: {'NDCG@1': 0.9918049480230137, 'NDCG@5': 0.9948847687237088, 'NDCG@10': 0.995838616058072, 'MAP': 0.9999999280545536, 'MRR': 1.0}
Epoch:70, loss(avg) : 0.05379183882126491, Metrics: {'NDCG@1': 0.9927744418719289, 'NDCG@5': 0.9952181788118996, 'NDCG@10': 0.9961919860912748, 'MAP': 0.9999999775314162, 'MRR': 1.0}
Epoch:80, loss(avg) : 0.04787084463046406, Metrics: {'NDCG@1': 0.992416418817141, 'NDCG@5': 0.995430473699685, 'NDCG@10': 0.9964398795978177, 'MAP': 0.9999999837722856, 'MRR': 1.0}
Epoch:90, loss(avg) : 0.043279901043025294, Metrics: {'NDCG@1': 0.9927700853762744, 'NDCG@5': 0.9956995445665275, 'NDCG@10': 0.996659701031345, 'MAP': 0.9999999860711902, 'MRR': 1.0}
Epoch:100, loss(avg) : 0.0397262233870386, Metrics: {'NDCG@1': 0.9936254656854736, 'NDCG@5': 0.996102298583054, 'NDCG@10': 0.996941410438629, 'MAP': 0.9999999911108681, 'MRR': 1.0}
Epoch:110, loss(avg) : 0.03688615157532457, Metrics: {'NDCG@1': 0.994063406075202, 'NDCG@5': 0.996282331240175, 'NDCG@10': 0.9971645813472603, 'MAP': 0.9999999915400307, 'MRR': 1.0}
Epoch:120, loss(avg) : 0.03458721256009272, Metrics: {'NDCG@1': 0.9944124728571305, 'NDCG@5': 0.9964596832352351, 'NDCG@10': 0.9973563908360008, 'MAP': 0.9999999916685045, 'MRR': 1.0}
Epoch:130, loss(avg) : 0.03267907175534398, Metrics: {'NDCG@1': 0.9946857217095787, 'NDCG@5': 0.9967189329733233, 'NDCG@10': 0.9974993148976375, 'MAP': 0.9999999916685045, 'MRR': 1.0}
Epoch:140, loss(avg) : 0.031093154896662218, Metrics: {'NDCG@1': 0.9953212806725281, 'NDCG@5': 0.9970189394536536, 'NDCG@10': 0.9976894477623622, 'MAP': 0.9999999917113009, 'MRR': 1.0}

[피처 중요도 로그] /home/sghan/LTR-algorithm/severity/feature_importance_train_severity_l2r_ranknet_train_score_relevance_0_3.log

[검증] L2R 점수→CVSS 매핑 MAE(참고): 2.3773

[검증] Validation (CVSS)

=== Validation (CVSS 수치) ===
MAE: 2.3773
RMSE: 2.4963
Pearson r (y_true, y_pred): 0.9392

[Train] CVSS 예측 vs 정답

=== Train (L2R score→CVSS) (CVSS 수치) ===
MAE: 2.3069
RMSE: 2.4227
Pearson r (y_true, y_pred): 0.9307

[CVSS] train L2R 점수 min/max: -30.935478 / 65.470856 (train CVSS 범위로 선형 매핑)

[Test] CVSS 예측 vs 정답

=== Test (mode=train_score_relevance_0_3) (CVSS 수치) ===
MAE: 2.2497
RMSE: 2.4007
Pearson r (y_true, y_pred): 0.8918

저장: severity/CVE_summary_separate/cve-datasets/cve_with_meaning70_l2r_ranknet_train_score_relevance_0_3.csv

=== 소요 시간 ===
CSV 로드·train/val/test 분할: 0.816 s
전처리(인코딩·스케일) + 학습(train∪val L2R): 21245.661 s
추론·경계·Train·Val·Test 평가·저장(전수): 0.394 s
  └ Test severity 정답 비교(report_metrics)만: 0.000 s
전체: 21246.880 s

=== 랭킹 지표 MRR (L2R/metrics, relevance=CVSS 수치) ===
Validation MRR: 1.000000
Test MRR:       1.000000
