# train_severity_l2r_rank 2026-03-31T04:10:34.812668
# model=lambdarank test_mode=train_score_relevance_0_3 csv=severity/CVE_summary_separate/cve-datasets/cve_with_meaning70.csv
# config=/home/sghan/LTR-algorithm/severity/experiment_config.yaml

[로그 파일] /home/sghan/LTR-algorithm/severity/experiment_logs/all_20260330_214454/logs/l2r_lambdarank_train_score_relevance_0_3.log
[[ 5.      0.     -1.1232 -0.2859 -0.4048 -0.4294 -0.4028 -0.3939 -0.3819 -0.3086 -0.3087 -0.3104 -0.3066 -0.2778 -0.3069 -0.3074 -0.3048 -0.141  -0.2267 -0.2223 -0.292  -0.2186 -0.2439 -0.2375
  -0.1655 -0.2792 -0.1645 -0.2836 -0.2775 -0.1003 -0.1586 -0.2229 -0.2076 -0.191  -0.2113 -0.2164 -0.2154 -0.2131 -0.1907 -0.2554 -0.1859 -0.1639 -0.1722 -0.2022 -0.2015 -0.2024 -0.2159 -0.1078
  -0.1348 -0.1959 -0.1045 -0.1683 -0.131  -0.1583 -0.1597 -0.1793 -0.1657 -0.1447 -0.18   -0.1944 -0.13   -0.1296 -0.1861 -0.1174 -0.1816 -0.1538 -0.1441 -0.1347 -0.1287 -0.1412 -0.2019 -0.1842
  -0.1578 -0.5867 -0.3699 -0.7797  0.3774  1.0478  0.9286  0.8101]
 [ 5.      0.     -1.1232 -0.2859 -0.4048 -0.4294 -0.4028 -0.3939 -0.3819 -0.3086 -0.3087 -0.3104 -0.3066 -0.2778 -0.3069 -0.3074 -0.3048 -0.141  -0.2267 -0.2223 -0.292  -0.2186 -0.2439 -0.2375
  -0.1655 -0.2792 -0.1645 -0.2836 -0.2775 -0.1003 -0.1586 -0.2229 -0.2076 -0.191  -0.2113 -0.2164 -0.2154 -0.2131 -0.1907 -0.2554 -0.1859 -0.1639 -0.1722 -0.2022 -0.2015 -0.2024 -0.2159 -0.1078
  -0.1348 -0.1959 -0.1045 -0.1683 -0.131  -0.1583 -0.1597 -0.1793 -0.1657 -0.1447 -0.18   -0.1944 -0.13   -0.1296 -0.1861 -0.1174 -0.1816 -0.1538 -0.1441 -0.1347 -0.1287 -0.1412 -0.2019 -0.1842
  -0.1578 -0.5867 -0.3699 -0.7797  0.3774  1.0478  0.9286  0.8101]
 [ 5.      0.     -0.4009 -0.2859 -0.4048 -0.4294 -0.4028 -0.3939 -0.3819 -0.3086 -0.3087 -0.3104 -0.3066 -0.2778 -0.3069 -0.3074 -0.3048 -0.141  -0.2267 -0.2223 -0.292  -0.2186 -0.2439 -0.2375
  -0.1655 -0.2792 -0.1645 -0.2836 -0.2775 -0.1003 -0.1586 -0.2229 -0.2076  3.7522 -0.2113 -0.2164 -0.2154 -0.2131 -0.1907 -0.2554 -0.1859 -0.1639 -0.1722 -0.2022 -0.2015 -0.2024 -0.2159 -0.1078
  -0.1348 -0.1959 -0.1045 -0.1683 -0.131  -0.1583 -0.1597 -0.1793 -0.1657 -0.1447 -0.18   -0.1944 -0.13   -0.1296 -0.1861 -0.1174 -0.1816 -0.1538 -0.1441 -0.1347 -0.1287 -0.1412 -0.2019 -0.1842
  -0.1578 -0.0048 -0.3699 -0.7797  0.3774  1.0478  0.9286  0.8101]
 [ 5.      0.      1.6421 -0.2859 -0.4048 -0.4294 -0.4028 -0.3939 -0.3819 -0.3086 -0.3087 -0.3104 -0.3066 -0.2778 -0.3069 -0.3074 -0.3048 -0.141  -0.2267 -0.2223 -0.292  -0.2186 -0.2439 -0.2375
  -0.1655 -0.2792 -0.1645 -0.2836 -0.2775 -0.1003 -0.1586 -0.2229 -0.2076 -0.191  -0.2113 -0.2164 -0.2154 -0.2131 -0.1907 -0.2554 -0.1859 -0.1639 -0.1722 -0.2022 -0.2015 -0.2024 -0.2159 -0.1078
  -0.1348 -0.1959 -0.1045 -0.1683 -0.131  -0.1583 -0.1597 -0.1793 -0.1657 -0.1447 -0.18   -0.1944 -0.13   -0.1296 -0.1861 -0.1174 -0.1816 -0.1538 -0.1441 -0.1347 -0.1287 -0.1412 -0.2019 -0.1842
  -0.1578  1.6512 -0.3699 -0.7797  0.3774  1.0478  0.9286  0.8101]]
Training .....

Epoch 0 | Train Metrics: {'NDCG@1': 0.5407009619955198, 'NDCG@5': 0.6829892485589025, 'NDCG@10': 0.7343143741934788, 'MAP': 0.9999999949651391, 'MRR': 1.0}
Epoch 1 | Train Metrics: {'NDCG@1': 0.7649505683158392, 'NDCG@5': 0.8541873866201866, 'NDCG@10': 0.8780398855106819, 'MAP': 0.99999977446841, 'MRR': 1.0}
Epoch 2 | Train Metrics: {'NDCG@1': 0.37632008950179685, 'NDCG@5': 0.5482842717713354, 'NDCG@10': 0.6115999531652654, 'MAP': 0.9999999626387902, 'MRR': 1.0}
/home/sghan/LTR-algorithm/L2R/lambdaRank.py:131: RuntimeWarning: overflow encountered in exp
  rho = 1 / (1 + np.exp(temp_scores[i] - temp_scores[j]))
Epoch 3 | Train Metrics: {'NDCG@1': 0.7056478567540679, 'NDCG@5': 0.8179996444053874, 'NDCG@10': 0.8487737885091017, 'MAP': 0.999999732003431, 'MRR': 1.0}
Epoch 4 | Train Metrics: {'NDCG@1': 0.34517546656858755, 'NDCG@5': 0.542580150084561, 'NDCG@10': 0.6116639983507098, 'MAP': 0.9999999567310587, 'MRR': 1.0}
Epoch 5 | Train Metrics: {'NDCG@1': 0.7046364328909285, 'NDCG@5': 0.8075924463328639, 'NDCG@10': 0.8403259814135299, 'MAP': 0.9999998624830272, 'MRR': 1.0}
Epoch 6 | Train Metrics: {'NDCG@1': 0.41752305263015754, 'NDCG@5': 0.6047095480915363, 'NDCG@10': 0.66838878284106, 'MAP': 0.9999999634916775, 'MRR': 1.0}
Epoch 7 | Train Metrics: {'NDCG@1': 0.4526659001884512, 'NDCG@5': 0.6080768932033841, 'NDCG@10': 0.6642607408890701, 'MAP': 0.9999998841089919, 'MRR': 1.0}
/home/sghan/LTR-algorithm/L2R/lambdaRank.py:131: RuntimeWarning: invalid value encountered in scalar subtract
  rho = 1 / (1 + np.exp(temp_scores[i] - temp_scores[j]))
Epoch 8 | Train Metrics: {'NDCG@1': 0.49705229704664744, 'NDCG@5': 0.6513266465277185, 'NDCG@10': 0.7045117057525666, 'MAP': 0.9999999935805701, 'MRR': 1.0}
Epoch 9 | Train Metrics: {'NDCG@1': 0.4914262103475207, 'NDCG@5': 0.6474299651960249, 'NDCG@10': 0.7012538778669429, 'MAP': 0.9999999926492861, 'MRR': 1.0}
Epoch 10 | Train Metrics: {'NDCG@1': 0.4914262103475207, 'NDCG@5': 0.6474299651960249, 'NDCG@10': 0.7012538778669429, 'MAP': 0.9999999926492861, 'MRR': 1.0}
Epoch 11 | Train Metrics: {'NDCG@1': 0.4914262103475207, 'NDCG@5': 0.6474299651960249, 'NDCG@10': 0.7012538778669429, 'MAP': 0.9999999926492861, 'MRR': 1.0}
Epoch 12 | Train Metrics: {'NDCG@1': 0.4914262103475207, 'NDCG@5': 0.6474299651960249, 'NDCG@10': 0.7012538778669429, 'MAP': 0.9999999926492861, 'MRR': 1.0}
Epoch 13 | Train Metrics: {'NDCG@1': 0.4914262103475207, 'NDCG@5': 0.6474299651960249, 'NDCG@10': 0.7012538778669429, 'MAP': 0.9999999926492861, 'MRR': 1.0}
Epoch 14 | Train Metrics: {'NDCG@1': 0.4914262103475207, 'NDCG@5': 0.6474299651960249, 'NDCG@10': 0.7012538778669429, 'MAP': 0.9999999926492861, 'MRR': 1.0}
Epoch 15 | Train Metrics: {'NDCG@1': 0.4914262103475207, 'NDCG@5': 0.6474299651960249, 'NDCG@10': 0.7012538778669429, 'MAP': 0.9999999926492861, 'MRR': 1.0}
Epoch 16 | Train Metrics: {'NDCG@1': 0.4914262103475207, 'NDCG@5': 0.6474299651960249, 'NDCG@10': 0.7012538778669429, 'MAP': 0.9999999926492861, 'MRR': 1.0}
Epoch 17 | Train Metrics: {'NDCG@1': 0.4914262103475207, 'NDCG@5': 0.6474299651960249, 'NDCG@10': 0.7012538778669429, 'MAP': 0.9999999926492861, 'MRR': 1.0}
Epoch 18 | Train Metrics: {'NDCG@1': 0.4914262103475207, 'NDCG@5': 0.6474299651960249, 'NDCG@10': 0.7012538778669429, 'MAP': 0.9999999926492861, 'MRR': 1.0}
Epoch 19 | Train Metrics: {'NDCG@1': 0.4914262103475207, 'NDCG@5': 0.6474299651960249, 'NDCG@10': 0.7012538778669429, 'MAP': 0.9999999926492861, 'MRR': 1.0}
Epoch 20 | Train Metrics: {'NDCG@1': 0.4914262103475207, 'NDCG@5': 0.6474299651960249, 'NDCG@10': 0.7012538778669429, 'MAP': 0.9999999926492861, 'MRR': 1.0}
Epoch 21 | Train Metrics: {'NDCG@1': 0.4914262103475207, 'NDCG@5': 0.6474299651960249, 'NDCG@10': 0.7012538778669429, 'MAP': 0.9999999926492861, 'MRR': 1.0}
Epoch 22 | Train Metrics: {'NDCG@1': 0.4914262103475207, 'NDCG@5': 0.6474299651960249, 'NDCG@10': 0.7012538778669429, 'MAP': 0.9999999926492861, 'MRR': 1.0}
Epoch 23 | Train Metrics: {'NDCG@1': 0.4914262103475207, 'NDCG@5': 0.6474299651960249, 'NDCG@10': 0.7012538778669429, 'MAP': 0.9999999926492861, 'MRR': 1.0}
Epoch 24 | Train Metrics: {'NDCG@1': 0.4914262103475207, 'NDCG@5': 0.6474299651960249, 'NDCG@10': 0.7012538778669429, 'MAP': 0.9999999926492861, 'MRR': 1.0}
Epoch 25 | Train Metrics: {'NDCG@1': 0.4914262103475207, 'NDCG@5': 0.6474299651960249, 'NDCG@10': 0.7012538778669429, 'MAP': 0.9999999926492861, 'MRR': 1.0}
Epoch 26 | Train Metrics: {'NDCG@1': 0.4914262103475207, 'NDCG@5': 0.6474299651960249, 'NDCG@10': 0.7012538778669429, 'MAP': 0.9999999926492861, 'MRR': 1.0}
Epoch 27 | Train Metrics: {'NDCG@1': 0.4914262103475207, 'NDCG@5': 0.6474299651960249, 'NDCG@10': 0.7012538778669429, 'MAP': 0.9999999926492861, 'MRR': 1.0}
Epoch 28 | Train Metrics: {'NDCG@1': 0.4914262103475207, 'NDCG@5': 0.6474299651960249, 'NDCG@10': 0.7012538778669429, 'MAP': 0.9999999926492861, 'MRR': 1.0}
Epoch 29 | Train Metrics: {'NDCG@1': 0.4914262103475207, 'NDCG@5': 0.6474299651960249, 'NDCG@10': 0.7012538778669429, 'MAP': 0.9999999926492861, 'MRR': 1.0}
Epoch 30 | Train Metrics: {'NDCG@1': 0.4914262103475207, 'NDCG@5': 0.6474299651960249, 'NDCG@10': 0.7012538778669429, 'MAP': 0.9999999926492861, 'MRR': 1.0}
Epoch 31 | Train Metrics: {'NDCG@1': 0.4914262103475207, 'NDCG@5': 0.6474299651960249, 'NDCG@10': 0.7012538778669429, 'MAP': 0.9999999926492861, 'MRR': 1.0}
Epoch 32 | Train Metrics: {'NDCG@1': 0.4914262103475207, 'NDCG@5': 0.6474299651960249, 'NDCG@10': 0.7012538778669429, 'MAP': 0.9999999926492861, 'MRR': 1.0}
Epoch 33 | Train Metrics: {'NDCG@1': 0.4914262103475207, 'NDCG@5': 0.6474299651960249, 'NDCG@10': 0.7012538778669429, 'MAP': 0.9999999926492861, 'MRR': 1.0}
Epoch 34 | Train Metrics: {'NDCG@1': 0.4914262103475207, 'NDCG@5': 0.6474299651960249, 'NDCG@10': 0.7012538778669429, 'MAP': 0.9999999926492861, 'MRR': 1.0}
Epoch 35 | Train Metrics: {'NDCG@1': 0.4914262103475207, 'NDCG@5': 0.6474299651960249, 'NDCG@10': 0.7012538778669429, 'MAP': 0.9999999926492861, 'MRR': 1.0}
Epoch 36 | Train Metrics: {'NDCG@1': 0.4914262103475207, 'NDCG@5': 0.6474299651960249, 'NDCG@10': 0.7012538778669429, 'MAP': 0.9999999926492861, 'MRR': 1.0}
Epoch 37 | Train Metrics: {'NDCG@1': 0.4914262103475207, 'NDCG@5': 0.6474299651960249, 'NDCG@10': 0.7012538778669429, 'MAP': 0.9999999926492861, 'MRR': 1.0}
Epoch 38 | Train Metrics: {'NDCG@1': 0.4914262103475207, 'NDCG@5': 0.6474299651960249, 'NDCG@10': 0.7012538778669429, 'MAP': 0.9999999926492861, 'MRR': 1.0}
Epoch 39 | Train Metrics: {'NDCG@1': 0.4914262103475207, 'NDCG@5': 0.6474299651960249, 'NDCG@10': 0.7012538778669429, 'MAP': 0.9999999926492861, 'MRR': 1.0}
Epoch 40 | Train Metrics: {'NDCG@1': 0.4914262103475207, 'NDCG@5': 0.6474299651960249, 'NDCG@10': 0.7012538778669429, 'MAP': 0.9999999926492861, 'MRR': 1.0}
Epoch 41 | Train Metrics: {'NDCG@1': 0.4914262103475207, 'NDCG@5': 0.6474299651960249, 'NDCG@10': 0.7012538778669429, 'MAP': 0.9999999926492861, 'MRR': 1.0}
Epoch 42 | Train Metrics: {'NDCG@1': 0.4914262103475207, 'NDCG@5': 0.6474299651960249, 'NDCG@10': 0.7012538778669429, 'MAP': 0.9999999926492861, 'MRR': 1.0}
Epoch 43 | Train Metrics: {'NDCG@1': 0.4914262103475207, 'NDCG@5': 0.6474299651960249, 'NDCG@10': 0.7012538778669429, 'MAP': 0.9999999926492861, 'MRR': 1.0}
Epoch 44 | Train Metrics: {'NDCG@1': 0.4914262103475207, 'NDCG@5': 0.6474299651960249, 'NDCG@10': 0.7012538778669429, 'MAP': 0.9999999926492861, 'MRR': 1.0}
Epoch 45 | Train Metrics: {'NDCG@1': 0.4914262103475207, 'NDCG@5': 0.6474299651960249, 'NDCG@10': 0.7012538778669429, 'MAP': 0.9999999926492861, 'MRR': 1.0}
Epoch 46 | Train Metrics: {'NDCG@1': 0.4914262103475207, 'NDCG@5': 0.6474299651960249, 'NDCG@10': 0.7012538778669429, 'MAP': 0.9999999926492861, 'MRR': 1.0}
Epoch 47 | Train Metrics: {'NDCG@1': 0.4914262103475207, 'NDCG@5': 0.6474299651960249, 'NDCG@10': 0.7012538778669429, 'MAP': 0.9999999926492861, 'MRR': 1.0}
Epoch 48 | Train Metrics: {'NDCG@1': 0.4914262103475207, 'NDCG@5': 0.6474299651960249, 'NDCG@10': 0.7012538778669429, 'MAP': 0.9999999926492861, 'MRR': 1.0}
Epoch 49 | Train Metrics: {'NDCG@1': 0.4914262103475207, 'NDCG@5': 0.6474299651960249, 'NDCG@10': 0.7012538778669429, 'MAP': 0.9999999926492861, 'MRR': 1.0}
Epoch 50 | Train Metrics: {'NDCG@1': 0.4914262103475207, 'NDCG@5': 0.6474299651960249, 'NDCG@10': 0.7012538778669429, 'MAP': 0.9999999926492861, 'MRR': 1.0}
Epoch 51 | Train Metrics: {'NDCG@1': 0.4914262103475207, 'NDCG@5': 0.6474299651960249, 'NDCG@10': 0.7012538778669429, 'MAP': 0.9999999926492861, 'MRR': 1.0}
Epoch 52 | Train Metrics: {'NDCG@1': 0.4914262103475207, 'NDCG@5': 0.6474299651960249, 'NDCG@10': 0.7012538778669429, 'MAP': 0.9999999926492861, 'MRR': 1.0}
Epoch 53 | Train Metrics: {'NDCG@1': 0.4914262103475207, 'NDCG@5': 0.6474299651960249, 'NDCG@10': 0.7012538778669429, 'MAP': 0.9999999926492861, 'MRR': 1.0}
Epoch 54 | Train Metrics: {'NDCG@1': 0.4914262103475207, 'NDCG@5': 0.6474299651960249, 'NDCG@10': 0.7012538778669429, 'MAP': 0.9999999926492861, 'MRR': 1.0}
Epoch 55 | Train Metrics: {'NDCG@1': 0.4914262103475207, 'NDCG@5': 0.6474299651960249, 'NDCG@10': 0.7012538778669429, 'MAP': 0.9999999926492861, 'MRR': 1.0}
Epoch 56 | Train Metrics: {'NDCG@1': 0.4914262103475207, 'NDCG@5': 0.6474299651960249, 'NDCG@10': 0.7012538778669429, 'MAP': 0.9999999926492861, 'MRR': 1.0}
Epoch 57 | Train Metrics: {'NDCG@1': 0.4914262103475207, 'NDCG@5': 0.6474299651960249, 'NDCG@10': 0.7012538778669429, 'MAP': 0.9999999926492861, 'MRR': 1.0}
Epoch 58 | Train Metrics: {'NDCG@1': 0.4914262103475207, 'NDCG@5': 0.6474299651960249, 'NDCG@10': 0.7012538778669429, 'MAP': 0.9999999926492861, 'MRR': 1.0}
Epoch 59 | Train Metrics: {'NDCG@1': 0.4914262103475207, 'NDCG@5': 0.6474299651960249, 'NDCG@10': 0.7012538778669429, 'MAP': 0.9999999926492861, 'MRR': 1.0}
Epoch 60 | Train Metrics: {'NDCG@1': 0.4914262103475207, 'NDCG@5': 0.6474299651960249, 'NDCG@10': 0.7012538778669429, 'MAP': 0.9999999926492861, 'MRR': 1.0}
Epoch 61 | Train Metrics: {'NDCG@1': 0.4914262103475207, 'NDCG@5': 0.6474299651960249, 'NDCG@10': 0.7012538778669429, 'MAP': 0.9999999926492861, 'MRR': 1.0}
Epoch 62 | Train Metrics: {'NDCG@1': 0.4914262103475207, 'NDCG@5': 0.6474299651960249, 'NDCG@10': 0.7012538778669429, 'MAP': 0.9999999926492861, 'MRR': 1.0}
Epoch 63 | Train Metrics: {'NDCG@1': 0.4914262103475207, 'NDCG@5': 0.6474299651960249, 'NDCG@10': 0.7012538778669429, 'MAP': 0.9999999926492861, 'MRR': 1.0}
Epoch 64 | Train Metrics: {'NDCG@1': 0.4914262103475207, 'NDCG@5': 0.6474299651960249, 'NDCG@10': 0.7012538778669429, 'MAP': 0.9999999926492861, 'MRR': 1.0}
Epoch 65 | Train Metrics: {'NDCG@1': 0.4914262103475207, 'NDCG@5': 0.6474299651960249, 'NDCG@10': 0.7012538778669429, 'MAP': 0.9999999926492861, 'MRR': 1.0}
Epoch 66 | Train Metrics: {'NDCG@1': 0.4914262103475207, 'NDCG@5': 0.6474299651960249, 'NDCG@10': 0.7012538778669429, 'MAP': 0.9999999926492861, 'MRR': 1.0}
Epoch 67 | Train Metrics: {'NDCG@1': 0.4914262103475207, 'NDCG@5': 0.6474299651960249, 'NDCG@10': 0.7012538778669429, 'MAP': 0.9999999926492861, 'MRR': 1.0}
Epoch 68 | Train Metrics: {'NDCG@1': 0.4914262103475207, 'NDCG@5': 0.6474299651960249, 'NDCG@10': 0.7012538778669429, 'MAP': 0.9999999926492861, 'MRR': 1.0}
Epoch 69 | Train Metrics: {'NDCG@1': 0.4914262103475207, 'NDCG@5': 0.6474299651960249, 'NDCG@10': 0.7012538778669429, 'MAP': 0.9999999926492861, 'MRR': 1.0}
Epoch 70 | Train Metrics: {'NDCG@1': 0.4914262103475207, 'NDCG@5': 0.6474299651960249, 'NDCG@10': 0.7012538778669429, 'MAP': 0.9999999926492861, 'MRR': 1.0}
Epoch 71 | Train Metrics: {'NDCG@1': 0.4914262103475207, 'NDCG@5': 0.6474299651960249, 'NDCG@10': 0.7012538778669429, 'MAP': 0.9999999926492861, 'MRR': 1.0}
Epoch 72 | Train Metrics: {'NDCG@1': 0.4914262103475207, 'NDCG@5': 0.6474299651960249, 'NDCG@10': 0.7012538778669429, 'MAP': 0.9999999926492861, 'MRR': 1.0}
Epoch 73 | Train Metrics: {'NDCG@1': 0.4914262103475207, 'NDCG@5': 0.6474299651960249, 'NDCG@10': 0.7012538778669429, 'MAP': 0.9999999926492861, 'MRR': 1.0}
Epoch 74 | Train Metrics: {'NDCG@1': 0.4914262103475207, 'NDCG@5': 0.6474299651960249, 'NDCG@10': 0.7012538778669429, 'MAP': 0.9999999926492861, 'MRR': 1.0}
Epoch 75 | Train Metrics: {'NDCG@1': 0.4914262103475207, 'NDCG@5': 0.6474299651960249, 'NDCG@10': 0.7012538778669429, 'MAP': 0.9999999926492861, 'MRR': 1.0}
Epoch 76 | Train Metrics: {'NDCG@1': 0.4914262103475207, 'NDCG@5': 0.6474299651960249, 'NDCG@10': 0.7012538778669429, 'MAP': 0.9999999926492861, 'MRR': 1.0}
Epoch 77 | Train Metrics: {'NDCG@1': 0.4914262103475207, 'NDCG@5': 0.6474299651960249, 'NDCG@10': 0.7012538778669429, 'MAP': 0.9999999926492861, 'MRR': 1.0}
Epoch 78 | Train Metrics: {'NDCG@1': 0.4914262103475207, 'NDCG@5': 0.6474299651960249, 'NDCG@10': 0.7012538778669429, 'MAP': 0.9999999926492861, 'MRR': 1.0}
Epoch 79 | Train Metrics: {'NDCG@1': 0.4914262103475207, 'NDCG@5': 0.6474299651960249, 'NDCG@10': 0.7012538778669429, 'MAP': 0.9999999926492861, 'MRR': 1.0}
Epoch 80 | Train Metrics: {'NDCG@1': 0.4914262103475207, 'NDCG@5': 0.6474299651960249, 'NDCG@10': 0.7012538778669429, 'MAP': 0.9999999926492861, 'MRR': 1.0}
Epoch 81 | Train Metrics: {'NDCG@1': 0.4914262103475207, 'NDCG@5': 0.6474299651960249, 'NDCG@10': 0.7012538778669429, 'MAP': 0.9999999926492861, 'MRR': 1.0}
Epoch 82 | Train Metrics: {'NDCG@1': 0.4914262103475207, 'NDCG@5': 0.6474299651960249, 'NDCG@10': 0.7012538778669429, 'MAP': 0.9999999926492861, 'MRR': 1.0}
Epoch 83 | Train Metrics: {'NDCG@1': 0.4914262103475207, 'NDCG@5': 0.6474299651960249, 'NDCG@10': 0.7012538778669429, 'MAP': 0.9999999926492861, 'MRR': 1.0}
Epoch 84 | Train Metrics: {'NDCG@1': 0.4914262103475207, 'NDCG@5': 0.6474299651960249, 'NDCG@10': 0.7012538778669429, 'MAP': 0.9999999926492861, 'MRR': 1.0}
Epoch 85 | Train Metrics: {'NDCG@1': 0.4914262103475207, 'NDCG@5': 0.6474299651960249, 'NDCG@10': 0.7012538778669429, 'MAP': 0.9999999926492861, 'MRR': 1.0}
Epoch 86 | Train Metrics: {'NDCG@1': 0.4914262103475207, 'NDCG@5': 0.6474299651960249, 'NDCG@10': 0.7012538778669429, 'MAP': 0.9999999926492861, 'MRR': 1.0}
Epoch 87 | Train Metrics: {'NDCG@1': 0.4914262103475207, 'NDCG@5': 0.6474299651960249, 'NDCG@10': 0.7012538778669429, 'MAP': 0.9999999926492861, 'MRR': 1.0}
Epoch 88 | Train Metrics: {'NDCG@1': 0.4914262103475207, 'NDCG@5': 0.6474299651960249, 'NDCG@10': 0.7012538778669429, 'MAP': 0.9999999926492861, 'MRR': 1.0}
Epoch 89 | Train Metrics: {'NDCG@1': 0.4914262103475207, 'NDCG@5': 0.6474299651960249, 'NDCG@10': 0.7012538778669429, 'MAP': 0.9999999926492861, 'MRR': 1.0}
Epoch 90 | Train Metrics: {'NDCG@1': 0.4914262103475207, 'NDCG@5': 0.6474299651960249, 'NDCG@10': 0.7012538778669429, 'MAP': 0.9999999926492861, 'MRR': 1.0}
Epoch 91 | Train Metrics: {'NDCG@1': 0.4914262103475207, 'NDCG@5': 0.6474299651960249, 'NDCG@10': 0.7012538778669429, 'MAP': 0.9999999926492861, 'MRR': 1.0}
Epoch 92 | Train Metrics: {'NDCG@1': 0.4914262103475207, 'NDCG@5': 0.6474299651960249, 'NDCG@10': 0.7012538778669429, 'MAP': 0.9999999926492861, 'MRR': 1.0}
Epoch 93 | Train Metrics: {'NDCG@1': 0.4914262103475207, 'NDCG@5': 0.6474299651960249, 'NDCG@10': 0.7012538778669429, 'MAP': 0.9999999926492861, 'MRR': 1.0}
Epoch 94 | Train Metrics: {'NDCG@1': 0.4914262103475207, 'NDCG@5': 0.6474299651960249, 'NDCG@10': 0.7012538778669429, 'MAP': 0.9999999926492861, 'MRR': 1.0}
Epoch 95 | Train Metrics: {'NDCG@1': 0.4914262103475207, 'NDCG@5': 0.6474299651960249, 'NDCG@10': 0.7012538778669429, 'MAP': 0.9999999926492861, 'MRR': 1.0}
Epoch 96 | Train Metrics: {'NDCG@1': 0.4914262103475207, 'NDCG@5': 0.6474299651960249, 'NDCG@10': 0.7012538778669429, 'MAP': 0.9999999926492861, 'MRR': 1.0}
Epoch 97 | Train Metrics: {'NDCG@1': 0.4914262103475207, 'NDCG@5': 0.6474299651960249, 'NDCG@10': 0.7012538778669429, 'MAP': 0.9999999926492861, 'MRR': 1.0}
Epoch 98 | Train Metrics: {'NDCG@1': 0.4914262103475207, 'NDCG@5': 0.6474299651960249, 'NDCG@10': 0.7012538778669429, 'MAP': 0.9999999926492861, 'MRR': 1.0}
Epoch 99 | Train Metrics: {'NDCG@1': 0.4914262103475207, 'NDCG@5': 0.6474299651960249, 'NDCG@10': 0.7012538778669429, 'MAP': 0.9999999926492861, 'MRR': 1.0}
Epoch 100 | Train Metrics: {'NDCG@1': 0.4914262103475207, 'NDCG@5': 0.6474299651960249, 'NDCG@10': 0.7012538778669429, 'MAP': 0.9999999926492861, 'MRR': 1.0}
Epoch 101 | Train Metrics: {'NDCG@1': 0.4914262103475207, 'NDCG@5': 0.6474299651960249, 'NDCG@10': 0.7012538778669429, 'MAP': 0.9999999926492861, 'MRR': 1.0}
Epoch 102 | Train Metrics: {'NDCG@1': 0.4914262103475207, 'NDCG@5': 0.6474299651960249, 'NDCG@10': 0.7012538778669429, 'MAP': 0.9999999926492861, 'MRR': 1.0}
Epoch 103 | Train Metrics: {'NDCG@1': 0.4914262103475207, 'NDCG@5': 0.6474299651960249, 'NDCG@10': 0.7012538778669429, 'MAP': 0.9999999926492861, 'MRR': 1.0}
