# train_severity_l2r_rank 2026-03-29T09:05:52.723852
# model=listmle test_mode=train_thresholds csv=severity/logging_monitoring_anomalies.csv
# config=/home/work/lab_project/severity/experiment_config.yaml

[로그 파일] /home/work/lab_project/severity/experiment_logs/all_20260329_090533/logs/l2r_listmle_train_thresholds.log
[[ 0.      0.     -0.8351 -1.7189  1.4577  0.122   1.0859  0.5791 -1.2547  1.2696 -1.309   1.1615  1.3574  0.7751 -1.7115 -0.1346 -0.9621 -1.3686  1.0604  0.8664  0.7023  0.882   1.3367 -0.8785
   0.4453  0.4473  0.635   0.7097 -1.3365 -0.7106]
 [ 1.      0.      0.1243 -0.3186 -1.2696 -1.2888  0.3412  0.4589  1.4455 -0.1913  0.2913 -1.2219  1.3574  0.6019  1.7109 -1.085  -1.6556  1.5471 -0.5     0.8664 -1.4193 -0.881  -0.4545  1.4664
  -0.45    0.4473 -0.2115  0.0033  1.3381 -1.4171]
 [ 2.      0.      0.9625  0.3535 -1.2696  0.12    0.1687  1.4359 -1.1057 -0.4565  1.3232 -0.0269 -0.5194  0.6019 -0.9671 -0.9529  0.4249 -0.0661  0.493   0.518  -0.7121 -0.2933 -1.3501 -1.4647
   1.3406 -1.3473  0.1516  0.7097 -0.445   1.409 ]
 [ 1.      0.     -1.6167 -1.2117 -0.1787 -0.6923 -1.2574 -0.5276 -0.8082  0.3122  0.5782  1.5341 -0.6584  1.1216 -1.1053  0.515  -0.442  -0.3785  0.7767 -1.5721  0.7023 -1.4687  1.3367 -0.8785
   0.4453 -1.3473  1.5224  0.7097 -1.3365  1.409 ]]
ListMLE Epoch 0 | Metrics: {'NDCG@1': 0.38366124893071, 'NDCG@5': 0.37745616844947366, 'NDCG@10': 0.38658480523705735, 'MAP': 0.7602557039371937, 'MRR': 0.8542914171656686}
ListMLE Epoch 1 | Metrics: {'NDCG@1': 0.3939264328485886, 'NDCG@5': 0.3867829312549765, 'NDCG@10': 0.38809025634964245, 'MAP': 0.7606244746296367, 'MRR': 0.8689620758483034}
ListMLE Epoch 2 | Metrics: {'NDCG@1': 0.3845166809238666, 'NDCG@5': 0.38947271595373384, 'NDCG@10': 0.3861894776180962, 'MAP': 0.7604361984565015, 'MRR': 0.8739520958083832}
ListMLE Epoch 3 | Metrics: {'NDCG@1': 0.3875106928999145, 'NDCG@5': 0.3913148694789401, 'NDCG@10': 0.3900795098844375, 'MAP': 0.7600893349358534, 'MRR': 0.8687125748502993}
ListMLE Epoch 4 | Metrics: {'NDCG@1': 0.38922155688622756, 'NDCG@5': 0.39383190172968613, 'NDCG@10': 0.3890103235522871, 'MAP': 0.7604706073324243, 'MRR': 0.8624750499001996}
ListMLE Epoch 5 | Metrics: {'NDCG@1': 0.38451668092386654, 'NDCG@5': 0.3944707190865439, 'NDCG@10': 0.39048752520169616, 'MAP': 0.7604290570002611, 'MRR': 0.8640718562874252}
ListMLE Epoch 6 | Metrics: {'NDCG@1': 0.3913601368691189, 'NDCG@5': 0.39365576450542733, 'NDCG@10': 0.38917707821106073, 'MAP': 0.7601072227927502, 'MRR': 0.8693113772455089}
ListMLE Epoch 7 | Metrics: {'NDCG@1': 0.3849443969204448, 'NDCG@5': 0.3895601890387182, 'NDCG@10': 0.38839376790486096, 'MAP': 0.7595105810751284, 'MRR': 0.8613273453093813}
ListMLE Epoch 8 | Metrics: {'NDCG@1': 0.39435414884516684, 'NDCG@5': 0.39117679086058543, 'NDCG@10': 0.3884429283537594, 'MAP': 0.7596082332786971, 'MRR': 0.8620758483033932}
ListMLE Epoch 9 | Metrics: {'NDCG@1': 0.40333618477331046, 'NDCG@5': 0.3955861461854852, 'NDCG@10': 0.3907112282225773, 'MAP': 0.7599594634705528, 'MRR': 0.8625249500998003}
ListMLE Epoch 10 | Metrics: {'NDCG@1': 0.3926432848588538, 'NDCG@5': 0.3977541543144204, 'NDCG@10': 0.3896600349367642, 'MAP': 0.759686411237468, 'MRR': 0.8629241516966067}
ListMLE Epoch 11 | Metrics: {'NDCG@1': 0.39050470487596234, 'NDCG@5': 0.39933325131418457, 'NDCG@10': 0.39163061001114746, 'MAP': 0.7596625211579816, 'MRR': 0.862075848303393}
ListMLE Epoch 12 | Metrics: {'NDCG@1': 0.4029084687767323, 'NDCG@5': 0.40013836975889105, 'NDCG@10': 0.39450159881768676, 'MAP': 0.7598508165864455, 'MRR': 0.8569361277445109}
ListMLE Epoch 13 | Metrics: {'NDCG@1': 0.41830624465355004, 'NDCG@5': 0.39846559549615107, 'NDCG@10': 0.39496525327764714, 'MAP': 0.7599571177502864, 'MRR': 0.8594810379241515}
ListMLE Epoch 14 | Metrics: {'NDCG@1': 0.4200171086398631, 'NDCG@5': 0.4018646116954318, 'NDCG@10': 0.3965661860315055, 'MAP': 0.7600975689714544, 'MRR': 0.8644710578842316}
ListMLE Epoch 15 | Metrics: {'NDCG@1': 0.41916167664670656, 'NDCG@5': 0.40367886388624286, 'NDCG@10': 0.3974102375692405, 'MAP': 0.7602353131684091, 'MRR': 0.8657185628742514}
ListMLE Epoch 16 | Metrics: {'NDCG@1': 0.4187339606501283, 'NDCG@5': 0.40503888725565446, 'NDCG@10': 0.39761929675390545, 'MAP': 0.7601213292449537, 'MRR': 0.8643712574850299}
ListMLE Epoch 17 | Metrics: {'NDCG@1': 0.40633019674935844, 'NDCG@5': 0.4043144699787816, 'NDCG@10': 0.39717076455514017, 'MAP': 0.7599722860730981, 'MRR': 0.8637724550898204}
ListMLE Epoch 18 | Metrics: {'NDCG@1': 0.4170230966638152, 'NDCG@5': 0.4061777412703075, 'NDCG@10': 0.3983836389450111, 'MAP': 0.7599681756589356, 'MRR': 0.866367265469062}
ListMLE Epoch 19 | Metrics: {'NDCG@1': 0.4251497005988024, 'NDCG@5': 0.4042033165288341, 'NDCG@10': 0.39943407761007255, 'MAP': 0.7597969243736307, 'MRR': 0.8677644710578841}
ListMLE Epoch 20 | Metrics: {'NDCG@1': 0.4311377245508982, 'NDCG@5': 0.4056775403841463, 'NDCG@10': 0.3985377130285707, 'MAP': 0.75987570271532, 'MRR': 0.8703592814371259}
ListMLE Epoch 21 | Metrics: {'NDCG@1': 0.441830624465355, 'NDCG@5': 0.40673750866266317, 'NDCG@10': 0.4020482555381667, 'MAP': 0.7595898421567159, 'MRR': 0.8703592814371257}
ListMLE Epoch 22 | Metrics: {'NDCG@1': 0.44995722840034214, 'NDCG@5': 0.408142139982501, 'NDCG@10': 0.40256255865307705, 'MAP': 0.7596368166938777, 'MRR': 0.8721057884231538}
ListMLE Epoch 23 | Metrics: {'NDCG@1': 0.4375534644995723, 'NDCG@5': 0.4053724650714233, 'NDCG@10': 0.39938343653763453, 'MAP': 0.7591708767128958, 'MRR': 0.863373253493014}
ListMLE Epoch 24 | Metrics: {'NDCG@1': 0.4443969204448247, 'NDCG@5': 0.4069559671789224, 'NDCG@10': 0.4025255496340506, 'MAP': 0.7590084344929797, 'MRR': 0.8672654690618762}
ListMLE Epoch 25 | Metrics: {'NDCG@1': 0.4414029084687767, 'NDCG@5': 0.4090728003618123, 'NDCG@10': 0.40133668791915683, 'MAP': 0.7589365872475048, 'MRR': 0.8693612774451098}
ListMLE Epoch 26 | Metrics: {'NDCG@1': 0.4516680923866553, 'NDCG@5': 0.4099779283815091, 'NDCG@10': 0.4028495946504286, 'MAP': 0.7587190299599582, 'MRR': 0.8754491017964071}
ListMLE Epoch 27 | Metrics: {'NDCG@1': 0.4452523524379812, 'NDCG@5': 0.41115348212410097, 'NDCG@10': 0.4028551162519385, 'MAP': 0.7585842288811825, 'MRR': 0.8682634730538922}
ListMLE Epoch 28 | Metrics: {'NDCG@1': 0.4302822925577417, 'NDCG@5': 0.4090900762844852, 'NDCG@10': 0.4003214760765361, 'MAP': 0.7580068563968257, 'MRR': 0.8547904191616766}
ListMLE Epoch 29 | Metrics: {'NDCG@1': 0.4217279726261762, 'NDCG@5': 0.40865879293213575, 'NDCG@10': 0.4003093782064211, 'MAP': 0.7582969970502315, 'MRR': 0.8512974051896208}
ListMLE Epoch 30 | Metrics: {'NDCG@1': 0.4311377245508982, 'NDCG@5': 0.41020058595493347, 'NDCG@10': 0.40176654168191217, 'MAP': 0.7585125123676246, 'MRR': 0.8562874251497006}
ListMLE Epoch 31 | Metrics: {'NDCG@1': 0.43071000855432, 'NDCG@5': 0.40918956536671097, 'NDCG@10': 0.3993527270064183, 'MAP': 0.7584917568294252, 'MRR': 0.8575349301397205}
ListMLE Epoch 32 | Metrics: {'NDCG@1': 0.4388366124893071, 'NDCG@5': 0.4112885649855092, 'NDCG@10': 0.40041624695067113, 'MAP': 0.758810536360185, 'MRR': 0.8632734530938123}
ListMLE Epoch 33 | Metrics: {'NDCG@1': 0.43798118049615054, 'NDCG@5': 0.41079177001343126, 'NDCG@10': 0.39819355845937365, 'MAP': 0.7588199729337198, 'MRR': 0.8635229540918162}
ListMLE Epoch 34 | Metrics: {'NDCG@1': 0.44268605645851156, 'NDCG@5': 0.41221036323226967, 'NDCG@10': 0.3997182342543473, 'MAP': 0.7589131774946977, 'MRR': 0.8615269461077845}

[피처 중요도 로그] /home/work/lab_project/severity/feature_importance_train_severity_l2r_listmle_train_thresholds_20260329_090916.log

[검증] train score 경계(threshold) 기준 분류 정확도(참고): 0.2505

[Train] 실제 Severity와 비교

=== Train (train_thresholds) ===
Accuracy: 0.2821
Macro precision: 0.2821
Macro recall: 0.2821
Macro F1: 0.2821
Weighted precision: 0.2821
Weighted recall: 0.2821
Weighted F1: 0.2821
              precision    recall  f1-score   support

    Critical     0.3012    0.3012    0.3012     15114
        High     0.2570    0.2570    0.2570     15048
      Medium     0.2487    0.2487    0.2487     14906
         Low     0.3214    0.3214    0.3214     14932

    accuracy                         0.2821     60000
   macro avg     0.2821    0.2821    0.2821     60000
weighted avg     0.2821    0.2821    0.2821     60000


Train에서 추정한 score 경계(내림차순 상위부터 Critical→…): [1.702991 1.603059 1.505807]
(참고) train score min/max: 0.970546 / 2.476583

[Test] 실제 Severity와 비교

=== Test (mode=train_thresholds) ===
Accuracy: 0.2466
Macro precision: 0.2464
Macro recall: 0.2464
Macro F1: 0.2461
Weighted precision: 0.2464
Weighted recall: 0.2466
Weighted F1: 0.2463
              precision    recall  f1-score   support

    Critical     0.2545    0.2786    0.2660      5108
        High     0.2378    0.2421    0.2399      4920
      Medium     0.2461    0.2306    0.2381      5027
         Low     0.2471    0.2344    0.2406      4945

    accuracy                         0.2466     20000
   macro avg     0.2464    0.2464    0.2461     20000
weighted avg     0.2464    0.2466    0.2463     20000


저장: severity/logging_monitoring_anomalies_l2r_listmle_train_thresholds.csv

=== 소요 시간 ===
CSV 로드·train/val/test 분할: 0.358 s
전처리(인코딩·스케일) + 학습(train∪val L2R): 203.196 s
추론·경계·Train·Val·Test 평가·저장(전수): 2.019 s
  └ Test severity 정답 비교(report_metrics)만: 0.371 s
전체: 206.063 s

=== 랭킹 지표 MRR (L2R/metrics, relevance=0..3) ===
Validation MRR: 0.868263
Test MRR:       0.848503
