[로그 파일] /home/work/lab_project/severity/experiment_logs/all_20260329_074159/logs/anomaly_deep_stacked_ae_train_thresholds.log

[피처 중요도 로그] /home/work/lab_project/severity/feature_importance_train_severity_anomaly_deep_stacked_ae_train_thresholds_20260329_084123.log

[검증] train 비율로 배정한 분류 정확도(참고): 0.2480

[Train] 실제 Severity와 비교 (train 비율 배정)

=== Train (비율 배정) ===
Accuracy: 0.2487
Macro precision: 0.2487
Macro recall: 0.2487
Macro F1: 0.2487
Weighted precision: 0.2487
Weighted recall: 0.2487
Weighted F1: 0.2487
              precision    recall  f1-score   support

    Critical     0.2526    0.2526    0.2526     15114
        High     0.2453    0.2453    0.2453     15048
      Medium     0.2496    0.2496    0.2496     14906
         Low     0.2474    0.2474    0.2474     14932

    accuracy                         0.2487     60000
   macro avg     0.2487    0.2487    0.2487     60000
weighted avg     0.2487    0.2487    0.2487     60000


Train에서 추정한 score 경계(내림차순 상위부터 Critical→…): [0.06229  0.044111 0.032799]
(참고) train score min/max: 0.006437 / 0.678457

[Test] 실제 Severity와 비교

=== Test (mode=train_thresholds) ===
Accuracy: 0.2509
Macro precision: 0.2511
Macro recall: 0.2507
Macro F1: 0.2505
Weighted precision: 0.2512
Weighted recall: 0.2509
Weighted F1: 0.2506
              precision    recall  f1-score   support

    Critical     0.2519    0.2709    0.2611      5108
        High     0.2416    0.2598    0.2504      4920
      Medium     0.2570    0.2500    0.2535      5027
         Low     0.2540    0.2222    0.2371      4945

    accuracy                         0.2509     20000
   macro avg     0.2511    0.2507    0.2505     20000
weighted avg     0.2512    0.2509    0.2506     20000


저장: severity/logging_monitoring_anomalies_anomaly_deep_stacked_ae_train_thresholds.csv

=== 소요 시간 ===
CSV 로드·train/val/test 분할: 0.359 s
전처리(인코딩·스케일) + 학습(train∪val): 55.595 s
추론·경계·평가·저장(전수): 3.533 s
  └ Test severity 정답 비교(report_metrics)만: 0.374 s
전체: 59.487 s

=== 랭킹 지표 MRR (relevance=0..3) ===
Validation MRR: 0.878244
Test MRR:       0.853293
