[로그 파일] /home/work/lab_project/severity/experiment_logs/all_20260329_074159/logs/anomaly_isolation_forest_train_thresholds.log

[피처 중요도 로그] /home/work/lab_project/severity/feature_importance_train_severity_anomaly_isolation_forest_train_thresholds_20260329_084132.log

[검증] train 비율로 배정한 분류 정확도(참고): 0.2566

[Train] 실제 Severity와 비교 (train 비율 배정)

=== Train (비율 배정) ===
Accuracy: 0.2483
Macro precision: 0.2483
Macro recall: 0.2483
Macro F1: 0.2483
Weighted precision: 0.2483
Weighted recall: 0.2483
Weighted F1: 0.2483
              precision    recall  f1-score   support

    Critical     0.2510    0.2510    0.2510     15114
        High     0.2459    0.2459    0.2459     15048
      Medium     0.2490    0.2490    0.2490     14906
         Low     0.2473    0.2473    0.2473     14932

    accuracy                         0.2483     60000
   macro avg     0.2483    0.2483    0.2483     60000
weighted avg     0.2483    0.2483    0.2483     60000


Train에서 추정한 score 경계(내림차순 상위부터 Critical→…): [0.539779 0.529031 0.518269]
(참고) train score min/max: 0.470025 / 0.591259

[Test] 실제 Severity와 비교

=== Test (mode=train_thresholds) ===
Accuracy: 0.2474
Macro precision: 0.2478
Macro recall: 0.2462
Macro F1: 0.2339
Weighted precision: 0.2479
Weighted recall: 0.2474
Weighted F1: 0.2344
              precision    recall  f1-score   support

    Critical     0.2498    0.4207    0.3134      5108
        High     0.2409    0.2640    0.2519      4920
      Medium     0.2483    0.1856    0.2124      5027
         Low     0.2523    0.1147    0.1577      4945

    accuracy                         0.2474     20000
   macro avg     0.2478    0.2462    0.2339     20000
weighted avg     0.2479    0.2474    0.2344     20000


저장: severity/logging_monitoring_anomalies_anomaly_isolation_forest_train_thresholds.csv

=== 소요 시간 ===
CSV 로드·train/val/test 분할: 0.370 s
전처리(인코딩·스케일) + 학습(train∪val): 1.914 s
추론·경계·평가·저장(전수): 4.053 s
  └ Test severity 정답 비교(report_metrics)만: 0.362 s
전체: 6.337 s

=== 랭킹 지표 MRR (relevance=0..3) ===
Validation MRR: 0.859381
Test MRR:       0.888224
