[로그 파일] /home/work/lab_project/severity/experiment_logs/all_20260329_074159/logs/anomaly_denoising_ae_train_thresholds.log

[피처 중요도 로그] /home/work/lab_project/severity/feature_importance_train_severity_anomaly_denoising_ae_train_thresholds_20260329_083836.log

[검증] train 비율로 배정한 분류 정확도(참고): 0.2496

[Train] 실제 Severity와 비교 (train 비율 배정)

=== Train (비율 배정) ===
Accuracy: 0.2490
Macro precision: 0.2489
Macro recall: 0.2489
Macro F1: 0.2489
Weighted precision: 0.2490
Weighted recall: 0.2490
Weighted F1: 0.2490
              precision    recall  f1-score   support

    Critical     0.2502    0.2502    0.2502     15114
        High     0.2510    0.2510    0.2510     15048
      Medium     0.2476    0.2476    0.2476     14906
         Low     0.2469    0.2469    0.2469     14932

    accuracy                         0.2490     60000
   macro avg     0.2489    0.2489    0.2489     60000
weighted avg     0.2490    0.2490    0.2490     60000


Train에서 추정한 score 경계(내림차순 상위부터 Critical→…): [0.001563 0.001294 0.001087]
(참고) train score min/max: 0.000410 / 0.008756

[Test] 실제 Severity와 비교

=== Test (mode=train_thresholds) ===
Accuracy: 0.2556
Macro precision: 0.2554
Macro recall: 0.2555
Macro F1: 0.2551
Weighted precision: 0.2554
Weighted recall: 0.2556
Weighted F1: 0.2552
              precision    recall  f1-score   support

    Critical     0.2605    0.2866    0.2729      5108
        High     0.2562    0.2661    0.2610      4920
      Medium     0.2532    0.2415    0.2472      5027
         Low     0.2515    0.2277    0.2390      4945

    accuracy                         0.2556     20000
   macro avg     0.2554    0.2555    0.2551     20000
weighted avg     0.2554    0.2556    0.2552     20000


저장: severity/logging_monitoring_anomalies_anomaly_denoising_ae_train_thresholds.csv

=== 소요 시간 ===
CSV 로드·train/val/test 분할: 0.369 s
전처리(인코딩·스케일) + 학습(train∪val): 18.058 s
추론·경계·평가·저장(전수): 2.472 s
  └ Test severity 정답 비교(report_metrics)만: 0.368 s
전체: 20.899 s

=== 랭킹 지표 MRR (relevance=0..3) ===
Validation MRR: 0.860729
Test MRR:       0.860329
