[로그 파일] /home/work/lab_project/severity/experiment_logs/all_20260329_074159/logs/anomaly_vae_train_thresholds.log

[피처 중요도 로그] /home/work/lab_project/severity/feature_importance_train_severity_anomaly_vae_train_thresholds_20260329_083855.log

[검증] train 비율로 배정한 분류 정확도(참고): 0.2490

[Train] 실제 Severity와 비교 (train 비율 배정)

=== Train (비율 배정) ===
Accuracy: 0.2522
Macro precision: 0.2521
Macro recall: 0.2521
Macro F1: 0.2521
Weighted precision: 0.2522
Weighted recall: 0.2522
Weighted F1: 0.2522
              precision    recall  f1-score   support

    Critical     0.2537    0.2537    0.2537     15114
        High     0.2578    0.2578    0.2578     15048
      Medium     0.2482    0.2482    0.2482     14906
         Low     0.2489    0.2489    0.2489     14932

    accuracy                         0.2522     60000
   macro avg     0.2521    0.2521    0.2521     60000
weighted avg     0.2522    0.2522    0.2522     60000


Train에서 추정한 score 경계(내림차순 상위부터 Critical→…): [0.184427 0.127136 0.087461]
(참고) train score min/max: 0.032462 / 0.887016

[Test] 실제 Severity와 비교

=== Test (mode=train_thresholds) ===
Accuracy: 0.2487
Macro precision: 0.2482
Macro recall: 0.2481
Macro F1: 0.2454
Weighted precision: 0.2483
Weighted recall: 0.2487
Weighted F1: 0.2457
              precision    recall  f1-score   support

    Critical     0.2527    0.3381    0.2892      5108
        High     0.2437    0.2492    0.2464      4920
      Medium     0.2535    0.2170    0.2338      5027
         Low     0.2430    0.1883    0.2122      4945

    accuracy                         0.2487     20000
   macro avg     0.2482    0.2481    0.2454     20000
weighted avg     0.2483    0.2487    0.2457     20000


저장: severity/logging_monitoring_anomalies_anomaly_vae_train_thresholds.csv

=== 소요 시간 ===
CSV 로드·train/val/test 분할: 0.365 s
전처리(인코딩·스케일) + 학습(train∪val): 12.876 s
추론·경계·평가·저장(전수): 2.224 s
  └ Test severity 정답 비교(report_metrics)만: 0.370 s
전체: 15.464 s

=== 랭킹 지표 MRR (relevance=0..3) ===
Validation MRR: 0.868762
Test MRR:       0.863024
