[로그 파일] /home/work/lab_project/severity/experiment_logs/all_20260329_074159/logs/cls_random_forest_train_thresholds.log

[피처 중요도 로그] /home/work/lab_project/severity/feature_importance_train_severity_cls_random_forest_train_thresholds_20260329_083707.log

[검증] train 비율로 배정한 분류 정확도(참고): 0.2530

[Train] 실제 Severity와 비교 (train 비율 배정)

=== Train (비율 배정) ===
Accuracy: 0.7539
Macro precision: 0.7538
Macro recall: 0.7538
Macro F1: 0.7538
Weighted precision: 0.7539
Weighted recall: 0.7539
Weighted F1: 0.7539
              precision    recall  f1-score   support

    Critical     0.7907    0.7907    0.7907     15114
        High     0.7343    0.7343    0.7343     15048
      Medium     0.7174    0.7174    0.7174     14906
         Low     0.7730    0.7730    0.7730     14932

    accuracy                         0.7539     60000
   macro avg     0.7538    0.7538    0.7538     60000
weighted avg     0.7539    0.7539    0.7539     60000


Train에서 추정한 score 경계(내림차순 상위부터 Critical→…): [1.565334 1.501648 1.436009]
(참고) train score min/max: 0.961710 / 2.044571

[Test] 실제 Severity와 비교

=== Test (mode=train_thresholds) ===
Accuracy: 0.2492
Macro precision: 0.2469
Macro recall: 0.2506
Macro F1: 0.1992
Weighted precision: 0.2471
Weighted recall: 0.2492
Weighted F1: 0.1989
              precision    recall  f1-score   support

    Critical     0.2620    0.0906    0.1347      5108
        High     0.2441    0.5569    0.3394      4920
      Medium     0.2558    0.3378    0.2912      5027
         Low     0.2258    0.0170    0.0316      4945

    accuracy                         0.2492     20000
   macro avg     0.2469    0.2506    0.1992     20000
weighted avg     0.2471    0.2492    0.1989     20000


저장: severity/logging_monitoring_anomalies_cls_random_forest_train_thresholds.csv

=== 소요 시간 ===
CSV 로드·train/val/test 분할: 0.367 s
전처리(인코딩·스케일) + 학습(train∪val): 27.794 s
추론·경계·평가·저장(전수): 2.849 s
  └ Test severity 정답 비교(report_metrics)만: 0.355 s
전체: 31.010 s

=== 랭킹 지표 MRR (relevance=0..3) ===
Validation MRR: 0.877495
Test MRR:       0.878842
