# train_severity_l2r_rank 2026-03-29T07:42:23.572759
# model=listmle test_mode=train_thresholds csv=severity/logging_monitoring_anomalies.csv
# config=/home/work/lab_project/severity/experiment_config.yaml

[로그 파일] /home/work/lab_project/severity/experiment_logs/all_20260329_074159/logs/l2r_listmle_train_thresholds.log
[[ 1.0000000e+00  6.2400000e+02 -7.9714662e-01  1.4461842e+00
  -9.1263491e-01 -6.3371211e-01  1.1220639e+00  1.4362249e+00
  -1.6413568e+00  2.8379825e-01  3.3405206e-01 -2.8533733e-01
   1.2176069e+00 -1.6500374e+00  9.2686421e-01  3.5791239e-01
   1.1277900e+00  1.1402289e+00  1.0612936e+00  1.7196946e-01
   1.4067472e+00  4.4749588e-01  1.1444526e+00  7.1355832e-01
  -4.4530973e-01  6.9973540e-01]
 [ 2.0000000e+00  2.7200000e+02 -3.1354776e-01  2.8048629e-01
   3.6175752e-01  9.9879801e-01  2.4641813e-01 -1.0538175e+00
   9.8297578e-01 -1.4095831e+00  4.5690680e-01 -1.3659213e+00
   1.2871525e+00 -7.8210521e-01 -1.3283786e+00 -2.0731904e-01
  -9.5566750e-01  1.4779135e+00  9.9055254e-01  1.7196946e-01
  -7.1289438e-01 -4.4904989e-01 -1.1460692e+00  1.4220157e+00
   4.4885662e-01 -7.0799338e-03]
 [ 2.0000000e+00  1.5100000e+02  1.6987244e+00 -4.3319213e-01
   1.6361499e+00  1.1690339e+00  8.4991318e-01  1.0142897e+00
   3.4633008e-01 -1.0522418e+00 -6.8742031e-01 -5.4372919e-01
   1.5653350e+00 -8.7759510e-02  1.7125927e+00  5.0585508e-01
  -9.5566750e-01  4.5263487e-01  4.9536473e-01 -1.7515139e-01
  -6.3471491e-03 -4.4904989e-01 -1.2410433e+00  1.4220157e+00
   1.3430229e+00  6.9973540e-01]
 [ 2.0000000e+00  1.2870000e+03  6.3418090e-01 -5.5086946e-01
   3.6175752e-01  1.5959862e+00 -1.7136273e+00 -1.2249472e+00
  -9.4177347e-01 -1.7089865e+00  4.2866740e-01 -2.2298345e-02
  -1.2860352e+00 -1.6500374e+00  3.2242069e-01 -1.6804639e+00
   4.3330419e-01 -9.8565221e-01  1.7685280e-04  1.2133319e+00
   7.0020008e-01  1.3440417e+00 -1.2607309e+00 -7.0335650e-01
   1.3430229e+00 -1.4207106e+00]]
ListMLE Epoch 0 | Metrics: {'NDCG@1': 0.3865512611763362, 'NDCG@5': 0.4935288091711038, 'NDCG@10': 0.6544635263850035, 'MAP': 0.7963853177222949, 'MRR': 0.8524395120975805}
ListMLE Epoch 1 | Metrics: {'NDCG@1': 0.388865084126032, 'NDCG@5': 0.49435551599583855, 'NDCG@10': 0.6550721968662443, 'MAP': 0.7961355566269701, 'MRR': 0.853345045276659}
ListMLE Epoch 2 | Metrics: {'NDCG@1': 0.3848373182506356, 'NDCG@5': 0.49323333172638323, 'NDCG@10': 0.6542194550387892, 'MAP': 0.7964920666846227, 'MRR': 0.8500199960007998}
ListMLE Epoch 3 | Metrics: {'NDCG@1': 0.3936069928871369, 'NDCG@5': 0.49354693951744566, 'NDCG@10': 0.6542134899639547, 'MAP': 0.7972603282636536, 'MRR': 0.8544991001799639}
ListMLE Epoch 4 | Metrics: {'NDCG@1': 0.3968349187305396, 'NDCG@5': 0.4944436321446602, 'NDCG@10': 0.6559936936896733, 'MAP': 0.7975480612973501, 'MRR': 0.8559988002399519}
ListMLE Epoch 5 | Metrics: {'NDCG@1': 0.39577798725969093, 'NDCG@5': 0.49373863267944396, 'NDCG@10': 0.6556225731612099, 'MAP': 0.7974179893202967, 'MRR': 0.855868826234753}
ListMLE Epoch 6 | Metrics: {'NDCG@1': 0.3981203759248151, 'NDCG@5': 0.49409899805106583, 'NDCG@10': 0.6558458944120525, 'MAP': 0.7978074204149822, 'MRR': 0.85623875224955}
ListMLE Epoch 7 | Metrics: {'NDCG@1': 0.3990630445339503, 'NDCG@5': 0.49338074591888353, 'NDCG@10': 0.6561527828299838, 'MAP': 0.7974289753709648, 'MRR': 0.8569843174222298}
ListMLE Epoch 8 | Metrics: {'NDCG@1': 0.39757762733167656, 'NDCG@5': 0.49552402933316364, 'NDCG@10': 0.6555332425432775, 'MAP': 0.7966126352735757, 'MRR': 0.8556845773702402}
ListMLE Epoch 9 | Metrics: {'NDCG@1': 0.3937212557488502, 'NDCG@5': 0.49334050739573676, 'NDCG@10': 0.6556218445439969, 'MAP': 0.796902193259672, 'MRR': 0.8548247493358472}
ListMLE Epoch 10 | Metrics: {'NDCG@1': 0.39652069586082783, 'NDCG@5': 0.49319841389325625, 'NDCG@10': 0.6554618463176688, 'MAP': 0.7963960551447715, 'MRR': 0.8525652012454651}
ListMLE Epoch 11 | Metrics: {'NDCG@1': 0.3980918102093867, 'NDCG@5': 0.4956629786653453, 'NDCG@10': 0.6553261841645985, 'MAP': 0.7970099877305903, 'MRR': 0.8558588282343531}
ListMLE Epoch 12 | Metrics: {'NDCG@1': 0.3982632045019568, 'NDCG@5': 0.4954677309181205, 'NDCG@10': 0.6552027527512928, 'MAP': 0.7972573174727257, 'MRR': 0.8559288142371525}
ListMLE Epoch 13 | Metrics: {'NDCG@1': 0.39860599308709693, 'NDCG@5': 0.4951080612733463, 'NDCG@10': 0.6559833699194528, 'MAP': 0.7978045329208487, 'MRR': 0.8587682463507298}
ListMLE Epoch 14 | Metrics: {'NDCG@1': 0.4014625646299312, 'NDCG@5': 0.4958054717196393, 'NDCG@10': 0.6566660121786008, 'MAP': 0.7985788346865857, 'MRR': 0.8609278144371125}
ListMLE Epoch 15 | Metrics: {'NDCG@1': 0.40151969606078786, 'NDCG@5': 0.49776813483346904, 'NDCG@10': 0.6569716869498458, 'MAP': 0.7988788681094662, 'MRR': 0.8629174165166966}
ListMLE Epoch 16 | Metrics: {'NDCG@1': 0.405861684805896, 'NDCG@5': 0.4970451681589756, 'NDCG@10': 0.6575307799544361, 'MAP': 0.7985426020779158, 'MRR': 0.864257148570286}
ListMLE Epoch 17 | Metrics: {'NDCG@1': 0.4007484217442226, 'NDCG@5': 0.4952662022615654, 'NDCG@10': 0.6562878987414597, 'MAP': 0.7978642523509785, 'MRR': 0.86125774845031}
ListMLE Epoch 18 | Metrics: {'NDCG@1': 0.39594938155226095, 'NDCG@5': 0.49410369115152414, 'NDCG@10': 0.6558837130165149, 'MAP': 0.7978008565745041, 'MRR': 0.8593581283743251}
ListMLE Epoch 19 | Metrics: {'NDCG@1': 0.40166252463792956, 'NDCG@5': 0.4966293425666333, 'NDCG@10': 0.6561260216892179, 'MAP': 0.7981867520728745, 'MRR': 0.8608078384323136}
ListMLE Epoch 20 | Metrics: {'NDCG@1': 0.40177678749964296, 'NDCG@5': 0.49658828532274474, 'NDCG@10': 0.6566768169803409, 'MAP': 0.7988807188792966, 'MRR': 0.8617676464707058}
ListMLE Epoch 21 | Metrics: {'NDCG@1': 0.39980575313508726, 'NDCG@5': 0.4962970944350659, 'NDCG@10': 0.6565864523428447, 'MAP': 0.7989762896958679, 'MRR': 0.8626774645070987}
ListMLE Epoch 22 | Metrics: {'NDCG@1': 0.40260519324706484, 'NDCG@5': 0.4970572446616889, 'NDCG@10': 0.656864033984482, 'MAP': 0.7989278484436995, 'MRR': 0.8642171565686864}
ListMLE Epoch 23 | Metrics: {'NDCG@1': 0.39757762733167656, 'NDCG@5': 0.4956418622711659, 'NDCG@10': 0.6553699837146251, 'MAP': 0.7988948448080274, 'MRR': 0.8609078184363127}
ListMLE Epoch 24 | Metrics: {'NDCG@1': 0.4010626446139344, 'NDCG@5': 0.4958867049658768, 'NDCG@10': 0.6574260695037938, 'MAP': 0.7994870604512238, 'MRR': 0.8644028337189704}

[검증] train score 경계(threshold) 기준 분류 정확도(참고): 0.2525

[Train] 실제 Severity와 비교

=== Train (train_thresholds) ===
Accuracy: 0.2748
Macro precision: 0.2748
Macro recall: 0.2748
Macro F1: 0.2748
Weighted precision: 0.2748
Weighted recall: 0.2748
Weighted F1: 0.2748
              precision    recall  f1-score   support

    Critical     0.2895    0.2895    0.2895     15089
        High     0.2518    0.2518    0.2518     14954
      Medium     0.2545    0.2545    0.2545     15010
         Low     0.3034    0.3034    0.3034     14947

    accuracy                         0.2748     60000
   macro avg     0.2748    0.2748    0.2748     60000
weighted avg     0.2748    0.2748    0.2748     60000


Train에서 추정한 score 경계(내림차순 상위부터 Critical→…): [1.038615 0.960024 0.883537]
(참고) train score min/max: 0.399294 / 1.502666

[Test] 실제 Severity와 비교

=== Test (mode=train_thresholds) ===
Accuracy: 0.2507
Macro precision: 0.2506
Macro recall: 0.2507
Macro F1: 0.2506
Weighted precision: 0.2506
Weighted recall: 0.2507
Weighted F1: 0.2506
              precision    recall  f1-score   support

    Critical     0.2557    0.2651    0.2603      5029
        High     0.2497    0.2582    0.2539      4984
      Medium     0.2489    0.2416    0.2452      5004
         Low     0.2482    0.2378    0.2429      4983

    accuracy                         0.2507     20000
   macro avg     0.2506    0.2507    0.2506     20000
weighted avg     0.2506    0.2507    0.2506     20000


저장: severity/logging_monitoring_anomalies_l2r_listmle_train_thresholds.csv

=== 소요 시간 ===
CSV 로드·train/val/test 분할: 0.500 s
전처리(인코딩·스케일) + 학습(train∪val L2R): 164.443 s
추론·경계·Train·Val·Test 평가·저장(전수): 2.668 s
  └ Test severity 정답 비교(report_metrics)만: 0.418 s
전체: 167.612 s

=== 랭킹 지표 MRR (L2R/metrics, relevance=0..3) ===
Validation MRR: 0.864257
Test MRR:       0.863897
