# train_severity_l2r_rank 2026-03-29T08:17:55.158149
# model=lambdarank test_mode=train_thresholds csv=severity/logging_monitoring_anomalies.csv
# config=/home/work/lab_project/severity/experiment_config.yaml

[로그 파일] /home/work/lab_project/severity/experiment_logs/all_20260329_074159/logs/l2r_lambdarank_train_thresholds.log
[[ 1.0000000e+00  6.2400000e+02 -7.9714662e-01  1.4461842e+00
  -9.1263491e-01 -6.3371211e-01  1.1220639e+00  1.4362249e+00
  -1.6413568e+00  2.8379825e-01  3.3405206e-01 -2.8533733e-01
   1.2176069e+00 -1.6500374e+00  9.2686421e-01  3.5791239e-01
   1.1277900e+00  1.1402289e+00  1.0612936e+00  1.7196946e-01
   1.4067472e+00  4.4749588e-01  1.1444526e+00  7.1355832e-01
  -4.4530973e-01  6.9973540e-01]
 [ 2.0000000e+00  2.7200000e+02 -3.1354776e-01  2.8048629e-01
   3.6175752e-01  9.9879801e-01  2.4641813e-01 -1.0538175e+00
   9.8297578e-01 -1.4095831e+00  4.5690680e-01 -1.3659213e+00
   1.2871525e+00 -7.8210521e-01 -1.3283786e+00 -2.0731904e-01
  -9.5566750e-01  1.4779135e+00  9.9055254e-01  1.7196946e-01
  -7.1289438e-01 -4.4904989e-01 -1.1460692e+00  1.4220157e+00
   4.4885662e-01 -7.0799338e-03]
 [ 2.0000000e+00  1.5100000e+02  1.6987244e+00 -4.3319213e-01
   1.6361499e+00  1.1690339e+00  8.4991318e-01  1.0142897e+00
   3.4633008e-01 -1.0522418e+00 -6.8742031e-01 -5.4372919e-01
   1.5653350e+00 -8.7759510e-02  1.7125927e+00  5.0585508e-01
  -9.5566750e-01  4.5263487e-01  4.9536473e-01 -1.7515139e-01
  -6.3471491e-03 -4.4904989e-01 -1.2410433e+00  1.4220157e+00
   1.3430229e+00  6.9973540e-01]
 [ 2.0000000e+00  1.2870000e+03  6.3418090e-01 -5.5086946e-01
   3.6175752e-01  1.5959862e+00 -1.7136273e+00 -1.2249472e+00
  -9.4177347e-01 -1.7089865e+00  4.2866740e-01 -2.2298345e-02
  -1.2860352e+00 -1.6500374e+00  3.2242069e-01 -1.6804639e+00
   4.3330419e-01 -9.8565221e-01  1.7685280e-04  1.2133319e+00
   7.0020008e-01  1.3440417e+00 -1.2607309e+00 -7.0335650e-01
   1.3430229e+00 -1.4207106e+00]]
Training .....

Epoch 0 | Train Metrics: {'NDCG@1': 0.40491901619676063, 'NDCG@5': 0.40033673426380956, 'NDCG@10': 0.42272015540155106, 'MAP': 0.7761238974669137, 'MRR': 0.8696860627874425}
Epoch 1 | Train Metrics: {'NDCG@1': 0.40311937612477505, 'NDCG@5': 0.40641330784381474, 'NDCG@10': 0.430760762295886, 'MAP': 0.7783100761627554, 'MRR': 0.8717713600137115}
Epoch 2 | Train Metrics: {'NDCG@1': 0.4340560459336705, 'NDCG@5': 0.41903385819652156, 'NDCG@10': 0.4395397725940852, 'MAP': 0.783016943466808, 'MRR': 0.8834233153369326}
Epoch 3 | Train Metrics: {'NDCG@1': 0.4236009940868969, 'NDCG@5': 0.4206299671475842, 'NDCG@10': 0.44309050975231773, 'MAP': 0.7823657708152673, 'MRR': 0.876744651069786}
Epoch 4 | Train Metrics: {'NDCG@1': 0.4470820121689948, 'NDCG@5': 0.4283485375696245, 'NDCG@10': 0.4448487899027134, 'MAP': 0.7839799780048616, 'MRR': 0.886882623475305}
Epoch 5 | Train Metrics: {'NDCG@1': 0.4228297197703317, 'NDCG@5': 0.41967041917888465, 'NDCG@10': 0.43955229302588733, 'MAP': 0.7807443148064315, 'MRR': 0.8768696260747851}
Epoch 6 | Train Metrics: {'NDCG@1': 0.40406204473391044, 'NDCG@5': 0.4104024326745673, 'NDCG@10': 0.4312099781097804, 'MAP': 0.7789117775575753, 'MRR': 0.8691561687662467}
Epoch 7 | Train Metrics: {'NDCG@1': 0.4348273202502357, 'NDCG@5': 0.42439208963883307, 'NDCG@10': 0.44497626305267013, 'MAP': 0.7826203412685445, 'MRR': 0.8834633073385323}
Epoch 8 | Train Metrics: {'NDCG@1': 0.4522238409460965, 'NDCG@5': 0.4379378960629424, 'NDCG@10': 0.4576848394467253, 'MAP': 0.7863171919695371, 'MRR': 0.8819636072785443}
Epoch 9 | Train Metrics: {'NDCG@1': 0.4617362241837347, 'NDCG@5': 0.44246332511843495, 'NDCG@10': 0.4616481114046822, 'MAP': 0.7882415203890463, 'MRR': 0.8862927414517097}
Epoch 10 | Train Metrics: {'NDCG@1': 0.44819607507070014, 'NDCG@5': 0.4427207685213162, 'NDCG@10': 0.46422682160614964, 'MAP': 0.7893040378142784, 'MRR': 0.8852329534093182}
Epoch 11 | Train Metrics: {'NDCG@1': 0.4349987145428057, 'NDCG@5': 0.4327480283833762, 'NDCG@10': 0.45456044757254227, 'MAP': 0.7862975630152154, 'MRR': 0.8773145370925817}
Epoch 12 | Train Metrics: {'NDCG@1': 0.41914474248007544, 'NDCG@5': 0.415717844699273, 'NDCG@10': 0.4357489573518918, 'MAP': 0.780166557965504, 'MRR': 0.8752149570085982}
Epoch 13 | Train Metrics: {'NDCG@1': 0.4361984745907961, 'NDCG@5': 0.4188277239506273, 'NDCG@10': 0.44077384225310895, 'MAP': 0.7793440448305761, 'MRR': 0.8681820778701403}
Epoch 14 | Train Metrics: {'NDCG@1': 0.46267889279287, 'NDCG@5': 0.44445843049534567, 'NDCG@10': 0.45884103564294004, 'MAP': 0.7870127910496518, 'MRR': 0.8929414117176564}
Epoch 15 | Train Metrics: {'NDCG@1': 0.45830833833233353, 'NDCG@5': 0.44232758686420753, 'NDCG@10': 0.45807835717396594, 'MAP': 0.7872555989337281, 'MRR': 0.8788342331533693}
Epoch 16 | Train Metrics: {'NDCG@1': 0.4504242008741109, 'NDCG@5': 0.4478817074132104, 'NDCG@10': 0.46434289624599856, 'MAP': 0.7900890387641327, 'MRR': 0.8887222555488902}
Epoch 17 | Train Metrics: {'NDCG@1': 0.44785328648556, 'NDCG@5': 0.4325734562087392, 'NDCG@10': 0.45067644749121233, 'MAP': 0.7840579925965372, 'MRR': 0.8853529294141171}
Epoch 18 | Train Metrics: {'NDCG@1': 0.41811637672465507, 'NDCG@5': 0.4156449911479071, 'NDCG@10': 0.43537982384017415, 'MAP': 0.7800899478137068, 'MRR': 0.8696060787842431}
Epoch 19 | Train Metrics: {'NDCG@1': 0.42188705116119635, 'NDCG@5': 0.42438383448118466, 'NDCG@10': 0.4449068017411215, 'MAP': 0.7829481312315691, 'MRR': 0.8764547090581883}
Epoch 20 | Train Metrics: {'NDCG@1': 0.4527380238238067, 'NDCG@5': 0.44084431013570624, 'NDCG@10': 0.45777771917315585, 'MAP': 0.7887339417931434, 'MRR': 0.8875024995001}
Epoch 21 | Train Metrics: {'NDCG@1': 0.46259319564658496, 'NDCG@5': 0.4431580244474356, 'NDCG@10': 0.4623089487350536, 'MAP': 0.7889405230446421, 'MRR': 0.8893421315736852}
Epoch 22 | Train Metrics: {'NDCG@1': 0.46053646413574434, 'NDCG@5': 0.4472716297116445, 'NDCG@10': 0.465610365978489, 'MAP': 0.7902926696239303, 'MRR': 0.8862084725911961}
Epoch 23 | Train Metrics: {'NDCG@1': 0.4754477675893393, 'NDCG@5': 0.45374474612789556, 'NDCG@10': 0.4674456108309786, 'MAP': 0.7902603092174654, 'MRR': 0.8933613277344531}
Epoch 24 | Train Metrics: {'NDCG@1': 0.44014054331990743, 'NDCG@5': 0.43245949138008277, 'NDCG@10': 0.4536675478500633, 'MAP': 0.786163511704955, 'MRR': 0.8821335732853429}
Epoch 25 | Train Metrics: {'NDCG@1': 0.435684291713086, 'NDCG@5': 0.422766443027413, 'NDCG@10': 0.44078188346562874, 'MAP': 0.7808457573024455, 'MRR': 0.8781143771245751}
Epoch 26 | Train Metrics: {'NDCG@1': 0.4340560459336705, 'NDCG@5': 0.4312929343126811, 'NDCG@10': 0.45062998620423356, 'MAP': 0.7844825155911976, 'MRR': 0.8798240351929613}
Epoch 27 | Train Metrics: {'NDCG@1': 0.4433970348787386, 'NDCG@5': 0.44230167400883, 'NDCG@10': 0.459804368585034, 'MAP': 0.7873097857137055, 'MRR': 0.8820335932813437}
Epoch 28 | Train Metrics: {'NDCG@1': 0.4397120575884823, 'NDCG@5': 0.4388887023271217, 'NDCG@10': 0.45688360485246143, 'MAP': 0.7872199507488985, 'MRR': 0.8855286085640016}
Epoch 29 | Train Metrics: {'NDCG@1': 0.45076698945925103, 'NDCG@5': 0.43777821667933675, 'NDCG@10': 0.45410484213255425, 'MAP': 0.7865591231890462, 'MRR': 0.8842831433713256}
Epoch 30 | Train Metrics: {'NDCG@1': 0.4361984745907961, 'NDCG@5': 0.43314048821876666, 'NDCG@10': 0.4519226015469039, 'MAP': 0.7839801142387739, 'MRR': 0.8743451309738052}
Epoch 31 | Train Metrics: {'NDCG@1': 0.4492244408261205, 'NDCG@5': 0.4354443796465385, 'NDCG@10': 0.45658509492980104, 'MAP': 0.7865175770999993, 'MRR': 0.887992401519696}
Epoch 32 | Train Metrics: {'NDCG@1': 0.46662096152198135, 'NDCG@5': 0.4493708628501486, 'NDCG@10': 0.46478773584432403, 'MAP': 0.7887893666117646, 'MRR': 0.8826134773045391}
Epoch 33 | Train Metrics: {'NDCG@1': 0.4437398234638787, 'NDCG@5': 0.4358366049527774, 'NDCG@10': 0.4543641470127873, 'MAP': 0.7865698990004261, 'MRR': 0.8790541891621675}
Epoch 34 | Train Metrics: {'NDCG@1': 0.44759619504670495, 'NDCG@5': 0.43080958247438145, 'NDCG@10': 0.4498924105805886, 'MAP': 0.7838352043461726, 'MRR': 0.8816936612677464}

[검증] train score 경계(threshold) 기준 분류 정확도(참고): 0.2517

[Train] 실제 Severity와 비교

=== Train (train_thresholds) ===
Accuracy: 0.2630
Macro precision: 0.2630
Macro recall: 0.2630
Macro F1: 0.2630
Weighted precision: 0.2630
Weighted recall: 0.2630
Weighted F1: 0.2630
              precision    recall  f1-score   support

    Critical     0.2883    0.2883    0.2883     15089
        High     0.2440    0.2440    0.2440     14954
      Medium     0.2469    0.2469    0.2469     15010
         Low     0.2727    0.2727    0.2727     14947

    accuracy                         0.2630     60000
   macro avg     0.2630    0.2630    0.2630     60000
weighted avg     0.2630    0.2630    0.2630     60000


Train에서 추정한 score 경계(내림차순 상위부터 Critical→…): [ 0.090687  0.004459 -0.081334]
(참고) train score min/max: -0.573144 / 0.679549

[Test] 실제 Severity와 비교

=== Test (mode=train_thresholds) ===
Accuracy: 0.2497
Macro precision: 0.2520
Macro recall: 0.2500
Macro F1: 0.2404
Weighted precision: 0.2520
Weighted recall: 0.2497
Weighted F1: 0.2402
              precision    recall  f1-score   support

    Critical     0.2643    0.1209    0.1659      5029
        High     0.2487    0.2157    0.2310      4984
      Medium     0.2467    0.2872    0.2654      5004
         Low     0.2482    0.3763    0.2991      4983

    accuracy                         0.2497     20000
   macro avg     0.2520    0.2500    0.2404     20000
weighted avg     0.2520    0.2497    0.2402     20000


저장: severity/logging_monitoring_anomalies_l2r_lambdarank_train_thresholds.csv

=== 소요 시간 ===
CSV 로드·train/val/test 분할: 0.518 s
전처리(인코딩·스케일) + 학습(train∪val L2R): 460.776 s
추론·경계·Train·Val·Test 평가·저장(전수): 3.005 s
  └ Test severity 정답 비교(report_metrics)만: 0.407 s
전체: 464.299 s

=== 랭킹 지표 MRR (L2R/metrics, relevance=0..3) ===
Validation MRR: 0.865602
Test MRR:       0.856829
