# train_severity_l2r_rank 2026-03-29T07:42:02.578911
# model=listnet test_mode=train_thresholds csv=severity/logging_monitoring_anomalies.csv
# config=/home/work/lab_project/severity/experiment_config.yaml

[лЎңк·ё нҢҢмқј] /home/work/lab_project/severity/experiment_logs/all_20260329_074159/logs/l2r_listnet_train_thresholds.log
[[ 1.0000000e+00  6.2400000e+02 -7.9714662e-01  1.4461842e+00
  -9.1263491e-01 -6.3371211e-01  1.1220639e+00  1.4362249e+00
  -1.6413568e+00  2.8379825e-01  3.3405206e-01 -2.8533733e-01
   1.2176069e+00 -1.6500374e+00  9.2686421e-01  3.5791239e-01
   1.1277900e+00  1.1402289e+00  1.0612936e+00  1.7196946e-01
   1.4067472e+00  4.4749588e-01  1.1444526e+00  7.1355832e-01
  -4.4530973e-01  6.9973540e-01]
 [ 2.0000000e+00  2.7200000e+02 -3.1354776e-01  2.8048629e-01
   3.6175752e-01  9.9879801e-01  2.4641813e-01 -1.0538175e+00
   9.8297578e-01 -1.4095831e+00  4.5690680e-01 -1.3659213e+00
   1.2871525e+00 -7.8210521e-01 -1.3283786e+00 -2.0731904e-01
  -9.5566750e-01  1.4779135e+00  9.9055254e-01  1.7196946e-01
  -7.1289438e-01 -4.4904989e-01 -1.1460692e+00  1.4220157e+00
   4.4885662e-01 -7.0799338e-03]
 [ 2.0000000e+00  1.5100000e+02  1.6987244e+00 -4.3319213e-01
   1.6361499e+00  1.1690339e+00  8.4991318e-01  1.0142897e+00
   3.4633008e-01 -1.0522418e+00 -6.8742031e-01 -5.4372919e-01
   1.5653350e+00 -8.7759510e-02  1.7125927e+00  5.0585508e-01
  -9.5566750e-01  4.5263487e-01  4.9536473e-01 -1.7515139e-01
  -6.3471491e-03 -4.4904989e-01 -1.2410433e+00  1.4220157e+00
   1.3430229e+00  6.9973540e-01]
 [ 2.0000000e+00  1.2870000e+03  6.3418090e-01 -5.5086946e-01
   3.6175752e-01  1.5959862e+00 -1.7136273e+00 -1.2249472e+00
  -9.4177347e-01 -1.7089865e+00  4.2866740e-01 -2.2298345e-02
  -1.2860352e+00 -1.6500374e+00  3.2242069e-01 -1.6804639e+00
   4.3330419e-01 -9.8565221e-01  1.7685280e-04  1.2133319e+00
   7.0020008e-01  1.3440417e+00 -1.2607309e+00 -7.0335650e-01
   1.3430229e+00 -1.4207106e+00]]
ListNet Epoch 0 | Metrics: {'NDCG@1': 0.4052332390664724, 'NDCG@5': 0.4991361348949424, 'NDCG@10': 0.6572094102256165, 'MAP': 0.7983365026785754, 'MRR': 0.8600294226868913}
ListNet Epoch 1 | Metrics: {'NDCG@1': 0.40906104493387035, 'NDCG@5': 0.4961548058765235, 'NDCG@10': 0.6557616610764835, 'MAP': 0.7989424864837142, 'MRR': 0.8680363927214557}
ListNet Epoch 2 | Metrics: {'NDCG@1': 0.4054046333590425, 'NDCG@5': 0.49753707947950665, 'NDCG@10': 0.654768984219898, 'MAP': 0.7977514577567526, 'MRR': 0.8671865626874624}
ListNet Epoch 3 | Metrics: {'NDCG@1': 0.3918644842460079, 'NDCG@5': 0.49336686460531876, 'NDCG@10': 0.6514282972964416, 'MAP': 0.7967316951083895, 'MRR': 0.8618876224755049}
ListNet Epoch 4 | Metrics: {'NDCG@1': 0.3889507812723169, 'NDCG@5': 0.49025981617274006, 'NDCG@10': 0.6511889789153964, 'MAP': 0.7967708044345367, 'MRR': 0.8629074185162967}
ListNet Epoch 5 | Metrics: {'NDCG@1': 0.3969206158768246, 'NDCG@5': 0.49506505467586537, 'NDCG@10': 0.65278356432913, 'MAP': 0.7982063138437372, 'MRR': 0.8623375324935013}
ListNet Epoch 6 | Metrics: {'NDCG@1': 0.3969206158768247, 'NDCG@5': 0.49263356596589997, 'NDCG@10': 0.6523251816874186, 'MAP': 0.798343339402871, 'MRR': 0.860117976404719}
ListNet Epoch 7 | Metrics: {'NDCG@1': 0.40543319907447084, 'NDCG@5': 0.4946779087091002, 'NDCG@10': 0.653564905734291, 'MAP': 0.7988056441631335, 'MRR': 0.8626674665066987}
ListNet Epoch 8 | Metrics: {'NDCG@1': 0.41254606221612816, 'NDCG@5': 0.49717093204051993, 'NDCG@10': 0.6553911754458445, 'MAP': 0.7992727448478174, 'MRR': 0.863117376524695}

[кІҖмҰқ] train score кІҪкі„(threshold) кё°мӨҖ л¶„лҘҳ м •нҷ•лҸ„(м°ёкі ): 0.2507

[Train] мӢӨм ң SeverityмҷҖ л№„көҗ

=== Train (train_thresholds) ===
Accuracy: 0.2589
Macro precision: 0.2589
Macro recall: 0.2589
Macro F1: 0.2589
Weighted precision: 0.2589
Weighted recall: 0.2589
Weighted F1: 0.2589
              precision    recall  f1-score   support

    Critical     0.2701    0.2701    0.2701     15089
        High     0.2497    0.2497    0.2497     14954
      Medium     0.2557    0.2557    0.2557     15010
         Low     0.2599    0.2599    0.2599     14947

    accuracy                         0.2589     60000
   macro avg     0.2589    0.2589    0.2589     60000
weighted avg     0.2589    0.2589    0.2589     60000


Trainм—җм„ң м¶”м •н•ң score кІҪкі„(лӮҙлҰјм°ЁмҲң мғҒмң„л¶Җн„° CriticalвҶ’вҖҰ): [0.332944 0.295012 0.255898]
(м°ёкі ) train score min/max: 0.060048 / 0.526530

[Test] мӢӨм ң SeverityмҷҖ л№„көҗ

=== Test (mode=train_thresholds) ===
Accuracy: 0.2507
Macro precision: 0.2499
Macro recall: 0.2505
Macro F1: 0.2475
Weighted precision: 0.2499
Weighted recall: 0.2507
Weighted F1: 0.2476
              precision    recall  f1-score   support

    Critical     0.2575    0.3446    0.2948      5029
        High     0.2458    0.2466    0.2462      4984
      Medium     0.2482    0.2188    0.2326      5004
         Low     0.2481    0.1921    0.2165      4983

    accuracy                         0.2507     20000
   macro avg     0.2499    0.2505    0.2475     20000
weighted avg     0.2499    0.2507    0.2476     20000


м ҖмһҘ: severity/logging_monitoring_anomalies_l2r_listnet_train_thresholds.csv

=== мҶҢмҡ” мӢңк°„ ===
CSV лЎңл“ңВ·train/val/test л¶„н• : 0.494 s
м „мІҳлҰ¬(мқёмҪ”л”©В·мҠӨмјҖмқј) + н•ҷмҠө(trainвҲӘval L2R): 14.014 s
м¶”лЎ В·кІҪкі„В·TrainВ·ValВ·Test нҸүк°ҖВ·м ҖмһҘ(м „мҲҳ): 2.433 s
  в”” Test severity м •лӢө л№„көҗ(report_metrics)л§Ң: 0.426 s
м „мІҙ: 16.941 s

=== лһӯнӮ№ м§Җн‘ң MRR (L2R/metrics, relevance=0..3) ===
Validation MRR: 0.860029
Test MRR:       0.862647
