# train_severity_l2r_rank 2026-03-29T08:25:43.076196
# model=lambdamart test_mode=train_thresholds csv=severity/logging_monitoring_anomalies.csv
# config=/home/work/lab_project/severity/experiment_config.yaml

[로그 파일] /home/work/lab_project/severity/experiment_logs/all_20260329_074159/logs/l2r_lambdamart_train_thresholds.log
[[ 0.      0.     -0.8351 -1.7189  1.4577  0.122   1.0859  0.5791 -1.2547  1.2696 -1.309   1.1615  1.3574  0.7751 -1.7115 -0.1346 -0.9621 -1.3686  1.0604  0.8664  0.7023  0.882   1.3367 -0.8785
   0.4453  0.4473  0.635   0.7097 -1.3365 -0.7106]
 [ 1.      0.      0.1243 -0.3186 -1.2696 -1.2888  0.3412  0.4589  1.4455 -0.1913  0.2913 -1.2219  1.3574  0.6019  1.7109 -1.085  -1.6556  1.5471 -0.5     0.8664 -1.4193 -0.881  -0.4545  1.4664
  -0.45    0.4473 -0.2115  0.0033  1.3381 -1.4171]
 [ 2.      0.      0.9625  0.3535 -1.2696  0.12    0.1687  1.4359 -1.1057 -0.4565  1.3232 -0.0269 -0.5194  0.6019 -0.9671 -0.9529  0.4249 -0.0661  0.493   0.518  -0.7121 -0.2933 -1.3501 -1.4647
   1.3406 -1.3473  0.1516  0.7097 -0.445   1.409 ]
 [ 1.      0.     -1.6167 -1.2117 -0.1787 -0.6923 -1.2574 -0.5276 -0.8082  0.3122  0.5782  1.5341 -0.6584  1.1216 -1.1053  0.515  -0.442  -0.3785  0.7767 -1.5721  0.7023 -1.4687  1.3367 -0.8785
   0.4453 -1.3473  1.5224  0.7097 -1.3365  1.409 ]]
Epoch 0 | Train Metrics: {'NDCG@1': 0.4801428571428572, 'NDCG@5': 0.4381128596481726, 'NDCG@10': 0.42624975182026353, 'MAP': 0.7745875913984439, 'MRR': 0.8866499999999999}
Epoch 10 | Train Metrics: {'NDCG@1': 0.615, 'NDCG@5': 0.5085154061758735, 'NDCG@10': 0.4716964043066784, 'MAP': 0.7859603910498407, 'MRR': 0.9339166666666666}
Epoch 20 | Train Metrics: {'NDCG@1': 0.7007142857142857, 'NDCG@5': 0.5569461344379079, 'NDCG@10': 0.5110249150407883, 'MAP': 0.7954027902568923, 'MRR': 0.9555}
Epoch 30 | Train Metrics: {'NDCG@1': 0.7318571428571429, 'NDCG@5': 0.5869138757610327, 'NDCG@10': 0.5369549093165646, 'MAP': 0.8034475068988399, 'MRR': 0.95475}

[피처 중요도 로그] /home/work/lab_project/severity/feature_importance_train_severity_l2r_lambdamart_train_thresholds_20260329_083628.log

[검증] train score 경계(threshold) 기준 분류 정확도(참고): 0.2518

[Train] 실제 Severity와 비교

=== Train (train_thresholds) ===
Accuracy: 0.2890
Macro precision: 0.2889
Macro recall: 0.2889
Macro F1: 0.2889
Weighted precision: 0.2890
Weighted recall: 0.2890
Weighted F1: 0.2890
              precision    recall  f1-score   support

    Critical     0.3371    0.3372    0.3372     15114
        High     0.2587    0.2586    0.2586     15048
      Medium     0.2523    0.2523    0.2523     14906
         Low     0.3077    0.3077    0.3077     14932

    accuracy                         0.2890     60000
   macro avg     0.2889    0.2889    0.2889     60000
weighted avg     0.2890    0.2890    0.2890     60000


Train에서 추정한 score 경계(내림차순 상위부터 Critical→…): [ 9.243169e-03 -4.982940e-05 -7.843627e-03]
(참고) train score min/max: -1.990491 / 2.166169

[Test] 실제 Severity와 비교

=== Test (mode=train_thresholds) ===
Accuracy: 0.2470
Macro precision: 0.2297
Macro recall: 0.2498
Macro F1: 0.0997
Weighted precision: 0.2306
Weighted recall: 0.2470
Weighted F1: 0.0987
              precision    recall  f1-score   support

    Critical     0.1714    0.0012    0.0023      5108
        High     0.0000    0.0000    0.0000      4920
      Medium     0.5000    0.0002    0.0004      5027
         Low     0.2472    0.9978    0.3962      4945

    accuracy                         0.2470     20000
   macro avg     0.2297    0.2498    0.0997     20000
weighted avg     0.2306    0.2470    0.0987     20000


저장: severity/logging_monitoring_anomalies_l2r_lambdamart_train_thresholds.csv

=== 소요 시간 ===
CSV 로드·train/val/test 분할: 0.369 s
전처리(인코딩·스케일) + 학습(train∪val L2R): 645.446 s
추론·경계·Train·Val·Test 평가·저장(전수): 2.223 s
  └ Test severity 정답 비교(report_metrics)만: 0.354 s
전체: 648.040 s

=== 랭킹 지표 MRR (L2R/metrics, relevance=0..3) ===
Validation MRR: 0.864721
Test MRR:       0.863052
