[로그 파일] /home/work/lab_project/severity/experiment_logs/all_20260329_092153/logs/anomaly_sequence_ae_train_thresholds.log

[피처 중요도 로그] /home/work/lab_project/severity/feature_importance_train_severity_anomaly_sequence_ae_train_thresholds.log

[검증] train score 경계(threshold) 기준 분류 정확도(참고): 0.2485

[Train] 실제 Severity와 비교

=== Train (train_thresholds) ===
Accuracy: 0.2487
Macro precision: 0.2487
Macro recall: 0.2487
Macro F1: 0.2487
Weighted precision: 0.2487
Weighted recall: 0.2487
Weighted F1: 0.2487
              precision    recall  f1-score   support

    Critical     0.2514    0.2514    0.2514     15114
        High     0.2471    0.2471    0.2471     15048
      Medium     0.2461    0.2461    0.2461     14906
         Low     0.2503    0.2503    0.2503     14932

    accuracy                         0.2487     60000
   macro avg     0.2487    0.2487    0.2487     60000
weighted avg     0.2487    0.2487    0.2487     60000


Train에서 추정한 score 경계(내림차순 상위부터 Critical→…): [1.061838 0.948246 0.836411]
(참고) train score min/max: 0.355491 / 1.668965

[Test] 실제 Severity와 비교

=== Test (mode=train_thresholds) ===
Accuracy: 0.2487
Macro precision: 0.2476
Macro recall: 0.2478
Macro F1: 0.2393
Weighted precision: 0.2476
Weighted recall: 0.2487
Weighted F1: 0.2398
              precision    recall  f1-score   support

    Critical     0.2519    0.3892    0.3058      5108
        High     0.2513    0.2715    0.2610      4920
      Medium     0.2413    0.1949    0.2157      5027
         Low     0.2457    0.1357    0.1748      4945

    accuracy                         0.2487     20000
   macro avg     0.2476    0.2478    0.2393     20000
weighted avg     0.2476    0.2487    0.2398     20000


저장: severity/logging_monitoring_anomalies_anomaly_sequence_ae_train_thresholds.csv

=== 소요 시간 ===
CSV 로드·train/val/test 분할: 0.360 s
전처리(인코딩·스케일) + 학습(train∪val): 75.488 s
추론·경계·평가·저장(전수): 4.953 s
  └ Test severity 정답 비교(report_metrics)만: 0.362 s
전체: 80.800 s

=== 랭킹 지표 MRR (relevance=0..3) ===
Validation MRR: 0.867515
Test MRR:       0.867715
