# train_severity_l2r_rank 2026-03-29T09:21:56.395241
# model=listnet test_mode=train_thresholds csv=severity/logging_monitoring_anomalies.csv
# config=/home/work/lab_project/severity/experiment_config.yaml

[로그 파일] /home/work/lab_project/severity/experiment_logs/all_20260329_092153/logs/l2r_listnet_train_thresholds.log
[[ 0.      0.     -0.8351 -1.7189  1.4577  0.122   1.0859  0.5791 -1.2547  1.2696 -1.309   1.1615  1.3574  0.7751 -1.7115 -0.1346 -0.9621 -1.3686  1.0604  0.8664  0.7023  0.882   1.3367 -0.8785
   0.4453  0.4473  0.635   0.7097 -1.3365 -0.7106]
 [ 1.      0.      0.1243 -0.3186 -1.2696 -1.2888  0.3412  0.4589  1.4455 -0.1913  0.2913 -1.2219  1.3574  0.6019  1.7109 -1.085  -1.6556  1.5471 -0.5     0.8664 -1.4193 -0.881  -0.4545  1.4664
  -0.45    0.4473 -0.2115  0.0033  1.3381 -1.4171]
 [ 2.      0.      0.9625  0.3535 -1.2696  0.12    0.1687  1.4359 -1.1057 -0.4565  1.3232 -0.0269 -0.5194  0.6019 -0.9671 -0.9529  0.4249 -0.0661  0.493   0.518  -0.7121 -0.2933 -1.3501 -1.4647
   1.3406 -1.3473  0.1516  0.7097 -0.445   1.409 ]
 [ 1.      0.     -1.6167 -1.2117 -0.1787 -0.6923 -1.2574 -0.5276 -0.8082  0.3122  0.5782  1.5341 -0.6584  1.1216 -1.1053  0.515  -0.442  -0.3785  0.7767 -1.5721  0.7023 -1.4687  1.3367 -0.8785
   0.4453 -1.3473  1.5224  0.7097 -1.3365  1.409 ]]
ListNet Epoch 0 | Metrics: {'NDCG@1': 0.374251497005988, 'NDCG@5': 0.37382733238289517, 'NDCG@10': 0.3822987004054524, 'MAP': 0.7597123437221832, 'MRR': 0.8563872255489021}
ListNet Epoch 1 | Metrics: {'NDCG@1': 0.3686911890504705, 'NDCG@5': 0.37980551812212693, 'NDCG@10': 0.37876234662296426, 'MAP': 0.7577913031599747, 'MRR': 0.8514970059880239}
ListNet Epoch 2 | Metrics: {'NDCG@1': 0.3738237810094098, 'NDCG@5': 0.38159646940771913, 'NDCG@10': 0.37884053678963636, 'MAP': 0.757278163003649, 'MRR': 0.8527944111776449}
ListNet Epoch 3 | Metrics: {'NDCG@1': 0.3866552609067579, 'NDCG@5': 0.38350973322618476, 'NDCG@10': 0.38400430442939687, 'MAP': 0.7578391953569319, 'MRR': 0.8662674650698604}
ListNet Epoch 4 | Metrics: {'NDCG@1': 0.3913601368691189, 'NDCG@5': 0.38856109116041343, 'NDCG@10': 0.38674437733504524, 'MAP': 0.7584945028251229, 'MRR': 0.8667664670658682}
ListNet Epoch 5 | Metrics: {'NDCG@1': 0.38323353293413176, 'NDCG@5': 0.38851016114591747, 'NDCG@10': 0.38811861411164006, 'MAP': 0.7591165976488086, 'MRR': 0.8712574850299402}
ListNet Epoch 6 | Metrics: {'NDCG@1': 0.40119760479041916, 'NDCG@5': 0.3921517539809762, 'NDCG@10': 0.3927039213128845, 'MAP': 0.7593387396856107, 'MRR': 0.8792415169660679}
ListNet Epoch 7 | Metrics: {'NDCG@1': 0.4208725406330197, 'NDCG@5': 0.39513445628167554, 'NDCG@10': 0.3933905227798876, 'MAP': 0.7599046943030493, 'MRR': 0.8869760479041916}
ListNet Epoch 8 | Metrics: {'NDCG@1': 0.41317365269461076, 'NDCG@5': 0.3926038912469197, 'NDCG@10': 0.39209300051946566, 'MAP': 0.7600311164066597, 'MRR': 0.8847305389221557}
ListNet Epoch 9 | Metrics: {'NDCG@1': 0.40846877673224985, 'NDCG@5': 0.3924905195807964, 'NDCG@10': 0.3953448944247849, 'MAP': 0.7604672433838295, 'MRR': 0.8890718562874251}
ListNet Epoch 10 | Metrics: {'NDCG@1': 0.4041916167664671, 'NDCG@5': 0.3954035797775278, 'NDCG@10': 0.3930638807065168, 'MAP': 0.7602317256452246, 'MRR': 0.8794411177644711}
ListNet Epoch 11 | Metrics: {'NDCG@1': 0.40761334473909333, 'NDCG@5': 0.39298336972833386, 'NDCG@10': 0.39564838406437003, 'MAP': 0.7606972351184215, 'MRR': 0.8815868263473056}
ListNet Epoch 12 | Metrics: {'NDCG@1': 0.4076133447390932, 'NDCG@5': 0.39171676290689944, 'NDCG@10': 0.3937341005933252, 'MAP': 0.760536393301988, 'MRR': 0.8696107784431137}
ListNet Epoch 13 | Metrics: {'NDCG@1': 0.397775876817793, 'NDCG@5': 0.38874997518820253, 'NDCG@10': 0.3929830991621235, 'MAP': 0.7600761617017441, 'MRR': 0.8642714570858282}
ListNet Epoch 14 | Metrics: {'NDCG@1': 0.3845166809238666, 'NDCG@5': 0.3880604660038895, 'NDCG@10': 0.3876676143512332, 'MAP': 0.7596682466240595, 'MRR': 0.8619546621043626}
ListNet Epoch 15 | Metrics: {'NDCG@1': 0.38451668092386654, 'NDCG@5': 0.389721063470364, 'NDCG@10': 0.39024844269006265, 'MAP': 0.7598686817719845, 'MRR': 0.8643712574850301}
ListNet Epoch 16 | Metrics: {'NDCG@1': 0.37767322497861416, 'NDCG@5': 0.3881627776937505, 'NDCG@10': 0.3913542154291686, 'MAP': 0.7603476488356132, 'MRR': 0.8610279441117764}
ListNet Epoch 17 | Metrics: {'NDCG@1': 0.38793840889649267, 'NDCG@5': 0.3901134003128266, 'NDCG@10': 0.3933124702552065, 'MAP': 0.7604992584438716, 'MRR': 0.8612275449101796}
ListNet Epoch 18 | Metrics: {'NDCG@1': 0.3934987168520102, 'NDCG@5': 0.392439459951348, 'NDCG@10': 0.3903024599103829, 'MAP': 0.7602979784103312, 'MRR': 0.8624750499001994}
ListNet Epoch 19 | Metrics: {'NDCG@1': 0.39307100085543195, 'NDCG@5': 0.3941382932189944, 'NDCG@10': 0.39145747102247136, 'MAP': 0.7603103058480616, 'MRR': 0.8676147704590818}

[피처 중요도 로그] /home/work/lab_project/severity/feature_importance_train_severity_l2r_listnet_train_thresholds.log

[검증] train score 경계(threshold) 기준 분류 정확도(참고): 0.2540

[Train] 실제 Severity와 비교

=== Train (train_thresholds) ===
Accuracy: 0.2763
Macro precision: 0.2763
Macro recall: 0.2763
Macro F1: 0.2763
Weighted precision: 0.2763
Weighted recall: 0.2763
Weighted F1: 0.2763
              precision    recall  f1-score   support

    Critical     0.3135    0.3135    0.3135     15114
        High     0.2503    0.2503    0.2503     15048
      Medium     0.2561    0.2561    0.2561     14906
         Low     0.2852    0.2852    0.2852     14932

    accuracy                         0.2763     60000
   macro avg     0.2763    0.2763    0.2763     60000
weighted avg     0.2763    0.2763    0.2763     60000


Train에서 추정한 score 경계(내림차순 상위부터 Critical→…): [1.63543  1.571027 1.506871]
(참고) train score min/max: 1.157486 / 2.021362

[Test] 실제 Severity와 비교

=== Test (mode=train_thresholds) ===
Accuracy: 0.2475
Macro precision: 0.2478
Macro recall: 0.2476
Macro F1: 0.2475
Weighted precision: 0.2479
Weighted recall: 0.2475
Weighted F1: 0.2474
              precision    recall  f1-score   support

    Critical     0.2591    0.2320    0.2448      5108
        High     0.2435    0.2585    0.2508      4920
      Medium     0.2453    0.2538    0.2495      5027
         Low     0.2433    0.2461    0.2447      4945

    accuracy                         0.2475     20000
   macro avg     0.2478    0.2476    0.2475     20000
weighted avg     0.2479    0.2475    0.2474     20000


저장: severity/logging_monitoring_anomalies_l2r_listnet_train_thresholds.csv

=== 소요 시간 ===
CSV 로드·train/val/test 분할: 0.436 s
전처리(인코딩·스케일) + 학습(train∪val L2R): 16.985 s
추론·경계·Train·Val·Test 평가·저장(전수): 2.066 s
  └ Test severity 정답 비교(report_metrics)만: 0.374 s
전체: 19.975 s

=== 랭킹 지표 MRR (L2R/metrics, relevance=0..3) ===
Validation MRR: 0.881587
Test MRR:       0.877196
