# train_severity_l2r_rank 2026-03-29T09:22:20.630448
# model=listmle test_mode=train_thresholds csv=severity/logging_monitoring_anomalies.csv
# config=/home/work/lab_project/severity/experiment_config.yaml

[로그 파일] /home/work/lab_project/severity/experiment_logs/all_20260329_092153/logs/l2r_listmle_train_thresholds.log
[[ 0.      0.     -0.8351 -1.7189  1.4577  0.122   1.0859  0.5791 -1.2547  1.2696 -1.309   1.1615  1.3574  0.7751 -1.7115 -0.1346 -0.9621 -1.3686  1.0604  0.8664  0.7023  0.882   1.3367 -0.8785
   0.4453  0.4473  0.635   0.7097 -1.3365 -0.7106]
 [ 1.      0.      0.1243 -0.3186 -1.2696 -1.2888  0.3412  0.4589  1.4455 -0.1913  0.2913 -1.2219  1.3574  0.6019  1.7109 -1.085  -1.6556  1.5471 -0.5     0.8664 -1.4193 -0.881  -0.4545  1.4664
  -0.45    0.4473 -0.2115  0.0033  1.3381 -1.4171]
 [ 2.      0.      0.9625  0.3535 -1.2696  0.12    0.1687  1.4359 -1.1057 -0.4565  1.3232 -0.0269 -0.5194  0.6019 -0.9671 -0.9529  0.4249 -0.0661  0.493   0.518  -0.7121 -0.2933 -1.3501 -1.4647
   1.3406 -1.3473  0.1516  0.7097 -0.445   1.409 ]
 [ 1.      0.     -1.6167 -1.2117 -0.1787 -0.6923 -1.2574 -0.5276 -0.8082  0.3122  0.5782  1.5341 -0.6584  1.1216 -1.1053  0.515  -0.442  -0.3785  0.7767 -1.5721  0.7023 -1.4687  1.3367 -0.8785
   0.4453 -1.3473  1.5224  0.7097 -1.3365  1.409 ]]
ListMLE Epoch 0 | Metrics: {'NDCG@1': 0.4101796407185629, 'NDCG@5': 0.39760536841228855, 'NDCG@10': 0.397566554597595, 'MAP': 0.7634110972874811, 'MRR': 0.8814870259481038}
ListMLE Epoch 1 | Metrics: {'NDCG@1': 0.4067579127459368, 'NDCG@5': 0.3982541988292426, 'NDCG@10': 0.39319832407801825, 'MAP': 0.7625082252473852, 'MRR': 0.8917165668662675}
ListMLE Epoch 2 | Metrics: {'NDCG@1': 0.4311377245508982, 'NDCG@5': 0.39281119764248373, 'NDCG@10': 0.398842502265939, 'MAP': 0.762545146255317, 'MRR': 0.8917165668662675}
ListMLE Epoch 3 | Metrics: {'NDCG@1': 0.4362703165098375, 'NDCG@5': 0.40102282179063464, 'NDCG@10': 0.3993811095710835, 'MAP': 0.7632174301134752, 'MRR': 0.8938123752495009}
ListMLE Epoch 4 | Metrics: {'NDCG@1': 0.4170230966638152, 'NDCG@5': 0.40737768842197336, 'NDCG@10': 0.3984255792061839, 'MAP': 0.7631747224603095, 'MRR': 0.8872255489021955}
ListMLE Epoch 5 | Metrics: {'NDCG@1': 0.42857142857142866, 'NDCG@5': 0.40766170094194926, 'NDCG@10': 0.4003235376607881, 'MAP': 0.7629937044449838, 'MRR': 0.8845808383233532}
ListMLE Epoch 6 | Metrics: {'NDCG@1': 0.4148845166809238, 'NDCG@5': 0.40309065372656905, 'NDCG@10': 0.39937382315652253, 'MAP': 0.7623415438606026, 'MRR': 0.8701097804391218}
ListMLE Epoch 7 | Metrics: {'NDCG@1': 0.40376390076988883, 'NDCG@5': 0.4006675073888306, 'NDCG@10': 0.3963886284021192, 'MAP': 0.7618010022034216, 'MRR': 0.8718562874251496}
ListMLE Epoch 8 | Metrics: {'NDCG@1': 0.39392643284858847, 'NDCG@5': 0.3979891158107441, 'NDCG@10': 0.3946630293304159, 'MAP': 0.7615217769862583, 'MRR': 0.8738522954091816}
ListMLE Epoch 9 | Metrics: {'NDCG@1': 0.3956372968349016, 'NDCG@5': 0.3974562851565944, 'NDCG@10': 0.3979085722098812, 'MAP': 0.7614542775838221, 'MRR': 0.8678642714570859}
ListMLE Epoch 10 | Metrics: {'NDCG@1': 0.4118905047048759, 'NDCG@5': 0.40525165244369515, 'NDCG@10': 0.3983302605465203, 'MAP': 0.7613575285116094, 'MRR': 0.8728542914171655}
ListMLE Epoch 11 | Metrics: {'NDCG@1': 0.40633019674935844, 'NDCG@5': 0.40549420749930065, 'NDCG@10': 0.39742156518926147, 'MAP': 0.7616034562876636, 'MRR': 0.8713572854291416}
ListMLE Epoch 12 | Metrics: {'NDCG@1': 0.41060735671514115, 'NDCG@5': 0.40545064669703446, 'NDCG@10': 0.39703039603285656, 'MAP': 0.761512387781283, 'MRR': 0.875}
ListMLE Epoch 13 | Metrics: {'NDCG@1': 0.3973481608212147, 'NDCG@5': 0.40204691059742165, 'NDCG@10': 0.39529074917264606, 'MAP': 0.7610120429228707, 'MRR': 0.8737524950099802}

[피처 중요도 로그] /home/work/lab_project/severity/feature_importance_train_severity_l2r_listmle_train_thresholds.log

[검증] train score 경계(threshold) 기준 분류 정확도(참고): 0.2504

[Train] 실제 Severity와 비교

=== Train (train_thresholds) ===
Accuracy: 0.2689
Macro precision: 0.2689
Macro recall: 0.2689
Macro F1: 0.2689
Weighted precision: 0.2689
Weighted recall: 0.2689
Weighted F1: 0.2689
              precision    recall  f1-score   support

    Critical     0.2800    0.2800    0.2800     15114
        High     0.2557    0.2557    0.2557     15048
      Medium     0.2517    0.2517    0.2517     14906
         Low     0.2881    0.2881    0.2881     14932

    accuracy                         0.2689     60000
   macro avg     0.2689    0.2689    0.2689     60000
weighted avg     0.2689    0.2689    0.2689     60000


Train에서 추정한 score 경계(내림차순 상위부터 Critical→…): [0.290769 0.235078 0.17822 ]
(참고) train score min/max: -0.166591 / 0.583583

[Test] 실제 Severity와 비교

=== Test (mode=train_thresholds) ===
Accuracy: 0.2453
Macro precision: 0.2447
Macro recall: 0.2449
Macro F1: 0.2442
Weighted precision: 0.2448
Weighted recall: 0.2453
Weighted F1: 0.2444
              precision    recall  f1-score   support

    Critical     0.2529    0.2974    0.2733      5108
        High     0.2431    0.2350    0.2390      4920
      Medium     0.2422    0.2242    0.2329      5027
         Low     0.2407    0.2233    0.2317      4945

    accuracy                         0.2453     20000
   macro avg     0.2447    0.2449    0.2442     20000
weighted avg     0.2448    0.2453    0.2444     20000


저장: severity/logging_monitoring_anomalies_l2r_listmle_train_thresholds.csv

=== 소요 시간 ===
CSV 로드·train/val/test 분할: 0.359 s
전처리(인코딩·스케일) + 학습(train∪val L2R): 82.438 s
추론·경계·Train·Val·Test 평가·저장(전수): 2.042 s
  └ Test severity 정답 비교(report_metrics)만: 0.373 s
전체: 85.362 s

=== 랭킹 지표 MRR (L2R/metrics, relevance=0..3) ===
Validation MRR: 0.884581
Test MRR:       0.883483
