# train_severity_l2r_rank 2026-03-29T10:17:53.177994
# model=lambdarank test_mode=train_thresholds csv=severity/logging_monitoring_anomalies.csv
# config=/home/work/lab_project/severity/experiment_config.yaml

[로그 파일] /home/work/lab_project/severity/experiment_logs/all_20260329_092153/logs/l2r_lambdarank_train_thresholds.log
[[ 0.      0.     -0.8351 -1.7189  1.4577  0.122   1.0859  0.5791 -1.2547  1.2696 -1.309   1.1615  1.3574  0.7751 -1.7115 -0.1346 -0.9621 -1.3686  1.0604  0.8664  0.7023  0.882   1.3367 -0.8785
   0.4453  0.4473  0.635   0.7097 -1.3365 -0.7106]
 [ 1.      0.      0.1243 -0.3186 -1.2696 -1.2888  0.3412  0.4589  1.4455 -0.1913  0.2913 -1.2219  1.3574  0.6019  1.7109 -1.085  -1.6556  1.5471 -0.5     0.8664 -1.4193 -0.881  -0.4545  1.4664
  -0.45    0.4473 -0.2115  0.0033  1.3381 -1.4171]
 [ 2.      0.      0.9625  0.3535 -1.2696  0.12    0.1687  1.4359 -1.1057 -0.4565  1.3232 -0.0269 -0.5194  0.6019 -0.9671 -0.9529  0.4249 -0.0661  0.493   0.518  -0.7121 -0.2933 -1.3501 -1.4647
   1.3406 -1.3473  0.1516  0.7097 -0.445   1.409 ]
 [ 1.      0.     -1.6167 -1.2117 -0.1787 -0.6923 -1.2574 -0.5276 -0.8082  0.3122  0.5782  1.5341 -0.6584  1.1216 -1.1053  0.515  -0.442  -0.3785  0.7767 -1.5721  0.7023 -1.4687  1.3367 -0.8785
   0.4453 -1.3473  1.5224  0.7097 -1.3365  1.409 ]]
Training .....

Epoch 0 | Train Metrics: {'NDCG@1': 0.3772857142857143, 'NDCG@5': 0.3921284485134223, 'NDCG@10': 0.3950182517332913, 'MAP': 0.7667281154193202, 'MRR': 0.8633}
Epoch 1 | Train Metrics: {'NDCG@1': 0.4102857142857143, 'NDCG@5': 0.40833352660876515, 'NDCG@10': 0.4073017274107093, 'MAP': 0.7704918284271435, 'MRR': 0.8685}
Epoch 2 | Train Metrics: {'NDCG@1': 0.42642857142857143, 'NDCG@5': 0.41324838770696004, 'NDCG@10': 0.41278915546257033, 'MAP': 0.775198336258343, 'MRR': 0.8816166666666667}
Epoch 3 | Train Metrics: {'NDCG@1': 0.4232857142857143, 'NDCG@5': 0.4202280894010675, 'NDCG@10': 0.4180185092383994, 'MAP': 0.7745156331333569, 'MRR': 0.8753666666666666}
Epoch 4 | Train Metrics: {'NDCG@1': 0.44014285714285717, 'NDCG@5': 0.4289828420276971, 'NDCG@10': 0.4223018104405999, 'MAP': 0.7785312077483447, 'MRR': 0.8822333333333333}
Epoch 5 | Train Metrics: {'NDCG@1': 0.427, 'NDCG@5': 0.4205840353638011, 'NDCG@10': 0.4201894934295, 'MAP': 0.7746695705911631, 'MRR': 0.8790333333333333}
Epoch 6 | Train Metrics: {'NDCG@1': 0.40985714285714286, 'NDCG@5': 0.4188095259969368, 'NDCG@10': 0.4147378310678723, 'MAP': 0.7746868976978638, 'MRR': 0.8709261904761905}
Epoch 7 | Train Metrics: {'NDCG@1': 0.4077142857142857, 'NDCG@5': 0.4069213576829969, 'NDCG@10': 0.408793921877829, 'MAP': 0.7709900329760594, 'MRR': 0.8685166666666666}
Epoch 8 | Train Metrics: {'NDCG@1': 0.4388571428571429, 'NDCG@5': 0.4293419760064704, 'NDCG@10': 0.42787805478175356, 'MAP': 0.7768660797304664, 'MRR': 0.8828666666666667}
Epoch 9 | Train Metrics: {'NDCG@1': 0.44628571428571434, 'NDCG@5': 0.4412419739147616, 'NDCG@10': 0.4376118524336679, 'MAP': 0.780674787048292, 'MRR': 0.8810666666666666}
Epoch 10 | Train Metrics: {'NDCG@1': 0.4491428571428572, 'NDCG@5': 0.4498360640834538, 'NDCG@10': 0.439989748621702, 'MAP': 0.7813653257683524, 'MRR': 0.89055}
Epoch 11 | Train Metrics: {'NDCG@1': 0.47471428571428576, 'NDCG@5': 0.4564634432577959, 'NDCG@10': 0.453040561632379, 'MAP': 0.7839957584840259, 'MRR': 0.8875166666666666}
Epoch 12 | Train Metrics: {'NDCG@1': 0.44057142857142856, 'NDCG@5': 0.4271033547226894, 'NDCG@10': 0.42773315427282665, 'MAP': 0.7782059417960211, 'MRR': 0.8917666666666666}
Epoch 13 | Train Metrics: {'NDCG@1': 0.4165714285714286, 'NDCG@5': 0.4047820261626844, 'NDCG@10': 0.40292977668686764, 'MAP': 0.7697288541429222, 'MRR': 0.87785}
Epoch 14 | Train Metrics: {'NDCG@1': 0.4252857142857143, 'NDCG@5': 0.4232486314458205, 'NDCG@10': 0.4198467649541595, 'MAP': 0.7750572721303296, 'MRR': 0.8810833333333332}
Epoch 15 | Train Metrics: {'NDCG@1': 0.4112857142857143, 'NDCG@5': 0.42515770616957727, 'NDCG@10': 0.4238483059373004, 'MAP': 0.7777124146674087, 'MRR': 0.8729499999999999}
Epoch 16 | Train Metrics: {'NDCG@1': 0.4527142857142858, 'NDCG@5': 0.44532580187433046, 'NDCG@10': 0.4357041344867306, 'MAP': 0.779756459658653, 'MRR': 0.8850666666666666}
Epoch 17 | Train Metrics: {'NDCG@1': 0.4512857142857143, 'NDCG@5': 0.4439033509143291, 'NDCG@10': 0.439805432702565, 'MAP': 0.7801097631889674, 'MRR': 0.88565}
Epoch 18 | Train Metrics: {'NDCG@1': 0.4487142857142858, 'NDCG@5': 0.43264215910787257, 'NDCG@10': 0.4306128502595623, 'MAP': 0.7768856382652356, 'MRR': 0.8774}
Epoch 19 | Train Metrics: {'NDCG@1': 0.4395714285714286, 'NDCG@5': 0.4270243567216684, 'NDCG@10': 0.42184450170174564, 'MAP': 0.7750690411474406, 'MRR': 0.882475}
Epoch 20 | Train Metrics: {'NDCG@1': 0.4381428571428572, 'NDCG@5': 0.42922021303814667, 'NDCG@10': 0.42840699501317897, 'MAP': 0.7777930523823786, 'MRR': 0.8885666666666666}
Epoch 21 | Train Metrics: {'NDCG@1': 0.468, 'NDCG@5': 0.450479598572403, 'NDCG@10': 0.44642016615280183, 'MAP': 0.7819214300467697, 'MRR': 0.8914083333333334}
Epoch 22 | Train Metrics: {'NDCG@1': 0.4794285714285714, 'NDCG@5': 0.45354869314577123, 'NDCG@10': 0.44810835032106844, 'MAP': 0.7830515757989873, 'MRR': 0.9034083333333333}
Epoch 23 | Train Metrics: {'NDCG@1': 0.46714285714285725, 'NDCG@5': 0.44449290287763116, 'NDCG@10': 0.43256435135011767, 'MAP': 0.7777656720691081, 'MRR': 0.8889833333333333}
Epoch 24 | Train Metrics: {'NDCG@1': 0.42942857142857144, 'NDCG@5': 0.41900843162850615, 'NDCG@10': 0.4207005904388548, 'MAP': 0.7756626679984858, 'MRR': 0.8794833333333334}
Epoch 25 | Train Metrics: {'NDCG@1': 0.46428571428571436, 'NDCG@5': 0.4402212090600018, 'NDCG@10': 0.43156382385994163, 'MAP': 0.777399709989083, 'MRR': 0.8843166666666666}
Epoch 26 | Train Metrics: {'NDCG@1': 0.45642857142857146, 'NDCG@5': 0.44373398639412714, 'NDCG@10': 0.4375336584923695, 'MAP': 0.780920989785858, 'MRR': 0.8854500000000001}
Epoch 27 | Train Metrics: {'NDCG@1': 0.468, 'NDCG@5': 0.45617887256334516, 'NDCG@10': 0.4498944117756898, 'MAP': 0.7853044342848454, 'MRR': 0.8940333333333333}
Epoch 28 | Train Metrics: {'NDCG@1': 0.4598571428571429, 'NDCG@5': 0.4465565745943241, 'NDCG@10': 0.44392167122357773, 'MAP': 0.7820875201759988, 'MRR': 0.8877}
Epoch 29 | Train Metrics: {'NDCG@1': 0.47357142857142853, 'NDCG@5': 0.45212115904456857, 'NDCG@10': 0.4457267402315578, 'MAP': 0.782432998866914, 'MRR': 0.89955}
Epoch 30 | Train Metrics: {'NDCG@1': 0.4651428571428572, 'NDCG@5': 0.446290504223438, 'NDCG@10': 0.4373635725151928, 'MAP': 0.7799357819618742, 'MRR': 0.8910333333333333}
Epoch 31 | Train Metrics: {'NDCG@1': 0.4495714285714286, 'NDCG@5': 0.4403622873020525, 'NDCG@10': 0.43515109315084455, 'MAP': 0.7787870925072875, 'MRR': 0.8890095238095239}
Epoch 32 | Train Metrics: {'NDCG@1': 0.44242857142857145, 'NDCG@5': 0.426715977546015, 'NDCG@10': 0.42772086653483654, 'MAP': 0.7755327966496322, 'MRR': 0.8787333333333334}
Epoch 33 | Train Metrics: {'NDCG@1': 0.4631428571428572, 'NDCG@5': 0.447932166159964, 'NDCG@10': 0.4434717889514154, 'MAP': 0.7836101376178773, 'MRR': 0.8900833333333333}
Epoch 34 | Train Metrics: {'NDCG@1': 0.47171428571428575, 'NDCG@5': 0.45966889507628944, 'NDCG@10': 0.4494261108128218, 'MAP': 0.7839272272826326, 'MRR': 0.8825833333333334}

[피처 중요도 로그] /home/work/lab_project/severity/feature_importance_train_severity_l2r_lambdarank_train_thresholds.log

[검증] train score 경계(threshold) 기준 분류 정확도(참고): 0.2520

[Train] 실제 Severity와 비교

=== Train (train_thresholds) ===
Accuracy: 0.2661
Macro precision: 0.2660
Macro recall: 0.2660
Macro F1: 0.2660
Weighted precision: 0.2661
Weighted recall: 0.2661
Weighted F1: 0.2661
              precision    recall  f1-score   support

    Critical     0.2913    0.2913    0.2913     15114
        High     0.2475    0.2475    0.2475     15048
      Medium     0.2524    0.2524    0.2524     14906
         Low     0.2728    0.2728    0.2728     14932

    accuracy                         0.2661     60000
   macro avg     0.2660    0.2660    0.2660     60000
weighted avg     0.2661    0.2661    0.2661     60000


Train에서 추정한 score 경계(내림차순 상위부터 Critical→…): [ 0.08325  -0.093137 -0.274755]
(참고) train score min/max: -1.276507 / 0.966909

[Test] 실제 Severity와 비교

=== Test (mode=train_thresholds) ===
Accuracy: 0.2504
Macro precision: 0.2492
Macro recall: 0.2499
Macro F1: 0.2469
Weighted precision: 0.2493
Weighted recall: 0.2504
Weighted F1: 0.2472
              precision    recall  f1-score   support

    Critical     0.2561    0.3283    0.2878      5108
        High     0.2492    0.2701    0.2593      4920
      Medium     0.2529    0.2262    0.2388      5027
         Low     0.2386    0.1749    0.2018      4945

    accuracy                         0.2504     20000
   macro avg     0.2492    0.2499    0.2469     20000
weighted avg     0.2493    0.2504    0.2472     20000


저장: severity/logging_monitoring_anomalies_l2r_lambdarank_train_thresholds.csv

=== 소요 시간 ===
CSV 로드·train/val/test 분할: 0.369 s
전처리(인코딩·스케일) + 학습(train∪val L2R): 746.372 s
추론·경계·Train·Val·Test 평가·저장(전수): 2.650 s
  └ Test severity 정답 비교(report_metrics)만: 0.362 s
전체: 750.016 s

=== 랭킹 지표 MRR (L2R/metrics, relevance=0..3) ===
Validation MRR: 0.850062
Test MRR:       0.864521
