# train_severity_l2r_rank 2026-03-29T08:49:21.702005
# model=ranknet test_mode=train_thresholds csv=severity/logging_monitoring_anomalies.csv
# config=/home/work/lab_project/severity/experiment_config.yaml

[로그 파일] /home/work/lab_project/severity/experiment_logs/all_20260329_084725/logs/l2r_ranknet_train_thresholds.log
[[ 0.      0.     -0.8351 -1.7189  1.4577  0.122   1.0859  0.5791 -1.2547  1.2696 -1.309   1.1615  1.3574  0.7751 -1.7115 -0.1346 -0.9621 -1.3686  1.0604  0.8664  0.7023  0.882   1.3367 -0.8785
   0.4453  0.4473  0.635   0.7097 -1.3365 -0.7106]
 [ 1.      0.      0.1243 -0.3186 -1.2696 -1.2888  0.3412  0.4589  1.4455 -0.1913  0.2913 -1.2219  1.3574  0.6019  1.7109 -1.085  -1.6556  1.5471 -0.5     0.8664 -1.4193 -0.881  -0.4545  1.4664
  -0.45    0.4473 -0.2115  0.0033  1.3381 -1.4171]
 [ 2.      0.      0.9625  0.3535 -1.2696  0.12    0.1687  1.4359 -1.1057 -0.4565  1.3232 -0.0269 -0.5194  0.6019 -0.9671 -0.9529  0.4249 -0.0661  0.493   0.518  -0.7121 -0.2933 -1.3501 -1.4647
   1.3406 -1.3473  0.1516  0.7097 -0.445   1.409 ]
 [ 1.      0.     -1.6167 -1.2117 -0.1787 -0.6923 -1.2574 -0.5276 -0.8082  0.3122  0.5782  1.5341 -0.6584  1.1216 -1.1053  0.515  -0.442  -0.3785  0.7767 -1.5721  0.7023 -1.4687  1.3367 -0.8785
   0.4453 -1.3473  1.5224  0.7097 -1.3365  1.409 ]]
Traning………………

/home/work/lab_project/L2R/RankNet.py:214: UserWarning: Converting a tensor with requires_grad=True to a scalar may lead to unexpected behavior.
Consider using tensor.detach() first. (Triggered internally at /opt/pytorch/pytorch/aten/src/ATen/native/Scalar.cpp:22.)
  score = -loss.item()
Epoch:0, loss : 0.7006102800369263, Metrics: {'NDCG@1': 0.40614285714285725, 'NDCG@5': 0.3977587443482181, 'NDCG@10': 0.39990105379618, 'MAP': 0.7693215760236753, 'MRR': 0.8694500000000001}
Epoch:10, loss : 0.6927797794342041, Metrics: {'NDCG@1': 0.4248571428571429, 'NDCG@5': 0.4167602070152229, 'NDCG@10': 0.4135929448240473, 'MAP': 0.7763141166982808, 'MRR': 0.8829666666666667}
Epoch:20, loss : 0.6908057928085327, Metrics: {'NDCG@1': 0.4518571428571429, 'NDCG@5': 0.45159284579297354, 'NDCG@10': 0.44531729755848576, 'MAP': 0.7872373877024643, 'MRR': 0.8843333333333333}
Epoch:30, loss : 0.6881861686706543, Metrics: {'NDCG@1': 0.5094285714285715, 'NDCG@5': 0.4753961626878254, 'NDCG@10': 0.46279618513598214, 'MAP': 0.795112140968182, 'MRR': 0.92165}

[피처 중요도 로그] /home/work/lab_project/severity/feature_importance_train_severity_l2r_ranknet_train_thresholds_20260329_094222.log

[검증] train score 경계(threshold) 기준 분류 정확도(참고): 0.2480

[Train] 실제 Severity와 비교

=== Train (train_thresholds) ===
Accuracy: 0.2832
Macro precision: 0.2831
Macro recall: 0.2831
Macro F1: 0.2831
Weighted precision: 0.2832
Weighted recall: 0.2832
Weighted F1: 0.2832
              precision    recall  f1-score   support

    Critical     0.3218    0.3218    0.3218     15114
        High     0.2494    0.2494    0.2494     15048
      Medium     0.2551    0.2551    0.2551     14906
         Low     0.3061    0.3061    0.3061     14932

    accuracy                         0.2832     60000
   macro avg     0.2831    0.2831    0.2831     60000
weighted avg     0.2832    0.2832    0.2832     60000


Train에서 추정한 score 경계(내림차순 상위부터 Critical→…): [ 0.029576 -0.022441 -0.038943]
(참고) train score min/max: -0.571500 / 0.674204

[Test] 실제 Severity와 비교

=== Test (mode=train_thresholds) ===
Accuracy: 0.2490
Macro precision: 0.2488
Macro recall: 0.2491
Macro F1: 0.2477
Weighted precision: 0.2489
Weighted recall: 0.2490
Weighted F1: 0.2476
              precision    recall  f1-score   support

    Critical     0.2539    0.2030    0.2256      5108
        High     0.2402    0.2352    0.2377      4920
      Medium     0.2548    0.3034    0.2769      5027
         Low     0.2464    0.2548    0.2505      4945

    accuracy                         0.2490     20000
   macro avg     0.2488    0.2491    0.2477     20000
weighted avg     0.2489    0.2490    0.2476     20000


저장: severity/logging_monitoring_anomalies_l2r_ranknet_train_thresholds.csv

=== 소요 시간 ===
CSV 로드·train/val/test 분할: 0.355 s
전처리(인코딩·스케일) + 학습(train∪val L2R): 3179.972 s
추론·경계·Train·Val·Test 평가·저장(전수): 2.666 s
  └ Test severity 정답 비교(report_metrics)만: 0.367 s
전체: 3183.541 s

=== 랭킹 지표 MRR (L2R/metrics, relevance=0..3) ===
Validation MRR: 0.873952
Test MRR:       0.860629
