[로그 파일] /home/sghan/LTR-algorithm/severity/experiment_logs/my_reg3.log

[피처 중요도 로그] /home/sghan/LTR-algorithm/severity/feature_importance_train_severity_reg_decision_tree_regressor_train_score_relevance_0_3.log

[검증] CVSS 회귀 예측 vs 정답 MAE(참고): 0.0036

[검증] Validation (CVSS)

=== Validation (CVSS 수치) ===
MAE: 0.0036
RMSE: 0.0662
Pearson r (y_true, y_pred): 0.9995

[Train] CVSS 예측 vs 정답

=== Train (XGBoost CVSS regression) (CVSS 수치) ===
MAE: 0.0013
RMSE: 0.0403
Pearson r (y_true, y_pred): 0.9998

[CVSS] train 예측 min/max: 0.000000 / 10.000000 (회귀 출력은 CVSS 스케일)

[Test] CVSS 예측 vs 정답

=== Test (mode=train_score_relevance_0_3) (CVSS 수치) ===
MAE: 0.1075
RMSE: 0.5945
Pearson r (y_true, y_pred): 0.9512

저장: severity/CVE_summary_separate/cve-datasets/cve_with_meaning70_reg_decision_tree_regressor_train_score_relevance_0_3.csv

=== 소요 시간 ===
CSV 로드·train/val/test 분할: 0.573 s
전처리(인코딩·스케일) + 학습(train∪val): 0.669 s
추론·경계·평가·저장(전수): 0.296 s
  └ Test severity 정답 비교(report_metrics)만: 0.000 s
전체: 1.538 s

=== 랭킹 지표 MRR (relevance=CVSS 수치) ===
Validation MRR: 1.000000
Test MRR:       1.000000
