[로그 파일] /home/work/lab_project/severity/experiment_logs/all_20260329_131733/logs/anomaly_deep_stacked_ae_train_score_relevance_0_3.log

[피처 중요도 로그] /home/work/lab_project/severity/feature_importance_train_severity_anomaly_deep_stacked_ae_test_oracle_ratio.log

[검증] train 비율로 배정한 분류 정확도(참고): 0.2422
[검증] 클래스별 리콜·오답·FP 요약
  [실제 정답 클래스 기준]
    Critical: 정답 4925건, 맞춤 1216건, 리콜 0.2469
      오답 3709건 — 예측 High: 1239건, 예측 Medium: 1250건, 예측 Low: 1220건
    High: 정답 4954건, 맞춤 1175건, 리콜 0.2372
      오답 3779건 — 예측 Critical: 1301건, 예측 Medium: 1182건, 예측 Low: 1296건
    Medium: 정답 5085건, 맞춤 1256건, 리콜 0.2470
      오답 3829건 — 예측 Critical: 1260건, 예측 High: 1304건, 예측 Low: 1265건
    Low: 정답 5036건, 맞춤 1196건, 리콜 0.2375
      오답 3840건 — 예측 Critical: 1261건, 예측 High: 1298건, 예측 Medium: 1281건
  [예측 클래스 기준 FP] (예측이 해당 클래스인데 정답이 다른 경우)
    예측 Critical: FP 3822건 (실제 High: 1301건, 실제 Medium: 1260건, 실제 Low: 1261건)
    예측 High: FP 3841건 (실제 Critical: 1239건, 실제 Medium: 1304건, 실제 Low: 1298건)
    예측 Medium: FP 3713건 (실제 Critical: 1250건, 실제 High: 1182건, 실제 Low: 1281건)
    예측 Low: FP 3781건 (실제 Critical: 1220건, 실제 High: 1296건, 실제 Medium: 1265건)
  ※ Train/Test의 classification_report recall 열은 위 ‘맞춤’과 대응합니다. precision·F1은 같은 표에서 확인.

[Train] 실제 Severity와 비교

=== Train (비율 배정) ===
Accuracy: 0.2497
  클래스별 리콜·오답·FP 요약:
  [실제 정답 클래스 기준]
    Critical: 정답 15114건, 맞춤 3794건, 리콜 0.2510
      오답 11320건 — 예측 High: 3805건, 예측 Medium: 3693건, 예측 Low: 3822건
    High: 정답 15048건, 맞춤 3774건, 리콜 0.2508
      오답 11274건 — 예측 Critical: 3812건, 예측 Medium: 3801건, 예측 Low: 3661건
    Medium: 정답 14906건, 맞춤 3711건, 리콜 0.2490
      오답 11195건 — 예측 Critical: 3673건, 예측 High: 3773건, 예측 Low: 3749건
    Low: 정답 14932건, 맞춤 3700건, 리콜 0.2478
      오답 11232건 — 예측 Critical: 3835건, 예측 High: 3696건, 예측 Medium: 3701건
  [예측 클래스 기준 FP] (예측이 해당 클래스인데 정답이 다른 경우)
    예측 Critical: FP 11320건 (실제 High: 3812건, 실제 Medium: 3673건, 실제 Low: 3835건)
    예측 High: FP 11274건 (실제 Critical: 3805건, 실제 Medium: 3773건, 실제 Low: 3696건)
    예측 Medium: FP 11195건 (실제 Critical: 3693건, 실제 High: 3801건, 실제 Low: 3701건)
    예측 Low: FP 11232건 (실제 Critical: 3822건, 실제 High: 3661건, 실제 Medium: 3749건)
  ※ 위 ‘맞춤 n건’ 기준 리콜은 아래 classification_report의 recall 열과 같습니다. precision·f1은 같은 표에서 확인하세요.
Macro precision: 0.2496
Macro recall: 0.2496
Macro F1: 0.2496
Weighted precision: 0.2497
Weighted recall: 0.2497
Weighted F1: 0.2497
              precision    recall  f1-score   support

    Critical     0.2510    0.2510    0.2510     15114
        High     0.2508    0.2508    0.2508     15048
      Medium     0.2490    0.2490    0.2490     14906
         Low     0.2478    0.2478    0.2478     14932

    accuracy                         0.2497     60000
   macro avg     0.2496    0.2496    0.2496     60000
weighted avg     0.2497    0.2497    0.2497     60000


Train에서 추정한 score 경계(내림차순 상위부터 Critical→…): [0.020821 0.014952 0.010928]
(참고) train score min/max: 0.002258 / 0.394612

[Test] 실제 Severity와 비교

=== Test (mode=test_oracle_ratio) ===
Accuracy: 0.2527
  클래스별 리콜·오답·FP 요약:
  [실제 정답 클래스 기준]
    Critical: 정답 5108건, 맞춤 1325건, 리콜 0.2594
      오답 3783건 — 예측 High: 1246건, 예측 Medium: 1265건, 예측 Low: 1272건
    High: 정답 4920건, 맞춤 1198건, 리콜 0.2435
      오답 3722건 — 예측 Critical: 1229건, 예측 Medium: 1245건, 예측 Low: 1248건
    Medium: 정답 5027건, 맞춤 1295건, 리콜 0.2576
      오답 3732건 — 예측 Critical: 1296건, 예측 High: 1248건, 예측 Low: 1188건
    Low: 정답 4945건, 맞춤 1237건, 리콜 0.2502
      오답 3708건 — 예측 Critical: 1258건, 예측 High: 1228건, 예측 Medium: 1222건
  [예측 클래스 기준 FP] (예측이 해당 클래스인데 정답이 다른 경우)
    예측 Critical: FP 3783건 (실제 High: 1229건, 실제 Medium: 1296건, 실제 Low: 1258건)
    예측 High: FP 3722건 (실제 Critical: 1246건, 실제 Medium: 1248건, 실제 Low: 1228건)
    예측 Medium: FP 3732건 (실제 Critical: 1265건, 실제 High: 1245건, 실제 Low: 1222건)
    예측 Low: FP 3708건 (실제 Critical: 1272건, 실제 High: 1248건, 실제 Medium: 1188건)
  ※ 위 ‘맞춤 n건’ 기준 리콜은 아래 classification_report의 recall 열과 같습니다. precision·f1은 같은 표에서 확인하세요.
Macro precision: 0.2527
Macro recall: 0.2527
Macro F1: 0.2527
Weighted precision: 0.2527
Weighted recall: 0.2527
Weighted F1: 0.2527
              precision    recall  f1-score   support

    Critical     0.2594    0.2594    0.2594      5108
        High     0.2435    0.2435    0.2435      4920
      Medium     0.2576    0.2576    0.2576      5027
         Low     0.2502    0.2502    0.2502      4945

    accuracy                         0.2527     20000
   macro avg     0.2527    0.2527    0.2527     20000
weighted avg     0.2527    0.2527    0.2527     20000


저장: severity/logging_monitoring_anomalies_anomaly_deep_stacked_ae_test_oracle_ratio.csv

=== 소요 시간 ===
CSV 로드·train/val/test 분할: 0.354 s
전처리(인코딩·스케일) + 학습(train∪val): 390.000 s
추론·경계·평가·저장(전수): 3.549 s
  └ Test severity 정답 비교(report_metrics)만: 0.382 s
전체: 393.903 s

=== 랭킹 지표 MRR (relevance=0..3) ===
Validation MRR: 0.851048
Test MRR:       0.865369
