# train_severity_l2r_rank 2026-03-29T17:25:15.853789
# model=lambdarank test_mode=test_oracle_ratio csv=severity/logging_monitoring_anomalies.csv
# config=/home/work/lab_project/severity/experiment_config.yaml

[로그 파일] /home/work/lab_project/severity/experiment_logs/all_20260329_131733/logs/l2r_lambdarank_train_score_relevance_0_3.log
[[ 0.      0.     -0.8351 -1.7189  1.4577  0.122   1.0859  0.5791 -1.2547  1.2696 -1.309   1.1615  1.3574  0.7751 -1.7115 -0.1346 -0.9621 -1.3686  1.0604  0.8664  0.7023  0.882   1.3367 -0.8785
   0.4453  0.4473  0.635   0.7097 -1.3365 -0.7106]
 [ 1.      0.      0.1243 -0.3186 -1.2696 -1.2888  0.3412  0.4589  1.4455 -0.1913  0.2913 -1.2219  1.3574  0.6019  1.7109 -1.085  -1.6556  1.5471 -0.5     0.8664 -1.4193 -0.881  -0.4545  1.4664
  -0.45    0.4473 -0.2115  0.0033  1.3381 -1.4171]
 [ 2.      0.      0.9625  0.3535 -1.2696  0.12    0.1687  1.4359 -1.1057 -0.4565  1.3232 -0.0269 -0.5194  0.6019 -0.9671 -0.9529  0.4249 -0.0661  0.493   0.518  -0.7121 -0.2933 -1.3501 -1.4647
   1.3406 -1.3473  0.1516  0.7097 -0.445   1.409 ]
 [ 1.      0.     -1.6167 -1.2117 -0.1787 -0.6923 -1.2574 -0.5276 -0.8082  0.3122  0.5782  1.5341 -0.6584  1.1216 -1.1053  0.515  -0.442  -0.3785  0.7767 -1.5721  0.7023 -1.4687  1.3367 -0.8785
   0.4453 -1.3473  1.5224  0.7097 -1.3365  1.409 ]]
Training .....

Epoch 0 | Train Metrics: {'NDCG@1': 0.3925714285714286, 'NDCG@5': 0.3963827331861031, 'NDCG@10': 0.3989217601978246, 'MAP': 0.7697174920713368, 'MRR': 0.8671}
Epoch 1 | Train Metrics: {'NDCG@1': 0.41285714285714287, 'NDCG@5': 0.40818185050106964, 'NDCG@10': 0.40589830066064586, 'MAP': 0.7709981497451472, 'MRR': 0.8707666666666667}
Epoch 2 | Train Metrics: {'NDCG@1': 0.42371428571428577, 'NDCG@5': 0.41890630800407597, 'NDCG@10': 0.4184678428250242, 'MAP': 0.7741952578868413, 'MRR': 0.8789666666666667}
Epoch 3 | Train Metrics: {'NDCG@1': 0.4351428571428572, 'NDCG@5': 0.4289587877673508, 'NDCG@10': 0.42552080861277813, 'MAP': 0.7768636405403745, 'MRR': 0.8802333333333333}
Epoch 4 | Train Metrics: {'NDCG@1': 0.464, 'NDCG@5': 0.44098810391359494, 'NDCG@10': 0.4330560470618393, 'MAP': 0.7774507197838397, 'MRR': 0.88595}
Epoch 5 | Train Metrics: {'NDCG@1': 0.4524285714285715, 'NDCG@5': 0.443324015124244, 'NDCG@10': 0.43407254829718, 'MAP': 0.779176932791252, 'MRR': 0.8877}
Epoch 6 | Train Metrics: {'NDCG@1': 0.457, 'NDCG@5': 0.42885293007791314, 'NDCG@10': 0.425004712046269, 'MAP': 0.7735153984867196, 'MRR': 0.8833666666666666}
Epoch 7 | Train Metrics: {'NDCG@1': 0.4268571428571429, 'NDCG@5': 0.41520806182298714, 'NDCG@10': 0.41199418144016803, 'MAP': 0.7722733965653763, 'MRR': 0.8732595238095239}
Epoch 8 | Train Metrics: {'NDCG@1': 0.43, 'NDCG@5': 0.4224215861625538, 'NDCG@10': 0.41709854009078534, 'MAP': 0.772731230428003, 'MRR': 0.8822000000000001}
Epoch 9 | Train Metrics: {'NDCG@1': 0.453, 'NDCG@5': 0.43394348182780484, 'NDCG@10': 0.42615906917494706, 'MAP': 0.7753757553739585, 'MRR': 0.8880166666666667}
Epoch 10 | Train Metrics: {'NDCG@1': 0.4548571428571429, 'NDCG@5': 0.4382487100297005, 'NDCG@10': 0.4331829692512897, 'MAP': 0.7777805236976488, 'MRR': 0.8835833333333333}
Epoch 11 | Train Metrics: {'NDCG@1': 0.4908571428571429, 'NDCG@5': 0.4474274519708392, 'NDCG@10': 0.44112145599728525, 'MAP': 0.7802416580492308, 'MRR': 0.8925666666666666}
Epoch 12 | Train Metrics: {'NDCG@1': 0.47585714285714287, 'NDCG@5': 0.459620487825728, 'NDCG@10': 0.44672759087949576, 'MAP': 0.7831537342412461, 'MRR': 0.8960666666666666}
Epoch 13 | Train Metrics: {'NDCG@1': 0.48000000000000004, 'NDCG@5': 0.45523518922892764, 'NDCG@10': 0.44758791179147683, 'MAP': 0.7819905743298088, 'MRR': 0.88625}
Epoch 14 | Train Metrics: {'NDCG@1': 0.45357142857142857, 'NDCG@5': 0.4460548056457417, 'NDCG@10': 0.4350665255628489, 'MAP': 0.7797706403006641, 'MRR': 0.8879833333333333}
Epoch 15 | Train Metrics: {'NDCG@1': 0.4177142857142857, 'NDCG@5': 0.4159136347542467, 'NDCG@10': 0.410805993510354, 'MAP': 0.7700680786115531, 'MRR': 0.8635333333333333}
Epoch 16 | Train Metrics: {'NDCG@1': 0.43214285714285716, 'NDCG@5': 0.4186007716066262, 'NDCG@10': 0.41313807423206617, 'MAP': 0.7723377419342451, 'MRR': 0.8720666666666667}
Epoch 17 | Train Metrics: {'NDCG@1': 0.44228571428571434, 'NDCG@5': 0.4386271454292788, 'NDCG@10': 0.4333726338776181, 'MAP': 0.7801248083290734, 'MRR': 0.8841166666666666}
Epoch 18 | Train Metrics: {'NDCG@1': 0.4555714285714286, 'NDCG@5': 0.4455560070207689, 'NDCG@10': 0.4411646081388817, 'MAP': 0.7824907977698173, 'MRR': 0.89325}
Epoch 19 | Train Metrics: {'NDCG@1': 0.44542857142857145, 'NDCG@5': 0.4544341187412024, 'NDCG@10': 0.4439000905278949, 'MAP': 0.7836957973187064, 'MRR': 0.8926666666666666}
Epoch 20 | Train Metrics: {'NDCG@1': 0.4668571428571429, 'NDCG@5': 0.44538131592204955, 'NDCG@10': 0.4391902885852161, 'MAP': 0.7819042429984135, 'MRR': 0.8930833333333332}
Epoch 21 | Train Metrics: {'NDCG@1': 0.4405714285714286, 'NDCG@5': 0.4319699622656383, 'NDCG@10': 0.4273483018408204, 'MAP': 0.7780763261791929, 'MRR': 0.8788500000000001}
Epoch 22 | Train Metrics: {'NDCG@1': 0.4291428571428572, 'NDCG@5': 0.42523246060464825, 'NDCG@10': 0.4211801976788964, 'MAP': 0.774265906745771, 'MRR': 0.8688166666666666}
Epoch 23 | Train Metrics: {'NDCG@1': 0.4454285714285714, 'NDCG@5': 0.4408006348259784, 'NDCG@10': 0.43682322423888886, 'MAP': 0.7804917210444258, 'MRR': 0.8850666666666666}
Epoch 24 | Train Metrics: {'NDCG@1': 0.46128571428571435, 'NDCG@5': 0.4568209981380188, 'NDCG@10': 0.4486171239401641, 'MAP': 0.7844439252287865, 'MRR': 0.8967666666666666}
Epoch 25 | Train Metrics: {'NDCG@1': 0.48, 'NDCG@5': 0.46346300139960045, 'NDCG@10': 0.45155252001134555, 'MAP': 0.7828932500788924, 'MRR': 0.8914333333333334}
Epoch 26 | Train Metrics: {'NDCG@1': 0.45242857142857146, 'NDCG@5': 0.43984773992973336, 'NDCG@10': 0.43551040692141335, 'MAP': 0.7795830728787247, 'MRR': 0.8956666666666666}
Epoch 27 | Train Metrics: {'NDCG@1': 0.43014285714285716, 'NDCG@5': 0.4184039191710077, 'NDCG@10': 0.4175546975782154, 'MAP': 0.773015773869015, 'MRR': 0.8837833333333333}
Epoch 28 | Train Metrics: {'NDCG@1': 0.44728571428571434, 'NDCG@5': 0.4332628654737791, 'NDCG@10': 0.42536966915641566, 'MAP': 0.7781368310257697, 'MRR': 0.8955333333333333}
Epoch 29 | Train Metrics: {'NDCG@1': 0.48071428571428576, 'NDCG@5': 0.45931048494010407, 'NDCG@10': 0.44916964274857446, 'MAP': 0.7834933612327631, 'MRR': 0.8942666666666667}
Epoch 30 | Train Metrics: {'NDCG@1': 0.5114285714285715, 'NDCG@5': 0.46914845917178916, 'NDCG@10': 0.45488720560588863, 'MAP': 0.7845266068590483, 'MRR': 0.904}
Epoch 31 | Train Metrics: {'NDCG@1': 0.48671428571428577, 'NDCG@5': 0.4620517131440453, 'NDCG@10': 0.45147395964573717, 'MAP': 0.7845846203266882, 'MRR': 0.8907}
Epoch 32 | Train Metrics: {'NDCG@1': 0.47385714285714287, 'NDCG@5': 0.4489126217817936, 'NDCG@10': 0.4433433674053531, 'MAP': 0.7814916475456244, 'MRR': 0.8950333333333333}
Epoch 33 | Train Metrics: {'NDCG@1': 0.457, 'NDCG@5': 0.4325334309079966, 'NDCG@10': 0.4305008728003856, 'MAP': 0.7770891724944368, 'MRR': 0.8764833333333334}
Epoch 34 | Train Metrics: {'NDCG@1': 0.45557142857142857, 'NDCG@5': 0.4439537686217228, 'NDCG@10': 0.4352396365498932, 'MAP': 0.7792590406809743, 'MRR': 0.8865166666666666}
Epoch 35 | Train Metrics: {'NDCG@1': 0.48114285714285715, 'NDCG@5': 0.46223478652302735, 'NDCG@10': 0.4509285841717262, 'MAP': 0.7823304428929367, 'MRR': 0.8885}
Epoch 36 | Train Metrics: {'NDCG@1': 0.499, 'NDCG@5': 0.4609158744078898, 'NDCG@10': 0.45440307674876623, 'MAP': 0.7840332443263501, 'MRR': 0.9003333333333332}
Epoch 37 | Train Metrics: {'NDCG@1': 0.45857142857142863, 'NDCG@5': 0.44203426592365924, 'NDCG@10': 0.43942369294806866, 'MAP': 0.7788235705137838, 'MRR': 0.8842833333333333}
Epoch 38 | Train Metrics: {'NDCG@1': 0.44057142857142856, 'NDCG@5': 0.43284434430292834, 'NDCG@10': 0.42650294641169717, 'MAP': 0.7774159824820928, 'MRR': 0.8787666666666667}
Epoch 39 | Train Metrics: {'NDCG@1': 0.46414285714285725, 'NDCG@5': 0.44396112410361166, 'NDCG@10': 0.4362107271098953, 'MAP': 0.7768466210166539, 'MRR': 0.8877666666666667}
Epoch 40 | Train Metrics: {'NDCG@1': 0.4791428571428571, 'NDCG@5': 0.4575926478212902, 'NDCG@10': 0.44412508325680067, 'MAP': 0.7815489004867199, 'MRR': 0.8940833333333333}
Epoch 41 | Train Metrics: {'NDCG@1': 0.47714285714285715, 'NDCG@5': 0.45780867806711306, 'NDCG@10': 0.4456474193019987, 'MAP': 0.7813920548437407, 'MRR': 0.8891166666666667}
Epoch 42 | Train Metrics: {'NDCG@1': 0.44157142857142856, 'NDCG@5': 0.435061754738678, 'NDCG@10': 0.43024081543144255, 'MAP': 0.7778732169010815, 'MRR': 0.8789833333333333}
Epoch 43 | Train Metrics: {'NDCG@1': 0.4792857142857143, 'NDCG@5': 0.454082340643875, 'NDCG@10': 0.4445893100006172, 'MAP': 0.780984588477206, 'MRR': 0.8876166666666667}
Epoch 44 | Train Metrics: {'NDCG@1': 0.4828571428571429, 'NDCG@5': 0.4588434235137193, 'NDCG@10': 0.44725762545945785, 'MAP': 0.7843063373255023, 'MRR': 0.89595}
Epoch 45 | Train Metrics: {'NDCG@1': 0.49342857142857144, 'NDCG@5': 0.46803319242232383, 'NDCG@10': 0.45625935493887826, 'MAP': 0.7836682701644174, 'MRR': 0.8933166666666666}
Epoch 46 | Train Metrics: {'NDCG@1': 0.45842857142857146, 'NDCG@5': 0.4504571596409075, 'NDCG@10': 0.44025154719309834, 'MAP': 0.782846382698179, 'MRR': 0.8938666666666667}
Epoch 47 | Train Metrics: {'NDCG@1': 0.47214285714285714, 'NDCG@5': 0.4536011068655686, 'NDCG@10': 0.4411235944012817, 'MAP': 0.7781549605245899, 'MRR': 0.8823666666666666}
Epoch 48 | Train Metrics: {'NDCG@1': 0.4851428571428572, 'NDCG@5': 0.4579682004504, 'NDCG@10': 0.4499013742134144, 'MAP': 0.7817397099755901, 'MRR': 0.8948833333333335}
Epoch 49 | Train Metrics: {'NDCG@1': 0.49757142857142855, 'NDCG@5': 0.46915002406908946, 'NDCG@10': 0.45500375479100236, 'MAP': 0.7837496677034644, 'MRR': 0.8983166666666667}
Epoch 50 | Train Metrics: {'NDCG@1': 0.49042857142857144, 'NDCG@5': 0.46066622704823773, 'NDCG@10': 0.45242001991137015, 'MAP': 0.7823129418807275, 'MRR': 0.8965333333333333}
Epoch 51 | Train Metrics: {'NDCG@1': 0.44914285714285723, 'NDCG@5': 0.4537716008411758, 'NDCG@10': 0.44469299904240095, 'MAP': 0.7819079128079907, 'MRR': 0.882}
Epoch 52 | Train Metrics: {'NDCG@1': 0.4697142857142858, 'NDCG@5': 0.458310211224201, 'NDCG@10': 0.4438607391082948, 'MAP': 0.7790228417834997, 'MRR': 0.8968666666666668}
Epoch 53 | Train Metrics: {'NDCG@1': 0.47271428571428575, 'NDCG@5': 0.4538683269267788, 'NDCG@10': 0.44523014411846906, 'MAP': 0.7816996478781788, 'MRR': 0.88595}
Epoch 54 | Train Metrics: {'NDCG@1': 0.45357142857142857, 'NDCG@5': 0.45485079875261447, 'NDCG@10': 0.4475545758088581, 'MAP': 0.7817027271773361, 'MRR': 0.8835833333333334}
Epoch 55 | Train Metrics: {'NDCG@1': 0.5014285714285714, 'NDCG@5': 0.4719235403634069, 'NDCG@10': 0.46230045032023337, 'MAP': 0.7858164104113757, 'MRR': 0.8995}
Epoch 56 | Train Metrics: {'NDCG@1': 0.48614285714285715, 'NDCG@5': 0.474913910763794, 'NDCG@10': 0.462769182096743, 'MAP': 0.7862435083183654, 'MRR': 0.9015833333333334}
Epoch 57 | Train Metrics: {'NDCG@1': 0.4965714285714286, 'NDCG@5': 0.4608391702274881, 'NDCG@10': 0.45356569537074354, 'MAP': 0.7855421223399832, 'MRR': 0.9004166666666666}
Epoch 58 | Train Metrics: {'NDCG@1': 0.459, 'NDCG@5': 0.447811089277511, 'NDCG@10': 0.44002866688143905, 'MAP': 0.778343758951353, 'MRR': 0.8704166666666666}
Epoch 59 | Train Metrics: {'NDCG@1': 0.4551428571428572, 'NDCG@5': 0.43595219155290216, 'NDCG@10': 0.42778695348954615, 'MAP': 0.777338755223554, 'MRR': 0.8900999999999999}
Epoch 60 | Train Metrics: {'NDCG@1': 0.4784285714285714, 'NDCG@5': 0.4455413500044413, 'NDCG@10': 0.43463643082300196, 'MAP': 0.775312800840168, 'MRR': 0.9080833333333334}
Epoch 61 | Train Metrics: {'NDCG@1': 0.4995714285714286, 'NDCG@5': 0.46782835519679233, 'NDCG@10': 0.4565250820513276, 'MAP': 0.7837786972599298, 'MRR': 0.9035333333333333}
Epoch 62 | Train Metrics: {'NDCG@1': 0.5294285714285716, 'NDCG@5': 0.4762914795512705, 'NDCG@10': 0.4630930414179906, 'MAP': 0.7834639488714189, 'MRR': 0.9119166666666667}
Epoch 63 | Train Metrics: {'NDCG@1': 0.49142857142857144, 'NDCG@5': 0.4669189523952807, 'NDCG@10': 0.4523807545881519, 'MAP': 0.7844726309039095, 'MRR': 0.8976166666666667}
Epoch 64 | Train Metrics: {'NDCG@1': 0.48057142857142854, 'NDCG@5': 0.4502372293177276, 'NDCG@10': 0.43898936474837874, 'MAP': 0.7778155474951416, 'MRR': 0.8847666666666667}
Epoch 65 | Train Metrics: {'NDCG@1': 0.46642857142857147, 'NDCG@5': 0.4570326109868263, 'NDCG@10': 0.44390276348219393, 'MAP': 0.783806067804334, 'MRR': 0.8953333333333334}
Epoch 66 | Train Metrics: {'NDCG@1': 0.4700000000000001, 'NDCG@5': 0.4594878384374473, 'NDCG@10': 0.4505035742276769, 'MAP': 0.7829928379561661, 'MRR': 0.8964500000000001}
Epoch 67 | Train Metrics: {'NDCG@1': 0.49928571428571433, 'NDCG@5': 0.474785263538119, 'NDCG@10': 0.4613978728789823, 'MAP': 0.7875113949099347, 'MRR': 0.9038333333333333}
Epoch 68 | Train Metrics: {'NDCG@1': 0.48742857142857143, 'NDCG@5': 0.46373142157334607, 'NDCG@10': 0.4556491143468765, 'MAP': 0.7859295769986313, 'MRR': 0.9012833333333333}
Epoch 69 | Train Metrics: {'NDCG@1': 0.47157142857142853, 'NDCG@5': 0.4472025274004864, 'NDCG@10': 0.4387104614025295, 'MAP': 0.7792534580550716, 'MRR': 0.8897999999999999}
Epoch 70 | Train Metrics: {'NDCG@1': 0.446, 'NDCG@5': 0.4374786417322746, 'NDCG@10': 0.4307622370341558, 'MAP': 0.7754676305761292, 'MRR': 0.8859166666666668}
Epoch 71 | Train Metrics: {'NDCG@1': 0.49728571428571433, 'NDCG@5': 0.4577372262056917, 'NDCG@10': 0.445428793529006, 'MAP': 0.7788794862591333, 'MRR': 0.8955666666666667}
Epoch 72 | Train Metrics: {'NDCG@1': 0.5171428571428571, 'NDCG@5': 0.4696624382333477, 'NDCG@10': 0.45600652354384574, 'MAP': 0.7816022173206071, 'MRR': 0.8999833333333332}
Epoch 73 | Train Metrics: {'NDCG@1': 0.5152857142857143, 'NDCG@5': 0.48185771363920155, 'NDCG@10': 0.4667341774065352, 'MAP': 0.7842800020179468, 'MRR': 0.9004166666666668}
Epoch 74 | Train Metrics: {'NDCG@1': 0.4804285714285715, 'NDCG@5': 0.44440837863701943, 'NDCG@10': 0.4347255666113761, 'MAP': 0.777250075862781, 'MRR': 0.8903666666666666}
Epoch 75 | Train Metrics: {'NDCG@1': 0.442, 'NDCG@5': 0.43280584373386294, 'NDCG@10': 0.42935918513757754, 'MAP': 0.7788376225519964, 'MRR': 0.8763166666666666}
Epoch 76 | Train Metrics: {'NDCG@1': 0.44028571428571434, 'NDCG@5': 0.4313994462544374, 'NDCG@10': 0.42880014928568716, 'MAP': 0.7741906697604497, 'MRR': 0.8696166666666666}
Epoch 77 | Train Metrics: {'NDCG@1': 0.5021428571428571, 'NDCG@5': 0.4674383539966007, 'NDCG@10': 0.4529217831246734, 'MAP': 0.7826763556823498, 'MRR': 0.8976166666666667}
Epoch 78 | Train Metrics: {'NDCG@1': 0.4978571428571429, 'NDCG@5': 0.4641224349248309, 'NDCG@10': 0.4535736951454279, 'MAP': 0.7838438831108667, 'MRR': 0.8938666666666667}
Epoch 79 | Train Metrics: {'NDCG@1': 0.4997142857142857, 'NDCG@5': 0.4679464165329207, 'NDCG@10': 0.4583053456495395, 'MAP': 0.7852072374216746, 'MRR': 0.9022833333333333}
Epoch 80 | Train Metrics: {'NDCG@1': 0.4828571428571429, 'NDCG@5': 0.45581879552615484, 'NDCG@10': 0.44579875234054755, 'MAP': 0.7824306971462658, 'MRR': 0.9067833333333333}
Epoch 81 | Train Metrics: {'NDCG@1': 0.46842857142857147, 'NDCG@5': 0.43948083461216936, 'NDCG@10': 0.43145986413935017, 'MAP': 0.7763503232011101, 'MRR': 0.8830166666666667}
Epoch 82 | Train Metrics: {'NDCG@1': 0.5154285714285715, 'NDCG@5': 0.4681701814455177, 'NDCG@10': 0.44799869024025113, 'MAP': 0.7808137525657719, 'MRR': 0.9076666666666666}
Epoch 83 | Train Metrics: {'NDCG@1': 0.5128571428571429, 'NDCG@5': 0.4752622331554965, 'NDCG@10': 0.46014665930787235, 'MAP': 0.7856652055102313, 'MRR': 0.9075833333333333}
Epoch 84 | Train Metrics: {'NDCG@1': 0.5228571428571429, 'NDCG@5': 0.47395685588802927, 'NDCG@10': 0.46121215444788866, 'MAP': 0.7860580185479118, 'MRR': 0.9127833333333333}
Epoch 85 | Train Metrics: {'NDCG@1': 0.465, 'NDCG@5': 0.44827889843563495, 'NDCG@10': 0.4387795426798465, 'MAP': 0.7815963049785644, 'MRR': 0.8914000000000001}
Epoch 86 | Train Metrics: {'NDCG@1': 0.44142857142857145, 'NDCG@5': 0.43457638521909536, 'NDCG@10': 0.4299691468323075, 'MAP': 0.7775790027630958, 'MRR': 0.8780833333333333}
Epoch 87 | Train Metrics: {'NDCG@1': 0.5, 'NDCG@5': 0.4592719147644983, 'NDCG@10': 0.44559477855350443, 'MAP': 0.7808116832380404, 'MRR': 0.8982666666666667}
Epoch 88 | Train Metrics: {'NDCG@1': 0.5035714285714287, 'NDCG@5': 0.46778060800026616, 'NDCG@10': 0.4568630945858439, 'MAP': 0.7845570275823183, 'MRR': 0.8975666666666666}
Epoch 89 | Train Metrics: {'NDCG@1': 0.5064285714285715, 'NDCG@5': 0.4771446410667055, 'NDCG@10': 0.46182051544015357, 'MAP': 0.7861811230027911, 'MRR': 0.8934166666666667}
Epoch 90 | Train Metrics: {'NDCG@1': 0.5128571428571429, 'NDCG@5': 0.4735388241964971, 'NDCG@10': 0.4593644992556496, 'MAP': 0.7853032984138582, 'MRR': 0.8925833333333333}
Epoch 91 | Train Metrics: {'NDCG@1': 0.49142857142857144, 'NDCG@5': 0.4585932409257282, 'NDCG@10': 0.452148639126491, 'MAP': 0.7840100063856053, 'MRR': 0.8914500000000001}
Epoch 92 | Train Metrics: {'NDCG@1': 0.46142857142857147, 'NDCG@5': 0.43610520433225647, 'NDCG@10': 0.4357952025164375, 'MAP': 0.7790504142142645, 'MRR': 0.8818666666666667}
Epoch 93 | Train Metrics: {'NDCG@1': 0.4837142857142857, 'NDCG@5': 0.455771388679763, 'NDCG@10': 0.4430877940858205, 'MAP': 0.7797379085042884, 'MRR': 0.90125}
Epoch 94 | Train Metrics: {'NDCG@1': 0.49542857142857144, 'NDCG@5': 0.4717809410661006, 'NDCG@10': 0.45757238765269426, 'MAP': 0.7833950071042505, 'MRR': 0.88395}
Epoch 95 | Train Metrics: {'NDCG@1': 0.5368571428571429, 'NDCG@5': 0.48973288013495114, 'NDCG@10': 0.47339231177089014, 'MAP': 0.786881968354709, 'MRR': 0.9024761904761903}
Epoch 96 | Train Metrics: {'NDCG@1': 0.5087142857142857, 'NDCG@5': 0.4749681112647105, 'NDCG@10': 0.4589449416429395, 'MAP': 0.7854815094507109, 'MRR': 0.90115}
Epoch 97 | Train Metrics: {'NDCG@1': 0.45028571428571434, 'NDCG@5': 0.42861767380876786, 'NDCG@10': 0.4262525828436684, 'MAP': 0.7735376713013202, 'MRR': 0.8784}
Epoch 98 | Train Metrics: {'NDCG@1': 0.49214285714285716, 'NDCG@5': 0.4602860571943481, 'NDCG@10': 0.44813273344935906, 'MAP': 0.7793853350064888, 'MRR': 0.89125}
Epoch 99 | Train Metrics: {'NDCG@1': 0.505, 'NDCG@5': 0.4650656250200924, 'NDCG@10': 0.4535786001903663, 'MAP': 0.7837158193499627, 'MRR': 0.8985333333333333}
Epoch 100 | Train Metrics: {'NDCG@1': 0.5042857142857143, 'NDCG@5': 0.4678374206381425, 'NDCG@10': 0.4531625532899933, 'MAP': 0.7850844861646902, 'MRR': 0.9058166666666666}
Epoch 101 | Train Metrics: {'NDCG@1': 0.4902857142857143, 'NDCG@5': 0.4561992187303506, 'NDCG@10': 0.4455776739214607, 'MAP': 0.781209618146624, 'MRR': 0.8947999999999999}
Epoch 102 | Train Metrics: {'NDCG@1': 0.492, 'NDCG@5': 0.463346942321749, 'NDCG@10': 0.4543246226614639, 'MAP': 0.7847731531926565, 'MRR': 0.899}
Epoch 103 | Train Metrics: {'NDCG@1': 0.4995714285714286, 'NDCG@5': 0.47130209422153496, 'NDCG@10': 0.4590046383318798, 'MAP': 0.7871489939489454, 'MRR': 0.8972833333333333}
Epoch 104 | Train Metrics: {'NDCG@1': 0.4967142857142858, 'NDCG@5': 0.45758276771305406, 'NDCG@10': 0.4451699578358719, 'MAP': 0.7809631121067422, 'MRR': 0.8914500000000001}
Epoch 105 | Train Metrics: {'NDCG@1': 0.45128571428571435, 'NDCG@5': 0.44744332500305223, 'NDCG@10': 0.4393815805228113, 'MAP': 0.7829617815947782, 'MRR': 0.8941166666666667}
Epoch 106 | Train Metrics: {'NDCG@1': 0.4697142857142858, 'NDCG@5': 0.4431117894605594, 'NDCG@10': 0.4365050600096091, 'MAP': 0.7799830034160955, 'MRR': 0.8830833333333332}
Epoch 107 | Train Metrics: {'NDCG@1': 0.4764285714285714, 'NDCG@5': 0.45083913344828125, 'NDCG@10': 0.44176472725258337, 'MAP': 0.7794936429622432, 'MRR': 0.8892666666666666}
Epoch 108 | Train Metrics: {'NDCG@1': 0.47885714285714287, 'NDCG@5': 0.44724423494197346, 'NDCG@10': 0.44123976074683763, 'MAP': 0.7819021633832343, 'MRR': 0.8897833333333333}
Epoch 109 | Train Metrics: {'NDCG@1': 0.49114285714285716, 'NDCG@5': 0.4631026118640795, 'NDCG@10': 0.45164828767005505, 'MAP': 0.7820139679540126, 'MRR': 0.8953666666666665}
Epoch 110 | Train Metrics: {'NDCG@1': 0.46071428571428574, 'NDCG@5': 0.4500453476609942, 'NDCG@10': 0.44191295060590413, 'MAP': 0.779447684792279, 'MRR': 0.8837833333333333}
Epoch 111 | Train Metrics: {'NDCG@1': 0.44228571428571434, 'NDCG@5': 0.43791676049763867, 'NDCG@10': 0.42731958903060996, 'MAP': 0.7754132310674806, 'MRR': 0.8845333333333333}
Epoch 112 | Train Metrics: {'NDCG@1': 0.4475714285714286, 'NDCG@5': 0.44028035259430837, 'NDCG@10': 0.4326441527507038, 'MAP': 0.7775334272616589, 'MRR': 0.88655}
Epoch 113 | Train Metrics: {'NDCG@1': 0.4498571428571429, 'NDCG@5': 0.44958638102549414, 'NDCG@10': 0.44331665072567605, 'MAP': 0.7817480776577445, 'MRR': 0.8859833333333333}
Epoch 114 | Train Metrics: {'NDCG@1': 0.46128571428571435, 'NDCG@5': 0.4557497470350642, 'NDCG@10': 0.44982608836661514, 'MAP': 0.7819861546608144, 'MRR': 0.8840333333333333}
Epoch 115 | Train Metrics: {'NDCG@1': 0.4668571428571429, 'NDCG@5': 0.44419224317274814, 'NDCG@10': 0.44059555721599303, 'MAP': 0.7803866305677495, 'MRR': 0.8900666666666666}
Epoch 116 | Train Metrics: {'NDCG@1': 0.44328571428571434, 'NDCG@5': 0.4385442487579008, 'NDCG@10': 0.4306364011941413, 'MAP': 0.7782898943293879, 'MRR': 0.8801166666666667}
Epoch 117 | Train Metrics: {'NDCG@1': 0.45028571428571434, 'NDCG@5': 0.42857086608895195, 'NDCG@10': 0.42502956318845037, 'MAP': 0.7733242755739396, 'MRR': 0.8674000000000001}
Epoch 118 | Train Metrics: {'NDCG@1': 0.48171428571428576, 'NDCG@5': 0.4573865238088564, 'NDCG@10': 0.4445969348659056, 'MAP': 0.7809869112035869, 'MRR': 0.897275}
Epoch 119 | Train Metrics: {'NDCG@1': 0.49728571428571433, 'NDCG@5': 0.4639586088796327, 'NDCG@10': 0.45161677210510104, 'MAP': 0.7823956780853923, 'MRR': 0.89895}
Epoch 120 | Train Metrics: {'NDCG@1': 0.503, 'NDCG@5': 0.47103108942294436, 'NDCG@10': 0.46047248532832874, 'MAP': 0.7849978990939971, 'MRR': 0.89325}
Epoch 121 | Train Metrics: {'NDCG@1': 0.5102857142857142, 'NDCG@5': 0.4714591532191547, 'NDCG@10': 0.4548370809853446, 'MAP': 0.785418519723252, 'MRR': 0.9062833333333333}
Epoch 122 | Train Metrics: {'NDCG@1': 0.46728571428571436, 'NDCG@5': 0.4387806917437022, 'NDCG@10': 0.43172567827556113, 'MAP': 0.7766243199544712, 'MRR': 0.8907999999999999}
Epoch 123 | Train Metrics: {'NDCG@1': 0.45542857142857146, 'NDCG@5': 0.43588094708270536, 'NDCG@10': 0.4252929689821035, 'MAP': 0.7743733320662984, 'MRR': 0.8935666666666666}
Epoch 124 | Train Metrics: {'NDCG@1': 0.46614285714285725, 'NDCG@5': 0.43514547542681403, 'NDCG@10': 0.4226185154740698, 'MAP': 0.7731673547436426, 'MRR': 0.8860166666666667}
Epoch 125 | Train Metrics: {'NDCG@1': 0.4615714285714286, 'NDCG@5': 0.4399277809785635, 'NDCG@10': 0.43109530234255405, 'MAP': 0.7754245335188356, 'MRR': 0.8875}
Epoch 126 | Train Metrics: {'NDCG@1': 0.46314285714285724, 'NDCG@5': 0.4438745034313646, 'NDCG@10': 0.4338678150639546, 'MAP': 0.7767309303491634, 'MRR': 0.8853333333333333}
Epoch 127 | Train Metrics: {'NDCG@1': 0.471, 'NDCG@5': 0.44450580716995036, 'NDCG@10': 0.43573644057217437, 'MAP': 0.7750654630944895, 'MRR': 0.8884833333333334}
Epoch 128 | Train Metrics: {'NDCG@1': 0.4507142857142858, 'NDCG@5': 0.4367307812764802, 'NDCG@10': 0.42936721000819034, 'MAP': 0.7745972360836946, 'MRR': 0.88215}
Epoch 129 | Train Metrics: {'NDCG@1': 0.474, 'NDCG@5': 0.4456951748108438, 'NDCG@10': 0.43399888740842946, 'MAP': 0.7768715288571666, 'MRR': 0.8864333333333334}
Epoch 130 | Train Metrics: {'NDCG@1': 0.4848571428571429, 'NDCG@5': 0.4616535295659773, 'NDCG@10': 0.451059042810718, 'MAP': 0.7806837595370426, 'MRR': 0.8876833333333334}
Epoch 131 | Train Metrics: {'NDCG@1': 0.5108571428571429, 'NDCG@5': 0.46394514841059065, 'NDCG@10': 0.4517648230057886, 'MAP': 0.783233531809751, 'MRR': 0.8979166666666666}
Epoch 132 | Train Metrics: {'NDCG@1': 0.46742857142857147, 'NDCG@5': 0.44816972063332955, 'NDCG@10': 0.4398552178120009, 'MAP': 0.7787240169002899, 'MRR': 0.8805}
Epoch 133 | Train Metrics: {'NDCG@1': 0.46442857142857147, 'NDCG@5': 0.4393114999157503, 'NDCG@10': 0.42950389183668947, 'MAP': 0.7774452177033575, 'MRR': 0.8932}
Epoch 134 | Train Metrics: {'NDCG@1': 0.4508571428571429, 'NDCG@5': 0.424311323593548, 'NDCG@10': 0.419694504933431, 'MAP': 0.77718884764309, 'MRR': 0.8829261904761904}
Epoch 135 | Train Metrics: {'NDCG@1': 0.4621428571428572, 'NDCG@5': 0.4467278243157137, 'NDCG@10': 0.43994751642621477, 'MAP': 0.7815697564170919, 'MRR': 0.8869499999999999}
Epoch 136 | Train Metrics: {'NDCG@1': 0.47657142857142853, 'NDCG@5': 0.45703349923485154, 'NDCG@10': 0.4456627894465495, 'MAP': 0.7826049104677878, 'MRR': 0.8973666666666665}
Epoch 137 | Train Metrics: {'NDCG@1': 0.4704285714285714, 'NDCG@5': 0.4508246407787824, 'NDCG@10': 0.44300229072805186, 'MAP': 0.7824523246862948, 'MRR': 0.8874166666666667}
Epoch 138 | Train Metrics: {'NDCG@1': 0.4531428571428572, 'NDCG@5': 0.44115759263798626, 'NDCG@10': 0.435094602119791, 'MAP': 0.7777271862087696, 'MRR': 0.8839833333333333}
Epoch 139 | Train Metrics: {'NDCG@1': 0.42400000000000004, 'NDCG@5': 0.42614384932717403, 'NDCG@10': 0.426693526405609, 'MAP': 0.7781021027605772, 'MRR': 0.8866666666666667}
Epoch 140 | Train Metrics: {'NDCG@1': 0.44842857142857145, 'NDCG@5': 0.4368751406391007, 'NDCG@10': 0.4316382087232282, 'MAP': 0.77888239078154, 'MRR': 0.8808166666666667}
Epoch 141 | Train Metrics: {'NDCG@1': 0.47700000000000004, 'NDCG@5': 0.4549780827763675, 'NDCG@10': 0.44769772817522935, 'MAP': 0.7829067355273658, 'MRR': 0.89595}
Epoch 142 | Train Metrics: {'NDCG@1': 0.4901428571428572, 'NDCG@5': 0.4671104289819335, 'NDCG@10': 0.45714461440885523, 'MAP': 0.7856891485966863, 'MRR': 0.8990333333333335}
Epoch 143 | Train Metrics: {'NDCG@1': 0.4732857142857143, 'NDCG@5': 0.46785203572573636, 'NDCG@10': 0.45544405203816096, 'MAP': 0.7854660794348378, 'MRR': 0.8990833333333333}
Epoch 144 | Train Metrics: {'NDCG@1': 0.4744285714285714, 'NDCG@5': 0.45635104905094354, 'NDCG@10': 0.4454732722637293, 'MAP': 0.7823467338291403, 'MRR': 0.8939833333333332}
Epoch 145 | Train Metrics: {'NDCG@1': 0.46771428571428575, 'NDCG@5': 0.4477264531273963, 'NDCG@10': 0.44093729072613735, 'MAP': 0.7778511201568408, 'MRR': 0.8877999999999999}
Epoch 146 | Train Metrics: {'NDCG@1': 0.48928571428571427, 'NDCG@5': 0.45626943649768364, 'NDCG@10': 0.4419105525135584, 'MAP': 0.778871907800604, 'MRR': 0.8929333333333334}
Epoch 147 | Train Metrics: {'NDCG@1': 0.49057142857142866, 'NDCG@5': 0.4594619114970466, 'NDCG@10': 0.44625229962087914, 'MAP': 0.780374433133727, 'MRR': 0.9006166666666665}
Epoch 148 | Train Metrics: {'NDCG@1': 0.4958571428571429, 'NDCG@5': 0.47061849352070295, 'NDCG@10': 0.45839869518543275, 'MAP': 0.7854058848035731, 'MRR': 0.8995666666666667}
Epoch 149 | Train Metrics: {'NDCG@1': 0.5207142857142858, 'NDCG@5': 0.46882328145459917, 'NDCG@10': 0.450963559372018, 'MAP': 0.7820450869304985, 'MRR': 0.9017333333333334}

[피처 중요도 로그] /home/work/lab_project/severity/feature_importance_train_severity_l2r_lambdarank_test_oracle_ratio.log

[검증] train 비율로 배정한 분류 정확도(early stopping용 참고): 0.2514
[검증] 클래스별 리콜·오답·FP 요약
  [실제 정답 클래스 기준]
    Critical: 정답 4925건, 맞춤 1270건, 리콜 0.2579
      오답 3655건 — 예측 High: 1198건, 예측 Medium: 1201건, 예측 Low: 1256건
    High: 정답 4954건, 맞춤 1237건, 리콜 0.2497
      오답 3717건 — 예측 Critical: 1231건, 예측 Medium: 1264건, 예측 Low: 1222건
    Medium: 정답 5085건, 맞춤 1280건, 리콜 0.2517
      오답 3805건 — 예측 Critical: 1276건, 예측 High: 1270건, 예측 Low: 1259건
    Low: 정답 5036건, 맞춤 1240건, 리콜 0.2462
      오답 3796건 — 예측 Critical: 1261건, 예측 High: 1311건, 예측 Medium: 1224건
  [예측 클래스 기준 FP] (예측이 해당 클래스인데 정답이 다른 경우)
    예측 Critical: FP 3768건 (실제 High: 1231건, 실제 Medium: 1276건, 실제 Low: 1261건)
    예측 High: FP 3779건 (실제 Critical: 1198건, 실제 Medium: 1270건, 실제 Low: 1311건)
    예측 Medium: FP 3689건 (실제 Critical: 1201건, 실제 High: 1264건, 실제 Low: 1224건)
    예측 Low: FP 3737건 (실제 Critical: 1256건, 실제 High: 1222건, 실제 Medium: 1259건)
  ※ Train/Test의 classification_report recall 열은 위 ‘맞춤’과 대응합니다. precision·F1은 같은 표에서 확인.

[Train] 실제 Severity와 비교

=== Train (비율 배정) ===
Accuracy: 0.2671
  클래스별 리콜·오답·FP 요약:
  [실제 정답 클래스 기준]
    Critical: 정답 15114건, 맞춤 4308건, 리콜 0.2850
      오답 10806건 — 예측 High: 3890건, 예측 Medium: 3658건, 예측 Low: 3258건
    High: 정답 15048건, 맞춤 3816건, 리콜 0.2536
      오답 11232건 — 예측 Critical: 3772건, 예측 Medium: 3729건, 예측 Low: 3731건
    Medium: 정답 14906건, 맞춤 3804건, 리콜 0.2552
      오답 11102건 — 예측 Critical: 3564건, 예측 High: 3691건, 예측 Low: 3847건
    Low: 정답 14932건, 맞춤 4096건, 리콜 0.2743
      오답 10836건 — 예측 Critical: 3470건, 예측 High: 3651건, 예측 Medium: 3715건
  [예측 클래스 기준 FP] (예측이 해당 클래스인데 정답이 다른 경우)
    예측 Critical: FP 10806건 (실제 High: 3772건, 실제 Medium: 3564건, 실제 Low: 3470건)
    예측 High: FP 11232건 (실제 Critical: 3890건, 실제 Medium: 3691건, 실제 Low: 3651건)
    예측 Medium: FP 11102건 (실제 Critical: 3658건, 실제 High: 3729건, 실제 Low: 3715건)
    예측 Low: FP 10836건 (실제 Critical: 3258건, 실제 High: 3731건, 실제 Medium: 3847건)
  ※ 위 ‘맞춤 n건’ 기준 리콜은 아래 classification_report의 recall 열과 같습니다. precision·f1은 같은 표에서 확인하세요.
Macro precision: 0.2670
Macro recall: 0.2670
Macro F1: 0.2670
Weighted precision: 0.2671
Weighted recall: 0.2671
Weighted F1: 0.2671
              precision    recall  f1-score   support

    Critical     0.2850    0.2850    0.2850     15114
        High     0.2536    0.2536    0.2536     15048
      Medium     0.2552    0.2552    0.2552     14906
         Low     0.2743    0.2743    0.2743     14932

    accuracy                         0.2671     60000
   macro avg     0.2670    0.2670    0.2670     60000
weighted avg     0.2671    0.2671    0.2671     60000


Train에서 추정한 score 경계(내림차순 상위부터 Critical→…): [-0.475045 -0.732217 -1.033665]
(참고) train score min/max: -2.890847 / 0.571309

[Test] 실제 Severity와 비교

=== Test (mode=test_oracle_ratio) ===
Accuracy: 0.2421
  클래스별 리콜·오답·FP 요약:
  [실제 정답 클래스 기준]
    Critical: 정답 5108건, 맞춤 1273건, 리콜 0.2492
      오답 3835건 — 예측 High: 1251건, 예측 Medium: 1321건, 예측 Low: 1263건
    High: 정답 4920건, 맞춤 1168건, 리콜 0.2374
      오답 3752건 — 예측 Critical: 1241건, 예측 Medium: 1244건, 예측 Low: 1267건
    Medium: 정답 5027건, 맞춤 1212건, 리콜 0.2411
      오답 3815건 — 예측 Critical: 1300건, 예측 High: 1289건, 예측 Low: 1226건
    Low: 정답 4945건, 맞춤 1189건, 리콜 0.2404
      오답 3756건 — 예측 Critical: 1294건, 예측 High: 1212건, 예측 Medium: 1250건
  [예측 클래스 기준 FP] (예측이 해당 클래스인데 정답이 다른 경우)
    예측 Critical: FP 3835건 (실제 High: 1241건, 실제 Medium: 1300건, 실제 Low: 1294건)
    예측 High: FP 3752건 (실제 Critical: 1251건, 실제 Medium: 1289건, 실제 Low: 1212건)
    예측 Medium: FP 3815건 (실제 Critical: 1321건, 실제 High: 1244건, 실제 Low: 1250건)
    예측 Low: FP 3756건 (실제 Critical: 1263건, 실제 High: 1267건, 실제 Medium: 1226건)
  ※ 위 ‘맞춤 n건’ 기준 리콜은 아래 classification_report의 recall 열과 같습니다. precision·f1은 같은 표에서 확인하세요.
Macro precision: 0.2420
Macro recall: 0.2420
Macro F1: 0.2420
Weighted precision: 0.2421
Weighted recall: 0.2421
Weighted F1: 0.2421
              precision    recall  f1-score   support

    Critical     0.2492    0.2492    0.2492      5108
        High     0.2374    0.2374    0.2374      4920
      Medium     0.2411    0.2411    0.2411      5027
         Low     0.2404    0.2404    0.2404      4945

    accuracy                         0.2421     20000
   macro avg     0.2420    0.2420    0.2420     20000
weighted avg     0.2421    0.2421    0.2421     20000


저장: severity/logging_monitoring_anomalies_l2r_lambdarank_test_oracle_ratio.csv

=== 소요 시간 ===
CSV 로드·train/val/test 분할: 0.422 s
전처리(인코딩·스케일) + 학습(train∪val L2R): 3141.492 s
추론·경계·Train·Val·Test 평가·저장(전수): 2.679 s
  └ Test severity 정답 비교(report_metrics)만: 0.377 s
전체: 3145.197 s

=== 랭킹 지표 MRR (L2R/metrics, relevance=0..3) ===
Validation MRR: 0.838601
Test MRR:       0.855040
