# train_severity_l2r_rank 2026-03-29T13:33:20.009425
# model=xgboost test_mode=train_score_relevance_0_3 csv=severity/logging_monitoring_anomalies.csv
# config=/home/work/lab_project/severity/experiment_config.yaml

[로그 파일] /home/work/lab_project/severity/experiment_logs/all_20260329_131733/logs/l2r_xgboost_train_score_relevance_0_3.log
[[ 0.      0.     -0.8351 -1.7189  1.4577  0.122   1.0859  0.5791 -1.2547  1.2696 -1.309   1.1615  1.3574  0.7751 -1.7115 -0.1346 -0.9621 -1.3686  1.0604  0.8664  0.7023  0.882   1.3367 -0.8785
   0.4453  0.4473  0.635   0.7097 -1.3365 -0.7106]
 [ 1.      0.      0.1243 -0.3186 -1.2696 -1.2888  0.3412  0.4589  1.4455 -0.1913  0.2913 -1.2219  1.3574  0.6019  1.7109 -1.085  -1.6556  1.5471 -0.5     0.8664 -1.4193 -0.881  -0.4545  1.4664
  -0.45    0.4473 -0.2115  0.0033  1.3381 -1.4171]
 [ 2.      0.      0.9625  0.3535 -1.2696  0.12    0.1687  1.4359 -1.1057 -0.4565  1.3232 -0.0269 -0.5194  0.6019 -0.9671 -0.9529  0.4249 -0.0661  0.493   0.518  -0.7121 -0.2933 -1.3501 -1.4647
   1.3406 -1.3473  0.1516  0.7097 -0.445   1.409 ]
 [ 1.      0.     -1.6167 -1.2117 -0.1787 -0.6923 -1.2574 -0.5276 -0.8082  0.3122  0.5782  1.5341 -0.6584  1.1216 -1.1053  0.515  -0.442  -0.3785  0.7767 -1.5721  0.7023 -1.4687  1.3367 -0.8785
   0.4453 -1.3473  1.5224  0.7097 -1.3365  1.409 ]]

[피처 중요도 로그] /home/work/lab_project/severity/feature_importance_train_severity_l2r_xgboost_train_score_relevance_0_3.log

[검증] train min~max→[0,3] relevance 반올림 기준 분류 정확도(참고): 0.2531

[Train] 실제 Severity와 비교

=== Train (train_score_relevance_0_3) ===
Accuracy: 0.2510
Macro precision: 0.4150
Macro recall: 0.2525
Macro F1: 0.1170
Weighted precision: 0.4161
Weighted recall: 0.2510
Weighted F1: 0.1163
              precision    recall  f1-score   support

    Critical     1.0000    0.0003    0.0005     15114
        High     0.0145    0.0007    0.0014     15048
      Medium     0.2505    0.9721    0.3984     14906
         Low     0.3950    0.0370    0.0677     14932

    accuracy                         0.2510     60000
   macro avg     0.4150    0.2525    0.1170     60000
weighted avg     0.4161    0.2510    0.1163     60000


[train_score_relevance_0_3] train 점수 min~max를 [0,3] relevance로 선형 매핑 후 반올림 (train min=-0.851445, train max=2.228653)

[Test] 실제 Severity와 비교

=== Test (mode=train_score_relevance_0_3) ===
Accuracy: 0.2516
Macro precision: 0.4498
Macro recall: 0.2504
Macro F1: 0.1115
Weighted precision: 0.4538
Weighted recall: 0.2516
Weighted F1: 0.1119
              precision    recall  f1-score   support

    Critical     1.0000    0.0004    0.0008      5108
        High     0.2274    0.0209    0.0383      4920
      Medium     0.2519    0.9769    0.4005      5027
         Low     0.3200    0.0032    0.0064      4945

    accuracy                         0.2516     20000
   macro avg     0.4498    0.2504    0.1115     20000
weighted avg     0.4538    0.2516    0.1119     20000


저장: severity/logging_monitoring_anomalies_l2r_xgboost_train_score_relevance_0_3.csv

=== 소요 시간 ===
CSV 로드·train/val/test 분할: 0.357 s
전처리(인코딩·스케일) + 학습(train∪val L2R): 16.705 s
추론·경계·Train·Val·Test 평가·저장(전수): 2.630 s
  └ Test severity 정답 비교(report_metrics)만: 0.355 s
전체: 25.798 s

=== 랭킹 지표 MRR (L2R/metrics, relevance=0..3) ===
Validation MRR: 0.854042
Test MRR:       0.860030
