# train_severity_l2r_rank 2026-03-29T13:17:36.387093
# model=listnet test_mode=train_score_relevance_0_3 csv=severity/logging_monitoring_anomalies.csv
# config=/home/work/lab_project/severity/experiment_config.yaml

[로그 파일] /home/work/lab_project/severity/experiment_logs/all_20260329_131733/logs/l2r_listnet_train_score_relevance_0_3.log
[[ 0.      0.     -0.8351 -1.7189  1.4577  0.122   1.0859  0.5791 -1.2547  1.2696 -1.309   1.1615  1.3574  0.7751 -1.7115 -0.1346 -0.9621 -1.3686  1.0604  0.8664  0.7023  0.882   1.3367 -0.8785
   0.4453  0.4473  0.635   0.7097 -1.3365 -0.7106]
 [ 1.      0.      0.1243 -0.3186 -1.2696 -1.2888  0.3412  0.4589  1.4455 -0.1913  0.2913 -1.2219  1.3574  0.6019  1.7109 -1.085  -1.6556  1.5471 -0.5     0.8664 -1.4193 -0.881  -0.4545  1.4664
  -0.45    0.4473 -0.2115  0.0033  1.3381 -1.4171]
 [ 2.      0.      0.9625  0.3535 -1.2696  0.12    0.1687  1.4359 -1.1057 -0.4565  1.3232 -0.0269 -0.5194  0.6019 -0.9671 -0.9529  0.4249 -0.0661  0.493   0.518  -0.7121 -0.2933 -1.3501 -1.4647
   1.3406 -1.3473  0.1516  0.7097 -0.445   1.409 ]
 [ 1.      0.     -1.6167 -1.2117 -0.1787 -0.6923 -1.2574 -0.5276 -0.8082  0.3122  0.5782  1.5341 -0.6584  1.1216 -1.1053  0.515  -0.442  -0.3785  0.7767 -1.5721  0.7023 -1.4687  1.3367 -0.8785
   0.4453 -1.3473  1.5224  0.7097 -1.3365  1.409 ]]
ListNet Epoch 0 | Metrics: {'NDCG@1': 0.37339606501283146, 'NDCG@5': 0.3851161262860817, 'NDCG@10': 0.38739824881116425, 'MAP': 0.7618127668904023, 'MRR': 0.8529940119760479}
ListNet Epoch 1 | Metrics: {'NDCG@1': 0.36911890504704875, 'NDCG@5': 0.3870289921986956, 'NDCG@10': 0.39251509835453485, 'MAP': 0.7618419208486563, 'MRR': 0.8500998003992014}
ListNet Epoch 2 | Metrics: {'NDCG@1': 0.3746792130025663, 'NDCG@5': 0.3846933790783839, 'NDCG@10': 0.39149247029679113, 'MAP': 0.7612815455028396, 'MRR': 0.8573353293413173}
ListNet Epoch 3 | Metrics: {'NDCG@1': 0.41274593669803245, 'NDCG@5': 0.38503523821118407, 'NDCG@10': 0.3900982701751102, 'MAP': 0.7607976761700506, 'MRR': 0.8752994011976047}
ListNet Epoch 4 | Metrics: {'NDCG@1': 0.397775876817793, 'NDCG@5': 0.3823397700373502, 'NDCG@10': 0.38366405097715334, 'MAP': 0.7602936977593204, 'MRR': 0.8686127744510979}
ListNet Epoch 5 | Metrics: {'NDCG@1': 0.4118905047048759, 'NDCG@5': 0.3830601495002351, 'NDCG@10': 0.3868037040594052, 'MAP': 0.7610043238874845, 'MRR': 0.8699600798403193}
ListNet Epoch 6 | Metrics: {'NDCG@1': 0.41659538066723695, 'NDCG@5': 0.37828631076053115, 'NDCG@10': 0.3869185281767302, 'MAP': 0.7614931300753524, 'MRR': 0.8694610778443115}
ListNet Epoch 7 | Metrics: {'NDCG@1': 0.40333618477331057, 'NDCG@5': 0.37480444772886873, 'NDCG@10': 0.3855009786935324, 'MAP': 0.7617105028304411, 'MRR': 0.865319361277445}
ListNet Epoch 8 | Metrics: {'NDCG@1': 0.41317365269461076, 'NDCG@5': 0.37611452972828596, 'NDCG@10': 0.385075901782249, 'MAP': 0.7618277916392474, 'MRR': 0.8714570858283431}
ListNet Epoch 9 | Metrics: {'NDCG@1': 0.41445680068434554, 'NDCG@5': 0.3770035461725694, 'NDCG@10': 0.38196053555797965, 'MAP': 0.7620868913016015, 'MRR': 0.8768463073852296}
ListNet Epoch 10 | Metrics: {'NDCG@1': 0.40675791274593665, 'NDCG@5': 0.3734914498362846, 'NDCG@10': 0.38031053808399745, 'MAP': 0.7621442454480181, 'MRR': 0.8732534930139721}
ListNet Epoch 11 | Metrics: {'NDCG@1': 0.41531223267750217, 'NDCG@5': 0.3776144531193709, 'NDCG@10': 0.3836082877241815, 'MAP': 0.7623693401710161, 'MRR': 0.8819361277445109}
ListNet Epoch 12 | Metrics: {'NDCG@1': 0.40846877673224985, 'NDCG@5': 0.3832538268054972, 'NDCG@10': 0.38432541117944186, 'MAP': 0.7625856293473495, 'MRR': 0.878443113772455}
ListNet Epoch 13 | Metrics: {'NDCG@1': 0.39307100085543195, 'NDCG@5': 0.377844700712501, 'NDCG@10': 0.3811014807631658, 'MAP': 0.7616915347861034, 'MRR': 0.8658682634730539}
ListNet Epoch 14 | Metrics: {'NDCG@1': 0.39307100085543195, 'NDCG@5': 0.37979414187450733, 'NDCG@10': 0.38121645067508164, 'MAP': 0.7614953313719892, 'MRR': 0.8671157684630739}
ListNet Epoch 15 | Metrics: {'NDCG@1': 0.40333618477331057, 'NDCG@5': 0.3804096187471186, 'NDCG@10': 0.38275723479535667, 'MAP': 0.7617643651688368, 'MRR': 0.8686127744510979}
ListNet Epoch 16 | Metrics: {'NDCG@1': 0.41274593669803245, 'NDCG@5': 0.37862679721792636, 'NDCG@10': 0.3851364481757108, 'MAP': 0.7619461805968748, 'MRR': 0.8774451097804391}
ListNet Epoch 17 | Metrics: {'NDCG@1': 0.40975192472198463, 'NDCG@5': 0.37908688660113776, 'NDCG@10': 0.38583052557325204, 'MAP': 0.7621491838163383, 'MRR': 0.8742015968063873}
ListNet Epoch 18 | Metrics: {'NDCG@1': 0.40461933276304535, 'NDCG@5': 0.3760510960387238, 'NDCG@10': 0.3850219709657152, 'MAP': 0.7620462127920873, 'MRR': 0.8722554890219562}
ListNet Epoch 19 | Metrics: {'NDCG@1': 0.4097519247219845, 'NDCG@5': 0.3760665036420625, 'NDCG@10': 0.383667197701731, 'MAP': 0.7621116367670103, 'MRR': 0.8752495009980039}
ListNet Epoch 20 | Metrics: {'NDCG@1': 0.39991445680068427, 'NDCG@5': 0.37860210139174083, 'NDCG@10': 0.3817026625960198, 'MAP': 0.7623627100545183, 'MRR': 0.8677644710578843}
ListNet Epoch 21 | Metrics: {'NDCG@1': 0.3866552609067579, 'NDCG@5': 0.3800484951477761, 'NDCG@10': 0.38393696375315833, 'MAP': 0.7626256477513695, 'MRR': 0.8655189620758484}
ListNet Epoch 22 | Metrics: {'NDCG@1': 0.3866552609067579, 'NDCG@5': 0.37834876326823186, 'NDCG@10': 0.38367046904211366, 'MAP': 0.7622493509536098, 'MRR': 0.8711077844311376}
ListNet Epoch 23 | Metrics: {'NDCG@1': 0.3768177929854577, 'NDCG@5': 0.38096434606618657, 'NDCG@10': 0.38299338539402833, 'MAP': 0.7628866424157575, 'MRR': 0.8722554890219562}
ListNet Epoch 24 | Metrics: {'NDCG@1': 0.3913601368691189, 'NDCG@5': 0.3805020745643472, 'NDCG@10': 0.38499870765962685, 'MAP': 0.7629846784413212, 'MRR': 0.8772455089820359}
ListNet Epoch 25 | Metrics: {'NDCG@1': 0.3781009409751924, 'NDCG@5': 0.3785718879882816, 'NDCG@10': 0.38298774050602785, 'MAP': 0.7626942218385613, 'MRR': 0.8677644710578841}
ListNet Epoch 26 | Metrics: {'NDCG@1': 0.3781009409751925, 'NDCG@5': 0.37847959470971415, 'NDCG@10': 0.383240798825689, 'MAP': 0.7626000771620395, 'MRR': 0.8655189620758482}
ListNet Epoch 27 | Metrics: {'NDCG@1': 0.36313088109495295, 'NDCG@5': 0.37663796710057457, 'NDCG@10': 0.3790302319375205, 'MAP': 0.7619616911201869, 'MRR': 0.8576347305389221}
ListNet Epoch 28 | Metrics: {'NDCG@1': 0.3473053892215569, 'NDCG@5': 0.37456729187900595, 'NDCG@10': 0.38033123215662423, 'MAP': 0.761630666698527, 'MRR': 0.8514970059880239}
ListNet Epoch 29 | Metrics: {'NDCG@1': 0.3665526090675791, 'NDCG@5': 0.3785055382155561, 'NDCG@10': 0.379893147220689, 'MAP': 0.7618500337547127, 'MRR': 0.8534930139720559}
ListNet Epoch 30 | Metrics: {'NDCG@1': 0.36099230111206154, 'NDCG@5': 0.377552624820486, 'NDCG@10': 0.3807082201083173, 'MAP': 0.7618500906939728, 'MRR': 0.8534930139720559}
ListNet Epoch 31 | Metrics: {'NDCG@1': 0.35970915312232676, 'NDCG@5': 0.37675857235974025, 'NDCG@10': 0.3832247720250332, 'MAP': 0.7619061463489846, 'MRR': 0.8536926147704591}
ListNet Epoch 32 | Metrics: {'NDCG@1': 0.3592814371257485, 'NDCG@5': 0.3766948496519922, 'NDCG@10': 0.3827832592101522, 'MAP': 0.7623170764317923, 'MRR': 0.8547405189620759}
ListNet Epoch 33 | Metrics: {'NDCG@1': 0.3562874251497006, 'NDCG@5': 0.37554062160100027, 'NDCG@10': 0.3804431400005245, 'MAP': 0.7622417063830975, 'MRR': 0.8550898203592815}
ListNet Epoch 34 | Metrics: {'NDCG@1': 0.3601368691189051, 'NDCG@5': 0.374252572794218, 'NDCG@10': 0.380589157801328, 'MAP': 0.7619187391571651, 'MRR': 0.8567365269461077}
ListNet Epoch 35 | Metrics: {'NDCG@1': 0.3669803250641574, 'NDCG@5': 0.3773895965302068, 'NDCG@10': 0.38065013460726294, 'MAP': 0.7621192685004803, 'MRR': 0.8523952095808383}
ListNet Epoch 36 | Metrics: {'NDCG@1': 0.3652694610778443, 'NDCG@5': 0.37592550663416047, 'NDCG@10': 0.3795974666869156, 'MAP': 0.761774708444324, 'MRR': 0.8506487025948104}
ListNet Epoch 37 | Metrics: {'NDCG@1': 0.3627031650983747, 'NDCG@5': 0.3754131770865051, 'NDCG@10': 0.3813411249159485, 'MAP': 0.7618185939524614, 'MRR': 0.8517964071856288}
ListNet Epoch 38 | Metrics: {'NDCG@1': 0.36313088109495295, 'NDCG@5': 0.3750506592043018, 'NDCG@10': 0.3819587200526422, 'MAP': 0.7617600709452648, 'MRR': 0.8491516966067865}
ListNet Epoch 39 | Metrics: {'NDCG@1': 0.36313088109495295, 'NDCG@5': 0.37356817045845997, 'NDCG@10': 0.38049780161899166, 'MAP': 0.7617295390855645, 'MRR': 0.8491516966067865}
ListNet Epoch 40 | Metrics: {'NDCG@1': 0.3669803250641574, 'NDCG@5': 0.3724946429657602, 'NDCG@10': 0.3790741284624748, 'MAP': 0.7616668379359052, 'MRR': 0.8538922155688622}
ListNet Epoch 41 | Metrics: {'NDCG@1': 0.38023952095808383, 'NDCG@5': 0.3732779582531252, 'NDCG@10': 0.3808110783326184, 'MAP': 0.761726844092251, 'MRR': 0.8603792415169661}
ListNet Epoch 42 | Metrics: {'NDCG@1': 0.3785286569717708, 'NDCG@5': 0.37557316428033205, 'NDCG@10': 0.38050624763130036, 'MAP': 0.7622228724631585, 'MRR': 0.8580339321357286}
ListNet Epoch 43 | Metrics: {'NDCG@1': 0.3738237810094098, 'NDCG@5': 0.3745091139232504, 'NDCG@10': 0.37925733687223095, 'MAP': 0.7620155221714987, 'MRR': 0.8555389221556886}
ListNet Epoch 44 | Metrics: {'NDCG@1': 0.36484174508126604, 'NDCG@5': 0.3727359549891525, 'NDCG@10': 0.3808476553327995, 'MAP': 0.7618284740397655, 'MRR': 0.8510479041916168}
ListNet Epoch 45 | Metrics: {'NDCG@1': 0.36099230111206165, 'NDCG@5': 0.3696508815781744, 'NDCG@10': 0.37984005916668295, 'MAP': 0.7617733463820193, 'MRR': 0.8493013972055887}
ListNet Epoch 46 | Metrics: {'NDCG@1': 0.36313088109495295, 'NDCG@5': 0.37395184976672013, 'NDCG@10': 0.3802399608800607, 'MAP': 0.7619014043150526, 'MRR': 0.8527944111776449}
ListNet Epoch 47 | Metrics: {'NDCG@1': 0.3721129170230967, 'NDCG@5': 0.3740447001136308, 'NDCG@10': 0.37939951788537657, 'MAP': 0.7620346368889676, 'MRR': 0.8540419161676647}
ListNet Epoch 48 | Metrics: {'NDCG@1': 0.3759623609923011, 'NDCG@5': 0.3750691244359146, 'NDCG@10': 0.37995941540080186, 'MAP': 0.7623189492888471, 'MRR': 0.8585329341317365}
ListNet Epoch 49 | Metrics: {'NDCG@1': 0.3674080410607357, 'NDCG@5': 0.3742169791079931, 'NDCG@10': 0.3791532856310198, 'MAP': 0.7624062529969391, 'MRR': 0.8565369261477047}
ListNet Epoch 50 | Metrics: {'NDCG@1': 0.36569717707442256, 'NDCG@5': 0.37202510006626943, 'NDCG@10': 0.375941405252286, 'MAP': 0.7624180716147103, 'MRR': 0.8590319361277445}
ListNet Epoch 51 | Metrics: {'NDCG@1': 0.35885372112917024, 'NDCG@5': 0.37322079879941117, 'NDCG@10': 0.3766183419880733, 'MAP': 0.762253212064287, 'MRR': 0.8582834331337325}
ListNet Epoch 52 | Metrics: {'NDCG@1': 0.35671514114627884, 'NDCG@5': 0.3718874704499297, 'NDCG@10': 0.3763425634932489, 'MAP': 0.7621113595639065, 'MRR': 0.8532934131736527}
ListNet Epoch 53 | Metrics: {'NDCG@1': 0.3605645851154833, 'NDCG@5': 0.3730028316395605, 'NDCG@10': 0.37838732006150305, 'MAP': 0.762297570786745, 'MRR': 0.8517964071856288}
ListNet Epoch 54 | Metrics: {'NDCG@1': 0.3562874251497006, 'NDCG@5': 0.36809422450853363, 'NDCG@10': 0.3766550436924844, 'MAP': 0.7621668972084594, 'MRR': 0.8517964071856288}
ListNet Epoch 55 | Metrics: {'NDCG@1': 0.3575705731394354, 'NDCG@5': 0.3685058862179213, 'NDCG@10': 0.374680304009692, 'MAP': 0.7619877845755567, 'MRR': 0.8552894211576847}
ListNet Epoch 56 | Metrics: {'NDCG@1': 0.36142001710863986, 'NDCG@5': 0.3711038529123331, 'NDCG@10': 0.373997691027861, 'MAP': 0.7621679800297133, 'MRR': 0.8537924151696608}
ListNet Epoch 57 | Metrics: {'NDCG@1': 0.3618477331052182, 'NDCG@5': 0.37074257668969485, 'NDCG@10': 0.3760389491805214, 'MAP': 0.7623617015479346, 'MRR': 0.8587824351297406}
ListNet Epoch 58 | Metrics: {'NDCG@1': 0.35757057313943547, 'NDCG@5': 0.36897679862697763, 'NDCG@10': 0.3756006333394466, 'MAP': 0.7621729881516038, 'MRR': 0.8535429141716568}
ListNet Epoch 59 | Metrics: {'NDCG@1': 0.3502994011976048, 'NDCG@5': 0.3686165559502341, 'NDCG@10': 0.3750088734078193, 'MAP': 0.7621169488880485, 'MRR': 0.8512974051896208}
ListNet Epoch 60 | Metrics: {'NDCG@1': 0.358426005132592, 'NDCG@5': 0.37018840722066976, 'NDCG@10': 0.375056725709493, 'MAP': 0.7621930641892208, 'MRR': 0.8557884231536927}
ListNet Epoch 61 | Metrics: {'NDCG@1': 0.3515825491873396, 'NDCG@5': 0.3712176762006559, 'NDCG@10': 0.3752166793482281, 'MAP': 0.7625456383443704, 'MRR': 0.8557884231536925}
ListNet Epoch 62 | Metrics: {'NDCG@1': 0.3524379811804962, 'NDCG@5': 0.37027437624974635, 'NDCG@10': 0.37660738372433206, 'MAP': 0.762595760239802, 'MRR': 0.8583832335329342}
ListNet Epoch 63 | Metrics: {'NDCG@1': 0.3532934131736527, 'NDCG@5': 0.3679669576440226, 'NDCG@10': 0.37499798494791775, 'MAP': 0.7627041801051836, 'MRR': 0.8612774451097803}
ListNet Epoch 64 | Metrics: {'NDCG@1': 0.35372112917023096, 'NDCG@5': 0.36968069988627916, 'NDCG@10': 0.37478975770094, 'MAP': 0.7625899126238065, 'MRR': 0.8602794411177646}
ListNet Epoch 65 | Metrics: {'NDCG@1': 0.35115483319076135, 'NDCG@5': 0.3700448555096449, 'NDCG@10': 0.37474093111483525, 'MAP': 0.7624613966604329, 'MRR': 0.85938123752495}
ListNet Epoch 66 | Metrics: {'NDCG@1': 0.3592814371257485, 'NDCG@5': 0.3701323857831293, 'NDCG@10': 0.37438274675243777, 'MAP': 0.7624446567108533, 'MRR': 0.8616267465069859}
ListNet Epoch 67 | Metrics: {'NDCG@1': 0.3691189050470488, 'NDCG@5': 0.36971012786781837, 'NDCG@10': 0.374662586779087, 'MAP': 0.7623602092742642, 'MRR': 0.8628742514970059}
ListNet Epoch 68 | Metrics: {'NDCG@1': 0.3674080410607357, 'NDCG@5': 0.36768960588831984, 'NDCG@10': 0.373513915519366, 'MAP': 0.7622805770460445, 'MRR': 0.862624750499002}
ListNet Epoch 69 | Metrics: {'NDCG@1': 0.36826347305389223, 'NDCG@5': 0.36794824082926064, 'NDCG@10': 0.37406253978343373, 'MAP': 0.7621320880980208, 'MRR': 0.862125748502994}
ListNet Epoch 70 | Metrics: {'NDCG@1': 0.3627031650983747, 'NDCG@5': 0.36684281212801373, 'NDCG@10': 0.3726597986151252, 'MAP': 0.7616661449808748, 'MRR': 0.8556387225548902}
ListNet Epoch 71 | Metrics: {'NDCG@1': 0.36612489307100093, 'NDCG@5': 0.36666752982043277, 'NDCG@10': 0.3734279795808261, 'MAP': 0.7616513418905901, 'MRR': 0.8537425149700598}
ListNet Epoch 72 | Metrics: {'NDCG@1': 0.36698032506415745, 'NDCG@5': 0.3662397088258596, 'NDCG@10': 0.37279697314291416, 'MAP': 0.7616242587088088, 'MRR': 0.8573852295409182}
ListNet Epoch 73 | Metrics: {'NDCG@1': 0.3605645851154834, 'NDCG@5': 0.365136384635829, 'NDCG@10': 0.3734186299821883, 'MAP': 0.7615481491444823, 'MRR': 0.8533932135728542}
ListNet Epoch 74 | Metrics: {'NDCG@1': 0.35928143712574856, 'NDCG@5': 0.3626496573221955, 'NDCG@10': 0.3742624122324221, 'MAP': 0.7614631565114371, 'MRR': 0.8523952095808383}
ListNet Epoch 75 | Metrics: {'NDCG@1': 0.3639863130881095, 'NDCG@5': 0.36428070271072455, 'NDCG@10': 0.3743218403384396, 'MAP': 0.7615309130920511, 'MRR': 0.8568862275449102}
ListNet Epoch 76 | Metrics: {'NDCG@1': 0.3691189050470488, 'NDCG@5': 0.3656925012356045, 'NDCG@10': 0.3754902756326734, 'MAP': 0.7617237386989788, 'MRR': 0.859880239520958}
ListNet Epoch 77 | Metrics: {'NDCG@1': 0.36954662104362707, 'NDCG@5': 0.36480997932137543, 'NDCG@10': 0.3767034022907086, 'MAP': 0.7620249067858105, 'MRR': 0.8608782435129739}
ListNet Epoch 78 | Metrics: {'NDCG@1': 0.37211291702309673, 'NDCG@5': 0.36613439636023765, 'NDCG@10': 0.3770833507743704, 'MAP': 0.7620875022136753, 'MRR': 0.8616267465069859}
ListNet Epoch 79 | Metrics: {'NDCG@1': 0.3691189050470488, 'NDCG@5': 0.36679974258421777, 'NDCG@10': 0.3764669297554583, 'MAP': 0.7620097834475902, 'MRR': 0.863373253493014}
ListNet Epoch 80 | Metrics: {'NDCG@1': 0.367835757057314, 'NDCG@5': 0.36957135089060056, 'NDCG@10': 0.3755665148888003, 'MAP': 0.7621682590441056, 'MRR': 0.8617265469061877}
ListNet Epoch 81 | Metrics: {'NDCG@1': 0.36484174508126604, 'NDCG@5': 0.3696443200068794, 'NDCG@10': 0.37429534505028306, 'MAP': 0.761926578354786, 'MRR': 0.8637225548902197}
ListNet Epoch 82 | Metrics: {'NDCG@1': 0.3661248930710008, 'NDCG@5': 0.369651867898762, 'NDCG@10': 0.3752905231241047, 'MAP': 0.7621460216421954, 'MRR': 0.8617265469061874}
ListNet Epoch 83 | Metrics: {'NDCG@1': 0.36569717707442256, 'NDCG@5': 0.36916792460397424, 'NDCG@10': 0.37498957214291184, 'MAP': 0.7621543007846862, 'MRR': 0.8588822355289422}
ListNet Epoch 84 | Metrics: {'NDCG@1': 0.3712574850299401, 'NDCG@5': 0.36979642321197276, 'NDCG@10': 0.37469267458523875, 'MAP': 0.7623312480759684, 'MRR': 0.8632734530938125}
ListNet Epoch 85 | Metrics: {'NDCG@1': 0.37082976903336184, 'NDCG@5': 0.36933419449060967, 'NDCG@10': 0.37366777109880156, 'MAP': 0.7621177713806864, 'MRR': 0.86187624750499}
ListNet Epoch 86 | Metrics: {'NDCG@1': 0.36911890504704875, 'NDCG@5': 0.3686950406608336, 'NDCG@10': 0.3732509628957437, 'MAP': 0.7621898646774541, 'MRR': 0.8623752495009979}
ListNet Epoch 87 | Metrics: {'NDCG@1': 0.36911890504704875, 'NDCG@5': 0.3695159130014172, 'NDCG@10': 0.3719767799121467, 'MAP': 0.7622950620340989, 'MRR': 0.86187624750499}
ListNet Epoch 88 | Metrics: {'NDCG@1': 0.3661248930710008, 'NDCG@5': 0.36886803239247107, 'NDCG@10': 0.37344600993297655, 'MAP': 0.7625472793354946, 'MRR': 0.859880239520958}
ListNet Epoch 89 | Metrics: {'NDCG@1': 0.37082976903336184, 'NDCG@5': 0.3691029147285265, 'NDCG@10': 0.37219704375533796, 'MAP': 0.7623934294192909, 'MRR': 0.8583832335329341}
ListNet Epoch 90 | Metrics: {'NDCG@1': 0.36398631308810947, 'NDCG@5': 0.3703560021538384, 'NDCG@10': 0.3719376182654432, 'MAP': 0.7624388472234881, 'MRR': 0.8551397205588822}
ListNet Epoch 91 | Metrics: {'NDCG@1': 0.36484174508126604, 'NDCG@5': 0.369168961545911, 'NDCG@10': 0.37282994813324766, 'MAP': 0.7624895088086766, 'MRR': 0.854640718562874}
ListNet Epoch 92 | Metrics: {'NDCG@1': 0.36826347305389223, 'NDCG@5': 0.3728671898250861, 'NDCG@10': 0.37167901904474976, 'MAP': 0.7626497101659777, 'MRR': 0.8551397205588822}
ListNet Epoch 93 | Metrics: {'NDCG@1': 0.36826347305389223, 'NDCG@5': 0.3715581191228741, 'NDCG@10': 0.3722489785260581, 'MAP': 0.7627903361016133, 'MRR': 0.8551397205588821}
ListNet Epoch 94 | Metrics: {'NDCG@1': 0.36826347305389223, 'NDCG@5': 0.3724045281113363, 'NDCG@10': 0.37261312267030866, 'MAP': 0.7627235100145016, 'MRR': 0.8545409181636725}
ListNet Epoch 95 | Metrics: {'NDCG@1': 0.36911890504704875, 'NDCG@5': 0.37238863471814737, 'NDCG@10': 0.3739664132623413, 'MAP': 0.7626086212585176, 'MRR': 0.8543912175648702}
ListNet Epoch 96 | Metrics: {'NDCG@1': 0.36569717707442256, 'NDCG@5': 0.3705136690277592, 'NDCG@10': 0.37374974260860716, 'MAP': 0.7625046858949143, 'MRR': 0.8550399201596806}
ListNet Epoch 97 | Metrics: {'NDCG@1': 0.3699743370402053, 'NDCG@5': 0.37269278065909006, 'NDCG@10': 0.37283294892539826, 'MAP': 0.7624748955047185, 'MRR': 0.8580339321357285}
ListNet Epoch 98 | Metrics: {'NDCG@1': 0.36826347305389223, 'NDCG@5': 0.37270899574234406, 'NDCG@10': 0.3734029352628586, 'MAP': 0.7625244206065384, 'MRR': 0.8580339321357285}
ListNet Epoch 99 | Metrics: {'NDCG@1': 0.36826347305389223, 'NDCG@5': 0.37123632370726556, 'NDCG@10': 0.3726271858669396, 'MAP': 0.7625282492556408, 'MRR': 0.858632734530938}
ListNet Epoch 100 | Metrics: {'NDCG@1': 0.36911890504704875, 'NDCG@5': 0.37283050640314447, 'NDCG@10': 0.37288065630760003, 'MAP': 0.7625737426587683, 'MRR': 0.858632734530938}
ListNet Epoch 101 | Metrics: {'NDCG@1': 0.36954662104362707, 'NDCG@5': 0.3736077415121689, 'NDCG@10': 0.37333101114683925, 'MAP': 0.7624438598688005, 'MRR': 0.8566367265469063}
ListNet Epoch 102 | Metrics: {'NDCG@1': 0.36911890504704875, 'NDCG@5': 0.37159412763827643, 'NDCG@10': 0.37297469473272304, 'MAP': 0.7624962848200987, 'MRR': 0.8551397205588822}
ListNet Epoch 103 | Metrics: {'NDCG@1': 0.3704020530367836, 'NDCG@5': 0.3721977439716496, 'NDCG@10': 0.37414319865939627, 'MAP': 0.7625604798076713, 'MRR': 0.8566367265469063}
ListNet Epoch 104 | Metrics: {'NDCG@1': 0.3704020530367836, 'NDCG@5': 0.3734061817423588, 'NDCG@10': 0.374223704405989, 'MAP': 0.7624782669200187, 'MRR': 0.854640718562874}
ListNet Epoch 105 | Metrics: {'NDCG@1': 0.3721129170230966, 'NDCG@5': 0.37442861744660594, 'NDCG@10': 0.37496868473862277, 'MAP': 0.7624960076068563, 'MRR': 0.8551397205588821}
ListNet Epoch 106 | Metrics: {'NDCG@1': 0.3721129170230966, 'NDCG@5': 0.37389571495402163, 'NDCG@10': 0.37519670822800566, 'MAP': 0.7625013754736389, 'MRR': 0.8556387225548902}
ListNet Epoch 107 | Metrics: {'NDCG@1': 0.3712574850299401, 'NDCG@5': 0.3740103136215474, 'NDCG@10': 0.37525025334492307, 'MAP': 0.7625076192144804, 'MRR': 0.8546407185628743}
ListNet Epoch 108 | Metrics: {'NDCG@1': 0.3729683490162532, 'NDCG@5': 0.3731980351809402, 'NDCG@10': 0.37504613467659786, 'MAP': 0.7624015719093755, 'MRR': 0.8546407185628743}
ListNet Epoch 109 | Metrics: {'NDCG@1': 0.37553464499572287, 'NDCG@5': 0.37323307103100084, 'NDCG@10': 0.37602514459422626, 'MAP': 0.7622480360434518, 'MRR': 0.8546407185628743}
ListNet Epoch 110 | Metrics: {'NDCG@1': 0.3738237810094098, 'NDCG@5': 0.37286974446399845, 'NDCG@10': 0.3758695992145971, 'MAP': 0.7623723004068674, 'MRR': 0.8551397205588822}
ListNet Epoch 111 | Metrics: {'NDCG@1': 0.3738237810094097, 'NDCG@5': 0.3727121749106737, 'NDCG@10': 0.3772624825521635, 'MAP': 0.7626115133933111, 'MRR': 0.8551397205588822}
ListNet Epoch 112 | Metrics: {'NDCG@1': 0.37510692899914455, 'NDCG@5': 0.3731729620705389, 'NDCG@10': 0.37683616781488355, 'MAP': 0.7624501273315244, 'MRR': 0.8536427145708583}
ListNet Epoch 113 | Metrics: {'NDCG@1': 0.3759623609923011, 'NDCG@5': 0.3739808605829072, 'NDCG@10': 0.37701250199708747, 'MAP': 0.7626154966277747, 'MRR': 0.8551397205588822}
ListNet Epoch 114 | Metrics: {'NDCG@1': 0.37510692899914455, 'NDCG@5': 0.37386390230941485, 'NDCG@10': 0.37641025548906987, 'MAP': 0.7624167681091385, 'MRR': 0.8536427145708583}
ListNet Epoch 115 | Metrics: {'NDCG@1': 0.3746792130025663, 'NDCG@5': 0.3738663323983648, 'NDCG@10': 0.37591274088040405, 'MAP': 0.7624121174377271, 'MRR': 0.8551397205588822}
ListNet Epoch 116 | Metrics: {'NDCG@1': 0.37254063301967494, 'NDCG@5': 0.3736384655982545, 'NDCG@10': 0.3751121499512345, 'MAP': 0.7624222855045469, 'MRR': 0.8566367265469063}
ListNet Epoch 117 | Metrics: {'NDCG@1': 0.37168520102651836, 'NDCG@5': 0.373516457080842, 'NDCG@10': 0.375232550013788, 'MAP': 0.7625177976893921, 'MRR': 0.8531437125748502}
ListNet Epoch 118 | Metrics: {'NDCG@1': 0.3759623609923011, 'NDCG@5': 0.3751529283723968, 'NDCG@10': 0.375940322969543, 'MAP': 0.7624887571889698, 'MRR': 0.8526447105788424}
ListNet Epoch 119 | Metrics: {'NDCG@1': 0.367835757057314, 'NDCG@5': 0.37258245138530255, 'NDCG@10': 0.3748444637916156, 'MAP': 0.7624116935569679, 'MRR': 0.8511477045908185}
ListNet Epoch 120 | Metrics: {'NDCG@1': 0.3652694610778443, 'NDCG@5': 0.37294660236796934, 'NDCG@10': 0.3758201151232997, 'MAP': 0.7624705388300713, 'MRR': 0.8516467065868265}
ListNet Epoch 121 | Metrics: {'NDCG@1': 0.36313088109495295, 'NDCG@5': 0.3708428332604186, 'NDCG@10': 0.37477750961884254, 'MAP': 0.7623610685551148, 'MRR': 0.8496506986027945}
ListNet Epoch 122 | Metrics: {'NDCG@1': 0.36484174508126604, 'NDCG@5': 0.37101306813249113, 'NDCG@10': 0.37611300835147293, 'MAP': 0.76214800041881, 'MRR': 0.8491516966067865}
ListNet Epoch 123 | Metrics: {'NDCG@1': 0.37425149700598803, 'NDCG@5': 0.3722205051407983, 'NDCG@10': 0.37686916334167747, 'MAP': 0.7623190853386456, 'MRR': 0.8521457085828343}
ListNet Epoch 124 | Metrics: {'NDCG@1': 0.367835757057314, 'NDCG@5': 0.37068290926392977, 'NDCG@10': 0.3755475232126692, 'MAP': 0.7622753931209174, 'MRR': 0.8516467065868265}
ListNet Epoch 125 | Metrics: {'NDCG@1': 0.37211291702309673, 'NDCG@5': 0.37076034220357634, 'NDCG@10': 0.37699842866355043, 'MAP': 0.7623252941057302, 'MRR': 0.8511477045908185}
ListNet Epoch 126 | Metrics: {'NDCG@1': 0.37082976903336184, 'NDCG@5': 0.370280210971438, 'NDCG@10': 0.3766785224986558, 'MAP': 0.7625042298100209, 'MRR': 0.8526447105788424}
ListNet Epoch 127 | Metrics: {'NDCG@1': 0.3669803250641574, 'NDCG@5': 0.3704247319498279, 'NDCG@10': 0.37619075549787595, 'MAP': 0.7624818772745126, 'MRR': 0.8511477045908182}
ListNet Epoch 128 | Metrics: {'NDCG@1': 0.36911890504704875, 'NDCG@5': 0.3704984556040388, 'NDCG@10': 0.376459450031349, 'MAP': 0.7623804539546732, 'MRR': 0.8526447105788423}
ListNet Epoch 129 | Metrics: {'NDCG@1': 0.36997433704020527, 'NDCG@5': 0.3702717907234122, 'NDCG@10': 0.37609310907744037, 'MAP': 0.7625322903207877, 'MRR': 0.8544910179640718}
ListNet Epoch 130 | Metrics: {'NDCG@1': 0.3678357570573139, 'NDCG@5': 0.3694194959843041, 'NDCG@10': 0.3760828587067177, 'MAP': 0.7624987852988332, 'MRR': 0.853992015968064}
ListNet Epoch 131 | Metrics: {'NDCG@1': 0.369546621043627, 'NDCG@5': 0.36896513395422476, 'NDCG@10': 0.3754461571435307, 'MAP': 0.7624563392243389, 'MRR': 0.8541417165668662}
ListNet Epoch 132 | Metrics: {'NDCG@1': 0.3686911890504705, 'NDCG@5': 0.3691843184040428, 'NDCG@10': 0.3757548357512894, 'MAP': 0.7625626655950969, 'MRR': 0.854491017964072}
ListNet Epoch 133 | Metrics: {'NDCG@1': 0.3661248930710008, 'NDCG@5': 0.36878134624834036, 'NDCG@10': 0.3752893425362248, 'MAP': 0.7624531170179237, 'MRR': 0.854491017964072}
ListNet Epoch 134 | Metrics: {'NDCG@1': 0.3669803250641574, 'NDCG@5': 0.3699337361874254, 'NDCG@10': 0.3755291967948399, 'MAP': 0.762616827844512, 'MRR': 0.8519960079840321}
ListNet Epoch 135 | Metrics: {'NDCG@1': 0.36911890504704875, 'NDCG@5': 0.36845562077168065, 'NDCG@10': 0.3764007580702216, 'MAP': 0.7625076542952082, 'MRR': 0.852994011976048}
ListNet Epoch 136 | Metrics: {'NDCG@1': 0.3686911890504705, 'NDCG@5': 0.36933898528046927, 'NDCG@10': 0.3749844072323849, 'MAP': 0.7622891214122555, 'MRR': 0.8519960079840321}
ListNet Epoch 137 | Metrics: {'NDCG@1': 0.36826347305389223, 'NDCG@5': 0.3696044793229663, 'NDCG@10': 0.37477154022118053, 'MAP': 0.7621477215353811, 'MRR': 0.8500000000000001}
ListNet Epoch 138 | Metrics: {'NDCG@1': 0.36740804106073566, 'NDCG@5': 0.3679609799490804, 'NDCG@10': 0.37447615880881774, 'MAP': 0.7622828635805914, 'MRR': 0.8504990019960081}
ListNet Epoch 139 | Metrics: {'NDCG@1': 0.3712574850299401, 'NDCG@5': 0.3691567587210545, 'NDCG@10': 0.37396297621371, 'MAP': 0.7623112586966408, 'MRR': 0.8514970059880239}
ListNet Epoch 140 | Metrics: {'NDCG@1': 0.36997433704020527, 'NDCG@5': 0.3695034476825407, 'NDCG@10': 0.3742766386764305, 'MAP': 0.7623529229057603, 'MRR': 0.8497504990019962}
ListNet Epoch 141 | Metrics: {'NDCG@1': 0.36826347305389223, 'NDCG@5': 0.368781364820924, 'NDCG@10': 0.3739268756520998, 'MAP': 0.7624599084197617, 'MRR': 0.850249500998004}
ListNet Epoch 142 | Metrics: {'NDCG@1': 0.3746792130025663, 'NDCG@5': 0.37015929160017713, 'NDCG@10': 0.3751143615275188, 'MAP': 0.7625251072676775, 'MRR': 0.8542415169660679}
ListNet Epoch 143 | Metrics: {'NDCG@1': 0.3721129170230966, 'NDCG@5': 0.3695280258426799, 'NDCG@10': 0.37551201017186797, 'MAP': 0.7622878779362767, 'MRR': 0.8512475049900201}
ListNet Epoch 144 | Metrics: {'NDCG@1': 0.369546621043627, 'NDCG@5': 0.3693718238738896, 'NDCG@10': 0.37520915428087465, 'MAP': 0.7626223213635398, 'MRR': 0.8517465069860279}
ListNet Epoch 145 | Metrics: {'NDCG@1': 0.3721129170230966, 'NDCG@5': 0.37149687746882826, 'NDCG@10': 0.3753321584650178, 'MAP': 0.7627518960944787, 'MRR': 0.8542415169660679}
ListNet Epoch 146 | Metrics: {'NDCG@1': 0.37425149700598803, 'NDCG@5': 0.37097166803126314, 'NDCG@10': 0.3763220050828568, 'MAP': 0.7627024948901899, 'MRR': 0.8537425149700598}
ListNet Epoch 147 | Metrics: {'NDCG@1': 0.3721129170230967, 'NDCG@5': 0.37146677129639755, 'NDCG@10': 0.37589292526728185, 'MAP': 0.7625445687125798, 'MRR': 0.8522455089820359}
ListNet Epoch 148 | Metrics: {'NDCG@1': 0.37296834901625325, 'NDCG@5': 0.37219002923988526, 'NDCG@10': 0.37568689676049444, 'MAP': 0.7626645637880404, 'MRR': 0.8522455089820359}
ListNet Epoch 149 | Metrics: {'NDCG@1': 0.3759623609923011, 'NDCG@5': 0.37216081507543824, 'NDCG@10': 0.37600108168491436, 'MAP': 0.7627959676607089, 'MRR': 0.8562375249500999}

[피처 중요도 로그] /home/work/lab_project/severity/feature_importance_train_severity_l2r_listnet_train_score_relevance_0_3.log

[검증] train min~max→[0,3] relevance 반올림 기준 분류 정확도(참고): 0.2490

[Train] 실제 Severity와 비교

=== Train (train_score_relevance_0_3) ===
Accuracy: 0.2511
Macro precision: 0.2723
Macro recall: 0.2514
Macro F1: 0.1710
Weighted precision: 0.2724
Weighted recall: 0.2511
Weighted F1: 0.1708
              precision    recall  f1-score   support

    Critical     0.3185    0.0062    0.0121     15114
        High     0.2489    0.5277    0.3382     15048
      Medium     0.2528    0.4691    0.3286     14906
         Low     0.2690    0.0026    0.0052     14932

    accuracy                         0.2511     60000
   macro avg     0.2723    0.2514    0.1710     60000
weighted avg     0.2724    0.2511    0.1708     60000


[train_score_relevance_0_3] train 점수 min~max를 [0,3] relevance로 선형 매핑 후 반올림 (train min=-0.048656, train max=0.367122)

[Test] 실제 Severity와 비교

=== Test (mode=train_score_relevance_0_3) ===
Accuracy: 0.2441
Macro precision: 0.2584
Macro recall: 0.2455
Macro F1: 0.1653
Weighted precision: 0.2584
Weighted recall: 0.2441
Weighted F1: 0.1645
              precision    recall  f1-score   support

    Critical     0.2708    0.0025    0.0050      5108
        High     0.2412    0.5037    0.3262      4920
      Medium     0.2469    0.4728    0.3244      5027
         Low     0.2745    0.0028    0.0056      4945

    accuracy                         0.2441     20000
   macro avg     0.2584    0.2455    0.1653     20000
weighted avg     0.2584    0.2441    0.1645     20000


저장: severity/logging_monitoring_anomalies_l2r_listnet_train_score_relevance_0_3.csv

=== 소요 시간 ===
CSV 로드·train/val/test 분할: 0.360 s
전처리(인코딩·스케일) + 학습(train∪val L2R): 109.986 s
추론·경계·Train·Val·Test 평가·저장(전수): 1.994 s
  └ Test severity 정답 비교(report_metrics)만: 0.358 s
전체: 112.810 s

=== 랭킹 지표 MRR (L2R/metrics, relevance=0..3) ===
Validation MRR: 0.850100
Test MRR:       0.866795
