# train_severity_l2r_rank 2026-03-29T13:19:32.993676
# model=listmle test_mode=train_score_relevance_0_3 csv=severity/logging_monitoring_anomalies.csv
# config=/home/work/lab_project/severity/experiment_config.yaml

[로그 파일] /home/work/lab_project/severity/experiment_logs/all_20260329_131733/logs/l2r_listmle_train_score_relevance_0_3.log
[[ 0.      0.     -0.8351 -1.7189  1.4577  0.122   1.0859  0.5791 -1.2547  1.2696 -1.309   1.1615  1.3574  0.7751 -1.7115 -0.1346 -0.9621 -1.3686  1.0604  0.8664  0.7023  0.882   1.3367 -0.8785
   0.4453  0.4473  0.635   0.7097 -1.3365 -0.7106]
 [ 1.      0.      0.1243 -0.3186 -1.2696 -1.2888  0.3412  0.4589  1.4455 -0.1913  0.2913 -1.2219  1.3574  0.6019  1.7109 -1.085  -1.6556  1.5471 -0.5     0.8664 -1.4193 -0.881  -0.4545  1.4664
  -0.45    0.4473 -0.2115  0.0033  1.3381 -1.4171]
 [ 2.      0.      0.9625  0.3535 -1.2696  0.12    0.1687  1.4359 -1.1057 -0.4565  1.3232 -0.0269 -0.5194  0.6019 -0.9671 -0.9529  0.4249 -0.0661  0.493   0.518  -0.7121 -0.2933 -1.3501 -1.4647
   1.3406 -1.3473  0.1516  0.7097 -0.445   1.409 ]
 [ 1.      0.     -1.6167 -1.2117 -0.1787 -0.6923 -1.2574 -0.5276 -0.8082  0.3122  0.5782  1.5341 -0.6584  1.1216 -1.1053  0.515  -0.442  -0.3785  0.7767 -1.5721  0.7023 -1.4687  1.3367 -0.8785
   0.4453 -1.3473  1.5224  0.7097 -1.3365  1.409 ]]
ListMLE Epoch 0 | Metrics: {'NDCG@1': 0.3857998289136013, 'NDCG@5': 0.3858381235632072, 'NDCG@10': 0.3853117235599613, 'MAP': 0.7603119561750582, 'MRR': 0.8480289421157685}
ListMLE Epoch 1 | Metrics: {'NDCG@1': 0.38323353293413176, 'NDCG@5': 0.38711009352396186, 'NDCG@10': 0.389039854675246, 'MAP': 0.7604236982652294, 'MRR': 0.8562874251497006}
ListMLE Epoch 2 | Metrics: {'NDCG@1': 0.4076133447390932, 'NDCG@5': 0.3989268733928069, 'NDCG@10': 0.39203865823971973, 'MAP': 0.7608130851567122, 'MRR': 0.8691117764471057}
ListMLE Epoch 3 | Metrics: {'NDCG@1': 0.423011120615911, 'NDCG@5': 0.39773789305387547, 'NDCG@10': 0.3938875855858865, 'MAP': 0.7610874043877823, 'MRR': 0.8758554319931565}
ListMLE Epoch 4 | Metrics: {'NDCG@1': 0.43455945252352446, 'NDCG@5': 0.3967013164847312, 'NDCG@10': 0.3969755055110519, 'MAP': 0.7617196486333515, 'MRR': 0.8835828343313373}
ListMLE Epoch 5 | Metrics: {'NDCG@1': 0.4294268605645852, 'NDCG@5': 0.4008300440076195, 'NDCG@10': 0.4004859394943941, 'MAP': 0.7618110083693809, 'MRR': 0.8770459081836327}
ListMLE Epoch 6 | Metrics: {'NDCG@1': 0.42386655260906764, 'NDCG@5': 0.3941301622219616, 'NDCG@10': 0.3948281786004965, 'MAP': 0.76147374545705, 'MRR': 0.881686626746507}
ListMLE Epoch 7 | Metrics: {'NDCG@1': 0.4114627887082977, 'NDCG@5': 0.3920111151625883, 'NDCG@10': 0.3942969296177266, 'MAP': 0.7609389592447892, 'MRR': 0.8803393213572853}
ListMLE Epoch 8 | Metrics: {'NDCG@1': 0.40761334473909333, 'NDCG@5': 0.39136264483993466, 'NDCG@10': 0.39442302636499793, 'MAP': 0.7603896808711761, 'MRR': 0.8716067864271457}
ListMLE Epoch 9 | Metrics: {'NDCG@1': 0.39221556886227543, 'NDCG@5': 0.38987496323493936, 'NDCG@10': 0.3935605388086386, 'MAP': 0.7605038429597195, 'MRR': 0.8677145708582833}
ListMLE Epoch 10 | Metrics: {'NDCG@1': 0.3994867408041061, 'NDCG@5': 0.3905538438088388, 'NDCG@10': 0.3942347273137018, 'MAP': 0.7610303838614696, 'MRR': 0.8687125748502993}
ListMLE Epoch 11 | Metrics: {'NDCG@1': 0.400769888793841, 'NDCG@5': 0.3906096034037733, 'NDCG@10': 0.39155538877239726, 'MAP': 0.7610766501084683, 'MRR': 0.8718562874251496}
ListMLE Epoch 12 | Metrics: {'NDCG@1': 0.386655260906758, 'NDCG@5': 0.3877420524708295, 'NDCG@10': 0.3924339852290032, 'MAP': 0.7610617564277552, 'MRR': 0.8703592814371257}
ListMLE Epoch 13 | Metrics: {'NDCG@1': 0.3836612489307101, 'NDCG@5': 0.3936012991677216, 'NDCG@10': 0.39330710400391766, 'MAP': 0.7606908479599634, 'MRR': 0.8640219560878242}
ListMLE Epoch 14 | Metrics: {'NDCG@1': 0.386655260906758, 'NDCG@5': 0.3934368809007127, 'NDCG@10': 0.3934172611842446, 'MAP': 0.7606445802275126, 'MRR': 0.8577844311377245}
ListMLE Epoch 15 | Metrics: {'NDCG@1': 0.37681779298545764, 'NDCG@5': 0.39166451818728026, 'NDCG@10': 0.3921226872804683, 'MAP': 0.7608482918709129, 'MRR': 0.8562874251497006}
ListMLE Epoch 16 | Metrics: {'NDCG@1': 0.3798118049615056, 'NDCG@5': 0.39234875742587616, 'NDCG@10': 0.3915037329493703, 'MAP': 0.7604466057120299, 'MRR': 0.8516467065868263}
ListMLE Epoch 17 | Metrics: {'NDCG@1': 0.37510692899914455, 'NDCG@5': 0.39489475581225875, 'NDCG@10': 0.3922080489982423, 'MAP': 0.7608598613973557, 'MRR': 0.8566367265469063}
ListMLE Epoch 18 | Metrics: {'NDCG@1': 0.3798118049615055, 'NDCG@5': 0.39464750107223645, 'NDCG@10': 0.3912336822110984, 'MAP': 0.7610818173736205, 'MRR': 0.8592315369261477}
ListMLE Epoch 19 | Metrics: {'NDCG@1': 0.3900769888793841, 'NDCG@5': 0.3954639457463854, 'NDCG@10': 0.3909372892444926, 'MAP': 0.7612197154569901, 'MRR': 0.8688622754491018}
ListMLE Epoch 20 | Metrics: {'NDCG@1': 0.3939264328485886, 'NDCG@5': 0.3970052304983077, 'NDCG@10': 0.39474721448452327, 'MAP': 0.7616986378814462, 'MRR': 0.8692614770459083}
ListMLE Epoch 21 | Metrics: {'NDCG@1': 0.38366124893071, 'NDCG@5': 0.3984296899488888, 'NDCG@10': 0.39323764788695226, 'MAP': 0.7616307232666699, 'MRR': 0.8676147704590818}
ListMLE Epoch 22 | Metrics: {'NDCG@1': 0.397775876817793, 'NDCG@5': 0.39784905902775186, 'NDCG@10': 0.39538922114699143, 'MAP': 0.7617566989282062, 'MRR': 0.871756487025948}
ListMLE Epoch 23 | Metrics: {'NDCG@1': 0.4007698887938408, 'NDCG@5': 0.3974053592269663, 'NDCG@10': 0.39310272529035467, 'MAP': 0.7620620737098402, 'MRR': 0.8690119760479041}
ListMLE Epoch 24 | Metrics: {'NDCG@1': 0.3934987168520103, 'NDCG@5': 0.3949648574796377, 'NDCG@10': 0.39266980745086283, 'MAP': 0.7619304098726342, 'MRR': 0.8670159680638722}
ListMLE Epoch 25 | Metrics: {'NDCG@1': 0.381950384944397, 'NDCG@5': 0.3953452832819637, 'NDCG@10': 0.39332840945097847, 'MAP': 0.7618375920327533, 'MRR': 0.8635229540918162}
ListMLE Epoch 26 | Metrics: {'NDCG@1': 0.3964927288280582, 'NDCG@5': 0.39714780627945256, 'NDCG@10': 0.3926817579796, 'MAP': 0.7619853359708185, 'MRR': 0.8712574850299402}
ListMLE Epoch 27 | Metrics: {'NDCG@1': 0.40461933276304535, 'NDCG@5': 0.3963418183119393, 'NDCG@10': 0.3937231219623224, 'MAP': 0.76174759327139, 'MRR': 0.8657684630738521}
ListMLE Epoch 28 | Metrics: {'NDCG@1': 0.40248075278015405, 'NDCG@5': 0.397457822523683, 'NDCG@10': 0.39454797449801604, 'MAP': 0.7617998237943339, 'MRR': 0.8655189620758482}
ListMLE Epoch 29 | Metrics: {'NDCG@1': 0.4140290846877673, 'NDCG@5': 0.40012993517413264, 'NDCG@10': 0.39562297352338605, 'MAP': 0.7620226365465197, 'MRR': 0.874500998003992}
ListMLE Epoch 30 | Metrics: {'NDCG@1': 0.4101796407185629, 'NDCG@5': 0.40033752680573714, 'NDCG@10': 0.39661321279311257, 'MAP': 0.7621812639336152, 'MRR': 0.8715069860279441}
ListMLE Epoch 31 | Metrics: {'NDCG@1': 0.41659538066723695, 'NDCG@5': 0.4004510505223343, 'NDCG@10': 0.3946689281545668, 'MAP': 0.76231916998671, 'MRR': 0.8733532934131736}
ListMLE Epoch 32 | Metrics: {'NDCG@1': 0.42343883661248927, 'NDCG@5': 0.4018436124875323, 'NDCG@10': 0.39450183933820215, 'MAP': 0.761998529606434, 'MRR': 0.8725049900199602}
ListMLE Epoch 33 | Metrics: {'NDCG@1': 0.4298545765611633, 'NDCG@5': 0.403111471229505, 'NDCG@10': 0.39535547516249153, 'MAP': 0.762116205492671, 'MRR': 0.87250499001996}
ListMLE Epoch 34 | Metrics: {'NDCG@1': 0.423011120615911, 'NDCG@5': 0.3995218401718416, 'NDCG@10': 0.3942215909167454, 'MAP': 0.7616198831485532, 'MRR': 0.8650199600798402}
ListMLE Epoch 35 | Metrics: {'NDCG@1': 0.4238665526090675, 'NDCG@5': 0.4004454915599243, 'NDCG@10': 0.39383947606820197, 'MAP': 0.7617179661858064, 'MRR': 0.8617764471057884}
ListMLE Epoch 36 | Metrics: {'NDCG@1': 0.4281437125748503, 'NDCG@5': 0.4016007265145983, 'NDCG@10': 0.39425926359087216, 'MAP': 0.7617531367831482, 'MRR': 0.8615269461077845}
ListMLE Epoch 37 | Metrics: {'NDCG@1': 0.42172797262617623, 'NDCG@5': 0.4049028080100575, 'NDCG@10': 0.393271028059988, 'MAP': 0.7617099828662341, 'MRR': 0.8587824351297406}
ListMLE Epoch 38 | Metrics: {'NDCG@1': 0.43071000855431996, 'NDCG@5': 0.40190247648984906, 'NDCG@10': 0.39416194862130366, 'MAP': 0.7612596662164841, 'MRR': 0.8667664670658682}
ListMLE Epoch 39 | Metrics: {'NDCG@1': 0.42686056458511545, 'NDCG@5': 0.40206743282327534, 'NDCG@10': 0.39419984508565775, 'MAP': 0.7610860499413943, 'MRR': 0.8602794411177646}
ListMLE Epoch 40 | Metrics: {'NDCG@1': 0.4234388366124894, 'NDCG@5': 0.40061688779328464, 'NDCG@10': 0.39375021990406994, 'MAP': 0.7609131338727418, 'MRR': 0.8582834331337326}
ListMLE Epoch 41 | Metrics: {'NDCG@1': 0.4238665526090675, 'NDCG@5': 0.3984540686499972, 'NDCG@10': 0.39255925202823805, 'MAP': 0.7605108078365914, 'MRR': 0.8576347305389223}
ListMLE Epoch 42 | Metrics: {'NDCG@1': 0.423011120615911, 'NDCG@5': 0.3992801281850115, 'NDCG@10': 0.39173664287060056, 'MAP': 0.7606797802614631, 'MRR': 0.8606287425149702}
ListMLE Epoch 43 | Metrics: {'NDCG@1': 0.40932420872540637, 'NDCG@5': 0.3964710857284704, 'NDCG@10': 0.3911415885129572, 'MAP': 0.7604256433133397, 'MRR': 0.8583832335329342}
ListMLE Epoch 44 | Metrics: {'NDCG@1': 0.40932420872540637, 'NDCG@5': 0.396673653855829, 'NDCG@10': 0.38960999128952184, 'MAP': 0.7602553387033173, 'MRR': 0.8553892215568863}
ListMLE Epoch 45 | Metrics: {'NDCG@1': 0.39649272882805814, 'NDCG@5': 0.39467512608101923, 'NDCG@10': 0.3895245109523048, 'MAP': 0.7602171648767081, 'MRR': 0.8523952095808385}
ListMLE Epoch 46 | Metrics: {'NDCG@1': 0.3973481608212147, 'NDCG@5': 0.3928231060555579, 'NDCG@10': 0.3881168610198002, 'MAP': 0.7599536842795697, 'MRR': 0.8494011976047906}
ListMLE Epoch 47 | Metrics: {'NDCG@1': 0.3956372968349017, 'NDCG@5': 0.39315522163967925, 'NDCG@10': 0.3885407152959438, 'MAP': 0.7596779621589216, 'MRR': 0.849001996007984}
ListMLE Epoch 48 | Metrics: {'NDCG@1': 0.3973481608212147, 'NDCG@5': 0.3935033827096887, 'NDCG@10': 0.3872601816840476, 'MAP': 0.7598070989917874, 'MRR': 0.846307385229541}
ListMLE Epoch 49 | Metrics: {'NDCG@1': 0.4088964927288281, 'NDCG@5': 0.39727440941089914, 'NDCG@10': 0.390103627181667, 'MAP': 0.7603066187415446, 'MRR': 0.8580339321357285}
ListMLE Epoch 50 | Metrics: {'NDCG@1': 0.4016253207869974, 'NDCG@5': 0.396136010460815, 'NDCG@10': 0.388965805654797, 'MAP': 0.7603611012812915, 'MRR': 0.8590319361277444}
ListMLE Epoch 51 | Metrics: {'NDCG@1': 0.40718562874251496, 'NDCG@5': 0.3957027714487199, 'NDCG@10': 0.3905755633254337, 'MAP': 0.7605824905912927, 'MRR': 0.8572854291417165}
ListMLE Epoch 52 | Metrics: {'NDCG@1': 0.39905902480752775, 'NDCG@5': 0.39576148184550397, 'NDCG@10': 0.3889853002222041, 'MAP': 0.7608048410584562, 'MRR': 0.8533932135728542}
ListMLE Epoch 53 | Metrics: {'NDCG@1': 0.4020530367835757, 'NDCG@5': 0.39485462538070665, 'NDCG@10': 0.39022174907892937, 'MAP': 0.7607736517959607, 'MRR': 0.8521457085828343}
ListMLE Epoch 54 | Metrics: {'NDCG@1': 0.3994867408041061, 'NDCG@5': 0.3957285527431269, 'NDCG@10': 0.38939141864634663, 'MAP': 0.7604536895168506, 'MRR': 0.8469061876247506}
ListMLE Epoch 55 | Metrics: {'NDCG@1': 0.40376390076988883, 'NDCG@5': 0.39334251074540183, 'NDCG@10': 0.38972402191212707, 'MAP': 0.7606951511011086, 'MRR': 0.8503992015968063}
ListMLE Epoch 56 | Metrics: {'NDCG@1': 0.3986313088109496, 'NDCG@5': 0.3916041848707024, 'NDCG@10': 0.3892526576698958, 'MAP': 0.7607421062478846, 'MRR': 0.8526447105788423}
ListMLE Epoch 57 | Metrics: {'NDCG@1': 0.4050470487596236, 'NDCG@5': 0.3942679735057172, 'NDCG@10': 0.39013779927554226, 'MAP': 0.7609486565338812, 'MRR': 0.8521457085828343}
ListMLE Epoch 58 | Metrics: {'NDCG@1': 0.4110350727117194, 'NDCG@5': 0.3926684175027809, 'NDCG@10': 0.3923204877867831, 'MAP': 0.7611988795076042, 'MRR': 0.8542914171656686}
ListMLE Epoch 59 | Metrics: {'NDCG@1': 0.41360136869118913, 'NDCG@5': 0.3938928223674484, 'NDCG@10': 0.3900439823153267, 'MAP': 0.7611702796550499, 'MRR': 0.8570359281437125}
ListMLE Epoch 60 | Metrics: {'NDCG@1': 0.41060735671514115, 'NDCG@5': 0.3948053428259576, 'NDCG@10': 0.39053657114734974, 'MAP': 0.7613624165404684, 'MRR': 0.8587824351297406}
ListMLE Epoch 61 | Metrics: {'NDCG@1': 0.4046193327630454, 'NDCG@5': 0.39328088787769433, 'NDCG@10': 0.3883612507907125, 'MAP': 0.7610988157468105, 'MRR': 0.8551397205588822}
ListMLE Epoch 62 | Metrics: {'NDCG@1': 0.4054747647562019, 'NDCG@5': 0.39196041228476003, 'NDCG@10': 0.38817973047173754, 'MAP': 0.7611080588395331, 'MRR': 0.8553892215568863}
ListMLE Epoch 63 | Metrics: {'NDCG@1': 0.4118905047048759, 'NDCG@5': 0.3912058440461973, 'NDCG@10': 0.38881764547477476, 'MAP': 0.7611595309519597, 'MRR': 0.8603792415169661}
ListMLE Epoch 64 | Metrics: {'NDCG@1': 0.40932420872540637, 'NDCG@5': 0.3930626594989575, 'NDCG@10': 0.388712345320649, 'MAP': 0.7610427647411074, 'MRR': 0.8573852295409182}
ListMLE Epoch 65 | Metrics: {'NDCG@1': 0.40846877673224974, 'NDCG@5': 0.3908339852432787, 'NDCG@10': 0.3893686564886814, 'MAP': 0.7612595530402559, 'MRR': 0.8568862275449102}
ListMLE Epoch 66 | Metrics: {'NDCG@1': 0.39820359281437123, 'NDCG@5': 0.38828025394623644, 'NDCG@10': 0.3889554607365017, 'MAP': 0.7610791290863294, 'MRR': 0.8553892215568862}
ListMLE Epoch 67 | Metrics: {'NDCG@1': 0.4029084687767322, 'NDCG@5': 0.38908108706853656, 'NDCG@10': 0.3899306435608311, 'MAP': 0.7612583783367639, 'MRR': 0.85938123752495}
ListMLE Epoch 68 | Metrics: {'NDCG@1': 0.40333618477331046, 'NDCG@5': 0.3889733901666191, 'NDCG@10': 0.38825654181016406, 'MAP': 0.7612686103607756, 'MRR': 0.8566367265469063}
ListMLE Epoch 69 | Metrics: {'NDCG@1': 0.4076133447390932, 'NDCG@5': 0.39019006269020695, 'NDCG@10': 0.3885320400313934, 'MAP': 0.7611567876467018, 'MRR': 0.8551397205588822}
ListMLE Epoch 70 | Metrics: {'NDCG@1': 0.4029084687767322, 'NDCG@5': 0.3907330282989042, 'NDCG@10': 0.3877586714344373, 'MAP': 0.7615305850178443, 'MRR': 0.8571357285429141}
ListMLE Epoch 71 | Metrics: {'NDCG@1': 0.4007698887938409, 'NDCG@5': 0.38972106797378187, 'NDCG@10': 0.38867208856210883, 'MAP': 0.7612982351955198, 'MRR': 0.8556387225548903}
ListMLE Epoch 72 | Metrics: {'NDCG@1': 0.39820359281437123, 'NDCG@5': 0.3899074367644377, 'NDCG@10': 0.38855560352067153, 'MAP': 0.7613921654515167, 'MRR': 0.8559880239520957}
ListMLE Epoch 73 | Metrics: {'NDCG@1': 0.4016253207869974, 'NDCG@5': 0.3901563885593775, 'NDCG@10': 0.38833503735614117, 'MAP': 0.7611281165231992, 'MRR': 0.8559880239520957}
ListMLE Epoch 74 | Metrics: {'NDCG@1': 0.40162532078699753, 'NDCG@5': 0.38948996053976503, 'NDCG@10': 0.387725551271459, 'MAP': 0.7610027131373812, 'MRR': 0.8589820359281436}
ListMLE Epoch 75 | Metrics: {'NDCG@1': 0.40333618477331057, 'NDCG@5': 0.39023518437738364, 'NDCG@10': 0.387177347943783, 'MAP': 0.7610775471421389, 'MRR': 0.8614770459081836}
ListMLE Epoch 76 | Metrics: {'NDCG@1': 0.3956372968349016, 'NDCG@5': 0.3892423682758935, 'NDCG@10': 0.38749469094127736, 'MAP': 0.7609703385016581, 'MRR': 0.8579840319361277}
ListMLE Epoch 77 | Metrics: {'NDCG@1': 0.39692044482463645, 'NDCG@5': 0.38872378858780393, 'NDCG@10': 0.38780215451216477, 'MAP': 0.7610727604468385, 'MRR': 0.860129740518962}
ListMLE Epoch 78 | Metrics: {'NDCG@1': 0.3973481608212147, 'NDCG@5': 0.3900859893680733, 'NDCG@10': 0.3879362520451181, 'MAP': 0.7610677533627463, 'MRR': 0.86187624750499}
ListMLE Epoch 79 | Metrics: {'NDCG@1': 0.3973481608212147, 'NDCG@5': 0.3905278734192657, 'NDCG@10': 0.38810983015416906, 'MAP': 0.7609580028426115, 'MRR': 0.861377245508982}
ListMLE Epoch 80 | Metrics: {'NDCG@1': 0.38922155688622756, 'NDCG@5': 0.38883336685524544, 'NDCG@10': 0.38693608905473975, 'MAP': 0.7609199698145693, 'MRR': 0.8598802395209579}
ListMLE Epoch 81 | Metrics: {'NDCG@1': 0.3986313088109496, 'NDCG@5': 0.39128798007367804, 'NDCG@10': 0.38807851351922673, 'MAP': 0.7609644656402726, 'MRR': 0.8633732534930139}
ListMLE Epoch 82 | Metrics: {'NDCG@1': 0.394781864841745, 'NDCG@5': 0.39172882571192325, 'NDCG@10': 0.38829611728667285, 'MAP': 0.7610259043151084, 'MRR': 0.8611277445109781}
ListMLE Epoch 83 | Metrics: {'NDCG@1': 0.39991445680068427, 'NDCG@5': 0.39194374031107176, 'NDCG@10': 0.38896055817628183, 'MAP': 0.7610565567058238, 'MRR': 0.86062874251497}
ListMLE Epoch 84 | Metrics: {'NDCG@1': 0.39520958083832336, 'NDCG@5': 0.39167864117069273, 'NDCG@10': 0.3875219548448439, 'MAP': 0.76104791707316, 'MRR': 0.8616267465069859}
ListMLE Epoch 85 | Metrics: {'NDCG@1': 0.3917878528656972, 'NDCG@5': 0.39005956871866654, 'NDCG@10': 0.38806293552924886, 'MAP': 0.760874909319494, 'MRR': 0.858632734530938}
ListMLE Epoch 86 | Metrics: {'NDCG@1': 0.3917878528656971, 'NDCG@5': 0.3901185251554481, 'NDCG@10': 0.38697409431871105, 'MAP': 0.7608746913441512, 'MRR': 0.8556387225548902}
ListMLE Epoch 87 | Metrics: {'NDCG@1': 0.3977758768177931, 'NDCG@5': 0.39050092991980173, 'NDCG@10': 0.3873132084554779, 'MAP': 0.7610764288043209, 'MRR': 0.8556387225548902}
ListMLE Epoch 88 | Metrics: {'NDCG@1': 0.40376390076988883, 'NDCG@5': 0.3924997673308928, 'NDCG@10': 0.3882792201917356, 'MAP': 0.7613039390073868, 'MRR': 0.8596307385229541}
ListMLE Epoch 89 | Metrics: {'NDCG@1': 0.40461933276304535, 'NDCG@5': 0.39240334106743213, 'NDCG@10': 0.38765459056447155, 'MAP': 0.7612915723257823, 'MRR': 0.862624750499002}
ListMLE Epoch 90 | Metrics: {'NDCG@1': 0.4007698887938408, 'NDCG@5': 0.391715906262123, 'NDCG@10': 0.3870451719599592, 'MAP': 0.7612615927473845, 'MRR': 0.8616267465069859}
ListMLE Epoch 91 | Metrics: {'NDCG@1': 0.40034217279726264, 'NDCG@5': 0.39125968656623444, 'NDCG@10': 0.38667846533723377, 'MAP': 0.7611628927241054, 'MRR': 0.8596307385229541}
ListMLE Epoch 92 | Metrics: {'NDCG@1': 0.3956372968349016, 'NDCG@5': 0.387921868653758, 'NDCG@10': 0.38640934021919815, 'MAP': 0.7612694852188412, 'MRR': 0.8581337325349302}
ListMLE Epoch 93 | Metrics: {'NDCG@1': 0.39520958083832336, 'NDCG@5': 0.38957757640705626, 'NDCG@10': 0.3879915786501432, 'MAP': 0.7614353733217847, 'MRR': 0.8591317365269463}
ListMLE Epoch 94 | Metrics: {'NDCG@1': 0.3969204448246364, 'NDCG@5': 0.3907430366938248, 'NDCG@10': 0.3881104125803007, 'MAP': 0.7615034133122599, 'MRR': 0.8591317365269463}
ListMLE Epoch 95 | Metrics: {'NDCG@1': 0.3960650128314799, 'NDCG@5': 0.3905651251808027, 'NDCG@10': 0.38855041974446514, 'MAP': 0.761464593413948, 'MRR': 0.8558882235528943}
ListMLE Epoch 96 | Metrics: {'NDCG@1': 0.3999144568006844, 'NDCG@5': 0.3905070715316305, 'NDCG@10': 0.3884405664435173, 'MAP': 0.7615242512893327, 'MRR': 0.8578842315369263}
ListMLE Epoch 97 | Metrics: {'NDCG@1': 0.3969204448246364, 'NDCG@5': 0.39070089332591706, 'NDCG@10': 0.3866811473579048, 'MAP': 0.7615943423175541, 'MRR': 0.8598802395209583}
ListMLE Epoch 98 | Metrics: {'NDCG@1': 0.4007698887938409, 'NDCG@5': 0.3917851676276324, 'NDCG@10': 0.3866508296981076, 'MAP': 0.7616118870602512, 'MRR': 0.8586327345309382}
ListMLE Epoch 99 | Metrics: {'NDCG@1': 0.3973481608212147, 'NDCG@5': 0.39216771722952265, 'NDCG@10': 0.38685927673752074, 'MAP': 0.7615666403046522, 'MRR': 0.8577345309381238}
ListMLE Epoch 100 | Metrics: {'NDCG@1': 0.38708297690333615, 'NDCG@5': 0.388761006504212, 'NDCG@10': 0.3860571172472205, 'MAP': 0.7616162483666705, 'MRR': 0.8583832335329342}
ListMLE Epoch 101 | Metrics: {'NDCG@1': 0.39435414884516673, 'NDCG@5': 0.38887847741716985, 'NDCG@10': 0.3876271173490519, 'MAP': 0.7615175661902311, 'MRR': 0.8592315369261477}
ListMLE Epoch 102 | Metrics: {'NDCG@1': 0.3905047048759624, 'NDCG@5': 0.3888605660361143, 'NDCG@10': 0.38721024323566305, 'MAP': 0.7616788279807628, 'MRR': 0.8607285429141717}
ListMLE Epoch 103 | Metrics: {'NDCG@1': 0.3909324208725406, 'NDCG@5': 0.3886563128346493, 'NDCG@10': 0.3883697275228179, 'MAP': 0.7617547167205984, 'MRR': 0.8592315369261477}
ListMLE Epoch 104 | Metrics: {'NDCG@1': 0.39649272882805814, 'NDCG@5': 0.39111773945062667, 'NDCG@10': 0.38887546824060937, 'MAP': 0.7619074038638338, 'MRR': 0.8607285429141716}
ListMLE Epoch 105 | Metrics: {'NDCG@1': 0.39392643284858847, 'NDCG@5': 0.39272914431217426, 'NDCG@10': 0.38954810709674875, 'MAP': 0.7621342809468219, 'MRR': 0.8607285429141716}
ListMLE Epoch 106 | Metrics: {'NDCG@1': 0.39520958083832336, 'NDCG@5': 0.392545371291205, 'NDCG@10': 0.3899689640460467, 'MAP': 0.7621096484131572, 'MRR': 0.8587325349301396}
ListMLE Epoch 107 | Metrics: {'NDCG@1': 0.3947818648417451, 'NDCG@5': 0.39290410113996, 'NDCG@10': 0.3885676367902747, 'MAP': 0.7620876044887405, 'MRR': 0.8573852295409182}
ListMLE Epoch 108 | Metrics: {'NDCG@1': 0.3994867408041061, 'NDCG@5': 0.39554134565292787, 'NDCG@10': 0.3882955942448831, 'MAP': 0.7621233525552705, 'MRR': 0.858632734530938}
ListMLE Epoch 109 | Metrics: {'NDCG@1': 0.3969204448246364, 'NDCG@5': 0.3937765678786068, 'NDCG@10': 0.3869497919480837, 'MAP': 0.7619990199133602, 'MRR': 0.8561377245508982}
ListMLE Epoch 110 | Metrics: {'NDCG@1': 0.40034217279726264, 'NDCG@5': 0.393360154681106, 'NDCG@10': 0.3864912858913397, 'MAP': 0.7619712572481282, 'MRR': 0.8566367265469063}
ListMLE Epoch 111 | Metrics: {'NDCG@1': 0.3964927288280582, 'NDCG@5': 0.39340497467193497, 'NDCG@10': 0.38731855575880403, 'MAP': 0.762099180402672, 'MRR': 0.8551397205588822}
ListMLE Epoch 112 | Metrics: {'NDCG@1': 0.3973481608212147, 'NDCG@5': 0.39401065291473975, 'NDCG@10': 0.3859648998971251, 'MAP': 0.762295263016211, 'MRR': 0.8583832335329341}
ListMLE Epoch 113 | Metrics: {'NDCG@1': 0.3960650128314799, 'NDCG@5': 0.3937112655673648, 'NDCG@10': 0.38492764423757386, 'MAP': 0.7621434054665841, 'MRR': 0.8556387225548902}
ListMLE Epoch 114 | Metrics: {'NDCG@1': 0.3926432848588537, 'NDCG@5': 0.39234895121263536, 'NDCG@10': 0.38483629816809795, 'MAP': 0.7621149033236919, 'MRR': 0.8526447105788423}
ListMLE Epoch 115 | Metrics: {'NDCG@1': 0.39435414884516684, 'NDCG@5': 0.3918649501600525, 'NDCG@10': 0.3858870842721466, 'MAP': 0.762137102654134, 'MRR': 0.8521457085828342}
ListMLE Epoch 116 | Metrics: {'NDCG@1': 0.3896492728828058, 'NDCG@5': 0.3907216842380498, 'NDCG@10': 0.384667889642243, 'MAP': 0.762101639787198, 'MRR': 0.8506487025948102}
ListMLE Epoch 117 | Metrics: {'NDCG@1': 0.39435414884516684, 'NDCG@5': 0.39255752640574193, 'NDCG@10': 0.3863813628451511, 'MAP': 0.7623323994679015, 'MRR': 0.8509980039920159}
ListMLE Epoch 118 | Metrics: {'NDCG@1': 0.38922155688622756, 'NDCG@5': 0.3899567936898387, 'NDCG@10': 0.38647660518406113, 'MAP': 0.7621349834264707, 'MRR': 0.8509980039920159}
ListMLE Epoch 119 | Metrics: {'NDCG@1': 0.39905902480752775, 'NDCG@5': 0.39103058261492224, 'NDCG@10': 0.387528240300465, 'MAP': 0.7619723185740035, 'MRR': 0.8495009980039919}
ListMLE Epoch 120 | Metrics: {'NDCG@1': 0.397775876817793, 'NDCG@5': 0.39008498798883784, 'NDCG@10': 0.3860388196836445, 'MAP': 0.7620837421625454, 'MRR': 0.8517465069860278}
ListMLE Epoch 121 | Metrics: {'NDCG@1': 0.4007698887938409, 'NDCG@5': 0.39123921020568675, 'NDCG@10': 0.3867692094110001, 'MAP': 0.761987026225555, 'MRR': 0.8524950099800398}
ListMLE Epoch 122 | Metrics: {'NDCG@1': 0.3956372968349016, 'NDCG@5': 0.3914133542651279, 'NDCG@10': 0.38519051988315556, 'MAP': 0.7620195657319538, 'MRR': 0.8504990019960078}
ListMLE Epoch 123 | Metrics: {'NDCG@1': 0.4016253207869974, 'NDCG@5': 0.39204029640122545, 'NDCG@10': 0.38646463724575025, 'MAP': 0.7621091559798187, 'MRR': 0.8534930139720557}
ListMLE Epoch 124 | Metrics: {'NDCG@1': 0.40119760479041916, 'NDCG@5': 0.39396547637874146, 'NDCG@10': 0.387303174831254, 'MAP': 0.7624056519505858, 'MRR': 0.8561377245508982}
ListMLE Epoch 125 | Metrics: {'NDCG@1': 0.4059024807527802, 'NDCG@5': 0.39283014003392464, 'NDCG@10': 0.38591880279095403, 'MAP': 0.7623317333320171, 'MRR': 0.8569860279441116}
ListMLE Epoch 126 | Metrics: {'NDCG@1': 0.40718562874251496, 'NDCG@5': 0.3939828551746758, 'NDCG@10': 0.3865545731110352, 'MAP': 0.7620983862512618, 'MRR': 0.860129740518962}
ListMLE Epoch 127 | Metrics: {'NDCG@1': 0.397775876817793, 'NDCG@5': 0.39396826500717375, 'NDCG@10': 0.3851628533513434, 'MAP': 0.7619523019947905, 'MRR': 0.8567864271457086}
ListMLE Epoch 128 | Metrics: {'NDCG@1': 0.4020530367835757, 'NDCG@5': 0.3940547019034671, 'NDCG@10': 0.38638716038854276, 'MAP': 0.7622438179147696, 'MRR': 0.8602794411177646}
ListMLE Epoch 129 | Metrics: {'NDCG@1': 0.4020530367835757, 'NDCG@5': 0.3935883248424131, 'NDCG@10': 0.38681085807695004, 'MAP': 0.7623536922380814, 'MRR': 0.8597804391217564}
ListMLE Epoch 130 | Metrics: {'NDCG@1': 0.40034217279726264, 'NDCG@5': 0.39429574257824535, 'NDCG@10': 0.3869974883752897, 'MAP': 0.7623899562005645, 'MRR': 0.8595309381237525}
ListMLE Epoch 131 | Metrics: {'NDCG@1': 0.40034217279726264, 'NDCG@5': 0.39237592656350045, 'NDCG@10': 0.3850754832881906, 'MAP': 0.7621094515204259, 'MRR': 0.8630239520958084}
ListMLE Epoch 132 | Metrics: {'NDCG@1': 0.40119760479041916, 'NDCG@5': 0.3934210766379418, 'NDCG@10': 0.38646601145127, 'MAP': 0.7623068324850382, 'MRR': 0.8635229540918162}
ListMLE Epoch 133 | Metrics: {'NDCG@1': 0.3986313088109495, 'NDCG@5': 0.39354262589729916, 'NDCG@10': 0.38713301762989216, 'MAP': 0.76233885658941, 'MRR': 0.8647704590818363}
ListMLE Epoch 134 | Metrics: {'NDCG@1': 0.4059024807527802, 'NDCG@5': 0.39518344346784073, 'NDCG@10': 0.38668518890970105, 'MAP': 0.7622582724780101, 'MRR': 0.8627744510978043}
ListMLE Epoch 135 | Metrics: {'NDCG@1': 0.4041916167664671, 'NDCG@5': 0.3958993164578604, 'NDCG@10': 0.386068709874632, 'MAP': 0.7624101592043198, 'MRR': 0.8622754491017964}
ListMLE Epoch 136 | Metrics: {'NDCG@1': 0.4101796407185629, 'NDCG@5': 0.39401066531261086, 'NDCG@10': 0.386813409140971, 'MAP': 0.7623640920760731, 'MRR': 0.8620259481037923}
ListMLE Epoch 137 | Metrics: {'NDCG@1': 0.4041916167664671, 'NDCG@5': 0.3958621748214496, 'NDCG@10': 0.38607402496188764, 'MAP': 0.762370394123813, 'MRR': 0.8625249500998003}
ListMLE Epoch 138 | Metrics: {'NDCG@1': 0.4067579127459367, 'NDCG@5': 0.39354493494595316, 'NDCG@10': 0.38625123150035945, 'MAP': 0.762320673430738, 'MRR': 0.8627744510978043}
ListMLE Epoch 139 | Metrics: {'NDCG@1': 0.4080410607356715, 'NDCG@5': 0.3941849080285912, 'NDCG@10': 0.3867350341987178, 'MAP': 0.7625146991544735, 'MRR': 0.8645209580838323}
ListMLE Epoch 140 | Metrics: {'NDCG@1': 0.4067579127459367, 'NDCG@5': 0.3925906881072275, 'NDCG@10': 0.3863039359674755, 'MAP': 0.7622792616487709, 'MRR': 0.8632734530938123}
ListMLE Epoch 141 | Metrics: {'NDCG@1': 0.4067579127459367, 'NDCG@5': 0.3931441304831191, 'NDCG@10': 0.3870207837912211, 'MAP': 0.762193315658612, 'MRR': 0.8630239520958084}
ListMLE Epoch 142 | Metrics: {'NDCG@1': 0.40718562874251496, 'NDCG@5': 0.3921505879564433, 'NDCG@10': 0.3870804292157033, 'MAP': 0.7622641012958639, 'MRR': 0.8645209580838323}
ListMLE Epoch 143 | Metrics: {'NDCG@1': 0.4020530367835757, 'NDCG@5': 0.39210473978033344, 'NDCG@10': 0.3876186543520561, 'MAP': 0.7622493883314762, 'MRR': 0.86187624750499}
ListMLE Epoch 144 | Metrics: {'NDCG@1': 0.39692044482463645, 'NDCG@5': 0.3926025769550888, 'NDCG@10': 0.38662567760563465, 'MAP': 0.7620352679702245, 'MRR': 0.8592814371257484}
ListMLE Epoch 145 | Metrics: {'NDCG@1': 0.40248075278015405, 'NDCG@5': 0.3912659344975084, 'NDCG@10': 0.38748346787458776, 'MAP': 0.76207459938963, 'MRR': 0.8600299401197605}
ListMLE Epoch 146 | Metrics: {'NDCG@1': 0.4054747647562019, 'NDCG@5': 0.3914115192554478, 'NDCG@10': 0.38888916353570424, 'MAP': 0.7621517903793369, 'MRR': 0.861377245508982}
ListMLE Epoch 147 | Metrics: {'NDCG@1': 0.4080410607356715, 'NDCG@5': 0.3904849634613123, 'NDCG@10': 0.3892721054438724, 'MAP': 0.762044783501668, 'MRR': 0.8616267465069859}
ListMLE Epoch 148 | Metrics: {'NDCG@1': 0.40248075278015405, 'NDCG@5': 0.3924760685660192, 'NDCG@10': 0.38872386447177093, 'MAP': 0.7619819294970009, 'MRR': 0.860129740518962}
ListMLE Epoch 149 | Metrics: {'NDCG@1': 0.40975192472198463, 'NDCG@5': 0.3921187615103018, 'NDCG@10': 0.3893457937960042, 'MAP': 0.762043603886248, 'MRR': 0.8612774451097803}

[피처 중요도 로그] /home/work/lab_project/severity/feature_importance_train_severity_l2r_listmle_train_score_relevance_0_3.log

[검증] train min~max→[0,3] relevance 반올림 기준 분류 정확도(참고): 0.2512

[Train] 실제 Severity와 비교

=== Train (train_score_relevance_0_3) ===
Accuracy: 0.2521
Macro precision: 0.2708
Macro recall: 0.2529
Macro F1: 0.1645
Weighted precision: 0.2708
Weighted recall: 0.2521
Weighted F1: 0.1641
              precision    recall  f1-score   support

    Critical     0.2632    0.0003    0.0007     15114
        High     0.2616    0.3123    0.2847     15048
      Medium     0.2478    0.6954    0.3653     14906
         Low     0.3107    0.0037    0.0073     14932

    accuracy                         0.2521     60000
   macro avg     0.2708    0.2529    0.1645     60000
weighted avg     0.2708    0.2521    0.1641     60000


[train_score_relevance_0_3] train 점수 min~max를 [0,3] relevance로 선형 매핑 후 반올림 (train min=0.191612, train max=1.016756)

[Test] 실제 Severity와 비교

=== Test (mode=train_score_relevance_0_3) ===
Accuracy: 0.2443
Macro precision: 0.2117
Macro recall: 0.2448
Macro F1: 0.1604
Weighted precision: 0.2108
Weighted recall: 0.2443
Weighted F1: 0.1598
              precision    recall  f1-score   support

    Critical     0.0909    0.0002    0.0004      5108
        High     0.2371    0.3431    0.2804      4920
      Medium     0.2483    0.6340    0.3569      5027
         Low     0.2703    0.0020    0.0040      4945

    accuracy                         0.2443     20000
   macro avg     0.2117    0.2448    0.1604     20000
weighted avg     0.2108    0.2443    0.1598     20000


저장: severity/logging_monitoring_anomalies_l2r_listmle_train_score_relevance_0_3.csv

=== 소요 시간 ===
CSV 로드·train/val/test 분할: 0.353 s
전처리(인코딩·스케일) + 학습(train∪val L2R): 820.357 s
추론·경계·Train·Val·Test 평가·저장(전수): 1.979 s
  └ Test severity 정답 비교(report_metrics)만: 0.356 s
전체: 823.271 s

=== 랭킹 지표 MRR (L2R/metrics, relevance=0..3) ===
Validation MRR: 0.877046
Test MRR:       0.880589
