# train_severity_l2r_rank 2026-03-29T13:49:55.567318
# model=listnet test_mode=train_thresholds csv=severity/logging_monitoring_anomalies.csv
# config=/home/work/lab_project/severity/experiment_config.yaml

[로그 파일] /home/work/lab_project/severity/experiment_logs/all_20260329_134952/logs/l2r_listnet_train_thresholds.log
[[ 0.      0.     -0.8351 -1.7189  1.4577  0.122   1.0859  0.5791 -1.2547  1.2696 -1.309   1.1615  1.3574  0.7751 -1.7115 -0.1346 -0.9621 -1.3686  1.0604  0.8664  0.7023  0.882   1.3367 -0.8785
   0.4453  0.4473  0.635   0.7097 -1.3365 -0.7106]
 [ 1.      0.      0.1243 -0.3186 -1.2696 -1.2888  0.3412  0.4589  1.4455 -0.1913  0.2913 -1.2219  1.3574  0.6019  1.7109 -1.085  -1.6556  1.5471 -0.5     0.8664 -1.4193 -0.881  -0.4545  1.4664
  -0.45    0.4473 -0.2115  0.0033  1.3381 -1.4171]
 [ 2.      0.      0.9625  0.3535 -1.2696  0.12    0.1687  1.4359 -1.1057 -0.4565  1.3232 -0.0269 -0.5194  0.6019 -0.9671 -0.9529  0.4249 -0.0661  0.493   0.518  -0.7121 -0.2933 -1.3501 -1.4647
   1.3406 -1.3473  0.1516  0.7097 -0.445   1.409 ]
 [ 1.      0.     -1.6167 -1.2117 -0.1787 -0.6923 -1.2574 -0.5276 -0.8082  0.3122  0.5782  1.5341 -0.6584  1.1216 -1.1053  0.515  -0.442  -0.3785  0.7767 -1.5721  0.7023 -1.4687  1.3367 -0.8785
   0.4453 -1.3473  1.5224  0.7097 -1.3365  1.409 ]]
ListNet Epoch 0 | Metrics: {'NDCG@1': 0.3857998289136014, 'NDCG@5': 0.3937271891349667, 'NDCG@10': 0.39360974467925974, 'MAP': 0.7618240284991175, 'MRR': 0.8654476760764186}
ListNet Epoch 1 | Metrics: {'NDCG@1': 0.4054747647562019, 'NDCG@5': 0.3967664175078782, 'NDCG@10': 0.39361438837730567, 'MAP': 0.7620892399908126, 'MRR': 0.8833333333333332}
ListNet Epoch 2 | Metrics: {'NDCG@1': 0.4178785286569718, 'NDCG@5': 0.3921802360617383, 'NDCG@10': 0.3939708175372484, 'MAP': 0.7614432626218024, 'MRR': 0.8946606786427146}
ListNet Epoch 3 | Metrics: {'NDCG@1': 0.42472198460222416, 'NDCG@5': 0.39257034892501913, 'NDCG@10': 0.3891214064476442, 'MAP': 0.7604458510374068, 'MRR': 0.8898203592814371}
ListNet Epoch 4 | Metrics: {'NDCG@1': 0.42985457656116344, 'NDCG@5': 0.3934909807557397, 'NDCG@10': 0.39179367813634713, 'MAP': 0.759987165331195, 'MRR': 0.8857285429141716}
ListNet Epoch 5 | Metrics: {'NDCG@1': 0.4302822925577417, 'NDCG@5': 0.3933326379151425, 'NDCG@10': 0.3939916286564896, 'MAP': 0.7595856715818414, 'MRR': 0.8857285429141718}
ListNet Epoch 6 | Metrics: {'NDCG@1': 0.42130025662959797, 'NDCG@5': 0.3936973496246375, 'NDCG@10': 0.39461442620976883, 'MAP': 0.7598097151286942, 'MRR': 0.8869760479041916}
ListNet Epoch 7 | Metrics: {'NDCG@1': 0.4178785286569718, 'NDCG@5': 0.3984916506233617, 'NDCG@10': 0.3950537477307712, 'MAP': 0.7595126706409522, 'MRR': 0.8775948103792416}
ListNet Epoch 8 | Metrics: {'NDCG@1': 0.4114627887082977, 'NDCG@5': 0.39913057918460265, 'NDCG@10': 0.3958028285596181, 'MAP': 0.7592332076661645, 'MRR': 0.8688622754491018}
ListNet Epoch 9 | Metrics: {'NDCG@1': 0.39435414884516684, 'NDCG@5': 0.395882187567937, 'NDCG@10': 0.39348779103026055, 'MAP': 0.7594276561770021, 'MRR': 0.8581337325349302}
ListNet Epoch 10 | Metrics: {'NDCG@1': 0.3913601368691189, 'NDCG@5': 0.399067466811493, 'NDCG@10': 0.3948054347562608, 'MAP': 0.7599293077446987, 'MRR': 0.8608782435129739}
ListNet Epoch 11 | Metrics: {'NDCG@1': 0.3644140290846878, 'NDCG@5': 0.39417278613087303, 'NDCG@10': 0.3930108418988488, 'MAP': 0.7597492496681097, 'MRR': 0.8511477045908182}
ListNet Epoch 12 | Metrics: {'NDCG@1': 0.36398631308810947, 'NDCG@5': 0.39504098679518945, 'NDCG@10': 0.39413577639219594, 'MAP': 0.7600336129087365, 'MRR': 0.8531437125748501}
ListNet Epoch 13 | Metrics: {'NDCG@1': 0.3759623609923011, 'NDCG@5': 0.3930981109510685, 'NDCG@10': 0.3972937946578883, 'MAP': 0.7603368362270351, 'MRR': 0.8541417165668662}
ListNet Epoch 14 | Metrics: {'NDCG@1': 0.3781009409751924, 'NDCG@5': 0.39205555653075463, 'NDCG@10': 0.39557358684373356, 'MAP': 0.7603901133155752, 'MRR': 0.8591317365269463}
ListNet Epoch 15 | Metrics: {'NDCG@1': 0.369546621043627, 'NDCG@5': 0.3957255874712441, 'NDCG@10': 0.3942849896805868, 'MAP': 0.760305844978703, 'MRR': 0.8505489021956089}
ListNet Epoch 16 | Metrics: {'NDCG@1': 0.3712574850299401, 'NDCG@5': 0.39685913156837116, 'NDCG@10': 0.39244962245267984, 'MAP': 0.7605565710607547, 'MRR': 0.8476546906187625}
ListNet Epoch 17 | Metrics: {'NDCG@1': 0.36569717707442256, 'NDCG@5': 0.3918743749721151, 'NDCG@10': 0.392663068588215, 'MAP': 0.7604970143090231, 'MRR': 0.8507984031936127}
ListNet Epoch 18 | Metrics: {'NDCG@1': 0.3721129170230967, 'NDCG@5': 0.3920908213465146, 'NDCG@10': 0.39418871264732575, 'MAP': 0.7599490591741324, 'MRR': 0.8446606786427145}
ListNet Epoch 19 | Metrics: {'NDCG@1': 0.3763900769888794, 'NDCG@5': 0.3912908786613146, 'NDCG@10': 0.3927125082868086, 'MAP': 0.7595631895470768, 'MRR': 0.8490804106073567}
ListNet Epoch 20 | Metrics: {'NDCG@1': 0.37339606501283146, 'NDCG@5': 0.3951827723517389, 'NDCG@10': 0.3936877615216594, 'MAP': 0.7600208585320276, 'MRR': 0.8568149415454803}
ListNet Epoch 21 | Metrics: {'NDCG@1': 0.3704020530367836, 'NDCG@5': 0.3916453889395537, 'NDCG@10': 0.391656094193704, 'MAP': 0.7598073001296753, 'MRR': 0.8540704305674365}
ListNet Epoch 22 | Metrics: {'NDCG@1': 0.36997433704020527, 'NDCG@5': 0.3904798126760337, 'NDCG@10': 0.39201426533020434, 'MAP': 0.7595805607904882, 'MRR': 0.8517964071856288}
ListNet Epoch 23 | Metrics: {'NDCG@1': 0.39820359281437123, 'NDCG@5': 0.3954712670861562, 'NDCG@10': 0.39503193887439475, 'MAP': 0.7597624605820504, 'MRR': 0.8700099800399202}
ListNet Epoch 24 | Metrics: {'NDCG@1': 0.39392643284858847, 'NDCG@5': 0.39160116364867303, 'NDCG@10': 0.3965828441476586, 'MAP': 0.7593779810869395, 'MRR': 0.8587824351297405}
ListNet Epoch 25 | Metrics: {'NDCG@1': 0.40333618477331057, 'NDCG@5': 0.39117883892163824, 'NDCG@10': 0.3973880690055599, 'MAP': 0.7595252576599132, 'MRR': 0.8603792415169661}
ListNet Epoch 26 | Metrics: {'NDCG@1': 0.40119760479041916, 'NDCG@5': 0.3976025812045548, 'NDCG@10': 0.39816991455350614, 'MAP': 0.7596211427384664, 'MRR': 0.8630239520958084}
ListNet Epoch 27 | Metrics: {'NDCG@1': 0.3977758768177929, 'NDCG@5': 0.3960843618919841, 'NDCG@10': 0.39845319405617885, 'MAP': 0.759546111995248, 'MRR': 0.8580339321357285}
ListNet Epoch 28 | Metrics: {'NDCG@1': 0.40119760479041916, 'NDCG@5': 0.3955710517880907, 'NDCG@10': 0.4005874869057908, 'MAP': 0.7604232134433334, 'MRR': 0.8627744510978043}
ListNet Epoch 29 | Metrics: {'NDCG@1': 0.41317365269461076, 'NDCG@5': 0.398616287204186, 'NDCG@10': 0.40062838160372805, 'MAP': 0.7603693117205091, 'MRR': 0.8597804391217564}
ListNet Epoch 30 | Metrics: {'NDCG@1': 0.3994867408041061, 'NDCG@5': 0.3937625610527145, 'NDCG@10': 0.3999453473289107, 'MAP': 0.7601983299289441, 'MRR': 0.8535429141716568}
ListNet Epoch 31 | Metrics: {'NDCG@1': 0.4046193327630454, 'NDCG@5': 0.39657781293945166, 'NDCG@10': 0.39997886289841866, 'MAP': 0.7601733403287049, 'MRR': 0.8480538922155688}
ListNet Epoch 32 | Metrics: {'NDCG@1': 0.40932420872540637, 'NDCG@5': 0.3976295414405993, 'NDCG@10': 0.3992923919430837, 'MAP': 0.760151085749342, 'MRR': 0.8490518962075849}
ListNet Epoch 33 | Metrics: {'NDCG@1': 0.40932420872540637, 'NDCG@5': 0.40373126354668465, 'NDCG@10': 0.39809099533014275, 'MAP': 0.76019005366742, 'MRR': 0.8425648702594811}
ListNet Epoch 34 | Metrics: {'NDCG@1': 0.4110350727117194, 'NDCG@5': 0.40347555774612204, 'NDCG@10': 0.3983672480257827, 'MAP': 0.7603377407018318, 'MRR': 0.8455588822355288}
ListNet Epoch 35 | Metrics: {'NDCG@1': 0.413601368691189, 'NDCG@5': 0.399083703772284, 'NDCG@10': 0.3980562067368093, 'MAP': 0.7605686826634251, 'MRR': 0.8517964071856288}
ListNet Epoch 36 | Metrics: {'NDCG@1': 0.41231822070145424, 'NDCG@5': 0.4019002845182777, 'NDCG@10': 0.39690372688886505, 'MAP': 0.7605738639598542, 'MRR': 0.8537924151696605}
ListNet Epoch 37 | Metrics: {'NDCG@1': 0.4208725406330197, 'NDCG@5': 0.40079434659122815, 'NDCG@10': 0.3955324312847274, 'MAP': 0.7603801551360598, 'MRR': 0.8570359281437125}
ListNet Epoch 38 | Metrics: {'NDCG@1': 0.41531223267750217, 'NDCG@5': 0.40371507584770544, 'NDCG@10': 0.39857382964342186, 'MAP': 0.7608922928424333, 'MRR': 0.8597091531223267}
ListNet Epoch 39 | Metrics: {'NDCG@1': 0.423011120615911, 'NDCG@5': 0.4046976972606067, 'NDCG@10': 0.3986305526212681, 'MAP': 0.7609756650454392, 'MRR': 0.8622754491017964}
ListNet Epoch 40 | Metrics: {'NDCG@1': 0.42343883661248927, 'NDCG@5': 0.4039970440162078, 'NDCG@10': 0.39769158215705114, 'MAP': 0.7608905701708423, 'MRR': 0.8627744510978045}
ListNet Epoch 41 | Metrics: {'NDCG@1': 0.41531223267750217, 'NDCG@5': 0.4012267852290884, 'NDCG@10': 0.39847735798813677, 'MAP': 0.7609729968926084, 'MRR': 0.8615269461077845}
ListNet Epoch 42 | Metrics: {'NDCG@1': 0.41231822070145424, 'NDCG@5': 0.40068978552370565, 'NDCG@10': 0.3980957861241918, 'MAP': 0.7611111487270652, 'MRR': 0.8607784431137725}
ListNet Epoch 43 | Metrics: {'NDCG@1': 0.41060735671514115, 'NDCG@5': 0.3988789410165059, 'NDCG@10': 0.396706400283588, 'MAP': 0.761052735731913, 'MRR': 0.8607784431137725}
ListNet Epoch 44 | Metrics: {'NDCG@1': 0.40547476475620187, 'NDCG@5': 0.40039472110880875, 'NDCG@10': 0.39729156640999486, 'MAP': 0.7610940082166978, 'MRR': 0.8612774451097803}
ListNet Epoch 45 | Metrics: {'NDCG@1': 0.4178785286569717, 'NDCG@5': 0.40166217742157084, 'NDCG@10': 0.39836519035118256, 'MAP': 0.7611021745226785, 'MRR': 0.8692614770459082}
ListNet Epoch 46 | Metrics: {'NDCG@1': 0.41573994867408043, 'NDCG@5': 0.40173524663633153, 'NDCG@10': 0.3983595524927742, 'MAP': 0.7609982250247183, 'MRR': 0.8670159680638722}
ListNet Epoch 47 | Metrics: {'NDCG@1': 0.41317365269461076, 'NDCG@5': 0.3993768049911729, 'NDCG@10': 0.397466109040101, 'MAP': 0.7609376061188797, 'MRR': 0.8662959794696322}
ListNet Epoch 48 | Metrics: {'NDCG@1': 0.4054747647562019, 'NDCG@5': 0.3999204831562658, 'NDCG@10': 0.3961483647903165, 'MAP': 0.7606511660732289, 'MRR': 0.8656187624750499}
ListNet Epoch 49 | Metrics: {'NDCG@1': 0.3964927288280582, 'NDCG@5': 0.39976698278524525, 'NDCG@10': 0.3965970879977193, 'MAP': 0.7606232915629748, 'MRR': 0.8649700598802395}
ListNet Epoch 50 | Metrics: {'NDCG@1': 0.39649272882805814, 'NDCG@5': 0.400167893228851, 'NDCG@10': 0.3955761955717107, 'MAP': 0.7607649275941663, 'MRR': 0.8654690618762475}
ListNet Epoch 51 | Metrics: {'NDCG@1': 0.3926432848588537, 'NDCG@5': 0.3983752203778802, 'NDCG@10': 0.3940718161399837, 'MAP': 0.7605993379719544, 'MRR': 0.8604790419161676}
ListNet Epoch 52 | Metrics: {'NDCG@1': 0.3857998289136013, 'NDCG@5': 0.39770527537701184, 'NDCG@10': 0.39353251191570876, 'MAP': 0.7606325032613604, 'MRR': 0.860129740518962}
ListNet Epoch 53 | Metrics: {'NDCG@1': 0.39050470487596234, 'NDCG@5': 0.3974702662858988, 'NDCG@10': 0.3941816165491107, 'MAP': 0.7604336965160837, 'MRR': 0.858632734530938}
ListNet Epoch 54 | Metrics: {'NDCG@1': 0.38323353293413165, 'NDCG@5': 0.3949480635782574, 'NDCG@10': 0.3941552760722409, 'MAP': 0.7603928050037293, 'MRR': 0.8549900199600798}
ListNet Epoch 55 | Metrics: {'NDCG@1': 0.3862275449101796, 'NDCG@5': 0.39751063655064467, 'NDCG@10': 0.3951787357023335, 'MAP': 0.7606340893269034, 'MRR': 0.8587325349301397}
ListNet Epoch 56 | Metrics: {'NDCG@1': 0.3853721129170231, 'NDCG@5': 0.3949988000426495, 'NDCG@10': 0.3936296951563055, 'MAP': 0.760257173397508, 'MRR': 0.8547405189620757}
ListNet Epoch 57 | Metrics: {'NDCG@1': 0.3836612489307099, 'NDCG@5': 0.3959432416539035, 'NDCG@10': 0.3944668471861308, 'MAP': 0.7604061716337306, 'MRR': 0.8608782435129739}
ListNet Epoch 58 | Metrics: {'NDCG@1': 0.38237810094097513, 'NDCG@5': 0.3957224103020871, 'NDCG@10': 0.39418365308917985, 'MAP': 0.7600125953320519, 'MRR': 0.8533932135728542}
ListNet Epoch 59 | Metrics: {'NDCG@1': 0.3763900769888794, 'NDCG@5': 0.39698936781117133, 'NDCG@10': 0.39442993691909706, 'MAP': 0.7601440434407849, 'MRR': 0.8511477045908182}
ListNet Epoch 60 | Metrics: {'NDCG@1': 0.38280581693755344, 'NDCG@5': 0.39664444484357025, 'NDCG@10': 0.3969937085538676, 'MAP': 0.7604407999496868, 'MRR': 0.8558882235528943}
ListNet Epoch 61 | Metrics: {'NDCG@1': 0.3840889649272883, 'NDCG@5': 0.398175717682298, 'NDCG@10': 0.3954816748247827, 'MAP': 0.7603622804448232, 'MRR': 0.8558882235528943}
ListNet Epoch 62 | Metrics: {'NDCG@1': 0.38451668092386654, 'NDCG@5': 0.3977972886036012, 'NDCG@10': 0.39640968587247916, 'MAP': 0.7602474101057748, 'MRR': 0.8551397205588822}
ListNet Epoch 63 | Metrics: {'NDCG@1': 0.3832335329341317, 'NDCG@5': 0.3986605947695635, 'NDCG@10': 0.39671571084946805, 'MAP': 0.7603426048002486, 'MRR': 0.8559880239520957}
ListNet Epoch 64 | Metrics: {'NDCG@1': 0.38280581693755344, 'NDCG@5': 0.40133147796666485, 'NDCG@10': 0.39532127199898504, 'MAP': 0.7607773425842749, 'MRR': 0.8541417165668663}
ListNet Epoch 65 | Metrics: {'NDCG@1': 0.37596236099230107, 'NDCG@5': 0.4013283150345784, 'NDCG@10': 0.3950600897806837, 'MAP': 0.760445840876002, 'MRR': 0.8547904191616766}
ListNet Epoch 66 | Metrics: {'NDCG@1': 0.37767322497861416, 'NDCG@5': 0.40378357094563744, 'NDCG@10': 0.3951631040211637, 'MAP': 0.7605588145314246, 'MRR': 0.8501497005988023}
ListNet Epoch 67 | Metrics: {'NDCG@1': 0.374251497005988, 'NDCG@5': 0.40210627839442326, 'NDCG@10': 0.39453206190108653, 'MAP': 0.7604470350720209, 'MRR': 0.8501497005988023}
ListNet Epoch 68 | Metrics: {'NDCG@1': 0.37510692899914455, 'NDCG@5': 0.40348557295554555, 'NDCG@10': 0.39360333318844715, 'MAP': 0.7605107074871614, 'MRR': 0.8501497005988023}
ListNet Epoch 69 | Metrics: {'NDCG@1': 0.36997433704020527, 'NDCG@5': 0.40014165220859954, 'NDCG@10': 0.3922550190587494, 'MAP': 0.7602731020592612, 'MRR': 0.8464071856287425}
ListNet Epoch 70 | Metrics: {'NDCG@1': 0.3729683490162532, 'NDCG@5': 0.3985384922296584, 'NDCG@10': 0.39171489788074737, 'MAP': 0.7603073164258501, 'MRR': 0.8542914171656686}
ListNet Epoch 71 | Metrics: {'NDCG@1': 0.37168520102651836, 'NDCG@5': 0.3997756045075458, 'NDCG@10': 0.39352011510590945, 'MAP': 0.7603106526832455, 'MRR': 0.8525449101796407}
ListNet Epoch 72 | Metrics: {'NDCG@1': 0.38023952095808383, 'NDCG@5': 0.40200258726977867, 'NDCG@10': 0.39489423307675464, 'MAP': 0.7603715090332301, 'MRR': 0.8532934131736527}
ListNet Epoch 73 | Metrics: {'NDCG@1': 0.38066723695466204, 'NDCG@5': 0.3994933272556969, 'NDCG@10': 0.39578724416312294, 'MAP': 0.7603710722086059, 'MRR': 0.8537924151696605}
ListNet Epoch 74 | Metrics: {'NDCG@1': 0.3810949529512403, 'NDCG@5': 0.40084411684091714, 'NDCG@10': 0.39530538676593935, 'MAP': 0.7605549000668526, 'MRR': 0.8552894211576845}
ListNet Epoch 75 | Metrics: {'NDCG@1': 0.37254063301967494, 'NDCG@5': 0.4022011009643797, 'NDCG@10': 0.39562933847947473, 'MAP': 0.7606337140762197, 'MRR': 0.8525449101796407}
ListNet Epoch 76 | Metrics: {'NDCG@1': 0.3738237810094097, 'NDCG@5': 0.40135024800026714, 'NDCG@10': 0.39560107466851246, 'MAP': 0.760417359847652, 'MRR': 0.8532934131736527}
ListNet Epoch 77 | Metrics: {'NDCG@1': 0.37639007698887933, 'NDCG@5': 0.4006670464743054, 'NDCG@10': 0.39504341439954316, 'MAP': 0.760360560653561, 'MRR': 0.8512974051896208}
ListNet Epoch 78 | Metrics: {'NDCG@1': 0.3785286569717707, 'NDCG@5': 0.39931564166828293, 'NDCG@10': 0.39501346372496837, 'MAP': 0.7602748857591684, 'MRR': 0.8557884231536927}
ListNet Epoch 79 | Metrics: {'NDCG@1': 0.3755346449957228, 'NDCG@5': 0.4000316218756207, 'NDCG@10': 0.39576054451166615, 'MAP': 0.7602410116306174, 'MRR': 0.8547904191616766}
ListNet Epoch 80 | Metrics: {'NDCG@1': 0.378956372968349, 'NDCG@5': 0.39794530449931687, 'NDCG@10': 0.3952453003141695, 'MAP': 0.7602654239626387, 'MRR': 0.8551397205588822}
ListNet Epoch 81 | Metrics: {'NDCG@1': 0.3738237810094098, 'NDCG@5': 0.3952756114431342, 'NDCG@10': 0.3944281307021245, 'MAP': 0.760169435884319, 'MRR': 0.8511477045908182}
ListNet Epoch 82 | Metrics: {'NDCG@1': 0.3725406330196749, 'NDCG@5': 0.39677255229879616, 'NDCG@10': 0.39331356515998106, 'MAP': 0.7600685733968348, 'MRR': 0.8476546906187623}
ListNet Epoch 83 | Metrics: {'NDCG@1': 0.37040205303678353, 'NDCG@5': 0.3974952152609525, 'NDCG@10': 0.3944099348716289, 'MAP': 0.7600663657002411, 'MRR': 0.8512974051896207}
ListNet Epoch 84 | Metrics: {'NDCG@1': 0.3635585970915312, 'NDCG@5': 0.39417499831071884, 'NDCG@10': 0.3935117802575956, 'MAP': 0.7598686245394001, 'MRR': 0.8455588822355288}
ListNet Epoch 85 | Metrics: {'NDCG@1': 0.3627031650983747, 'NDCG@5': 0.39519423694393535, 'NDCG@10': 0.3932752874759646, 'MAP': 0.7601609107856921, 'MRR': 0.8510479041916168}
ListNet Epoch 86 | Metrics: {'NDCG@1': 0.36826347305389223, 'NDCG@5': 0.3947401672673979, 'NDCG@10': 0.39398328420930456, 'MAP': 0.7600989977681099, 'MRR': 0.8489021956087823}
ListNet Epoch 87 | Metrics: {'NDCG@1': 0.3661248930710008, 'NDCG@5': 0.3943574953529883, 'NDCG@10': 0.39444661265873265, 'MAP': 0.7598876735050669, 'MRR': 0.8475548902195609}
ListNet Epoch 88 | Metrics: {'NDCG@1': 0.3605645851154833, 'NDCG@5': 0.3934042142657448, 'NDCG@10': 0.3942177483161888, 'MAP': 0.7597832533071477, 'MRR': 0.8459081836327345}
ListNet Epoch 89 | Metrics: {'NDCG@1': 0.3635585970915312, 'NDCG@5': 0.3936773289998928, 'NDCG@10': 0.39436989990176063, 'MAP': 0.7595827252912631, 'MRR': 0.8444111776447105}
ListNet Epoch 90 | Metrics: {'NDCG@1': 0.3661248930710008, 'NDCG@5': 0.39448405933996783, 'NDCG@10': 0.39359615764454864, 'MAP': 0.759755885691049, 'MRR': 0.8479041916167664}
ListNet Epoch 91 | Metrics: {'NDCG@1': 0.3627031650983747, 'NDCG@5': 0.3934723648089038, 'NDCG@10': 0.39293696194261263, 'MAP': 0.7596498146825814, 'MRR': 0.8445608782435129}
ListNet Epoch 92 | Metrics: {'NDCG@1': 0.3729683490162532, 'NDCG@5': 0.39554071472795455, 'NDCG@10': 0.3931718066225034, 'MAP': 0.7599325792560538, 'MRR': 0.8512974051896207}
ListNet Epoch 93 | Metrics: {'NDCG@1': 0.37681779298545764, 'NDCG@5': 0.3959041658292334, 'NDCG@10': 0.3946859063392982, 'MAP': 0.7600466767851957, 'MRR': 0.8507984031936127}
ListNet Epoch 94 | Metrics: {'NDCG@1': 0.38237810094097524, 'NDCG@5': 0.39640566418444084, 'NDCG@10': 0.3944736759710358, 'MAP': 0.7601172674399063, 'MRR': 0.8547904191616766}
ListNet Epoch 95 | Metrics: {'NDCG@1': 0.3900769888793841, 'NDCG@5': 0.39874449819685903, 'NDCG@10': 0.3958559308805131, 'MAP': 0.7602812856263361, 'MRR': 0.8575349301397205}
ListNet Epoch 96 | Metrics: {'NDCG@1': 0.38922155688622756, 'NDCG@5': 0.39786577112771765, 'NDCG@10': 0.3956084620408101, 'MAP': 0.7601031141778778, 'MRR': 0.8545409181636725}
ListNet Epoch 97 | Metrics: {'NDCG@1': 0.3742514970059881, 'NDCG@5': 0.3967798563202958, 'NDCG@10': 0.39380985246296024, 'MAP': 0.7600047045044516, 'MRR': 0.8470558882235528}
ListNet Epoch 98 | Metrics: {'NDCG@1': 0.38237810094097524, 'NDCG@5': 0.39640692935853256, 'NDCG@10': 0.39597178516082787, 'MAP': 0.7602236928727405, 'MRR': 0.8517964071856288}
ListNet Epoch 99 | Metrics: {'NDCG@1': 0.38109495295124046, 'NDCG@5': 0.39703781653295334, 'NDCG@10': 0.3972124365337649, 'MAP': 0.7601884782810594, 'MRR': 0.8502994011976048}
ListNet Epoch 100 | Metrics: {'NDCG@1': 0.37681779298545764, 'NDCG@5': 0.39566714904018735, 'NDCG@10': 0.39572536942783465, 'MAP': 0.7600819415511829, 'MRR': 0.8500499001996008}
ListNet Epoch 101 | Metrics: {'NDCG@1': 0.3716852010265184, 'NDCG@5': 0.3941225030873798, 'NDCG@10': 0.39438549436575576, 'MAP': 0.7598707119716954, 'MRR': 0.8498003992015968}
ListNet Epoch 102 | Metrics: {'NDCG@1': 0.36911890504704875, 'NDCG@5': 0.3911162710762753, 'NDCG@10': 0.39293958877017254, 'MAP': 0.7598366227186251, 'MRR': 0.8499001996007984}
ListNet Epoch 103 | Metrics: {'NDCG@1': 0.37168520102651836, 'NDCG@5': 0.3920934533722465, 'NDCG@10': 0.39453496449778, 'MAP': 0.7600498012786362, 'MRR': 0.8542914171656688}
ListNet Epoch 104 | Metrics: {'NDCG@1': 0.3721129170230967, 'NDCG@5': 0.3911476392206979, 'NDCG@10': 0.39377500387415887, 'MAP': 0.7598441295356153, 'MRR': 0.8527944111776449}
ListNet Epoch 105 | Metrics: {'NDCG@1': 0.37082976903336184, 'NDCG@5': 0.39453212874362986, 'NDCG@10': 0.39356420614509147, 'MAP': 0.7597232562948869, 'MRR': 0.8512974051896208}
ListNet Epoch 106 | Metrics: {'NDCG@1': 0.378956372968349, 'NDCG@5': 0.39633979610546965, 'NDCG@10': 0.39399696696088665, 'MAP': 0.7597483504682765, 'MRR': 0.8556387225548902}
ListNet Epoch 107 | Metrics: {'NDCG@1': 0.3772455089820359, 'NDCG@5': 0.3954998496681548, 'NDCG@10': 0.3944398160538195, 'MAP': 0.759829891990456, 'MRR': 0.858632734530938}
ListNet Epoch 108 | Metrics: {'NDCG@1': 0.3798118049615055, 'NDCG@5': 0.3963451389810607, 'NDCG@10': 0.3952129367140977, 'MAP': 0.7599005123103012, 'MRR': 0.858632734530938}
ListNet Epoch 109 | Metrics: {'NDCG@1': 0.38366124893071, 'NDCG@5': 0.39942069095591193, 'NDCG@10': 0.3952866788563538, 'MAP': 0.7600617106703401, 'MRR': 0.8631237524950099}
ListNet Epoch 110 | Metrics: {'NDCG@1': 0.3781009409751924, 'NDCG@5': 0.3986412058815957, 'NDCG@10': 0.3953909633346484, 'MAP': 0.7598923520694627, 'MRR': 0.8581337325349302}
ListNet Epoch 111 | Metrics: {'NDCG@1': 0.3772455089820359, 'NDCG@5': 0.39638745264952374, 'NDCG@10': 0.39462055292862386, 'MAP': 0.7600140721528308, 'MRR': 0.8583832335329341}
ListNet Epoch 112 | Metrics: {'NDCG@1': 0.3815226689478187, 'NDCG@5': 0.3992384828535216, 'NDCG@10': 0.3946057558149391, 'MAP': 0.7602433164837038, 'MRR': 0.861377245508982}
ListNet Epoch 113 | Metrics: {'NDCG@1': 0.38237810094097524, 'NDCG@5': 0.3994579665331526, 'NDCG@10': 0.3949296217562156, 'MAP': 0.7599486009556525, 'MRR': 0.858632734530938}
ListNet Epoch 114 | Metrics: {'NDCG@1': 0.38323353293413176, 'NDCG@5': 0.4000106710010435, 'NDCG@10': 0.3952578260835857, 'MAP': 0.7601248552915993, 'MRR': 0.8591317365269459}
ListNet Epoch 115 | Metrics: {'NDCG@1': 0.38109495295124046, 'NDCG@5': 0.40075745735820373, 'NDCG@10': 0.39605063063721446, 'MAP': 0.7599803923113551, 'MRR': 0.8581337325349302}
ListNet Epoch 116 | Metrics: {'NDCG@1': 0.38708297690333615, 'NDCG@5': 0.4028395665132027, 'NDCG@10': 0.39589767411027754, 'MAP': 0.7602030492151702, 'MRR': 0.8611277445109778}
ListNet Epoch 117 | Metrics: {'NDCG@1': 0.3857998289136014, 'NDCG@5': 0.40291582612503374, 'NDCG@10': 0.3960904034294815, 'MAP': 0.7602569199627447, 'MRR': 0.8641217564870258}
ListNet Epoch 118 | Metrics: {'NDCG@1': 0.3828058169375535, 'NDCG@5': 0.4032864011582291, 'NDCG@10': 0.3968151768664999, 'MAP': 0.7601564997750335, 'MRR': 0.862125748502994}
ListNet Epoch 119 | Metrics: {'NDCG@1': 0.38408896492728833, 'NDCG@5': 0.40200310782516707, 'NDCG@10': 0.39736174309156974, 'MAP': 0.7601685051502715, 'MRR': 0.86062874251497}
ListNet Epoch 120 | Metrics: {'NDCG@1': 0.3840889649272883, 'NDCG@5': 0.4025226631828865, 'NDCG@10': 0.39779388233999574, 'MAP': 0.7600161247130688, 'MRR': 0.856137724550898}
ListNet Epoch 121 | Metrics: {'NDCG@1': 0.3917878528656972, 'NDCG@5': 0.40259888681946565, 'NDCG@10': 0.3985720698908758, 'MAP': 0.760100121275332, 'MRR': 0.8616267465069859}
ListNet Epoch 122 | Metrics: {'NDCG@1': 0.3905047048759624, 'NDCG@5': 0.4010358874677274, 'NDCG@10': 0.3977089689966121, 'MAP': 0.7600112584276765, 'MRR': 0.860129740518962}
ListNet Epoch 123 | Metrics: {'NDCG@1': 0.3939264328485886, 'NDCG@5': 0.4019556667959877, 'NDCG@10': 0.3969301483465272, 'MAP': 0.7601181210226365, 'MRR': 0.860129740518962}
ListNet Epoch 124 | Metrics: {'NDCG@1': 0.39435414884516684, 'NDCG@5': 0.3997157293990604, 'NDCG@10': 0.396247588312639, 'MAP': 0.7600923118503189, 'MRR': 0.8613772455089819}
ListNet Epoch 125 | Metrics: {'NDCG@1': 0.397775876817793, 'NDCG@5': 0.4008585077543846, 'NDCG@10': 0.3970888314778796, 'MAP': 0.7600277234963483, 'MRR': 0.8643712574850297}
ListNet Epoch 126 | Metrics: {'NDCG@1': 0.40034217279726264, 'NDCG@5': 0.403764397937377, 'NDCG@10': 0.39753696287974266, 'MAP': 0.7601173996908722, 'MRR': 0.8651197604790417}
ListNet Epoch 127 | Metrics: {'NDCG@1': 0.39905902480752775, 'NDCG@5': 0.40323812181391233, 'NDCG@10': 0.39724955030597725, 'MAP': 0.7600785163000598, 'MRR': 0.860129740518962}
ListNet Epoch 128 | Metrics: {'NDCG@1': 0.39820359281437123, 'NDCG@5': 0.4037390993625637, 'NDCG@10': 0.39731043165187635, 'MAP': 0.75997710073111, 'MRR': 0.860129740518962}
ListNet Epoch 129 | Metrics: {'NDCG@1': 0.4041916167664671, 'NDCG@5': 0.4030015980301121, 'NDCG@10': 0.3957465831585137, 'MAP': 0.7598749755517494, 'MRR': 0.862125748502994}
ListNet Epoch 130 | Metrics: {'NDCG@1': 0.397775876817793, 'NDCG@5': 0.4018119415466366, 'NDCG@10': 0.3956959476633386, 'MAP': 0.7599366928552106, 'MRR': 0.86062874251497}
ListNet Epoch 131 | Metrics: {'NDCG@1': 0.4097519247219847, 'NDCG@5': 0.4025229261466135, 'NDCG@10': 0.3970818693528933, 'MAP': 0.7599843865343914, 'MRR': 0.8635229540918162}
ListNet Epoch 132 | Metrics: {'NDCG@1': 0.39905902480752775, 'NDCG@5': 0.40268201532387987, 'NDCG@10': 0.39764367472971746, 'MAP': 0.759982437083008, 'MRR': 0.8587824351297405}
ListNet Epoch 133 | Metrics: {'NDCG@1': 0.3994867408041061, 'NDCG@5': 0.40087402878657147, 'NDCG@10': 0.3970100326298505, 'MAP': 0.7596810391978425, 'MRR': 0.8572854291417165}
ListNet Epoch 134 | Metrics: {'NDCG@1': 0.3973481608212147, 'NDCG@5': 0.40162704445512976, 'NDCG@10': 0.3960328357235574, 'MAP': 0.7596346203795192, 'MRR': 0.8582834331337325}
ListNet Epoch 135 | Metrics: {'NDCG@1': 0.39520958083832336, 'NDCG@5': 0.4007140000702168, 'NDCG@10': 0.3960900831815767, 'MAP': 0.7596048942451264, 'MRR': 0.8567864271457085}
ListNet Epoch 136 | Metrics: {'NDCG@1': 0.3973481608212147, 'NDCG@5': 0.40173347904863704, 'NDCG@10': 0.3964663829813735, 'MAP': 0.759542329763352, 'MRR': 0.8572854291417165}
ListNet Epoch 137 | Metrics: {'NDCG@1': 0.39520958083832336, 'NDCG@5': 0.40190618951779417, 'NDCG@10': 0.3967447448598831, 'MAP': 0.7596120632731999, 'MRR': 0.8597804391217564}
ListNet Epoch 138 | Metrics: {'NDCG@1': 0.397775876817793, 'NDCG@5': 0.4023205510135447, 'NDCG@10': 0.3964324463635978, 'MAP': 0.7596998434308841, 'MRR': 0.8595309381237523}
ListNet Epoch 139 | Metrics: {'NDCG@1': 0.39820359281437123, 'NDCG@5': 0.4011692469048869, 'NDCG@10': 0.3968454775153453, 'MAP': 0.7596758629146743, 'MRR': 0.8607784431137723}
ListNet Epoch 140 | Metrics: {'NDCG@1': 0.39820359281437123, 'NDCG@5': 0.40180162737294944, 'NDCG@10': 0.3965721641286295, 'MAP': 0.7596657366972869, 'MRR': 0.8602794411177642}
ListNet Epoch 141 | Metrics: {'NDCG@1': 0.39905902480752775, 'NDCG@5': 0.4024347671975156, 'NDCG@10': 0.394084652852892, 'MAP': 0.7595666694191826, 'MRR': 0.8577844311377245}
ListNet Epoch 142 | Metrics: {'NDCG@1': 0.3947818648417451, 'NDCG@5': 0.4027011964663718, 'NDCG@10': 0.39366432829142617, 'MAP': 0.759418267049163, 'MRR': 0.8552894211576845}
ListNet Epoch 143 | Metrics: {'NDCG@1': 0.39392643284858847, 'NDCG@5': 0.40332145819340826, 'NDCG@10': 0.3933739725785413, 'MAP': 0.7595378217948004, 'MRR': 0.8552894211576845}
ListNet Epoch 144 | Metrics: {'NDCG@1': 0.3905047048759624, 'NDCG@5': 0.40362909421312015, 'NDCG@10': 0.39380168956648137, 'MAP': 0.7596334727139232, 'MRR': 0.8552894211576845}
ListNet Epoch 145 | Metrics: {'NDCG@1': 0.39307100085543195, 'NDCG@5': 0.40410304638814315, 'NDCG@10': 0.3934297188157023, 'MAP': 0.7595931710886851, 'MRR': 0.8555389221556886}
ListNet Epoch 146 | Metrics: {'NDCG@1': 0.3986313088109495, 'NDCG@5': 0.40551603526743946, 'NDCG@10': 0.3947279804568936, 'MAP': 0.7596444630791536, 'MRR': 0.8570359281437125}
ListNet Epoch 147 | Metrics: {'NDCG@1': 0.3900769888793841, 'NDCG@5': 0.40280880500575567, 'NDCG@10': 0.3937710641718533, 'MAP': 0.7595379726784887, 'MRR': 0.8540419161676647}
ListNet Epoch 148 | Metrics: {'NDCG@1': 0.38922155688622756, 'NDCG@5': 0.4030362513241943, 'NDCG@10': 0.39375008762350555, 'MAP': 0.7595374359030375, 'MRR': 0.8540419161676647}
ListNet Epoch 149 | Metrics: {'NDCG@1': 0.3875106928999145, 'NDCG@5': 0.40215512975123974, 'NDCG@10': 0.39315885074226753, 'MAP': 0.7593151921165969, 'MRR': 0.8510479041916168}

[피처 중요도 로그] /home/work/lab_project/severity/feature_importance_train_severity_l2r_listnet_train_thresholds.log

[검증] train score 경계(threshold) 기준 분류 정확도(참고): 0.2478
[검증] 클래스별 리콜 (정답이 해당 클래스인 행 중 예측이 동일한 비율)
  Critical: 0.2280  (정답 행 n=4925)
  High: 0.2408  (정답 행 n=4954)
  Medium: 0.2621  (정답 행 n=5085)
  Low: 0.2595  (정답 행 n=5036)
  ※ 아래 Train/Test의 classification_report recall 열과 동일합니다. precision·F1은 같은 표에서 확인.

[Train] 실제 Severity와 비교

=== Train (train_thresholds) ===
Accuracy: 0.2892
  클래스별 리콜 (정답이 해당 클래스인 행 중 예측이 동일한 비율):
  Critical: 0.3424  (정답 행 n=15114)
  High: 0.2540  (정답 행 n=15048)
  Medium: 0.2575  (정답 행 n=14906)
  Low: 0.3024  (정답 행 n=14932)
  ※ 아래 classification_report의 recall 열과 동일합니다. precision·f1은 같은 표에서 확인하세요.
Macro precision: 0.2891
Macro recall: 0.2891
Macro F1: 0.2891
Weighted precision: 0.2892
Weighted recall: 0.2892
Weighted F1: 0.2892
              precision    recall  f1-score   support

    Critical     0.3424    0.3424    0.3424     15114
        High     0.2540    0.2540    0.2540     15048
      Medium     0.2575    0.2575    0.2575     14906
         Low     0.3024    0.3024    0.3024     14932

    accuracy                         0.2892     60000
   macro avg     0.2891    0.2891    0.2891     60000
weighted avg     0.2892    0.2892    0.2892     60000


Train에서 추정한 score 경계(내림차순 상위부터 Critical→…): [4.544264 4.450596 4.357033]
(참고) train score min/max: 3.820428 / 5.024653

[Test] 실제 Severity와 비교

=== Test (mode=train_thresholds) ===
Accuracy: 0.2495
  클래스별 리콜 (정답이 해당 클래스인 행 중 예측이 동일한 비율):
  Critical: 0.2251  (정답 행 n=5108)
  High: 0.2425  (정답 행 n=4920)
  Medium: 0.2552  (정답 행 n=5027)
  Low: 0.2756  (정답 행 n=4945)
  ※ 아래 classification_report의 recall 열과 동일합니다. precision·f1은 같은 표에서 확인하세요.
Macro precision: 0.2497
Macro recall: 0.2496
Macro F1: 0.2492
Weighted precision: 0.2498
Weighted recall: 0.2495
Weighted F1: 0.2491
              precision    recall  f1-score   support

    Critical     0.2564    0.2251    0.2398      5108
        High     0.2495    0.2425    0.2460      4920
      Medium     0.2454    0.2552    0.2502      5027
         Low     0.2475    0.2756    0.2608      4945

    accuracy                         0.2495     20000
   macro avg     0.2497    0.2496    0.2492     20000
weighted avg     0.2498    0.2495    0.2491     20000


저장: severity/logging_monitoring_anomalies_l2r_listnet_train_thresholds.csv

=== 소요 시간 ===
CSV 로드·train/val/test 분할: 0.390 s
전처리(인코딩·스케일) + 학습(train∪val L2R): 115.172 s
추론·경계·Train·Val·Test 평가·저장(전수): 2.096 s
  └ Test severity 정답 비교(report_metrics)만: 0.371 s
전체: 118.248 s

=== 랭킹 지표 MRR (L2R/metrics, relevance=0..3) ===
Validation MRR: 0.859780
Test MRR:       0.860629
