# train_severity_l2r_rank 2026-03-29T13:51:57.783916
# model=listmle test_mode=train_thresholds csv=severity/logging_monitoring_anomalies.csv
# config=/home/work/lab_project/severity/experiment_config.yaml

[로그 파일] /home/work/lab_project/severity/experiment_logs/all_20260329_134952/logs/l2r_listmle_train_thresholds.log
[[ 0.      0.     -0.8351 -1.7189  1.4577  0.122   1.0859  0.5791 -1.2547  1.2696 -1.309   1.1615  1.3574  0.7751 -1.7115 -0.1346 -0.9621 -1.3686  1.0604  0.8664  0.7023  0.882   1.3367 -0.8785
   0.4453  0.4473  0.635   0.7097 -1.3365 -0.7106]
 [ 1.      0.      0.1243 -0.3186 -1.2696 -1.2888  0.3412  0.4589  1.4455 -0.1913  0.2913 -1.2219  1.3574  0.6019  1.7109 -1.085  -1.6556  1.5471 -0.5     0.8664 -1.4193 -0.881  -0.4545  1.4664
  -0.45    0.4473 -0.2115  0.0033  1.3381 -1.4171]
 [ 2.      0.      0.9625  0.3535 -1.2696  0.12    0.1687  1.4359 -1.1057 -0.4565  1.3232 -0.0269 -0.5194  0.6019 -0.9671 -0.9529  0.4249 -0.0661  0.493   0.518  -0.7121 -0.2933 -1.3501 -1.4647
   1.3406 -1.3473  0.1516  0.7097 -0.445   1.409 ]
 [ 1.      0.     -1.6167 -1.2117 -0.1787 -0.6923 -1.2574 -0.5276 -0.8082  0.3122  0.5782  1.5341 -0.6584  1.1216 -1.1053  0.515  -0.442  -0.3785  0.7767 -1.5721  0.7023 -1.4687  1.3367 -0.8785
   0.4453 -1.3473  1.5224  0.7097 -1.3365  1.409 ]]
ListMLE Epoch 0 | Metrics: {'NDCG@1': 0.38922155688622756, 'NDCG@5': 0.40282096281307606, 'NDCG@10': 0.3942607107619199, 'MAP': 0.7636907473269059, 'MRR': 0.8672155688622754}
ListMLE Epoch 1 | Metrics: {'NDCG@1': 0.40162532078699753, 'NDCG@5': 0.39835128635253275, 'NDCG@10': 0.39610487319910054, 'MAP': 0.7629822208572036, 'MRR': 0.8642215568862275}
ListMLE Epoch 2 | Metrics: {'NDCG@1': 0.42258340461933275, 'NDCG@5': 0.3992991252609841, 'NDCG@10': 0.39794334039388785, 'MAP': 0.7632098272360159, 'MRR': 0.869560878243513}
ListMLE Epoch 3 | Metrics: {'NDCG@1': 0.42343883661248927, 'NDCG@5': 0.4009608743215639, 'NDCG@10': 0.3991388408263019, 'MAP': 0.762179543261114, 'MRR': 0.867065868263473}
ListMLE Epoch 4 | Metrics: {'NDCG@1': 0.4041916167664671, 'NDCG@5': 0.4004585889563676, 'NDCG@10': 0.398833102682203, 'MAP': 0.7613557749407349, 'MRR': 0.8689121756487025}
ListMLE Epoch 5 | Metrics: {'NDCG@1': 0.40461933276304535, 'NDCG@5': 0.3962907059856797, 'NDCG@10': 0.39842161026083245, 'MAP': 0.7604814296558167, 'MRR': 0.8623752495009979}
ListMLE Epoch 6 | Metrics: {'NDCG@1': 0.39820359281437123, 'NDCG@5': 0.39577334808241216, 'NDCG@10': 0.39584485751305926, 'MAP': 0.7594094721975594, 'MRR': 0.8558882235528941}
ListMLE Epoch 7 | Metrics: {'NDCG@1': 0.3900769888793841, 'NDCG@5': 0.39941381627211264, 'NDCG@10': 0.3966366986824073, 'MAP': 0.7588042143233795, 'MRR': 0.8452594810379239}
ListMLE Epoch 8 | Metrics: {'NDCG@1': 0.39692044482463645, 'NDCG@5': 0.3968500695976384, 'NDCG@10': 0.3961154976097862, 'MAP': 0.7586908862330675, 'MRR': 0.8514970059880239}
ListMLE Epoch 9 | Metrics: {'NDCG@1': 0.4110350727117194, 'NDCG@5': 0.3985782639654011, 'NDCG@10': 0.397128368774953, 'MAP': 0.7588658109174503, 'MRR': 0.8570359281437125}
ListMLE Epoch 10 | Metrics: {'NDCG@1': 0.40846877673224985, 'NDCG@5': 0.3995322015038453, 'NDCG@10': 0.39864222476916705, 'MAP': 0.7593079334107818, 'MRR': 0.8521457085828343}
ListMLE Epoch 11 | Metrics: {'NDCG@1': 0.40119760479041916, 'NDCG@5': 0.4021145915814995, 'NDCG@10': 0.3983373460956884, 'MAP': 0.7592179589887305, 'MRR': 0.8553892215568863}
ListMLE Epoch 12 | Metrics: {'NDCG@1': 0.40376390076988883, 'NDCG@5': 0.40013302719118854, 'NDCG@10': 0.39771798718579077, 'MAP': 0.759054047615477, 'MRR': 0.8555389221556886}
ListMLE Epoch 13 | Metrics: {'NDCG@1': 0.40119760479041916, 'NDCG@5': 0.39786964837794436, 'NDCG@10': 0.3966391459030416, 'MAP': 0.7589830382846651, 'MRR': 0.8517465069860278}
ListMLE Epoch 14 | Metrics: {'NDCG@1': 0.40333618477331057, 'NDCG@5': 0.39899464341571134, 'NDCG@10': 0.3977050697854848, 'MAP': 0.7592582697534401, 'MRR': 0.8517465069860278}
ListMLE Epoch 15 | Metrics: {'NDCG@1': 0.3887938408896493, 'NDCG@5': 0.39629177168558527, 'NDCG@10': 0.3964490759982293, 'MAP': 0.7592688318516304, 'MRR': 0.8494011976047904}
ListMLE Epoch 16 | Metrics: {'NDCG@1': 0.3819503849443969, 'NDCG@5': 0.395957111093773, 'NDCG@10': 0.39598150916033265, 'MAP': 0.7590985032279033, 'MRR': 0.8501497005988023}
ListMLE Epoch 17 | Metrics: {'NDCG@1': 0.38109495295124035, 'NDCG@5': 0.39473990890903465, 'NDCG@10': 0.3943307069439817, 'MAP': 0.759458035638423, 'MRR': 0.8491516966067865}
ListMLE Epoch 18 | Metrics: {'NDCG@1': 0.37467921300256624, 'NDCG@5': 0.39803674372103715, 'NDCG@10': 0.39688102092429917, 'MAP': 0.7594667494447545, 'MRR': 0.8459081836327345}
ListMLE Epoch 19 | Metrics: {'NDCG@1': 0.37425149700598803, 'NDCG@5': 0.39256664354447796, 'NDCG@10': 0.3964406793552411, 'MAP': 0.7592099326305382, 'MRR': 0.8434131736526945}
ListMLE Epoch 20 | Metrics: {'NDCG@1': 0.39435414884516684, 'NDCG@5': 0.4025031683795975, 'NDCG@10': 0.39803114060455624, 'MAP': 0.7599864906114716, 'MRR': 0.8479041916167666}
ListMLE Epoch 21 | Metrics: {'NDCG@1': 0.3900769888793841, 'NDCG@5': 0.4014574118410097, 'NDCG@10': 0.399857597333919, 'MAP': 0.7602861189109058, 'MRR': 0.8521457085828343}
ListMLE Epoch 22 | Metrics: {'NDCG@1': 0.3960650128314799, 'NDCG@5': 0.39904850924638297, 'NDCG@10': 0.39914240719399147, 'MAP': 0.7604207434016824, 'MRR': 0.8517964071856288}
ListMLE Epoch 23 | Metrics: {'NDCG@1': 0.3887938408896492, 'NDCG@5': 0.4015825869646798, 'NDCG@10': 0.39806738831737154, 'MAP': 0.7603958477245075, 'MRR': 0.8490518962075849}
ListMLE Epoch 24 | Metrics: {'NDCG@1': 0.3900769888793841, 'NDCG@5': 0.400272104364615, 'NDCG@10': 0.3972051642833234, 'MAP': 0.7596109991424755, 'MRR': 0.8425648702594811}
ListMLE Epoch 25 | Metrics: {'NDCG@1': 0.39692044482463645, 'NDCG@5': 0.39913600427118945, 'NDCG@10': 0.39798665174645276, 'MAP': 0.7595894808400914, 'MRR': 0.8453093812375251}
ListMLE Epoch 26 | Metrics: {'NDCG@1': 0.3956372968349016, 'NDCG@5': 0.40061134230506695, 'NDCG@10': 0.3977533831870525, 'MAP': 0.7598378247016422, 'MRR': 0.842814371257485}
ListMLE Epoch 27 | Metrics: {'NDCG@1': 0.3960650128314799, 'NDCG@5': 0.4021196123481006, 'NDCG@10': 0.3987822084629442, 'MAP': 0.7595512850415488, 'MRR': 0.840319361277445}
ListMLE Epoch 28 | Metrics: {'NDCG@1': 0.38836612489307093, 'NDCG@5': 0.39936502779408484, 'NDCG@10': 0.397661714266975, 'MAP': 0.7598109595442611, 'MRR': 0.8448103792415168}
ListMLE Epoch 29 | Metrics: {'NDCG@1': 0.37767322497861416, 'NDCG@5': 0.3964361648950553, 'NDCG@10': 0.3973260520873324, 'MAP': 0.7595224702171212, 'MRR': 0.842814371257485}
ListMLE Epoch 30 | Metrics: {'NDCG@1': 0.3725406330196749, 'NDCG@5': 0.3974450447278954, 'NDCG@10': 0.39765167956351694, 'MAP': 0.7594437734985061, 'MRR': 0.8426646706586828}
ListMLE Epoch 31 | Metrics: {'NDCG@1': 0.36698032506415734, 'NDCG@5': 0.39806827940612677, 'NDCG@10': 0.3964288221860504, 'MAP': 0.7596354177360891, 'MRR': 0.8388223552894211}
ListMLE Epoch 32 | Metrics: {'NDCG@1': 0.3746792130025663, 'NDCG@5': 0.39677153228900364, 'NDCG@10': 0.39863018687595425, 'MAP': 0.7596181872992807, 'MRR': 0.8425648702594809}
ListMLE Epoch 33 | Metrics: {'NDCG@1': 0.3721129170230966, 'NDCG@5': 0.3992813613125634, 'NDCG@10': 0.39639075059673945, 'MAP': 0.7594590055511313, 'MRR': 0.8416666666666667}
ListMLE Epoch 34 | Metrics: {'NDCG@1': 0.3772455089820359, 'NDCG@5': 0.3985929098827418, 'NDCG@10': 0.39483165215400173, 'MAP': 0.7592153425311554, 'MRR': 0.8386726546906188}
ListMLE Epoch 35 | Metrics: {'NDCG@1': 0.37596236099230107, 'NDCG@5': 0.39509396713354983, 'NDCG@10': 0.39377813494141367, 'MAP': 0.7590212263638739, 'MRR': 0.843562874251497}
ListMLE Epoch 36 | Metrics: {'NDCG@1': 0.3781009409751924, 'NDCG@5': 0.3937522474964981, 'NDCG@10': 0.39394178541175573, 'MAP': 0.7590899001124746, 'MRR': 0.843562874251497}
ListMLE Epoch 37 | Metrics: {'NDCG@1': 0.3849443969204448, 'NDCG@5': 0.39169980127625603, 'NDCG@10': 0.3946401256428046, 'MAP': 0.7588867648380307, 'MRR': 0.8477331052181353}
ListMLE Epoch 38 | Metrics: {'NDCG@1': 0.39221556886227543, 'NDCG@5': 0.39474839649023374, 'NDCG@10': 0.3948311493698635, 'MAP': 0.7589194065779458, 'MRR': 0.8454875962360993}
ListMLE Epoch 39 | Metrics: {'NDCG@1': 0.38366124893071, 'NDCG@5': 0.39532190773043313, 'NDCG@10': 0.39386038331365036, 'MAP': 0.759039879337655, 'MRR': 0.8419161676646705}
ListMLE Epoch 40 | Metrics: {'NDCG@1': 0.38622754491017963, 'NDCG@5': 0.39755855220438, 'NDCG@10': 0.39299977918117374, 'MAP': 0.7588797125996396, 'MRR': 0.8381736526946107}
ListMLE Epoch 41 | Metrics: {'NDCG@1': 0.38109495295124035, 'NDCG@5': 0.39822059286341943, 'NDCG@10': 0.3941546297385334, 'MAP': 0.7586967144487676, 'MRR': 0.8391716566866266}
ListMLE Epoch 42 | Metrics: {'NDCG@1': 0.381950384944397, 'NDCG@5': 0.3993236838280675, 'NDCG@10': 0.395263888874113, 'MAP': 0.7588058162538779, 'MRR': 0.8371756487025949}
ListMLE Epoch 43 | Metrics: {'NDCG@1': 0.3815226689478186, 'NDCG@5': 0.39988730759832586, 'NDCG@10': 0.3957814595034891, 'MAP': 0.7590956687921203, 'MRR': 0.8414171656686625}
ListMLE Epoch 44 | Metrics: {'NDCG@1': 0.3836612489307101, 'NDCG@5': 0.40094585439931224, 'NDCG@10': 0.39555884005534464, 'MAP': 0.7593343818811737, 'MRR': 0.8404191616766465}
ListMLE Epoch 45 | Metrics: {'NDCG@1': 0.37938408896492726, 'NDCG@5': 0.39966163872473853, 'NDCG@10': 0.39434482103269736, 'MAP': 0.7592745328837203, 'MRR': 0.8406686626746506}
ListMLE Epoch 46 | Metrics: {'NDCG@1': 0.3815226689478186, 'NDCG@5': 0.39916098139514167, 'NDCG@10': 0.39589947562792316, 'MAP': 0.7588283028460168, 'MRR': 0.8383233532934131}
ListMLE Epoch 47 | Metrics: {'NDCG@1': 0.3815226689478186, 'NDCG@5': 0.3986999819381878, 'NDCG@10': 0.39519548425580653, 'MAP': 0.7592589126304521, 'MRR': 0.849251497005988}
ListMLE Epoch 48 | Metrics: {'NDCG@1': 0.38023952095808383, 'NDCG@5': 0.39528344623708467, 'NDCG@10': 0.3941964826643339, 'MAP': 0.7589709063935203, 'MRR': 0.8442614770459083}
ListMLE Epoch 49 | Metrics: {'NDCG@1': 0.38366124893071, 'NDCG@5': 0.3966731183655857, 'NDCG@10': 0.3953094428128121, 'MAP': 0.7590928152093865, 'MRR': 0.8442614770459083}
ListMLE Epoch 50 | Metrics: {'NDCG@1': 0.37767322497861416, 'NDCG@5': 0.3951253014522076, 'NDCG@10': 0.3960119680855178, 'MAP': 0.7590918213265859, 'MRR': 0.8435129740518963}
ListMLE Epoch 51 | Metrics: {'NDCG@1': 0.37895637296834894, 'NDCG@5': 0.3965349217004704, 'NDCG@10': 0.3952181742916302, 'MAP': 0.7594635538151316, 'MRR': 0.847754491017964}
ListMLE Epoch 52 | Metrics: {'NDCG@1': 0.3755346449957228, 'NDCG@5': 0.3954712693648082, 'NDCG@10': 0.3952355820615177, 'MAP': 0.7596591388122517, 'MRR': 0.8452594810379241}
ListMLE Epoch 53 | Metrics: {'NDCG@1': 0.3733960650128315, 'NDCG@5': 0.3933852764869811, 'NDCG@10': 0.39485382152682497, 'MAP': 0.7594662346274447, 'MRR': 0.8436626746506986}
ListMLE Epoch 54 | Metrics: {'NDCG@1': 0.3815226689478186, 'NDCG@5': 0.3957360952947846, 'NDCG@10': 0.3966167882388267, 'MAP': 0.7596186641944376, 'MRR': 0.8451596806387225}
ListMLE Epoch 55 | Metrics: {'NDCG@1': 0.37938408896492726, 'NDCG@5': 0.3957773722171876, 'NDCG@10': 0.3948403307968494, 'MAP': 0.7596064597540446, 'MRR': 0.8436626746506987}
ListMLE Epoch 56 | Metrics: {'NDCG@1': 0.37639007698887933, 'NDCG@5': 0.3943777819737817, 'NDCG@10': 0.3947045793135064, 'MAP': 0.7594356124063493, 'MRR': 0.8426646706586826}
ListMLE Epoch 57 | Metrics: {'NDCG@1': 0.37296834901625314, 'NDCG@5': 0.3942465118889176, 'NDCG@10': 0.39510037341408344, 'MAP': 0.7596778812775887, 'MRR': 0.8431636726546906}
ListMLE Epoch 58 | Metrics: {'NDCG@1': 0.3691189050470487, 'NDCG@5': 0.3934598597393862, 'NDCG@10': 0.3931445898133741, 'MAP': 0.7598427022917267, 'MRR': 0.847005988023952}
ListMLE Epoch 59 | Metrics: {'NDCG@1': 0.3686911890504705, 'NDCG@5': 0.39334180503409694, 'NDCG@10': 0.39305501996746717, 'MAP': 0.7600258591258525, 'MRR': 0.8463572854291417}
ListMLE Epoch 60 | Metrics: {'NDCG@1': 0.3772455089820359, 'NDCG@5': 0.39457775563989445, 'NDCG@10': 0.39382121785143986, 'MAP': 0.7600140666909835, 'MRR': 0.8518463073852295}
ListMLE Epoch 61 | Metrics: {'NDCG@1': 0.3776732249786142, 'NDCG@5': 0.39424529092284444, 'NDCG@10': 0.39338515174842625, 'MAP': 0.7600541336951918, 'MRR': 0.8534930139720559}
ListMLE Epoch 62 | Metrics: {'NDCG@1': 0.3793840889649273, 'NDCG@5': 0.39483307246950855, 'NDCG@10': 0.3934359511581027, 'MAP': 0.7602465457577875, 'MRR': 0.855738522954092}
ListMLE Epoch 63 | Metrics: {'NDCG@1': 0.38323353293413176, 'NDCG@5': 0.3959384008458709, 'NDCG@10': 0.39462749301386996, 'MAP': 0.760295096945251, 'MRR': 0.8552395209580838}
ListMLE Epoch 64 | Metrics: {'NDCG@1': 0.381950384944397, 'NDCG@5': 0.394975400192551, 'NDCG@10': 0.39522992182064265, 'MAP': 0.7601687018529218, 'MRR': 0.8572355289421157}
ListMLE Epoch 65 | Metrics: {'NDCG@1': 0.3798118049615056, 'NDCG@5': 0.3922905698143893, 'NDCG@10': 0.39260599208515373, 'MAP': 0.7601465283141352, 'MRR': 0.8503992015968063}
ListMLE Epoch 66 | Metrics: {'NDCG@1': 0.3746792130025663, 'NDCG@5': 0.39055691599228715, 'NDCG@10': 0.3937362362051608, 'MAP': 0.7600485414216297, 'MRR': 0.8491516966067865}
ListMLE Epoch 67 | Metrics: {'NDCG@1': 0.37767322497861416, 'NDCG@5': 0.39019127901924466, 'NDCG@10': 0.3933874831499615, 'MAP': 0.7600052824994314, 'MRR': 0.8533932135728542}
ListMLE Epoch 68 | Metrics: {'NDCG@1': 0.3781009409751925, 'NDCG@5': 0.3884124539505417, 'NDCG@10': 0.3928664373535628, 'MAP': 0.7599832490185457, 'MRR': 0.8522455089820359}
ListMLE Epoch 69 | Metrics: {'NDCG@1': 0.37510692899914455, 'NDCG@5': 0.38860544261011387, 'NDCG@10': 0.39150108220234353, 'MAP': 0.7599078578452151, 'MRR': 0.850249500998004}
ListMLE Epoch 70 | Metrics: {'NDCG@1': 0.3802395209580838, 'NDCG@5': 0.38831523177785143, 'NDCG@10': 0.3931710892904194, 'MAP': 0.7598440567323513, 'MRR': 0.8510978043912175}
ListMLE Epoch 71 | Metrics: {'NDCG@1': 0.38922155688622756, 'NDCG@5': 0.39067145634714806, 'NDCG@10': 0.39262801491534405, 'MAP': 0.7601304804487399, 'MRR': 0.850748502994012}
ListMLE Epoch 72 | Metrics: {'NDCG@1': 0.3875106928999145, 'NDCG@5': 0.39014557007801226, 'NDCG@10': 0.392862788975712, 'MAP': 0.7599185898409982, 'MRR': 0.8514970059880239}
ListMLE Epoch 73 | Metrics: {'NDCG@1': 0.3900769888793841, 'NDCG@5': 0.3901512966015438, 'NDCG@10': 0.3932858311439672, 'MAP': 0.7601504757549399, 'MRR': 0.8522455089820359}
ListMLE Epoch 74 | Metrics: {'NDCG@1': 0.3832335329341317, 'NDCG@5': 0.388473813298264, 'NDCG@10': 0.39169868881899966, 'MAP': 0.7599953715858959, 'MRR': 0.8526447105788423}
ListMLE Epoch 75 | Metrics: {'NDCG@1': 0.3887938408896493, 'NDCG@5': 0.3909347311624444, 'NDCG@10': 0.39369802332791404, 'MAP': 0.7601531182502407, 'MRR': 0.8590319361277444}
ListMLE Epoch 76 | Metrics: {'NDCG@1': 0.38237810094097524, 'NDCG@5': 0.38886361334314856, 'NDCG@10': 0.39293855630241237, 'MAP': 0.7601026152313541, 'MRR': 0.8608782435129739}
ListMLE Epoch 77 | Metrics: {'NDCG@1': 0.3913601368691189, 'NDCG@5': 0.39050795400176497, 'NDCG@10': 0.3931819237506378, 'MAP': 0.7601605004455386, 'MRR': 0.8653692614770458}
ListMLE Epoch 78 | Metrics: {'NDCG@1': 0.3875106928999144, 'NDCG@5': 0.39159044723008013, 'NDCG@10': 0.3937125170293507, 'MAP': 0.7600499567890617, 'MRR': 0.8615269461077845}
ListMLE Epoch 79 | Metrics: {'NDCG@1': 0.3909324208725406, 'NDCG@5': 0.39128485203261987, 'NDCG@10': 0.3930587335935453, 'MAP': 0.7601531924494094, 'MRR': 0.8650199600798402}
ListMLE Epoch 80 | Metrics: {'NDCG@1': 0.39307100085543195, 'NDCG@5': 0.3927064143133018, 'NDCG@10': 0.3924017122979501, 'MAP': 0.7603783464158769, 'MRR': 0.8652694610778443}
ListMLE Epoch 81 | Metrics: {'NDCG@1': 0.3849443969204448, 'NDCG@5': 0.3940070109952997, 'NDCG@10': 0.39215188130091894, 'MAP': 0.7604889115195559, 'MRR': 0.8612774451097805}
ListMLE Epoch 82 | Metrics: {'NDCG@1': 0.39050470487596234, 'NDCG@5': 0.3935875158692015, 'NDCG@10': 0.3929180287939303, 'MAP': 0.7605350488752706, 'MRR': 0.8595309381237525}
ListMLE Epoch 83 | Metrics: {'NDCG@1': 0.38622754491017963, 'NDCG@5': 0.39227226425439016, 'NDCG@10': 0.3925477758066082, 'MAP': 0.760761547810687, 'MRR': 0.8592814371257484}
ListMLE Epoch 84 | Metrics: {'NDCG@1': 0.3960650128314799, 'NDCG@5': 0.3945268765930297, 'NDCG@10': 0.3934533789073188, 'MAP': 0.7609965862237523, 'MRR': 0.8647704590818363}
ListMLE Epoch 85 | Metrics: {'NDCG@1': 0.3960650128314799, 'NDCG@5': 0.39541569074023014, 'NDCG@10': 0.3921758931912772, 'MAP': 0.760972041782961, 'MRR': 0.8622754491017964}
ListMLE Epoch 86 | Metrics: {'NDCG@1': 0.3896492728828058, 'NDCG@5': 0.3941523705017784, 'NDCG@10': 0.3912828370081935, 'MAP': 0.7607811901765132, 'MRR': 0.8627744510978043}
ListMLE Epoch 87 | Metrics: {'NDCG@1': 0.4020530367835757, 'NDCG@5': 0.39568657789989603, 'NDCG@10': 0.39229797967368873, 'MAP': 0.7609451263731598, 'MRR': 0.8642714570858282}
ListMLE Epoch 88 | Metrics: {'NDCG@1': 0.4016253207869974, 'NDCG@5': 0.3959795664654061, 'NDCG@10': 0.3942159891501179, 'MAP': 0.7610375912454546, 'MRR': 0.8622754491017964}
ListMLE Epoch 89 | Metrics: {'NDCG@1': 0.3926432848588537, 'NDCG@5': 0.3948092060490936, 'NDCG@10': 0.3931668445590973, 'MAP': 0.7607758621004144, 'MRR': 0.8622754491017964}
ListMLE Epoch 90 | Metrics: {'NDCG@1': 0.39307100085543195, 'NDCG@5': 0.3941586330530544, 'NDCG@10': 0.3934444012491962, 'MAP': 0.7607295774398833, 'MRR': 0.8625249500998005}
ListMLE Epoch 91 | Metrics: {'NDCG@1': 0.3900769888793841, 'NDCG@5': 0.39363084887071537, 'NDCG@10': 0.3930576829105119, 'MAP': 0.760797495498942, 'MRR': 0.8575349301397206}
ListMLE Epoch 92 | Metrics: {'NDCG@1': 0.3853721129170231, 'NDCG@5': 0.39287941700475565, 'NDCG@10': 0.39172383231984254, 'MAP': 0.7609472691676804, 'MRR': 0.8655189620758484}
ListMLE Epoch 93 | Metrics: {'NDCG@1': 0.3875106928999145, 'NDCG@5': 0.39383483863153707, 'NDCG@10': 0.39156743946849915, 'MAP': 0.7607339530936166, 'MRR': 0.8632734530938125}
ListMLE Epoch 94 | Metrics: {'NDCG@1': 0.3896492728828058, 'NDCG@5': 0.3935717985270004, 'NDCG@10': 0.3918978719355954, 'MAP': 0.7610391994957947, 'MRR': 0.8645209580838323}
ListMLE Epoch 95 | Metrics: {'NDCG@1': 0.38152266894781867, 'NDCG@5': 0.39385843071655346, 'NDCG@10': 0.39109988479685087, 'MAP': 0.7610421145946606, 'MRR': 0.8642714570858282}
ListMLE Epoch 96 | Metrics: {'NDCG@1': 0.3909324208725406, 'NDCG@5': 0.39494228909276, 'NDCG@10': 0.3916999727160954, 'MAP': 0.7610628327552449, 'MRR': 0.8712574850299402}
ListMLE Epoch 97 | Metrics: {'NDCG@1': 0.3913601368691189, 'NDCG@5': 0.39540985666941186, 'NDCG@10': 0.3925711931570807, 'MAP': 0.761131389148474, 'MRR': 0.8692614770459082}
ListMLE Epoch 98 | Metrics: {'NDCG@1': 0.40248075278015394, 'NDCG@5': 0.39554311179608, 'NDCG@10': 0.3918981750458903, 'MAP': 0.7611453385940693, 'MRR': 0.8692614770459082}
ListMLE Epoch 99 | Metrics: {'NDCG@1': 0.39820359281437123, 'NDCG@5': 0.3964349923402126, 'NDCG@10': 0.3907111199392097, 'MAP': 0.7608217755937832, 'MRR': 0.8652694610778443}
ListMLE Epoch 100 | Metrics: {'NDCG@1': 0.4016253207869974, 'NDCG@5': 0.3979653816494833, 'NDCG@10': 0.39233248671939086, 'MAP': 0.7607541518984238, 'MRR': 0.8662674650698604}
ListMLE Epoch 101 | Metrics: {'NDCG@1': 0.39307100085543195, 'NDCG@5': 0.3967354102272592, 'NDCG@10': 0.3922022746825507, 'MAP': 0.7606290108321323, 'MRR': 0.8638722554890219}
ListMLE Epoch 102 | Metrics: {'NDCG@1': 0.3956372968349016, 'NDCG@5': 0.3979344229862476, 'NDCG@10': 0.3933419885739864, 'MAP': 0.7606043212192701, 'MRR': 0.8636227544910179}
ListMLE Epoch 103 | Metrics: {'NDCG@1': 0.3917878528656972, 'NDCG@5': 0.3988534948379735, 'NDCG@10': 0.3928830010513531, 'MAP': 0.7606872747098223, 'MRR': 0.8656187624750499}
ListMLE Epoch 104 | Metrics: {'NDCG@1': 0.3956372968349016, 'NDCG@5': 0.3994579522948958, 'NDCG@10': 0.39232356599223606, 'MAP': 0.7605788021625197, 'MRR': 0.866367265469062}
ListMLE Epoch 105 | Metrics: {'NDCG@1': 0.3969204448246364, 'NDCG@5': 0.39842908040310815, 'NDCG@10': 0.39240990431673306, 'MAP': 0.7607678756421143, 'MRR': 0.8676147704590818}
ListMLE Epoch 106 | Metrics: {'NDCG@1': 0.3934987168520103, 'NDCG@5': 0.39834408537829064, 'NDCG@10': 0.3918635834503352, 'MAP': 0.7606639872060067, 'MRR': 0.8674650698602795}
ListMLE Epoch 107 | Metrics: {'NDCG@1': 0.39905902480752775, 'NDCG@5': 0.4003527634128114, 'NDCG@10': 0.3918902536883632, 'MAP': 0.7605069128119946, 'MRR': 0.869610778443114}
ListMLE Epoch 108 | Metrics: {'NDCG@1': 0.3909324208725406, 'NDCG@5': 0.39919742024381444, 'NDCG@10': 0.39220049180014266, 'MAP': 0.7606671581839907, 'MRR': 0.8676147704590819}
ListMLE Epoch 109 | Metrics: {'NDCG@1': 0.3956372968349016, 'NDCG@5': 0.40180572017612376, 'NDCG@10': 0.39302302018334384, 'MAP': 0.7606101459591986, 'MRR': 0.8699600798403193}
ListMLE Epoch 110 | Metrics: {'NDCG@1': 0.39991445680068427, 'NDCG@5': 0.4010887215994329, 'NDCG@10': 0.3925175694485365, 'MAP': 0.7605741801860784, 'MRR': 0.8699600798403193}
ListMLE Epoch 111 | Metrics: {'NDCG@1': 0.4016253207869974, 'NDCG@5': 0.40250050903325124, 'NDCG@10': 0.39275054261686454, 'MAP': 0.7606031016009001, 'MRR': 0.8701097804391218}
ListMLE Epoch 112 | Metrics: {'NDCG@1': 0.3977758768177929, 'NDCG@5': 0.3999543669880494, 'NDCG@10': 0.39078885146463704, 'MAP': 0.7603209555638295, 'MRR': 0.8676147704590818}
ListMLE Epoch 113 | Metrics: {'NDCG@1': 0.3947818648417451, 'NDCG@5': 0.40022560654737555, 'NDCG@10': 0.39213508836685307, 'MAP': 0.7602900031892981, 'MRR': 0.8641217564870259}
ListMLE Epoch 114 | Metrics: {'NDCG@1': 0.38836612489307104, 'NDCG@5': 0.3980231730024471, 'NDCG@10': 0.391612787756778, 'MAP': 0.7602893078520613, 'MRR': 0.8649700598802395}
ListMLE Epoch 115 | Metrics: {'NDCG@1': 0.39435414884516684, 'NDCG@5': 0.39813925233734054, 'NDCG@10': 0.39169042768568985, 'MAP': 0.760276023712608, 'MRR': 0.8686127744510979}
ListMLE Epoch 116 | Metrics: {'NDCG@1': 0.39435414884516684, 'NDCG@5': 0.398028082493898, 'NDCG@10': 0.39166708339042977, 'MAP': 0.7604243612041861, 'MRR': 0.8684630738522956}
ListMLE Epoch 117 | Metrics: {'NDCG@1': 0.3934987168520103, 'NDCG@5': 0.3975377519823128, 'NDCG@10': 0.39164362919613305, 'MAP': 0.7603253060704541, 'MRR': 0.8678642714570859}
ListMLE Epoch 118 | Metrics: {'NDCG@1': 0.3896492728828058, 'NDCG@5': 0.3958005499646533, 'NDCG@10': 0.3914166849515877, 'MAP': 0.7601926706062759, 'MRR': 0.866367265469062}
ListMLE Epoch 119 | Metrics: {'NDCG@1': 0.3917878528656972, 'NDCG@5': 0.39698948779828036, 'NDCG@10': 0.39129160218560227, 'MAP': 0.7601563949610174, 'MRR': 0.8678143712574851}
ListMLE Epoch 120 | Metrics: {'NDCG@1': 0.3853721129170231, 'NDCG@5': 0.39584293976859386, 'NDCG@10': 0.39010121296859607, 'MAP': 0.7602112948744, 'MRR': 0.866067864271457}
ListMLE Epoch 121 | Metrics: {'NDCG@1': 0.3853721129170231, 'NDCG@5': 0.39554513202471286, 'NDCG@10': 0.3901186358603051, 'MAP': 0.7601077515500336, 'MRR': 0.869061876247505}
ListMLE Epoch 122 | Metrics: {'NDCG@1': 0.38708297690333615, 'NDCG@5': 0.39603024321366476, 'NDCG@10': 0.3910186579129879, 'MAP': 0.7599935934600472, 'MRR': 0.8663173652694611}
ListMLE Epoch 123 | Metrics: {'NDCG@1': 0.3934987168520102, 'NDCG@5': 0.39584358695414024, 'NDCG@10': 0.3908241451574078, 'MAP': 0.7601731347374927, 'MRR': 0.8705588822355289}
ListMLE Epoch 124 | Metrics: {'NDCG@1': 0.38922155688622756, 'NDCG@5': 0.396877523463327, 'NDCG@10': 0.3906366574036743, 'MAP': 0.7601802172325787, 'MRR': 0.870309381237525}
ListMLE Epoch 125 | Metrics: {'NDCG@1': 0.3909324208725406, 'NDCG@5': 0.3990126745418175, 'NDCG@10': 0.3892123786711146, 'MAP': 0.7600967714152206, 'MRR': 0.8670658682634731}
ListMLE Epoch 126 | Metrics: {'NDCG@1': 0.3900769888793841, 'NDCG@5': 0.3982702878450544, 'NDCG@10': 0.38903308539419584, 'MAP': 0.7600186709593778, 'MRR': 0.8610778443113773}
ListMLE Epoch 127 | Metrics: {'NDCG@1': 0.38836612489307104, 'NDCG@5': 0.3980167498509846, 'NDCG@10': 0.38841087822882453, 'MAP': 0.7600114388476589, 'MRR': 0.8619760479041916}
ListMLE Epoch 128 | Metrics: {'NDCG@1': 0.38836612489307104, 'NDCG@5': 0.3968269614339631, 'NDCG@10': 0.38909016419908493, 'MAP': 0.759991284815637, 'MRR': 0.8644710578842316}
ListMLE Epoch 129 | Metrics: {'NDCG@1': 0.3913601368691189, 'NDCG@5': 0.3989736916893383, 'NDCG@10': 0.38895466060502454, 'MAP': 0.760104632355255, 'MRR': 0.866616766467066}
ListMLE Epoch 130 | Metrics: {'NDCG@1': 0.3857998289136014, 'NDCG@5': 0.39735244416279464, 'NDCG@10': 0.38871696206367107, 'MAP': 0.7599546617340363, 'MRR': 0.8646207584830339}
ListMLE Epoch 131 | Metrics: {'NDCG@1': 0.3896492728828058, 'NDCG@5': 0.3985429623031053, 'NDCG@10': 0.38849970417193, 'MAP': 0.7599588682976965, 'MRR': 0.8659680638722556}
ListMLE Epoch 132 | Metrics: {'NDCG@1': 0.3913601368691189, 'NDCG@5': 0.39925334881952396, 'NDCG@10': 0.38892229116128335, 'MAP': 0.759911266372244, 'MRR': 0.8655688622754492}
ListMLE Epoch 133 | Metrics: {'NDCG@1': 0.3887938408896493, 'NDCG@5': 0.39804111561609673, 'NDCG@10': 0.38941874046145525, 'MAP': 0.7598619729042445, 'MRR': 0.8662175648702595}
ListMLE Epoch 134 | Metrics: {'NDCG@1': 0.38622754491017963, 'NDCG@5': 0.3983265089544964, 'NDCG@10': 0.3887806507565461, 'MAP': 0.75984337728311, 'MRR': 0.8642215568862276}
ListMLE Epoch 135 | Metrics: {'NDCG@1': 0.39050470487596234, 'NDCG@5': 0.3977572094295821, 'NDCG@10': 0.3894984582272035, 'MAP': 0.7598916938104469, 'MRR': 0.8667165668662675}
ListMLE Epoch 136 | Metrics: {'NDCG@1': 0.3875106928999145, 'NDCG@5': 0.3977385499661515, 'NDCG@10': 0.3887035476542406, 'MAP': 0.7597411940452664, 'MRR': 0.8655688622754492}
ListMLE Epoch 137 | Metrics: {'NDCG@1': 0.3866552609067579, 'NDCG@5': 0.3967175551535196, 'NDCG@10': 0.3877727903109838, 'MAP': 0.7597184740377825, 'MRR': 0.864570858283433}
ListMLE Epoch 138 | Metrics: {'NDCG@1': 0.3819503849443969, 'NDCG@5': 0.39609948847708676, 'NDCG@10': 0.38785686820540743, 'MAP': 0.7595972099216246, 'MRR': 0.8633233532934133}
ListMLE Epoch 139 | Metrics: {'NDCG@1': 0.3853721129170231, 'NDCG@5': 0.3970436271505734, 'NDCG@10': 0.3882362874309286, 'MAP': 0.7598274722333954, 'MRR': 0.8639720558882236}
ListMLE Epoch 140 | Metrics: {'NDCG@1': 0.3900769888793841, 'NDCG@5': 0.3962507790274601, 'NDCG@10': 0.38951611717679685, 'MAP': 0.7599239918629341, 'MRR': 0.8687125748502995}
ListMLE Epoch 141 | Metrics: {'NDCG@1': 0.3875106928999145, 'NDCG@5': 0.396351099123492, 'NDCG@10': 0.38868418109396713, 'MAP': 0.7597510645867454, 'MRR': 0.8679640718562873}
ListMLE Epoch 142 | Metrics: {'NDCG@1': 0.3845166809238666, 'NDCG@5': 0.39541596148413954, 'NDCG@10': 0.3878730191303954, 'MAP': 0.7597704774417168, 'MRR': 0.8664670658682634}
ListMLE Epoch 143 | Metrics: {'NDCG@1': 0.3857998289136013, 'NDCG@5': 0.3952322816826, 'NDCG@10': 0.38848465941235855, 'MAP': 0.7598392673986921, 'MRR': 0.8649700598802395}
ListMLE Epoch 144 | Metrics: {'NDCG@1': 0.38109495295124035, 'NDCG@5': 0.3947380804039471, 'NDCG@10': 0.38891999283841894, 'MAP': 0.7599271221359355, 'MRR': 0.8666167664670659}
ListMLE Epoch 145 | Metrics: {'NDCG@1': 0.37895637296834905, 'NDCG@5': 0.3944202613586523, 'NDCG@10': 0.38815113078726204, 'MAP': 0.7599734478237503, 'MRR': 0.8679640718562873}
ListMLE Epoch 146 | Metrics: {'NDCG@1': 0.3896492728828057, 'NDCG@5': 0.3961535396019665, 'NDCG@10': 0.3893579047086382, 'MAP': 0.7598474863409758, 'MRR': 0.8703592814371257}
ListMLE Epoch 147 | Metrics: {'NDCG@1': 0.3840889649272883, 'NDCG@5': 0.394391993511626, 'NDCG@10': 0.38868480324626986, 'MAP': 0.7598082945801465, 'MRR': 0.8676147704590818}
ListMLE Epoch 148 | Metrics: {'NDCG@1': 0.38708297690333615, 'NDCG@5': 0.39425107711449203, 'NDCG@10': 0.38975694226482105, 'MAP': 0.7599339083786756, 'MRR': 0.8691117764471057}
ListMLE Epoch 149 | Metrics: {'NDCG@1': 0.3840889649272883, 'NDCG@5': 0.39443813422146845, 'NDCG@10': 0.3884559586518483, 'MAP': 0.7599080576909859, 'MRR': 0.8646207584830339}

[피처 중요도 로그] /home/work/lab_project/severity/feature_importance_train_severity_l2r_listmle_train_thresholds.log

[검증] train score 경계(threshold) 기준 분류 정확도(참고): 0.2494
[검증] 클래스별 리콜 (정답이 해당 클래스인 행 중 예측이 동일한 비율)
  Critical: 0.2908  (정답 행 n=4925)
  High: 0.2366  (정답 행 n=4954)
  Medium: 0.2383  (정답 행 n=5085)
  Low: 0.2327  (정답 행 n=5036)
  ※ 아래 Train/Test의 classification_report recall 열과 동일합니다. precision·F1은 같은 표에서 확인.

[Train] 실제 Severity와 비교

=== Train (train_thresholds) ===
Accuracy: 0.2802
  클래스별 리콜 (정답이 해당 클래스인 행 중 예측이 동일한 비율):
  Critical: 0.2969  (정답 행 n=15114)
  High: 0.2596  (정답 행 n=15048)
  Medium: 0.2515  (정답 행 n=14906)
  Low: 0.3128  (정답 행 n=14932)
  ※ 아래 classification_report의 recall 열과 동일합니다. precision·f1은 같은 표에서 확인하세요.
Macro precision: 0.2802
Macro recall: 0.2802
Macro F1: 0.2802
Weighted precision: 0.2802
Weighted recall: 0.2802
Weighted F1: 0.2802
              precision    recall  f1-score   support

    Critical     0.2969    0.2969    0.2969     15114
        High     0.2596    0.2596    0.2596     15048
      Medium     0.2515    0.2515    0.2515     14906
         Low     0.3128    0.3128    0.3128     14932

    accuracy                         0.2802     60000
   macro avg     0.2802    0.2802    0.2802     60000
weighted avg     0.2802    0.2802    0.2802     60000


Train에서 추정한 score 경계(내림차순 상위부터 Critical→…): [1.207154 1.112543 1.018961]
(참고) train score min/max: 0.541062 / 1.832670

[Test] 실제 Severity와 비교

=== Test (mode=train_thresholds) ===
Accuracy: 0.2439
  클래스별 리콜 (정답이 해당 클래스인 행 중 예측이 동일한 비율):
  Critical: 0.2800  (정답 행 n=5108)
  High: 0.2329  (정답 행 n=4920)
  Medium: 0.2202  (정답 행 n=5027)
  Low: 0.2417  (정답 행 n=4945)
  ※ 아래 classification_report의 recall 열과 동일합니다. precision·f1은 같은 표에서 확인하세요.
Macro precision: 0.2435
Macro recall: 0.2437
Macro F1: 0.2433
Weighted precision: 0.2435
Weighted recall: 0.2439
Weighted F1: 0.2434
              precision    recall  f1-score   support

    Critical     0.2528    0.2800    0.2657      5108
        High     0.2427    0.2329    0.2377      4920
      Medium     0.2377    0.2202    0.2286      5027
         Low     0.2407    0.2417    0.2412      4945

    accuracy                         0.2439     20000
   macro avg     0.2435    0.2437    0.2433     20000
weighted avg     0.2435    0.2439    0.2434     20000


저장: severity/logging_monitoring_anomalies_l2r_listmle_train_thresholds.csv

=== 소요 시간 ===
CSV 로드·train/val/test 분할: 0.368 s
전처리(인코딩·스케일) + 학습(train∪val L2R): 912.555 s
추론·경계·Train·Val·Test 평가·저장(전수): 2.043 s
  └ Test severity 정답 비교(report_metrics)만: 0.370 s
전체: 915.453 s

=== 랭킹 지표 MRR (L2R/metrics, relevance=0..3) ===
Validation MRR: 0.852146
Test MRR:       0.863772
