nohup: ignoring input
[실험 배치] all_20260330_214454
[설정 파일] severity/experiment_config.yaml
[test_mode] train_score_relevance_0_3 (YAML의 evaluation.test_mode; TEST_MODE 환경변수로 덮어쓰기 가능)
[로그 디렉터리] /home/sghan/LTR-algorithm/severity/experiment_logs/all_20260330_214454/logs

========== l2r_listnet ==========
[로그 파일] /home/sghan/LTR-algorithm/severity/experiment_logs/all_20260330_214454/logs/l2r_listnet_train_score_relevance_0_3.log
[[ 5.      0.     -1.1232 -0.2859 -0.4048 -0.4294 -0.4028 -0.3939 -0.3819 -0.3086 -0.3087 -0.3104 -0.3066 -0.2778 -0.3069 -0.3074 -0.3048 -0.141  -0.2267 -0.2223 -0.292  -0.2186 -0.2439 -0.2375
  -0.1655 -0.2792 -0.1645 -0.2836 -0.2775 -0.1003 -0.1586 -0.2229 -0.2076 -0.191  -0.2113 -0.2164 -0.2154 -0.2131 -0.1907 -0.2554 -0.1859 -0.1639 -0.1722 -0.2022 -0.2015 -0.2024 -0.2159 -0.1078
  -0.1348 -0.1959 -0.1045 -0.1683 -0.131  -0.1583 -0.1597 -0.1793 -0.1657 -0.1447 -0.18   -0.1944 -0.13   -0.1296 -0.1861 -0.1174 -0.1816 -0.1538 -0.1441 -0.1347 -0.1287 -0.1412 -0.2019 -0.1842
  -0.1578 -0.5867 -0.3699 -0.7797  0.3774  1.0478  0.9286  0.8101]
 [ 5.      0.     -1.1232 -0.2859 -0.4048 -0.4294 -0.4028 -0.3939 -0.3819 -0.3086 -0.3087 -0.3104 -0.3066 -0.2778 -0.3069 -0.3074 -0.3048 -0.141  -0.2267 -0.2223 -0.292  -0.2186 -0.2439 -0.2375
  -0.1655 -0.2792 -0.1645 -0.2836 -0.2775 -0.1003 -0.1586 -0.2229 -0.2076 -0.191  -0.2113 -0.2164 -0.2154 -0.2131 -0.1907 -0.2554 -0.1859 -0.1639 -0.1722 -0.2022 -0.2015 -0.2024 -0.2159 -0.1078
  -0.1348 -0.1959 -0.1045 -0.1683 -0.131  -0.1583 -0.1597 -0.1793 -0.1657 -0.1447 -0.18   -0.1944 -0.13   -0.1296 -0.1861 -0.1174 -0.1816 -0.1538 -0.1441 -0.1347 -0.1287 -0.1412 -0.2019 -0.1842
  -0.1578 -0.5867 -0.3699 -0.7797  0.3774  1.0478  0.9286  0.8101]
 [ 5.      0.     -0.4009 -0.2859 -0.4048 -0.4294 -0.4028 -0.3939 -0.3819 -0.3086 -0.3087 -0.3104 -0.3066 -0.2778 -0.3069 -0.3074 -0.3048 -0.141  -0.2267 -0.2223 -0.292  -0.2186 -0.2439 -0.2375
  -0.1655 -0.2792 -0.1645 -0.2836 -0.2775 -0.1003 -0.1586 -0.2229 -0.2076  3.7522 -0.2113 -0.2164 -0.2154 -0.2131 -0.1907 -0.2554 -0.1859 -0.1639 -0.1722 -0.2022 -0.2015 -0.2024 -0.2159 -0.1078
  -0.1348 -0.1959 -0.1045 -0.1683 -0.131  -0.1583 -0.1597 -0.1793 -0.1657 -0.1447 -0.18   -0.1944 -0.13   -0.1296 -0.1861 -0.1174 -0.1816 -0.1538 -0.1441 -0.1347 -0.1287 -0.1412 -0.2019 -0.1842
  -0.1578 -0.0048 -0.3699 -0.7797  0.3774  1.0478  0.9286  0.8101]
 [ 5.      0.      1.6421 -0.2859 -0.4048 -0.4294 -0.4028 -0.3939 -0.3819 -0.3086 -0.3087 -0.3104 -0.3066 -0.2778 -0.3069 -0.3074 -0.3048 -0.141  -0.2267 -0.2223 -0.292  -0.2186 -0.2439 -0.2375
  -0.1655 -0.2792 -0.1645 -0.2836 -0.2775 -0.1003 -0.1586 -0.2229 -0.2076 -0.191  -0.2113 -0.2164 -0.2154 -0.2131 -0.1907 -0.2554 -0.1859 -0.1639 -0.1722 -0.2022 -0.2015 -0.2024 -0.2159 -0.1078
  -0.1348 -0.1959 -0.1045 -0.1683 -0.131  -0.1583 -0.1597 -0.1793 -0.1657 -0.1447 -0.18   -0.1944 -0.13   -0.1296 -0.1861 -0.1174 -0.1816 -0.1538 -0.1441 -0.1347 -0.1287 -0.1412 -0.2019 -0.1842
  -0.1578  1.6512 -0.3699 -0.7797  0.3774  1.0478  0.9286  0.8101]]
ListNet Epoch 0 | Metrics: {'NDCG@1': 0.9356226527165353, 'NDCG@5': 0.949899697506538, 'NDCG@10': 0.957427540993049, 'MAP': 1.0, 'MRR': 1.0}
ListNet Epoch 1 | Metrics: {'NDCG@1': 0.9773506789826371, 'NDCG@5': 0.9741355571541718, 'NDCG@10': 0.9757684592794214, 'MAP': 1.0, 'MRR': 1.0}
ListNet Epoch 2 | Metrics: {'NDCG@1': 0.9796487344523193, 'NDCG@5': 0.9780583286341635, 'NDCG@10': 0.9794118091862458, 'MAP': 1.0, 'MRR': 1.0}
ListNet Epoch 3 | Metrics: {'NDCG@1': 0.9663039321509354, 'NDCG@5': 0.9740047207942018, 'NDCG@10': 0.9785567027509309, 'MAP': 1.0, 'MRR': 1.0}
ListNet Epoch 4 | Metrics: {'NDCG@1': 0.9861268915485629, 'NDCG@5': 0.9832336077102062, 'NDCG@10': 0.9840418045290527, 'MAP': 1.0, 'MRR': 1.0}
ListNet Epoch 5 | Metrics: {'NDCG@1': 0.9862394053317877, 'NDCG@5': 0.9846053924174729, 'NDCG@10': 0.9866032113588582, 'MAP': 1.0, 'MRR': 1.0}
ListNet Epoch 6 | Metrics: {'NDCG@1': 0.9886066255639075, 'NDCG@5': 0.9869886876378555, 'NDCG@10': 0.9881209192520743, 'MAP': 1.0, 'MRR': 1.0}
ListNet Epoch 7 | Metrics: {'NDCG@1': 0.9659750630284761, 'NDCG@5': 0.9803387108822462, 'NDCG@10': 0.9844647476489639, 'MAP': 1.0, 'MRR': 1.0}
ListNet Epoch 8 | Metrics: {'NDCG@1': 0.9865114405772123, 'NDCG@5': 0.985075501751298, 'NDCG@10': 0.9872079800944566, 'MAP': 1.0, 'MRR': 1.0}
ListNet Epoch 9 | Metrics: {'NDCG@1': 0.9754335976236224, 'NDCG@5': 0.9840937892513425, 'NDCG@10': 0.9873660324048059, 'MAP': 1.0, 'MRR': 1.0}
ListNet Epoch 10 | Metrics: {'NDCG@1': 0.9941987604660496, 'NDCG@5': 0.9918994157476677, 'NDCG@10': 0.9931437319355139, 'MAP': 1.0, 'MRR': 1.0}
ListNet Epoch 11 | Metrics: {'NDCG@1': 0.9962693265169805, 'NDCG@5': 0.9916950118884177, 'NDCG@10': 0.9930186469284761, 'MAP': 1.0, 'MRR': 1.0}
ListNet Epoch 12 | Metrics: {'NDCG@1': 0.9907342510303214, 'NDCG@5': 0.994422791922178, 'NDCG@10': 0.9945756896148508, 'MAP': 1.0, 'MRR': 1.0}
ListNet Epoch 13 | Metrics: {'NDCG@1': 0.995080932581316, 'NDCG@5': 0.9925423517692814, 'NDCG@10': 0.993948037176243, 'MAP': 1.0, 'MRR': 1.0}
ListNet Epoch 14 | Metrics: {'NDCG@1': 0.9950800174316551, 'NDCG@5': 0.992849642674367, 'NDCG@10': 0.9936086457039941, 'MAP': 1.0, 'MRR': 1.0}
ListNet Epoch 15 | Metrics: {'NDCG@1': 0.9930650650962684, 'NDCG@5': 0.9935715931117166, 'NDCG@10': 0.9940416248929673, 'MAP': 1.0, 'MRR': 1.0}
ListNet Epoch 16 | Metrics: {'NDCG@1': 0.9925737725927308, 'NDCG@5': 0.9928288696382667, 'NDCG@10': 0.9936088378160095, 'MAP': 1.0, 'MRR': 1.0}
ListNet Epoch 17 | Metrics: {'NDCG@1': 0.9962704437127049, 'NDCG@5': 0.995862454746901, 'NDCG@10': 0.9960833950286019, 'MAP': 1.0, 'MRR': 1.0}
ListNet Epoch 18 | Metrics: {'NDCG@1': 0.9945898672765974, 'NDCG@5': 0.991588662236928, 'NDCG@10': 0.9920631012876705, 'MAP': 1.0, 'MRR': 1.0}
ListNet Epoch 19 | Metrics: {'NDCG@1': 0.9947779185271921, 'NDCG@5': 0.9937662404913412, 'NDCG@10': 0.9946270812227405, 'MAP': 1.0, 'MRR': 1.0}
ListNet Epoch 20 | Metrics: {'NDCG@1': 0.9951348224893448, 'NDCG@5': 0.9957820290812521, 'NDCG@10': 0.9959559687963307, 'MAP': 1.0, 'MRR': 1.0}
ListNet Epoch 21 | Metrics: {'NDCG@1': 0.9938958367223908, 'NDCG@5': 0.9949795178577546, 'NDCG@10': 0.9956294166066477, 'MAP': 1.0, 'MRR': 1.0}
ListNet Epoch 22 | Metrics: {'NDCG@1': 0.9973583217928141, 'NDCG@5': 0.9966424561346765, 'NDCG@10': 0.9965697955730035, 'MAP': 1.0, 'MRR': 1.0}
ListNet Epoch 23 | Metrics: {'NDCG@1': 0.9976613358469381, 'NDCG@5': 0.995631119655847, 'NDCG@10': 0.9959569786121116, 'MAP': 1.0, 'MRR': 1.0}
ListNet Epoch 24 | Metrics: {'NDCG@1': 0.9928001747604116, 'NDCG@5': 0.9923745503470276, 'NDCG@10': 0.992879966986048, 'MAP': 1.0, 'MRR': 1.0}
ListNet Epoch 25 | Metrics: {'NDCG@1': 0.9954278471610788, 'NDCG@5': 0.9952093326914854, 'NDCG@10': 0.9956275616857647, 'MAP': 1.0, 'MRR': 1.0}
ListNet Epoch 26 | Metrics: {'NDCG@1': 0.9923009103726075, 'NDCG@5': 0.9952911357365478, 'NDCG@10': 0.995141166719276, 'MAP': 1.0, 'MRR': 1.0}
ListNet Epoch 27 | Metrics: {'NDCG@1': 0.9973583217928141, 'NDCG@5': 0.9949143690137221, 'NDCG@10': 0.9956207458768721, 'MAP': 1.0, 'MRR': 1.0}
ListNet Epoch 28 | Metrics: {'NDCG@1': 0.9973583217928141, 'NDCG@5': 0.9959208913935428, 'NDCG@10': 0.9959726164562992, 'MAP': 1.0, 'MRR': 1.0}
ListNet Epoch 29 | Metrics: {'NDCG@1': 0.9956249726444023, 'NDCG@5': 0.9951227638013026, 'NDCG@10': 0.9954067106204717, 'MAP': 1.0, 'MRR': 1.0}
ListNet Epoch 30 | Metrics: {'NDCG@1': 0.9976615378930015, 'NDCG@5': 0.9972399090055586, 'NDCG@10': 0.997352762536884, 'MAP': 1.0, 'MRR': 1.0}
ListNet Epoch 31 | Metrics: {'NDCG@1': 0.9990916709412261, 'NDCG@5': 0.9967923202844333, 'NDCG@10': 0.997398382441773, 'MAP': 1.0, 'MRR': 1.0}
ListNet Epoch 32 | Metrics: {'NDCG@1': 0.9970758034561784, 'NDCG@5': 0.9958625006751826, 'NDCG@10': 0.9964260529431763, 'MAP': 1.0, 'MRR': 1.0}
ListNet Epoch 33 | Metrics: {'NDCG@1': 0.996511267675604, 'NDCG@5': 0.9956872595432819, 'NDCG@10': 0.9960261958945452, 'MAP': 1.0, 'MRR': 1.0}
ListNet Epoch 34 | Metrics: {'NDCG@1': 0.9895983416466891, 'NDCG@5': 0.994202319264407, 'NDCG@10': 0.9951911294111304, 'MAP': 1.0, 'MRR': 1.0}
ListNet Epoch 35 | Metrics: {'NDCG@1': 0.9956642135583937, 'NDCG@5': 0.9935592819660353, 'NDCG@10': 0.9946472015675715, 'MAP': 1.0, 'MRR': 1.0}
ListNet Epoch 36 | Metrics: {'NDCG@1': 0.9973583217928141, 'NDCG@5': 0.9958242553733253, 'NDCG@10': 0.9960103434446941, 'MAP': 1.0, 'MRR': 1.0}
ListNet Epoch 37 | Metrics: {'NDCG@1': 0.9976615378930015, 'NDCG@5': 0.9962666886131428, 'NDCG@10': 0.9962139823967349, 'MAP': 1.0, 'MRR': 1.0}
ListNet Epoch 38 | Metrics: {'NDCG@1': 0.9959281887445895, 'NDCG@5': 0.997002511911724, 'NDCG@10': 0.9974259674185576, 'MAP': 1.0, 'MRR': 1.0}
ListNet Epoch 39 | Metrics: {'NDCG@1': 0.996511267675604, 'NDCG@5': 0.9956668057428764, 'NDCG@10': 0.9964777254916849, 'MAP': 1.0, 'MRR': 1.0}
ListNet Epoch 40 | Metrics: {'NDCG@1': 0.9976613358469381, 'NDCG@5': 0.9956804573013326, 'NDCG@10': 0.9953286627373241, 'MAP': 1.0, 'MRR': 1.0}
ListNet Epoch 41 | Metrics: {'NDCG@1': 0.996814281729728, 'NDCG@5': 0.9947285106863645, 'NDCG@10': 0.9951466078854908, 'MAP': 1.0, 'MRR': 1.0}
ListNet Epoch 42 | Metrics: {'NDCG@1': 0.9970758034561784, 'NDCG@5': 0.9969361379004744, 'NDCG@10': 0.9969984809814121, 'MAP': 1.0, 'MRR': 1.0}
ListNet Epoch 43 | Metrics: {'NDCG@1': 0.9993948870414133, 'NDCG@5': 0.9989408176919051, 'NDCG@10': 0.999033666475091, 'MAP': 1.0, 'MRR': 1.0}
ListNet Epoch 44 | Metrics: {'NDCG@1': 0.9979645519471254, 'NDCG@5': 0.9963963191246766, 'NDCG@10': 0.9961720957259357, 'MAP': 1.0, 'MRR': 1.0}
ListNet Epoch 45 | Metrics: {'NDCG@1': 0.9954353830837234, 'NDCG@5': 0.9963648028606671, 'NDCG@10': 0.9965518417506121, 'MAP': 1.0, 'MRR': 1.0}
ListNet Epoch 46 | Metrics: {'NDCG@1': 0.9993948870414133, 'NDCG@5': 0.998174264261798, 'NDCG@10': 0.9984187733483646, 'MAP': 1.0, 'MRR': 1.0}
ListNet Epoch 47 | Metrics: {'NDCG@1': 0.9967725873559912, 'NDCG@5': 0.9965692420499265, 'NDCG@10': 0.9973502275600424, 'MAP': 1.0, 'MRR': 1.0}
ListNet Epoch 48 | Metrics: {'NDCG@1': 0.9921582743475788, 'NDCG@5': 0.993671275304297, 'NDCG@10': 0.9951274879994106, 'MAP': 1.0, 'MRR': 1.0}
ListNet Epoch 49 | Metrics: {'NDCG@1': 0.99939468499535, 'NDCG@5': 0.9980058215759748, 'NDCG@10': 0.9985623387481767, 'MAP': 1.0, 'MRR': 1.0}
ListNet Epoch 50 | Metrics: {'NDCG@1': 0.9968118134227205, 'NDCG@5': 0.9959030509052166, 'NDCG@10': 0.9961209877966567, 'MAP': 1.0, 'MRR': 1.0}
ListNet Epoch 51 | Metrics: {'NDCG@1': 0.9985451625711325, 'NDCG@5': 0.9983820588750126, 'NDCG@10': 0.9983471405622267, 'MAP': 1.0, 'MRR': 1.0}
ListNet Epoch 52 | Metrics: {'NDCG@1': 0.9976613358469381, 'NDCG@5': 0.9964633969420343, 'NDCG@10': 0.9967783170602623, 'MAP': 1.0, 'MRR': 1.0}
ListNet Epoch 53 | Metrics: {'NDCG@1': 0.9993948870414133, 'NDCG@5': 0.9986914398983932, 'NDCG@10': 0.9985103533359484, 'MAP': 1.0, 'MRR': 1.0}
ListNet Epoch 54 | Metrics: {'NDCG@1': 0.9973583217928141, 'NDCG@5': 0.9972674198524211, 'NDCG@10': 0.9972808794651129, 'MAP': 1.0, 'MRR': 1.0}
ListNet Epoch 55 | Metrics: {'NDCG@1': 0.999112166658714, 'NDCG@5': 0.9988591101593025, 'NDCG@10': 0.9990440332739701, 'MAP': 1.0, 'MRR': 1.0}
ListNet Epoch 56 | Metrics: {'NDCG@1': 0.9970758034561784, 'NDCG@5': 0.9975264383208068, 'NDCG@10': 0.9977244927223218, 'MAP': 1.0, 'MRR': 1.0}
ListNet Epoch 57 | Metrics: {'NDCG@1': 0.9993948870414133, 'NDCG@5': 0.9994645737505539, 'NDCG@10': 0.9994332560361656, 'MAP': 1.0, 'MRR': 1.0}
ListNet Epoch 58 | Metrics: {'NDCG@1': 0.9976615378930015, 'NDCG@5': 0.9973955242725688, 'NDCG@10': 0.9975531829512698, 'MAP': 1.0, 'MRR': 1.0}
ListNet Epoch 59 | Metrics: {'NDCG@1': 0.9993948870414133, 'NDCG@5': 0.9989031779394293, 'NDCG@10': 0.998749508469847, 'MAP': 1.0, 'MRR': 1.0}
ListNet Epoch 60 | Metrics: {'NDCG@1': 0.9996979010955372, 'NDCG@5': 0.9992490894193895, 'NDCG@10': 0.9991869574954965, 'MAP': 1.0, 'MRR': 1.0}
ListNet Epoch 61 | Metrics: {'NDCG@1': 0.9976615378930015, 'NDCG@5': 0.9976225448455985, 'NDCG@10': 0.9972668153152875, 'MAP': 1.0, 'MRR': 1.0}
ListNet Epoch 62 | Metrics: {'NDCG@1': 0.9973583217928141, 'NDCG@5': 0.9972796908039303, 'NDCG@10': 0.997244441838493, 'MAP': 1.0, 'MRR': 1.0}
ListNet Epoch 63 | Metrics: {'NDCG@1': 0.9988091526045902, 'NDCG@5': 0.9989528678313933, 'NDCG@10': 0.999176349041842, 'MAP': 1.0, 'MRR': 1.0}
ListNet Epoch 64 | Metrics: {'NDCG@1': 0.9990916709412261, 'NDCG@5': 0.9983615057558082, 'NDCG@10': 0.9986096512985752, 'MAP': 1.0, 'MRR': 1.0}
ListNet Epoch 65 | Metrics: {'NDCG@1': 0.9976613358469381, 'NDCG@5': 0.9964720365438432, 'NDCG@10': 0.9965943341043867, 'MAP': 1.0, 'MRR': 1.0}
ListNet Epoch 66 | Metrics: {'NDCG@1': 0.9976613358469381, 'NDCG@5': 0.9970963169835145, 'NDCG@10': 0.9970166544713148, 'MAP': 1.0, 'MRR': 1.0}
ListNet Epoch 67 | Metrics: {'NDCG@1': 0.9979645519471254, 'NDCG@5': 0.9970478953733678, 'NDCG@10': 0.9971590331790683, 'MAP': 1.0, 'MRR': 1.0}
ListNet Epoch 68 | Metrics: {'NDCG@1': 0.9965651575836327, 'NDCG@5': 0.9969257999612158, 'NDCG@10': 0.9969369533498074, 'MAP': 1.0, 'MRR': 1.0}
ListNet Epoch 69 | Metrics: {'NDCG@1': 0.9968681716377567, 'NDCG@5': 0.996808806176349, 'NDCG@10': 0.9971076421470012, 'MAP': 1.0, 'MRR': 1.0}
ListNet Epoch 70 | Metrics: {'NDCG@1': 0.99939468499535, 'NDCG@5': 0.9980841689962859, 'NDCG@10': 0.9982546494330761, 'MAP': 1.0, 'MRR': 1.0}
ListNet Epoch 71 | Metrics: {'NDCG@1': 0.9979645519471254, 'NDCG@5': 0.9976710483633988, 'NDCG@10': 0.9978159826572147, 'MAP': 1.0, 'MRR': 1.0}
ListNet Epoch 72 | Metrics: {'NDCG@1': 0.996814281729728, 'NDCG@5': 0.9970741065758124, 'NDCG@10': 0.9972102522662606, 'MAP': 1.0, 'MRR': 1.0}
ListNet Epoch 73 | Metrics: {'NDCG@1': 0.9973788175103023, 'NDCG@5': 0.996635365665379, 'NDCG@10': 0.997120940240664, 'MAP': 1.0, 'MRR': 1.0}
ListNet Epoch 74 | Metrics: {'NDCG@1': 0.9973583217928141, 'NDCG@5': 0.9968909524150039, 'NDCG@10': 0.9970481912828664, 'MAP': 1.0, 'MRR': 1.0}
ListNet Epoch 75 | Metrics: {'NDCG@1': 0.9976613358469381, 'NDCG@5': 0.9967923384931622, 'NDCG@10': 0.9970089745240087, 'MAP': 1.0, 'MRR': 1.0}
ListNet Epoch 76 | Metrics: {'NDCG@1': 0.9986015207861685, 'NDCG@5': 0.9985641745680311, 'NDCG@10': 0.998781209520225, 'MAP': 1.0, 'MRR': 1.0}
ListNet Epoch 77 | Metrics: {'NDCG@1': 0.9990916709412261, 'NDCG@5': 0.9988963944332536, 'NDCG@10': 0.9990154858003975, 'MAP': 1.0, 'MRR': 1.0}
ListNet Epoch 78 | Metrics: {'NDCG@1': 0.9973583217928141, 'NDCG@5': 0.9968685215088808, 'NDCG@10': 0.996891137514013, 'MAP': 1.0, 'MRR': 1.0}
ListNet Epoch 79 | Metrics: {'NDCG@1': 0.9976956401469149, 'NDCG@5': 0.9974568124192705, 'NDCG@10': 0.9975496970627186, 'MAP': 1.0, 'MRR': 1.0}
ListNet Epoch 80 | Metrics: {'NDCG@1': 0.9993948870414133, 'NDCG@5': 0.9997243649775741, 'NDCG@10': 0.999611658421822, 'MAP': 1.0, 'MRR': 1.0}
ListNet Epoch 81 | Metrics: {'NDCG@1': 0.9976615378930015, 'NDCG@5': 0.9975565112684645, 'NDCG@10': 0.9977149502016753, 'MAP': 1.0, 'MRR': 1.0}
ListNet Epoch 82 | Metrics: {'NDCG@1': 0.9990916709412261, 'NDCG@5': 0.9987664394626532, 'NDCG@10': 0.9987174695944514, 'MAP': 1.0, 'MRR': 1.0}
ListNet Epoch 83 | Metrics: {'NDCG@1': 0.9993948870414133, 'NDCG@5': 0.9994844982669051, 'NDCG@10': 0.9994213065741051, 'MAP': 1.0, 'MRR': 1.0}
ListNet Epoch 84 | Metrics: {'NDCG@1': 0.9993948870414133, 'NDCG@5': 0.9994438193146838, 'NDCG@10': 0.9994727968447894, 'MAP': 1.0, 'MRR': 1.0}
ListNet Epoch 85 | Metrics: {'NDCG@1': 0.9996979010955372, 'NDCG@5': 0.9993489975147282, 'NDCG@10': 0.9994654461470613, 'MAP': 1.0, 'MRR': 1.0}
ListNet Epoch 86 | Metrics: {'NDCG@1': 0.9993948870414133, 'NDCG@5': 0.9989626890582711, 'NDCG@10': 0.9992342515782315, 'MAP': 1.0, 'MRR': 1.0}
ListNet Epoch 87 | Metrics: {'NDCG@1': 0.9976604206972771, 'NDCG@5': 0.9963189368029775, 'NDCG@10': 0.9965617860049457, 'MAP': 1.0, 'MRR': 1.0}
ListNet Epoch 88 | Metrics: {'NDCG@1': 0.9982095891364247, 'NDCG@5': 0.9986523455720517, 'NDCG@10': 0.9988671953983059, 'MAP': 1.0, 'MRR': 1.0}
ListNet Epoch 89 | Metrics: {'NDCG@1': 0.9985451625711325, 'NDCG@5': 0.9979152734412018, 'NDCG@10': 0.9983936041057913, 'MAP': 1.0, 'MRR': 1.0}
ListNet Epoch 90 | Metrics: {'NDCG@1': 0.9993948870414133, 'NDCG@5': 0.999489440063072, 'NDCG@10': 0.9991348089191876, 'MAP': 1.0, 'MRR': 1.0}
ListNet Epoch 91 | Metrics: {'NDCG@1': 0.9990916709412261, 'NDCG@5': 0.9990168199558352, 'NDCG@10': 0.9990002112084988, 'MAP': 1.0, 'MRR': 1.0}
ListNet Epoch 92 | Metrics: {'NDCG@1': 0.99939468499535, 'NDCG@5': 0.9978525445884172, 'NDCG@10': 0.997926950160477, 'MAP': 1.0, 'MRR': 1.0}
ListNet Epoch 93 | Metrics: {'NDCG@1': 0.9976613358469381, 'NDCG@5': 0.9968060289238136, 'NDCG@10': 0.9969098844791988, 'MAP': 1.0, 'MRR': 1.0}
ListNet Epoch 94 | Metrics: {'NDCG@1': 0.9988091526045902, 'NDCG@5': 0.9987782267300122, 'NDCG@10': 0.9989725903997126, 'MAP': 1.0, 'MRR': 1.0}
ListNet Epoch 95 | Metrics: {'NDCG@1': 0.997963434751401, 'NDCG@5': 0.9965434725501584, 'NDCG@10': 0.996481389518463, 'MAP': 1.0, 'MRR': 1.0}
ListNet Epoch 96 | Metrics: {'NDCG@1': 0.9996967838998128, 'NDCG@5': 0.9983842027519636, 'NDCG@10': 0.9985018487933544, 'MAP': 1.0, 'MRR': 1.0}
ListNet Epoch 97 | Metrics: {'NDCG@1': 0.9976604206972771, 'NDCG@5': 0.9967496985595296, 'NDCG@10': 0.9968465873536668, 'MAP': 1.0, 'MRR': 1.0}
ListNet Epoch 98 | Metrics: {'NDCG@1': 0.9993948870414133, 'NDCG@5': 0.9996027886230584, 'NDCG@10': 0.9996805173114306, 'MAP': 1.0, 'MRR': 1.0}
ListNet Epoch 99 | Metrics: {'NDCG@1': 0.99939468499535, 'NDCG@5': 0.999007771721634, 'NDCG@10': 0.9988923256651809, 'MAP': 1.0, 'MRR': 1.0}
ListNet Epoch 100 | Metrics: {'NDCG@1': 0.9982095891364247, 'NDCG@5': 0.998604214161171, 'NDCG@10': 0.9985170349465033, 'MAP': 1.0, 'MRR': 1.0}
ListNet Epoch 101 | Metrics: {'NDCG@1': 0.9976613358469381, 'NDCG@5': 0.9976453078365484, 'NDCG@10': 0.9976292019043088, 'MAP': 1.0, 'MRR': 1.0}
ListNet Epoch 102 | Metrics: {'NDCG@1': 0.9973583217928141, 'NDCG@5': 0.9968869709469336, 'NDCG@10': 0.9970311373311253, 'MAP': 1.0, 'MRR': 1.0}
ListNet Epoch 103 | Metrics: {'NDCG@1': 0.99939468499535, 'NDCG@5': 0.9988553657123458, 'NDCG@10': 0.9989810582068491, 'MAP': 1.0, 'MRR': 1.0}
ListNet Epoch 104 | Metrics: {'NDCG@1': 0.9976604206972771, 'NDCG@5': 0.9973110189380736, 'NDCG@10': 0.9971915687268821, 'MAP': 1.0, 'MRR': 1.0}
ListNet Epoch 105 | Metrics: {'NDCG@1': 0.9988091526045902, 'NDCG@5': 0.9990970793238391, 'NDCG@10': 0.9991623405692964, 'MAP': 1.0, 'MRR': 1.0}
ListNet Epoch 106 | Metrics: {'NDCG@1': 0.9996979010955372, 'NDCG@5': 0.9990680620112798, 'NDCG@10': 0.999070379029329, 'MAP': 1.0, 'MRR': 1.0}
ListNet Epoch 107 | Metrics: {'NDCG@1': 0.9993937698456891, 'NDCG@5': 0.9987030772132841, 'NDCG@10': 0.9987795096794874, 'MAP': 1.0, 'MRR': 1.0}
ListNet Epoch 108 | Metrics: {'NDCG@1': 0.9970815549926628, 'NDCG@5': 0.9976975674706702, 'NDCG@10': 0.9977364689342411, 'MAP': 1.0, 'MRR': 1.0}
ListNet Epoch 109 | Metrics: {'NDCG@1': 0.9988091526045902, 'NDCG@5': 0.9993851447988381, 'NDCG@10': 0.9993700960334081, 'MAP': 1.0, 'MRR': 1.0}
ListNet Epoch 110 | Metrics: {'NDCG@1': 0.9973583217928141, 'NDCG@5': 0.9980466226929544, 'NDCG@10': 0.9983361362668488, 'MAP': 1.0, 'MRR': 1.0}
ListNet Epoch 111 | Metrics: {'NDCG@1': 0.9990916709412261, 'NDCG@5': 0.9992576266925864, 'NDCG@10': 0.9991622431885576, 'MAP': 1.0, 'MRR': 1.0}
ListNet Epoch 112 | Metrics: {'NDCG@1': 0.9993937698456891, 'NDCG@5': 0.9985843109905558, 'NDCG@10': 0.9987865108185107, 'MAP': 1.0, 'MRR': 1.0}
ListNet Epoch 113 | Metrics: {'NDCG@1': 0.9976604206972771, 'NDCG@5': 0.9965019183296994, 'NDCG@10': 0.9963341200482626, 'MAP': 1.0, 'MRR': 1.0}
ListNet Epoch 114 | Metrics: {'NDCG@1': 0.9993948870414133, 'NDCG@5': 0.9996211025272391, 'NDCG@10': 0.9994549087272347, 'MAP': 1.0, 'MRR': 1.0}
ListNet Epoch 115 | Metrics: {'NDCG@1': 0.9976604206972771, 'NDCG@5': 0.9969223349090218, 'NDCG@10': 0.9967664663678033, 'MAP': 1.0, 'MRR': 1.0}
ListNet Epoch 116 | Metrics: {'NDCG@1': 0.9990916709412261, 'NDCG@5': 0.9994623291956644, 'NDCG@10': 0.9994983901305012, 'MAP': 1.0, 'MRR': 1.0}
ListNet Epoch 117 | Metrics: {'NDCG@1': 0.9976621656166699, 'NDCG@5': 0.9979915930284095, 'NDCG@10': 0.9981106328675208, 'MAP': 1.0, 'MRR': 1.0}
ListNet Epoch 118 | Metrics: {'NDCG@1': 1.0, 'NDCG@5': 0.9995740762373386, 'NDCG@10': 0.9996778767151796, 'MAP': 1.0, 'MRR': 1.0}
ListNet Epoch 119 | Metrics: {'NDCG@1': 0.9991112515090531, 'NDCG@5': 0.9994557777206641, 'NDCG@10': 0.9992135339929366, 'MAP': 1.0, 'MRR': 1.0}
ListNet Epoch 120 | Metrics: {'NDCG@1': 0.9976604206972771, 'NDCG@5': 0.9973964996686935, 'NDCG@10': 0.9973360367766365, 'MAP': 1.0, 'MRR': 1.0}
ListNet Epoch 121 | Metrics: {'NDCG@1': 0.9993948870414133, 'NDCG@5': 0.999485090529252, 'NDCG@10': 0.9995216512357035, 'MAP': 1.0, 'MRR': 1.0}
ListNet Epoch 122 | Metrics: {'NDCG@1': 0.9985116880408874, 'NDCG@5': 0.9987651015768375, 'NDCG@10': 0.9989772556021745, 'MAP': 1.0, 'MRR': 1.0}
ListNet Epoch 123 | Metrics: {'NDCG@1': 0.9996967838998128, 'NDCG@5': 0.9991493690196394, 'NDCG@10': 0.9990138683169872, 'MAP': 1.0, 'MRR': 1.0}
ListNet Epoch 124 | Metrics: {'NDCG@1': 0.9979636367974644, 'NDCG@5': 0.9978655612357933, 'NDCG@10': 0.9979767746129604, 'MAP': 1.0, 'MRR': 1.0}
ListNet Epoch 125 | Metrics: {'NDCG@1': 0.9996967838998128, 'NDCG@5': 0.9984557432489882, 'NDCG@10': 0.9983974114991844, 'MAP': 1.0, 'MRR': 1.0}
ListNet Epoch 126 | Metrics: {'NDCG@1': 0.9993937698456891, 'NDCG@5': 0.9997371967085622, 'NDCG@10': 0.9997056506955833, 'MAP': 1.0, 'MRR': 1.0}
ListNet Epoch 127 | Metrics: {'NDCG@1': 0.9993937698456891, 'NDCG@5': 0.9991573795660655, 'NDCG@10': 0.999341438170172, 'MAP': 1.0, 'MRR': 1.0}
ListNet Epoch 128 | Metrics: {'NDCG@1': 0.9996967838998128, 'NDCG@5': 0.9983408190105941, 'NDCG@10': 0.9985720813693264, 'MAP': 1.0, 'MRR': 1.0}
ListNet Epoch 129 | Metrics: {'NDCG@1': 0.9976604206972771, 'NDCG@5': 0.9971576616355831, 'NDCG@10': 0.9972076318847217, 'MAP': 1.0, 'MRR': 1.0}
ListNet Epoch 130 | Metrics: {'NDCG@1': 0.9993937698456891, 'NDCG@5': 0.9984988994093238, 'NDCG@10': 0.9989369529560721, 'MAP': 1.0, 'MRR': 1.0}
ListNet Epoch 131 | Metrics: {'NDCG@1': 0.997963434751401, 'NDCG@5': 0.9974196946706643, 'NDCG@10': 0.9970359471662014, 'MAP': 1.0, 'MRR': 1.0}
ListNet Epoch 132 | Metrics: {'NDCG@1': 0.9993948870414133, 'NDCG@5': 0.9996306625955479, 'NDCG@10': 0.9995739002725106, 'MAP': 1.0, 'MRR': 1.0}
ListNet Epoch 133 | Metrics: {'NDCG@1': 0.9993937698456891, 'NDCG@5': 0.9993931266122318, 'NDCG@10': 0.9993697261345725, 'MAP': 1.0, 'MRR': 1.0}
ListNet Epoch 134 | Metrics: {'NDCG@1': 0.999112166658714, 'NDCG@5': 0.9989672096040749, 'NDCG@10': 0.9994280940721155, 'MAP': 1.0, 'MRR': 1.0}
ListNet Epoch 135 | Metrics: {'NDCG@1': 0.9990916709412261, 'NDCG@5': 0.9987005439825102, 'NDCG@10': 0.9988103071341751, 'MAP': 1.0, 'MRR': 1.0}
ListNet Epoch 136 | Metrics: {'NDCG@1': 0.997963434751401, 'NDCG@5': 0.9974831482590928, 'NDCG@10': 0.9975459019798657, 'MAP': 1.0, 'MRR': 1.0}
ListNet Epoch 137 | Metrics: {'NDCG@1': 0.9988147020950113, 'NDCG@5': 0.9983632825953056, 'NDCG@10': 0.9985922857845392, 'MAP': 1.0, 'MRR': 1.0}
ListNet Epoch 138 | Metrics: {'NDCG@1': 0.9970758034561784, 'NDCG@5': 0.9976054008069825, 'NDCG@10': 0.9978481481126498, 'MAP': 1.0, 'MRR': 1.0}
ListNet Epoch 139 | Metrics: {'NDCG@1': 0.9993937698456891, 'NDCG@5': 0.9992674211833977, 'NDCG@10': 0.9991753103722295, 'MAP': 1.0, 'MRR': 1.0}
ListNet Epoch 140 | Metrics: {'NDCG@1': 0.997963434751401, 'NDCG@5': 0.9971090868835624, 'NDCG@10': 0.998036982599797, 'MAP': 1.0, 'MRR': 1.0}
ListNet Epoch 141 | Metrics: {'NDCG@1': 0.9976604206972771, 'NDCG@5': 0.997603388523079, 'NDCG@10': 0.9975747244400995, 'MAP': 1.0, 'MRR': 1.0}
ListNet Epoch 142 | Metrics: {'NDCG@1': 0.9988147020950113, 'NDCG@5': 0.998369490782007, 'NDCG@10': 0.9983939972473981, 'MAP': 1.0, 'MRR': 1.0}
ListNet Epoch 143 | Metrics: {'NDCG@1': 0.9973788175103023, 'NDCG@5': 0.9979866988709802, 'NDCG@10': 0.9981877710360656, 'MAP': 1.0, 'MRR': 1.0}
ListNet Epoch 144 | Metrics: {'NDCG@1': 0.9996979010955372, 'NDCG@5': 0.999302783922137, 'NDCG@10': 0.9994004910558619, 'MAP': 1.0, 'MRR': 1.0}
ListNet Epoch 145 | Metrics: {'NDCG@1': 0.9976604206972771, 'NDCG@5': 0.9976091525133056, 'NDCG@10': 0.9975376371206411, 'MAP': 1.0, 'MRR': 1.0}
ListNet Epoch 146 | Metrics: {'NDCG@1': 0.9996967838998128, 'NDCG@5': 0.9985606196910969, 'NDCG@10': 0.9988516830636078, 'MAP': 1.0, 'MRR': 1.0}
ListNet Epoch 147 | Metrics: {'NDCG@1': 0.997963434751401, 'NDCG@5': 0.9963731996890937, 'NDCG@10': 0.9969104774504048, 'MAP': 1.0, 'MRR': 1.0}
ListNet Epoch 148 | Metrics: {'NDCG@1': 0.997963434751401, 'NDCG@5': 0.9970968097246968, 'NDCG@10': 0.9977317316743467, 'MAP': 1.0, 'MRR': 1.0}
ListNet Epoch 149 | Metrics: {'NDCG@1': 0.9971139123271834, 'NDCG@5': 0.9968964431490257, 'NDCG@10': 0.997180233302894, 'MAP': 1.0, 'MRR': 1.0}

[피처 중요도 로그] /home/sghan/LTR-algorithm/severity/feature_importance_train_severity_l2r_listnet_train_score_relevance_0_3.log

[검증] L2R 점수→CVSS 매핑 MAE(참고): 0.5692

[검증] Validation (CVSS)

=== Validation (CVSS 수치) ===
MAE: 0.5692
RMSE: 0.5841
Pearson r (y_true, y_pred): 0.9977

[Train] CVSS 예측 vs 정답

=== Train (L2R score→CVSS) (CVSS 수치) ===
MAE: 0.5704
RMSE: 0.5778
Pearson r (y_true, y_pred): 0.9986

[CVSS] train L2R 점수 min/max: 19.478439 / 29.507515 (train CVSS 범위로 선형 매핑)

[Test] CVSS 예측 vs 정답

=== Test (mode=train_score_relevance_0_3) (CVSS 수치) ===
MAE: 0.6431
RMSE: 0.7788
Pearson r (y_true, y_pred): 0.9454

저장: severity/CVE_summary_separate/cve-datasets/cve_with_meaning70_l2r_listnet_train_score_relevance_0_3.csv

=== 소요 시간 ===
CSV 로드·train/val/test 분할: 0.836 s
전처리(인코딩·스케일) + 학습(train∪val L2R): 405.359 s
추론·경계·Train·Val·Test 평가·저장(전수): 0.362 s
  └ Test severity 정답 비교(report_metrics)만: 0.001 s
전체: 406.568 s

=== 랭킹 지표 MRR (L2R/metrics, relevance=CVSS 수치) ===
Validation MRR: 1.000000
Test MRR:       1.000000

========== l2r_listmle ==========
[로그 파일] /home/sghan/LTR-algorithm/severity/experiment_logs/all_20260330_214454/logs/l2r_listmle_train_score_relevance_0_3.log
[[ 5.      0.     -1.1232 -0.2859 -0.4048 -0.4294 -0.4028 -0.3939 -0.3819 -0.3086 -0.3087 -0.3104 -0.3066 -0.2778 -0.3069 -0.3074 -0.3048 -0.141  -0.2267 -0.2223 -0.292  -0.2186 -0.2439 -0.2375
  -0.1655 -0.2792 -0.1645 -0.2836 -0.2775 -0.1003 -0.1586 -0.2229 -0.2076 -0.191  -0.2113 -0.2164 -0.2154 -0.2131 -0.1907 -0.2554 -0.1859 -0.1639 -0.1722 -0.2022 -0.2015 -0.2024 -0.2159 -0.1078
  -0.1348 -0.1959 -0.1045 -0.1683 -0.131  -0.1583 -0.1597 -0.1793 -0.1657 -0.1447 -0.18   -0.1944 -0.13   -0.1296 -0.1861 -0.1174 -0.1816 -0.1538 -0.1441 -0.1347 -0.1287 -0.1412 -0.2019 -0.1842
  -0.1578 -0.5867 -0.3699 -0.7797  0.3774  1.0478  0.9286  0.8101]
 [ 5.      0.     -1.1232 -0.2859 -0.4048 -0.4294 -0.4028 -0.3939 -0.3819 -0.3086 -0.3087 -0.3104 -0.3066 -0.2778 -0.3069 -0.3074 -0.3048 -0.141  -0.2267 -0.2223 -0.292  -0.2186 -0.2439 -0.2375
  -0.1655 -0.2792 -0.1645 -0.2836 -0.2775 -0.1003 -0.1586 -0.2229 -0.2076 -0.191  -0.2113 -0.2164 -0.2154 -0.2131 -0.1907 -0.2554 -0.1859 -0.1639 -0.1722 -0.2022 -0.2015 -0.2024 -0.2159 -0.1078
  -0.1348 -0.1959 -0.1045 -0.1683 -0.131  -0.1583 -0.1597 -0.1793 -0.1657 -0.1447 -0.18   -0.1944 -0.13   -0.1296 -0.1861 -0.1174 -0.1816 -0.1538 -0.1441 -0.1347 -0.1287 -0.1412 -0.2019 -0.1842
  -0.1578 -0.5867 -0.3699 -0.7797  0.3774  1.0478  0.9286  0.8101]
 [ 5.      0.     -0.4009 -0.2859 -0.4048 -0.4294 -0.4028 -0.3939 -0.3819 -0.3086 -0.3087 -0.3104 -0.3066 -0.2778 -0.3069 -0.3074 -0.3048 -0.141  -0.2267 -0.2223 -0.292  -0.2186 -0.2439 -0.2375
  -0.1655 -0.2792 -0.1645 -0.2836 -0.2775 -0.1003 -0.1586 -0.2229 -0.2076  3.7522 -0.2113 -0.2164 -0.2154 -0.2131 -0.1907 -0.2554 -0.1859 -0.1639 -0.1722 -0.2022 -0.2015 -0.2024 -0.2159 -0.1078
  -0.1348 -0.1959 -0.1045 -0.1683 -0.131  -0.1583 -0.1597 -0.1793 -0.1657 -0.1447 -0.18   -0.1944 -0.13   -0.1296 -0.1861 -0.1174 -0.1816 -0.1538 -0.1441 -0.1347 -0.1287 -0.1412 -0.2019 -0.1842
  -0.1578 -0.0048 -0.3699 -0.7797  0.3774  1.0478  0.9286  0.8101]
 [ 5.      0.      1.6421 -0.2859 -0.4048 -0.4294 -0.4028 -0.3939 -0.3819 -0.3086 -0.3087 -0.3104 -0.3066 -0.2778 -0.3069 -0.3074 -0.3048 -0.141  -0.2267 -0.2223 -0.292  -0.2186 -0.2439 -0.2375
  -0.1655 -0.2792 -0.1645 -0.2836 -0.2775 -0.1003 -0.1586 -0.2229 -0.2076 -0.191  -0.2113 -0.2164 -0.2154 -0.2131 -0.1907 -0.2554 -0.1859 -0.1639 -0.1722 -0.2022 -0.2015 -0.2024 -0.2159 -0.1078
  -0.1348 -0.1959 -0.1045 -0.1683 -0.131  -0.1583 -0.1597 -0.1793 -0.1657 -0.1447 -0.18   -0.1944 -0.13   -0.1296 -0.1861 -0.1174 -0.1816 -0.1538 -0.1441 -0.1347 -0.1287 -0.1412 -0.2019 -0.1842
  -0.1578  1.6512 -0.3699 -0.7797  0.3774  1.0478  0.9286  0.8101]]
ListMLE Epoch 0 | Metrics: {'NDCG@1': 0.9741098616141295, 'NDCG@5': 0.9737895476778843, 'NDCG@10': 0.9767595505531002, 'MAP': 1.0, 'MRR': 1.0}
ListMLE Epoch 1 | Metrics: {'NDCG@1': 0.9819261987650054, 'NDCG@5': 0.9822979315302648, 'NDCG@10': 0.9834366031047693, 'MAP': 1.0, 'MRR': 1.0}
ListMLE Epoch 2 | Metrics: {'NDCG@1': 0.9885159323187905, 'NDCG@5': 0.9870306317782903, 'NDCG@10': 0.9869515302306652, 'MAP': 1.0, 'MRR': 1.0}
ListMLE Epoch 3 | Metrics: {'NDCG@1': 0.9893663409099738, 'NDCG@5': 0.9891896772510957, 'NDCG@10': 0.9880536403842443, 'MAP': 1.0, 'MRR': 1.0}
ListMLE Epoch 4 | Metrics: {'NDCG@1': 0.9885192867927635, 'NDCG@5': 0.9890061557300963, 'NDCG@10': 0.9881942975068214, 'MAP': 1.0, 'MRR': 1.0}
ListMLE Epoch 5 | Metrics: {'NDCG@1': 0.9893338089439281, 'NDCG@5': 0.988611997734128, 'NDCG@10': 0.9883414414704466, 'MAP': 1.0, 'MRR': 1.0}
ListMLE Epoch 6 | Metrics: {'NDCG@1': 0.9902192178081642, 'NDCG@5': 0.9894432314409249, 'NDCG@10': 0.9886508575078443, 'MAP': 1.0, 'MRR': 1.0}
ListMLE Epoch 7 | Metrics: {'NDCG@1': 0.991030385485356, 'NDCG@5': 0.9889110111327302, 'NDCG@10': 0.9889762929079974, 'MAP': 1.0, 'MRR': 1.0}
ListMLE Epoch 8 | Metrics: {'NDCG@1': 0.9910662719253744, 'NDCG@5': 0.9899439574099705, 'NDCG@10': 0.9895689656631514, 'MAP': 1.0, 'MRR': 1.0}
ListMLE Epoch 9 | Metrics: {'NDCG@1': 0.991030385485356, 'NDCG@5': 0.9892845855988065, 'NDCG@10': 0.9893632668486512, 'MAP': 1.0, 'MRR': 1.0}
ListMLE Epoch 10 | Metrics: {'NDCG@1': 0.993349469070591, 'NDCG@5': 0.9909754580047371, 'NDCG@10': 0.9902215380327587, 'MAP': 1.0, 'MRR': 1.0}
ListMLE Epoch 11 | Metrics: {'NDCG@1': 0.9887520811241967, 'NDCG@5': 0.9896904741588493, 'NDCG@10': 0.989121333298976, 'MAP': 1.0, 'MRR': 1.0}
ListMLE Epoch 12 | Metrics: {'NDCG@1': 0.9925024149533807, 'NDCG@5': 0.9911087518461721, 'NDCG@10': 0.9904470287143434, 'MAP': 1.0, 'MRR': 1.0}
ListMLE Epoch 13 | Metrics: {'NDCG@1': 0.9913324843898188, 'NDCG@5': 0.9899260118425968, 'NDCG@10': 0.9898886296647528, 'MAP': 1.0, 'MRR': 1.0}
ListMLE Epoch 14 | Metrics: {'NDCG@1': 0.9927637346337679, 'NDCG@5': 0.990896924052454, 'NDCG@10': 0.9906666779190367, 'MAP': 1.0, 'MRR': 1.0}
ListMLE Epoch 15 | Metrics: {'NDCG@1': 0.9918774396025661, 'NDCG@5': 0.9903453118776654, 'NDCG@10': 0.990186424748479, 'MAP': 1.0, 'MRR': 1.0}
ListMLE Epoch 16 | Metrics: {'NDCG@1': 0.991918218826642, 'NDCG@5': 0.9909316660957634, 'NDCG@10': 0.9909805886712576, 'MAP': 1.0, 'MRR': 1.0}
ListMLE Epoch 17 | Metrics: {'NDCG@1': 0.993912887655441, 'NDCG@5': 0.9922940942472643, 'NDCG@10': 0.9912029764051205, 'MAP': 1.0, 'MRR': 1.0}
ListMLE Epoch 18 | Metrics: {'NDCG@1': 0.9901833313681456, 'NDCG@5': 0.9911386982465207, 'NDCG@10': 0.9907771340966789, 'MAP': 1.0, 'MRR': 1.0}
ListMLE Epoch 19 | Metrics: {'NDCG@1': 0.9927652729438521, 'NDCG@5': 0.9910455736639792, 'NDCG@10': 0.9909020053172767, 'MAP': 1.0, 'MRR': 1.0}
ListMLE Epoch 20 | Metrics: {'NDCG@1': 0.9936515679750538, 'NDCG@5': 0.9920251924753741, 'NDCG@10': 0.9918166808286111, 'MAP': 1.0, 'MRR': 1.0}
ListMLE Epoch 21 | Metrics: {'NDCG@1': 0.9927652729438521, 'NDCG@5': 0.9915349784533279, 'NDCG@10': 0.9909563495460926, 'MAP': 1.0, 'MRR': 1.0}
ListMLE Epoch 22 | Metrics: {'NDCG@1': 0.994196523187801, 'NDCG@5': 0.9929021961718933, 'NDCG@10': 0.992271342937047, 'MAP': 1.0, 'MRR': 1.0}
ListMLE Epoch 23 | Metrics: {'NDCG@1': 0.991918218826642, 'NDCG@5': 0.9903899585224956, 'NDCG@10': 0.9904465611581392, 'MAP': 1.0, 'MRR': 1.0}
ListMLE Epoch 24 | Metrics: {'NDCG@1': 0.9936515679750538, 'NDCG@5': 0.9928689355993947, 'NDCG@10': 0.9922219086563545, 'MAP': 1.0, 'MRR': 1.0}
ListMLE Epoch 25 | Metrics: {'NDCG@1': 0.9910319237954403, 'NDCG@5': 0.9910257998992105, 'NDCG@10': 0.9907873615399149, 'MAP': 1.0, 'MRR': 1.0}
ListMLE Epoch 26 | Metrics: {'NDCG@1': 0.9941998776617741, 'NDCG@5': 0.9928058869937159, 'NDCG@10': 0.9922491697499557, 'MAP': 1.0, 'MRR': 1.0}
ListMLE Epoch 27 | Metrics: {'NDCG@1': 0.9953490306834472, 'NDCG@5': 0.9921717126689996, 'NDCG@10': 0.99187344646932, 'MAP': 1.0, 'MRR': 1.0}
ListMLE Epoch 28 | Metrics: {'NDCG@1': 0.9953490306834472, 'NDCG@5': 0.9932251393345027, 'NDCG@10': 0.9923369169346254, 'MAP': 1.0, 'MRR': 1.0}
ListMLE Epoch 29 | Metrics: {'NDCG@1': 0.994498622092264, 'NDCG@5': 0.9925481202541622, 'NDCG@10': 0.9913789788451924, 'MAP': 1.0, 'MRR': 1.0}
ListMLE Epoch 30 | Metrics: {'NDCG@1': 0.994498622092264, 'NDCG@5': 0.9930193622175358, 'NDCG@10': 0.9921879632427522, 'MAP': 1.0, 'MRR': 1.0}
ListMLE Epoch 31 | Metrics: {'NDCG@1': 0.9927652729438521, 'NDCG@5': 0.9919054290390037, 'NDCG@10': 0.9915074924730026, 'MAP': 1.0, 'MRR': 1.0}
ListMLE Epoch 32 | Metrics: {'NDCG@1': 0.9910319237954403, 'NDCG@5': 0.9916700324024484, 'NDCG@10': 0.9912513419840344, 'MAP': 1.0, 'MRR': 1.0}
ListMLE Epoch 33 | Metrics: {'NDCG@1': 0.9910319237954403, 'NDCG@5': 0.9914988187324609, 'NDCG@10': 0.991271905384596, 'MAP': 1.0, 'MRR': 1.0}
ListMLE Epoch 34 | Metrics: {'NDCG@1': 0.9918823323866234, 'NDCG@5': 0.9915486665959404, 'NDCG@10': 0.9912930841501214, 'MAP': 1.0, 'MRR': 1.0}
ListMLE Epoch 35 | Metrics: {'NDCG@1': 0.9927652729438521, 'NDCG@5': 0.992739511877969, 'NDCG@10': 0.9918581361562004, 'MAP': 1.0, 'MRR': 1.0}
ListMLE Epoch 36 | Metrics: {'NDCG@1': 0.994196523187801, 'NDCG@5': 0.9933852478849243, 'NDCG@10': 0.9925761528469081, 'MAP': 1.0, 'MRR': 1.0}
ListMLE Epoch 37 | Metrics: {'NDCG@1': 0.9910319237954403, 'NDCG@5': 0.9914176457209776, 'NDCG@10': 0.9913554916029818, 'MAP': 1.0, 'MRR': 1.0}
ListMLE Epoch 38 | Metrics: {'NDCG@1': 0.9936156815350353, 'NDCG@5': 0.9915233005441688, 'NDCG@10': 0.991466256413096, 'MAP': 1.0, 'MRR': 1.0}
ListMLE Epoch 39 | Metrics: {'NDCG@1': 0.9910319237954403, 'NDCG@5': 0.9911405535795914, 'NDCG@10': 0.9903246750474238, 'MAP': 1.0, 'MRR': 1.0}
ListMLE Epoch 40 | Metrics: {'NDCG@1': 0.9918823323866234, 'NDCG@5': 0.9913910800281123, 'NDCG@10': 0.9913162503332982, 'MAP': 1.0, 'MRR': 1.0}
ListMLE Epoch 41 | Metrics: {'NDCG@1': 0.9927686274178249, 'NDCG@5': 0.99144097772053, 'NDCG@10': 0.9909506994386311, 'MAP': 1.0, 'MRR': 1.0}
ListMLE Epoch 42 | Metrics: {'NDCG@1': 0.9915802334821605, 'NDCG@5': 0.9925355517304769, 'NDCG@10': 0.9923431193677766, 'MAP': 1.0, 'MRR': 1.0}
ListMLE Epoch 43 | Metrics: {'NDCG@1': 0.9910319237954403, 'NDCG@5': 0.9907378071224825, 'NDCG@10': 0.9904277665762132, 'MAP': 1.0, 'MRR': 1.0}
ListMLE Epoch 44 | Metrics: {'NDCG@1': 0.9918823323866234, 'NDCG@5': 0.9917343468159758, 'NDCG@10': 0.9916138963177635, 'MAP': 1.0, 'MRR': 1.0}
ListMLE Epoch 45 | Metrics: {'NDCG@1': 0.9910319237954403, 'NDCG@5': 0.9915760360749077, 'NDCG@10': 0.9917315897795854, 'MAP': 1.0, 'MRR': 1.0}
ListMLE Epoch 46 | Metrics: {'NDCG@1': 0.9918823323866234, 'NDCG@5': 0.9917040155209506, 'NDCG@10': 0.9920416123303174, 'MAP': 1.0, 'MRR': 1.0}
ListMLE Epoch 47 | Metrics: {'NDCG@1': 0.9927652729438521, 'NDCG@5': 0.9919917918901544, 'NDCG@10': 0.9922571981589162, 'MAP': 1.0, 'MRR': 1.0}
ListMLE Epoch 48 | Metrics: {'NDCG@1': 0.9918823323866234, 'NDCG@5': 0.9916773723125367, 'NDCG@10': 0.9918829151029888, 'MAP': 1.0, 'MRR': 1.0}
ListMLE Epoch 49 | Metrics: {'NDCG@1': 0.9918823323866234, 'NDCG@5': 0.991935085336328, 'NDCG@10': 0.991765311430162, 'MAP': 1.0, 'MRR': 1.0}
ListMLE Epoch 50 | Metrics: {'NDCG@1': 0.9936156815350353, 'NDCG@5': 0.9922321217313826, 'NDCG@10': 0.9922368286823519, 'MAP': 1.0, 'MRR': 1.0}
ListMLE Epoch 51 | Metrics: {'NDCG@1': 0.9936156815350353, 'NDCG@5': 0.99184188708365, 'NDCG@10': 0.9923285232514957, 'MAP': 1.0, 'MRR': 1.0}
ListMLE Epoch 52 | Metrics: {'NDCG@1': 0.9936156815350353, 'NDCG@5': 0.9920535212762032, 'NDCG@10': 0.9923477034202292, 'MAP': 1.0, 'MRR': 1.0}
ListMLE Epoch 53 | Metrics: {'NDCG@1': 0.9936156815350353, 'NDCG@5': 0.9919581802878934, 'NDCG@10': 0.99Epoch:20, loss(avg) : 0.18181865847098472, Metrics: {'NDCG@1': 0.9639580993201231, 'NDCG@5': 0.9784973129964045, 'NDCG@10': 0.9823785429858327, 'MAP': 0.9999998665694646, 'MRR': 1.0}
Epoch:30, loss(avg) : 0.1367896783458613, Metrics: {'NDCG@1': 0.9754851526916868, 'NDCG@5': 0.9853182245856483, 'NDCG@10': 0.9878107351966129, 'MAP': 0.9999998844991397, 'MRR': 1.0}
Epoch:40, loss(avg) : 0.10200423225234836, Metrics: {'NDCG@1': 0.9837659920691763, 'NDCG@5': 0.9892487532792648, 'NDCG@10': 0.9913501577518486, 'MAP': 0.9999998928909485, 'MRR': 1.0}
Epoch:50, loss(avg) : 0.07766863127654534, Metrics: {'NDCG@1': 0.9873462820545515, 'NDCG@5': 0.9920515769747456, 'NDCG@10': 0.9936805324296222, 'MAP': 0.9999999012897939, 'MRR': 1.0}
Epoch:60, loss(avg) : 0.06405238506850189, Metrics: {'NDCG@1': 0.990482249519989, 'NDCG@5': 0.993911555016281, 'NDCG@10': 0.9950625505710508, 'MAP': 0.999999930677679, 'MRR': 1.0}
Epoch:70, loss(avg) : 0.05553295578422834, Metrics: {'NDCG@1': 0.9912674504629764, 'NDCG@5': 0.9945940359900687, 'NDCG@10': 0.9956980856254295, 'MAP': 0.9999999809218111, 'MRR': 1.0}
Epoch:80, loss(avg) : 0.049868986643101576, Metrics: {'NDCG@1': 0.9918754212982187, 'NDCG@5': 0.9952207985770407, 'NDCG@10': 0.9962871083771999, 'MAP': 0.999999983681301, 'MRR': 1.0}
Epoch:90, loss(avg) : 0.04540921696486655, Metrics: {'NDCG@1': 0.992392501120354, 'NDCG@5': 0.995527081889757, 'NDCG@10': 0.9965353849133376, 'MAP': 0.9999999845431006, 'MRR': 1.0}
Epoch:100, loss(avg) : 0.041894292127956305, Metrics: {'NDCG@1': 0.9933936430615526, 'NDCG@5': 0.9958959333707202, 'NDCG@10': 0.9968855391484925, 'MAP': 0.999999990550836, 'MRR': 1.0}
Epoch:110, loss(avg) : 0.0390650780814936, Metrics: {'NDCG@1': 0.9936053557343755, 'NDCG@5': 0.9960646197796069, 'NDCG@10': 0.9970538084077376, 'MAP': 0.9999999914114304, 'MRR': 1.0}
Epoch:120, loss(avg) : 0.036608518754483906, Metrics: {'NDCG@1': 0.9936053557343755, 'NDCG@5': 0.9962276165346602, 'NDCG@10': 0.9971176349712517, 'MAP': 0.9999999915828695, 'MRR': 1.0}
Epoch:130, loss(avg) : 0.03459514708094224, Metrics: {'NDCG@1': 0.994098998017528, 'NDCG@5': 0.9963969142897656, 'NDCG@10': 0.9972764137104043, 'MAP': 0.9999999916685045, 'MRR': 1.0}
Epoch:140, loss(avg) : 0.032895129453266066, Metrics: {'NDCG@1': 0.9943033974048817, 'NDCG@5': 0.9965405330542239, 'NDCG@10': 0.9973630923671849, 'MAP': 0.9999999916685045, 'MRR': 1.0}

[피처 중요도 로그] /home/sghan/LTR-algorithm/severity/feature_importance_train_severity_l2r_ranknet_train_score_relevance_0_3.log

[검증] L2R 점수→CVSS 매핑 MAE(참고): 1.8981

[검증] Validation (CVSS)

=== Validation (CVSS 수치) ===
MAE: 1.8981
RMSE: 2.0342
Pearson r (y_true, y_pred): 0.9488

[Train] CVSS 예측 vs 정답

=== Train (L2R score→CVSS) (CVSS 수치) ===
MAE: 1.8222
RMSE: 1.9526
Pearson r (y_true, y_pred): 0.9416

[CVSS] train L2R 점수 min/max: -35.980427 / 56.132137 (train CVSS 범위로 선형 매핑)

[Test] CVSS 예측 vs 정답

=== Test (mode=train_score_relevance_0_3) (CVSS 수치) ===
MAE: 1.7694
RMSE: 1.9387
Pearson r (y_true, y_pred): 0.9008

저장: severity/CVE_summary_separate/cve-datasets/cve_with_meaning70_l2r_ranknet_train_score_relevance_0_3.csv

=== 소요 시간 ===
CSV 로드·train/val/test 분할: 0.578 s
전처리(인코딩·스케일) + 학습(train∪val L2R): 21607.881 s
추론·경계·Train·Val·Test 평가·저장(전수): 0.474 s
  └ Test severity 정답 비교(report_metrics)만: 0.001 s
전체: 21608.943 s

=== 랭킹 지표 MRR (L2R/metrics, relevance=CVSS 수치) ===
Validation MRR: 1.000000
Test MRR:       1.000000
 0.9955663410561467, 'MAP': 1.0, 'MRR': 1.0}
ListMLE Epoch 79 | Metrics: {'NDCG@1': 0.9970823798318589, 'NDCG@5': 0.9948637030098894, 'NDCG@10': 0.9955948733131389, 'MAP': 1.0, 'MRR': 1.0}
ListMLE Epoch 80 | Metrics: {'NDCG@1': 0.9945019765662368, 'NDCG@5': 0.994335803669002, 'NDCG@10': 0.9954457083979882, 'MAP': 1.0, 'MRR': 1.0}
ListMLE Epoch 81 | Metrics: {'NDCG@1': 0.9962353257146487, 'NDCG@5': 0.9946462720420673, 'NDCG@10': 0.9956712454074411, 'MAP': 1.0, 'MRR': 1.0}
ListMLE Epoch 82 | Metrics: {'NDCG@1': 0.9945019765662368, 'NDCG@5': 0.9940519690420639, 'NDCG@10': 0.995446996156382, 'MAP': 1.0, 'MRR': 1.0}
ListMLE Epoch 83 | Metrics: {'NDCG@1': 0.9962353257146487, 'NDCG@5': 0.9947559215347141, 'NDCG@10': 0.9960506114619201, 'MAP': 1.0, 'MRR': 1.0}
ListMLE Epoch 84 | Metrics: {'NDCG@1': 0.9956495912778257, 'NDCG@5': 0.9944041996492817, 'NDCG@10': 0.9960095733636918, 'MAP': 1.0, 'MRR': 1.0}
ListMLE Epoch 85 | Metrics: {'NDCG@1': 0.9970823798318589, 'NDCG@5': 0.995019735604433, 'NDCG@10': 0.9959622915794196, 'MAP': 1.0, 'MRR': 1.0}
ListMLE Epoch 86 | Metrics: {'NDCG@1': 0.9970823798318589, 'NDCG@5': 0.9951060832057684, 'NDCG@10': 0.9961181730131883, 'MAP': 1.0, 'MRR': 1.0}
ListMLE Epoch 87 | Metrics: {'NDCG@1': 0.9970823798318589, 'NDCG@5': 0.9950087193708135, 'NDCG@10': 0.9964078701291385, 'MAP': 1.0, 'MRR': 1.0}
ListMLE Epoch 88 | Metrics: {'NDCG@1': 0.9970823798318589, 'NDCG@5': 0.9944348937495932, 'NDCG@10': 0.995865098001519, 'MAP': 1.0, 'MRR': 1.0}
ListMLE Epoch 89 | Metrics: {'NDCG@1': 0.9970823798318589, 'NDCG@5': 0.9940891234501544, 'NDCG@10': 0.9957400144490287, 'MAP': 1.0, 'MRR': 1.0}
ListMLE Epoch 90 | Metrics: {'NDCG@1': 0.9970823798318589, 'NDCG@5': 0.9944537211416897, 'NDCG@10': 0.9964649224501888, 'MAP': 1.0, 'MRR': 1.0}
ListMLE Epoch 91 | Metrics: {'NDCG@1': 0.9970823798318589, 'NDCG@5': 0.9948329117151382, 'NDCG@10': 0.996717730959499, 'MAP': 1.0, 'MRR': 1.0}
ListMLE Epoch 92 | Metrics: {'NDCG@1': 0.9962353257146487, 'NDCG@5': 0.9947577281438065, 'NDCG@10': 0.9963633914118477, 'MAP': 1.0, 'MRR': 1.0}
ListMLE Epoch 93 | Metrics: {'NDCG@1': 0.9970823798318589, 'NDCG@5': 0.9941219970677317, 'NDCG@10': 0.9956799895645481, 'MAP': 1.0, 'MRR': 1.0}
ListMLE Epoch 94 | Metrics: {'NDCG@1': 0.9953490306834472, 'NDCG@5': 0.9936355545402685, 'NDCG@10': 0.9956102401890864, 'MAP': 1.0, 'MRR': 1.0}
ListMLE Epoch 95 | Metrics: {'NDCG@1': 0.9953490306834472, 'NDCG@5': 0.9945694773933242, 'NDCG@10': 0.9958628215179726, 'MAP': 1.0, 'MRR': 1.0}
ListMLE Epoch 96 | Metrics: {'NDCG@1': 0.9953490306834472, 'NDCG@5': 0.993670875611002, 'NDCG@10': 0.9955692170544772, 'MAP': 1.0, 'MRR': 1.0}
ListMLE Epoch 97 | Metrics: {'NDCG@1': 0.9970823798318589, 'NDCG@5': 0.9953413806590722, 'NDCG@10': 0.9959259124109933, 'MAP': 1.0, 'MRR': 1.0}
ListMLE Epoch 98 | Metrics: {'NDCG@1': 0.9953490306834472, 'NDCG@5': 0.994236546683449, 'NDCG@10': 0.9951218931857979, 'MAP': 1.0, 'MRR': 1.0}
ListMLE Epoch 99 | Metrics: {'NDCG@1': 0.9970823798318589, 'NDCG@5': 0.9956624460987071, 'NDCG@10': 0.9964054660371383, 'MAP': 1.0, 'MRR': 1.0}
ListMLE Epoch 100 | Metrics: {'NDCG@1': 0.9970823798318589, 'NDCG@5': 0.9960892747434856, 'NDCG@10': 0.996740573765899, 'MAP': 1.0, 'MRR': 1.0}
ListMLE Epoch 101 | Metrics: {'NDCG@1': 0.9962353257146487, 'NDCG@5': 0.995681989071803, 'NDCG@10': 0.9964432521566159, 'MAP': 1.0, 'MRR': 1.0}
ListMLE Epoch 102 | Metrics: {'NDCG@1': 0.9970823798318589, 'NDCG@5': 0.9953749582019255, 'NDCG@10': 0.9960435228198867, 'MAP': 1.0, 'MRR': 1.0}
ListMLE Epoch 103 | Metrics: {'NDCG@1': 0.9970823798318589, 'NDCG@5': 0.9962263755829549, 'NDCG@10': 0.9968201493555235, 'MAP': 1.0, 'MRR': 1.0}
ListMLE Epoch 104 | Metrics: {'NDCG@1': 0.9962353257146487, 'NDCG@5': 0.9949423507026406, 'NDCG@10': 0.9958672444472187, 'MAP': 1.0, 'MRR': 1.0}
ListMLE Epoch 105 | Metrics: {'NDCG@1': 0.9970823798318589, 'NDCG@5': 0.9955039583738394, 'NDCG@10': 0.9958977494940224, 'MAP': 1.0, 'MRR': 1.0}
ListMLE Epoch 106 | Metrics: {'NDCG@1': 0.9970823798318589, 'NDCG@5': 0.9951066039300913, 'NDCG@10': 0.9961327442280108, 'MAP': 1.0, 'MRR': 1.0}
ListMLE Epoch 107 | Metrics: {'NDCG@1': 0.9970823798318589, 'NDCG@5': 0.9961526531209698, 'NDCG@10': 0.9968033048239596, 'MAP': 1.0, 'MRR': 1.0}
ListMLE Epoch 108 | Metrics: {'NDCG@1': 0.9970823798318589, 'NDCG@5': 0.995963153980042, 'NDCG@10': 0.9969235640551076, 'MAP': 1.0, 'MRR': 1.0}
ListMLE Epoch 109 | Metrics: {'NDCG@1': 0.9956495912778257, 'NDCG@5': 0.9964045217776979, 'NDCG@10': 0.996759523215574, 'MAP': 1.0, 'MRR': 1.0}
ListMLE Epoch 110 | Metrics: {'NDCG@1': 0.9970823798318589, 'NDCG@5': 0.9968085317453962, 'NDCG@10': 0.9971489616535509, 'MAP': 1.0, 'MRR': 1.0}
ListMLE Epoch 111 | Metrics: {'NDCG@1': 0.9970823798318589, 'NDCG@5': 0.9965432285430381, 'NDCG@10': 0.9965774352742078, 'MAP': 1.0, 'MRR': 1.0}
ListMLE Epoch 112 | Metrics: {'NDCG@1': 0.9970823798318589, 'NDCG@5': 0.9962197544727713, 'NDCG@10': 0.9964333610323661, 'MAP': 1.0, 'MRR': 1.0}
ListMLE Epoch 113 | Metrics: {'NDCG@1': 0.9970823798318589, 'NDCG@5': 0.996774222113816, 'NDCG@10': 0.9971326888669145, 'MAP': 1.0, 'MRR': 1.0}
ListMLE Epoch 114 | Metrics: {'NDCG@1': 0.9970823798318589, 'NDCG@5': 0.9968015138724354, 'NDCG@10': 0.9970091196216342, 'MAP': 1.0, 'MRR': 1.0}
ListMLE Epoch 115 | Metrics: {'NDCG@1': 0.9970823798318589, 'NDCG@5': 0.9968089825371792, 'NDCG@10': 0.9968338961725149, 'MAP': 1.0, 'MRR': 1.0}
ListMLE Epoch 116 | Metrics: {'NDCG@1': 0.9970823798318589, 'NDCG@5': 0.9968501354116917, 'NDCG@10': 0.9970822850083534, 'MAP': 1.0, 'MRR': 1.0}
ListMLE Epoch 117 | Metrics: {'NDCG@1': 0.9970823798318589, 'NDCG@5': 0.996924596712288, 'NDCG@10': 0.9969323313309736, 'MAP': 1.0, 'MRR': 1.0}
ListMLE Epoch 118 | Metrics: {'NDCG@1': 0.9953490306834472, 'NDCG@5': 0.9952285080366492, 'NDCG@10': 0.9958798831636143, 'MAP': 1.0, 'MRR': 1.0}
ListMLE Epoch 119 | Metrics: {'NDCG@1': 0.9970823798318589, 'NDCG@5': 0.9970806985239096, 'NDCG@10': 0.9970707615925617, 'MAP': 1.0, 'MRR': 1.0}
ListMLE Epoch 120 | Metrics: {'NDCG@1': 0.9970823798318589, 'NDCG@5': 0.9970427614708318, 'NDCG@10': 0.9972270170967337, 'MAP': 1.0, 'MRR': 1.0}
ListMLE Epoch 121 | Metrics: {'NDCG@1': 0.9970823798318589, 'NDCG@5': 0.9972078840618377, 'NDCG@10': 0.9970602854796817, 'MAP': 1.0, 'MRR': 1.0}
ListMLE Epoch 122 | Metrics: {'NDCG@1': 0.9970823798318589, 'NDCG@5': 0.996858393887203, 'NDCG@10': 0.9969883940687496, 'MAP': 1.0, 'MRR': 1.0}
ListMLE Epoch 123 | Metrics: {'NDCG@1': 0.9970823798318589, 'NDCG@5': 0.9970288481447636, 'NDCG@10': 0.9968206713566252, 'MAP': 1.0, 'MRR': 1.0}
ListMLE Epoch 124 | Metrics: {'NDCG@1': 0.9953490306834472, 'NDCG@5': 0.9964321561722472, 'NDCG@10': 0.9965192735410052, 'MAP': 1.0, 'MRR': 1.0}
ListMLE Epoch 125 | Metrics: {'NDCG@1': 0.9970823798318589, 'NDCG@5': 0.9974404150707106, 'NDCG@10': 0.9973142231531174, 'MAP': 1.0, 'MRR': 1.0}
ListMLE Epoch 126 | Metrics: {'NDCG@1': 0.9970823798318589, 'NDCG@5': 0.997229072935909, 'NDCG@10': 0.9970736575712862, 'MAP': 1.0, 'MRR': 1.0}
ListMLE Epoch 127 | Metrics: {'NDCG@1': 0.9970823798318589, 'NDCG@5': 0.9972379261434894, 'NDCG@10': 0.9972409677858824, 'MAP': 1.0, 'MRR': 1.0}
ListMLE Epoch 128 | Metrics: {'NDCG@1': 0.9970823798318589, 'NDCG@5': 0.9974180952966255, 'NDCG@10': 0.9969657142009878, 'MAP': 1.0, 'MRR': 1.0}
ListMLE Epoch 129 | Metrics: {'NDCG@1': 0.9970823798318589, 'NDCG@5': 0.9974218396633491, 'NDCG@10': 0.9974130794453538, 'MAP': 1.0, 'MRR': 1.0}
ListMLE Epoch 130 | Metrics: {'NDCG@1': 0.9970823798318589, 'NDCG@5': 0.9965619545668138, 'NDCG@10': 0.996413091118861, 'MAP': 1.0, 'MRR': 1.0}
ListMLE Epoch 131 | Metrics: {'NDCG@1': 0.9970823798318589, 'NDCG@5': 0.9973643603902056, 'NDCG@10': 0.9973273983827541, 'MAP': 1.0, 'MRR': 1.0}
ListMLE Epoch 132 | Metrics: {'NDCG@1': 1.0, 'NDCG@5': 0.9982514862842236, 'NDCG@10': 0.9980402304206009, 'MAP': 1.0, 'MRR': 1.0}
ListMLE Epoch 133 | Metrics: {'NDCG@1': 1.0, 'NDCG@5': 0.9982318170253527, 'NDCG@10': 0.9981856327262636, 'MAP': 1.0, 'MRR': 1.0}
ListMLE Epoch 134 | Metrics: {'NDCG@1': 1.0, 'NDCG@5': 0.9980523117254836, 'NDCG@10': 0.9982546618584713, 'MAP': 1.0, 'MRR': 1.0}
ListMLE Epoch 135 | Metrics: {'NDCG@1': 1.0, 'NDCG@5': 0.9982018833227367, 'NDCG@10': 0.9983459117693095, 'MAP': 1.0, 'MRR': 1.0}
ListMLE Epoch 136 | Metrics: {'NDCG@1': 0.9985672114459667, 'NDCG@5': 0.997653932791797, 'NDCG@10': 0.9980776082947854, 'MAP': 1.0, 'MRR': 1.0}
ListMLE Epoch 137 | Metrics: {'NDCG@1': 1.0, 'NDCG@5': 0.998339967929912, 'NDCG@10': 0.9983067415854421, 'MAP': 1.0, 'MRR': 1.0}
ListMLE Epoch 138 | Metrics: {'NDCG@1': 1.0, 'NDCG@5': 0.9982636561182744, 'NDCG@10': 0.9982461222966306, 'MAP': 1.0, 'MRR': 1.0}
ListMLE Epoch 139 | Metrics: {'NDCG@1': 1.0, 'NDCG@5': 0.9981237217664314, 'NDCG@10': 0.9984539779021967, 'MAP': 1.0, 'MRR': 1.0}
ListMLE Epoch 140 | Metrics: {'NDCG@1': 0.999414265563177, 'NDCG@5': 0.9982505282000759, 'NDCG@10': 0.9983337033973373, 'MAP': 1.0, 'MRR': 1.0}
ListMLE Epoch 141 | Metrics: {'NDCG@1': 0.999414265563177, 'NDCG@5': 0.9981535864688013, 'NDCG@10': 0.9983250137924887, 'MAP': 1.0, 'MRR': 1.0}
ListMLE Epoch 142 | Metrics: {'NDCG@1': 1.0, 'NDCG@5': 0.9982739731620911, 'NDCG@10': 0.9984832474652965, 'MAP': 1.0, 'MRR': 1.0}
ListMLE Epoch 143 | Metrics: {'NDCG@1': 0.999414265563177, 'NDCG@5': 0.9978295823514545, 'NDCG@10': 0.9983007776623785, 'MAP': 1.0, 'MRR': 1.0}
ListMLE Epoch 144 | Metrics: {'NDCG@1': 0.999414265563177, 'NDCG@5': 0.9977089920183859, 'NDCG@10': 0.9980586556867226, 'MAP': 1.0, 'MRR': 1.0}
ListMLE Epoch 145 | Metrics: {'NDCG@1': 1.0, 'NDCG@5': 0.9982845834671348, 'NDCG@10': 0.9982738324420117, 'MAP': 1.0, 'MRR': 1.0}
ListMLE Epoch 146 | Metrics: {'NDCG@1': 1.0, 'NDCG@5': 0.9982304141644971, 'NDCG@10': 0.9985114297216258, 'MAP': 1.0, 'MRR': 1.0}
ListMLE Epoch 147 | Metrics: {'NDCG@1': 1.0, 'NDCG@5': 0.9981421831826954, 'NDCG@10': 0.9984202786658386, 'MAP': 1.0, 'MRR': 1.0}
ListMLE Epoch 148 | Metrics: {'NDCG@1': 0.999414265563177, 'NDCG@5': 0.9978735694465329, 'NDCG@10': 0.998202515322255, 'MAP': 1.0, 'MRR': 1.0}
ListMLE Epoch 149 | Metrics: {'NDCG@1': 1.0, 'NDCG@5': 0.9981844940981099, 'NDCG@10': 0.9984306795322283, 'MAP': 1.0, 'MRR': 1.0}

[피처 중요도 로그] /home/sghan/LTR-algorithm/severity/feature_importance_train_severity_l2r_listmle_train_score_relevance_0_3.log

[검증] L2R 점수→CVSS 매핑 MAE(참고): 1.0764

[검증] Validation (CVSS)

=== Validation (CVSS 수치) ===
MAE: 1.0764
RMSE: 1.1046
Pearson r (y_true, y_pred): 0.9943

[Train] CVSS 예측 vs 정답

=== Train (L2R score→CVSS) (CVSS 수치) ===
MAE: 1.0900
RMSE: 1.1170
Pearson r (y_true, y_pred): 0.9938

[CVSS] train L2R 점수 min/max: -6.537765 / 73.741478 (train CVSS 범위로 선형 매핑)

[Test] CVSS 예측 vs 정답

=== Test (mode=train_score_relevance_0_3) (CVSS 수치) ===
MAE: 1.1628
RMSE: 1.2254
Pearson r (y_true, y_pred): 0.9391

저장: severity/CVE_summary_separate/cve-datasets/cve_with_meaning70_l2r_listmle_train_score_relevance_0_3.csv

=== 소요 시간 ===
CSV 로드·train/val/test 분할: 0.837 s
전처리(인코딩·스케일) + 학습(train∪val L2R): 1456.718 s
추론·경계·Train·Val·Test 평가·저장(전수): 0.366 s
  └ Test severity 정답 비교(report_metrics)만: 0.000 s
전체: 1457.932 s

=== 랭킹 지표 MRR (L2R/metrics, relevance=CVSS 수치) ===
Validation MRR: 1.000000
Test MRR:       1.000000

========== l2r_xgboost ==========
[로그 파일] /home/sghan/LTR-algorithm/severity/experiment_logs/all_20260330_214454/logs/l2r_xgboost_train_score_relevance_0_3.log
[[ 5.      0.     -1.1232 -0.2859 -0.4048 -0.4294 -0.4028 -0.3939 -0.3819 -0.3086 -0.3087 -0.3104 -0.3066 -0.2778 -0.3069 -0.3074 -0.3048 -0.141  -0.2267 -0.2223 -0.292  -0.2186 -0.2439 -0.2375
  -0.1655 -0.2792 -0.1645 -0.2836 -0.2775 -0.1003 -0.1586 -0.2229 -0.2076 -0.191  -0.2113 -0.2164 -0.2154 -0.2131 -0.1907 -0.2554 -0.1859 -0.1639 -0.1722 -0.2022 -0.2015 -0.2024 -0.2159 -0.1078
  -0.1348 -0.1959 -0.1045 -0.1683 -0.131  -0.1583 -0.1597 -0.1793 -0.1657 -0.1447 -0.18   -0.1944 -0.13   -0.1296 -0.1861 -0.1174 -0.1816 -0.1538 -0.1441 -0.1347 -0.1287 -0.1412 -0.2019 -0.1842
  -0.1578 -0.5867 -0.3699 -0.7797  0.3774  1.0478  0.9286  0.8101]
 [ 5.      0.     -1.1232 -0.2859 -0.4048 -0.4294 -0.4028 -0.3939 -0.3819 -0.3086 -0.3087 -0.3104 -0.3066 -0.2778 -0.3069 -0.3074 -0.3048 -0.141  -0.2267 -0.2223 -0.292  -0.2186 -0.2439 -0.2375
  -0.1655 -0.2792 -0.1645 -0.2836 -0.2775 -0.1003 -0.1586 -0.2229 -0.2076 -0.191  -0.2113 -0.2164 -0.2154 -0.2131 -0.1907 -0.2554 -0.1859 -0.1639 -0.1722 -0.2022 -0.2015 -0.2024 -0.2159 -0.1078
  -0.1348 -0.1959 -0.1045 -0.1683 -0.131  -0.1583 -0.1597 -0.1793 -0.1657 -0.1447 -0.18   -0.1944 -0.13   -0.1296 -0.1861 -0.1174 -0.1816 -0.1538 -0.1441 -0.1347 -0.1287 -0.1412 -0.2019 -0.1842
  -0.1578 -0.5867 -0.3699 -0.7797  0.3774  1.0478  0.9286  0.8101]
 [ 5.      0.     -0.4009 -0.2859 -0.4048 -0.4294 -0.4028 -0.3939 -0.3819 -0.3086 -0.3087 -0.3104 -0.3066 -0.2778 -0.3069 -0.3074 -0.3048 -0.141  -0.2267 -0.2223 -0.292  -0.2186 -0.2439 -0.2375
  -0.1655 -0.2792 -0.1645 -0.2836 -0.2775 -0.1003 -0.1586 -0.2229 -0.2076  3.7522 -0.2113 -0.2164 -0.2154 -0.2131 -0.1907 -0.2554 -0.1859 -0.1639 -0.1722 -0.2022 -0.2015 -0.2024 -0.2159 -0.1078
  -0.1348 -0.1959 -0.1045 -0.1683 -0.131  -0.1583 -0.1597 -0.1793 -0.1657 -0.1447 -0.18   -0.1944 -0.13   -0.1296 -0.1861 -0.1174 -0.1816 -0.1538 -0.1441 -0.1347 -0.1287 -0.1412 -0.2019 -0.1842
  -0.1578 -0.0048 -0.3699 -0.7797  0.3774  1.0478  0.9286  0.8101]
 [ 5.      0.      1.6421 -0.2859 -0.4048 -0.4294 -0.4028 -0.3939 -0.3819 -0.3086 -0.3087 -0.3104 -0.3066 -0.2778 -0.3069 -0.3074 -0.3048 -0.141  -0.2267 -0.2223 -0.292  -0.2186 -0.2439 -0.2375
  -0.1655 -0.2792 -0.1645 -0.2836 -0.2775 -0.1003 -0.1586 -0.2229 -0.2076 -0.191  -0.2113 -0.2164 -0.2154 -0.2131 -0.1907 -0.2554 -0.1859 -0.1639 -0.1722 -0.2022 -0.2015 -0.2024 -0.2159 -0.1078
  -0.1348 -0.1959 -0.1045 -0.1683 -0.131  -0.1583 -0.1597 -0.1793 -0.1657 -0.1447 -0.18   -0.1944 -0.13   -0.1296 -0.1861 -0.1174 -0.1816 -0.1538 -0.1441 -0.1347 -0.1287 -0.1412 -0.2019 -0.1842
  -0.1578  1.6512 -0.3699 -0.7797  0.3774  1.0478  0.9286  0.8101]]
[xgboost] yr 원시 min/max/dtype=0.0/10.0/float32 | fit 라벨(정수) min/max/dtype=0/10/int32

[피처 중요도 로그] /home/sghan/LTR-algorithm/severity/feature_importance_train_severity_l2r_xgboost_train_score_relevance_0_3.log

[검증] L2R 점수→CVSS 매핑 MAE(참고): 2.2004

[검증] Validation (CVSS)

=== Validation (CVSS 수치) ===
MAE: 2.2004
RMSE: 2.2955
Pearson r (y_true, y_pred): 0.9721

[Train] CVSS 예측 vs 정답

=== Train (L2R score→CVSS) (CVSS 수치) ===
MAE: 2.1964
RMSE: 2.3142
Pearson r (y_true, y_pred): 0.9694

[CVSS] train L2R 점수 min/max: -7.783539 / 8.030688 (train CVSS 범위로 선형 매핑)

[Test] CVSS 예측 vs 정답

=== Test (mode=train_score_relevance_0_3) (CVSS 수치) ===
MAE: 2.2230
RMSE: 2.3170
Pearson r (y_true, y_pred): 0.9079

저장: severity/CVE_summary_separate/cve-datasets/cve_with_meaning70_l2r_xgboost_train_score_relevance_0_3.csv

=== 소요 시간 ===
CSV 로드·train/val/test 분할: 1.818 s
전처리(인코딩·스케일) + 학습(train∪val L2R): 7.541 s
추론·경계·Train·Val·Test 평가·저장(전수): 0.794 s
  └ Test severity 정답 비교(report_metrics)만: 0.001 s
전체: 10.172 s

=== 랭킹 지표 MRR (L2R/metrics, relevance=CVSS 수치) ===
Validation MRR: 1.000000
Test MRR:       1.000000

========== l2r_ranknet ==========
[로그 파일] /home/sghan/LTR-algorithm/severity/experiment_logs/all_20260330_214454/logs/l2r_ranknet_train_score_relevance_0_3.log
[[ 5.      0.     -1.1232 -0.2859 -0.4048 -0.4294 -0.4028 -0.3939 -0.3819 -0.3086 -0.3087 -0.3104 -0.3066 -0.2778 -0.3069 -0.3074 -0.3048 -0.141  -0.2267 -0.2223 -0.292  -0.2186 -0.2439 -0.2375
  -0.1655 -0.2792 -0.1645 -0.2836 -0.2775 -0.1003 -0.1586 -0.2229 -0.2076 -0.191  -0.2113 -0.2164 -0.2154 -0.2131 -0.1907 -0.2554 -0.1859 -0.1639 -0.1722 -0.2022 -0.2015 -0.2024 -0.2159 -0.1078
  -0.1348 -0.1959 -0.1045 -0.1683 -0.131  -0.1583 -0.1597 -0.1793 -0.1657 -0.1447 -0.18   -0.1944 -0.13   -0.1296 -0.1861 -0.1174 -0.1816 -0.1538 -0.1441 -0.1347 -0.1287 -0.1412 -0.2019 -0.1842
  -0.1578 -0.5867 -0.3699 -0.7797  0.3774  1.0478  0.9286  0.8101]
 [ 5.      0.     -1.1232 -0.2859 -0.4048 -0.4294 -0.4028 -0.3939 -0.3819 -0.3086 -0.3087 -0.3104 -0.3066 -0.2778 -0.3069 -0.3074 -0.3048 -0.141  -0.2267 -0.2223 -0.292  -0.2186 -0.2439 -0.2375
  -0.1655 -0.2792 -0.1645 -0.2836 -0.2775 -0.1003 -0.1586 -0.2229 -0.2076 -0.191  -0.2113 -0.2164 -0.2154 -0.2131 -0.1907 -0.2554 -0.1859 -0.1639 -0.1722 -0.2022 -0.2015 -0.2024 -0.2159 -0.1078
  -0.1348 -0.1959 -0.1045 -0.1683 -0.131  -0.1583 -0.1597 -0.1793 -0.1657 -0.1447 -0.18   -0.1944 -0.13   -0.1296 -0.1861 -0.1174 -0.1816 -0.1538 -0.1441 -0.1347 -0.1287 -0.1412 -0.2019 -0.1842
  -0.1578 -0.5867 -0.3699 -0.7797  0.3774  1.0478  0.9286  0.8101]
 [ 5.      0.     -0.4009 -0.2859 -0.4048 -0.4294 -0.4028 -0.3939 -0.3819 -0.3086 -0.3087 -0.3104 -0.3066 -0.2778 -0.3069 -0.3074 -0.3048 -0.141  -0.2267 -0.2223 -0.292  -0.2186 -0.2439 -0.2375
  -0.1655 -0.2792 -0.1645 -0.2836 -0.2775 -0.1003 -0.1586 -0.2229 -0.2076  3.7522 -0.2113 -0.2164 -0.2154 -0.2131 -0.1907 -0.2554 -0.1859 -0.1639 -0.1722 -0.2022 -0.2015 -0.2024 -0.2159 -0.1078
  -0.1348 -0.1959 -0.1045 -0.1683 -0.131  -0.1583 -0.1597 -0.1793 -0.1657 -0.1447 -0.18   -0.1944 -0.13   -0.1296 -0.1861 -0.1174 -0.1816 -0.1538 -0.1441 -0.1347 -0.1287 -0.1412 -0.2019 -0.1842
  -0.1578 -0.0048 -0.3699 -0.7797  0.3774  1.0478  0.9286  0.8101]
 [ 5.      0.      1.6421 -0.2859 -0.4048 -0.4294 -0.4028 -0.3939 -0.3819 -0.3086 -0.3087 -0.3104 -0.3066 -0.2778 -0.3069 -0.3074 -0.3048 -0.141  -0.2267 -0.2223 -0.292  -0.2186 -0.2439 -0.2375
  -0.1655 -0.2792 -0.1645 -0.2836 -0.2775 -0.1003 -0.1586 -0.2229 -0.2076 -0.191  -0.2113 -0.2164 -0.2154 -0.2131 -0.1907 -0.2554 -0.1859 -0.1639 -0.1722 -0.2022 -0.2015 -0.2024 -0.2159 -0.1078
  -0.1348 -0.1959 -0.1045 -0.1683 -0.131  -0.1583 -0.1597 -0.1793 -0.1657 -0.1447 -0.18   -0.1944 -0.13   -0.1296 -0.1861 -0.1174 -0.1816 -0.1538 -0.1441 -0.1347 -0.1287 -0.1412 -0.2019 -0.1842
  -0.1578  1.6512 -0.3699 -0.7797  0.3774  1.0478  0.9286  0.8101]]
Traning………………

Epoch:0, loss(avg) : 0.6901051156437062, Metrics: {'NDCG@1': 0.7463356396910312, 'NDCG@5': 0.841729927797376, 'NDCG@10': 0.8683048117124618, 'MAP': 0.99999977492065, 'MRR': 1.0}
Epoch:10, loss(avg) : 0.2422872515216694, Metrics: {'NDCG@1': 0.9429455540463602, 'NDCG@5': 0.9671837227793134, 'NDCG@10': 0.9724902971389665, 'MAP': 0.9999998854694309, 'MRR': 1.0}
Epoch:20, loss(avg) : 0.16159381750232993, Metrics: {'NDCG@1': 0.9699545528880509, 'NDCG@5': 0.9819770863359749, 'NDCG@10': 0.9852730959147041, 'MAP': 0.9999998793338026, 'MRR': 1.0}
Epoch:30, loss(avg) : 0.12001585126081893, Metrics: {'NDCG@1': 0.9809638440780077, 'NDCG@5': 0.9881030280984959, 'NDCG@10': 0.9899519191680954, 'MAP': 0.9999998904947631, 'MRR': 1.0}
Epoch:40, loss(avg) : 0.09119474024588595, Metrics: {'NDCG@1': 0.9877625196786658, 'NDCG@5': 0.9914283483200573, 'NDCG@10': 0.9933072725708672, 'MAP': 0.9999999044198906, 'MRR': 1.0}
Epoch:50, loss(avg) : 0.07339574344238807, Metrics: {'NDCG@1': 0.9906514723073937, 'NDCG@5': 0.9938823074597193, 'NDCG@10': 0.9950499870841554, 'MAP': 0.9999999212560792, 'MRR': 1.0}
Epoch:60, loss(avg) : 0.061868405700084735, Metrics: {'NDCG@1': 0.9918049480230137, 'NDCG@5': 0.9948847687237088, 'NDCG@10': 0.995838616058072, 'MAP': 0.9999999280545536, 'MRR': 1.0}
Epoch:70, loss(avg) : 0.05379183882126491, Metrics: {'NDCG@1': 0.9927744418719289, 'NDCG@5': 0.9952181788118996, 'NDCG@10': 0.9961919860912748, 'MAP': 0.9999999775314162, 'MRR': 1.0}
Epoch:80, loss(avg) : 0.04787084463046406, Metrics: {'NDCG@1': 0.992416418817141, 'NDCG@5': 0.995430473699685, 'NDCG@10': 0.9964398795978177, 'MAP': 0.9999999837722856, 'MRR': 1.0}
Epoch:90, loss(avg) : 0.043279901043025294, Metrics: {'NDCG@1': 0.9927700853762744, 'NDCG@5': 0.9956995445665275, 'NDCG@10': 0.996659701031345, 'MAP': 0.9999999860711902, 'MRR': 1.0}
Epoch:100, loss(avg) : 0.0397262233870386, Metrics: {'NDCG@1': 0.9936254656854736, 'NDCG@5': 0.996102298583054, 'NDCG@10': 0.996941410438629, 'MAP': 0.9999999911108681, 'MRR': 1.0}
Epoch:110, loss(avg) : 0.03688615157532457, Metrics: {'NDCG@1': 0.994063406075202, 'NDCG@5': 0.996282331240175, 'NDCG@10': 0.9971645813472603, 'MAP': 0.9999999915400307, 'MRR': 1.0}
Epoch:120, loss(avg) : 0.03458721256009272, Metrics: {'NDCG@1': 0.9944124728571305, 'NDCG@5': 0.9964596832352351, 'NDCG@10': 0.9973563908360008, 'MAP': 0.9999999916685045, 'MRR': 1.0}
Epoch:130, loss(avg) : 0.03267907175534398, Metrics: {'NDCG@1': 0.9946857217095787, 'NDCG@5': 0.9967189329733233, 'NDCG@10': 0.9974993148976375, 'MAP': 0.9999999916685045, 'MRR': 1.0}
Epoch:140, loss(avg) : 0.031093154896662218, Metrics: {'NDCG@1': 0.9953212806725281, 'NDCG@5': 0.9970189394536536, 'NDCG@10': 0.9976894477623622, 'MAP': 0.9999999917113009, 'MRR': 1.0}

[피처 중요도 로그] /home/sghan/LTR-algorithm/severity/feature_importance_train_severity_l2r_ranknet_train_score_relevance_0_3.log

[검증] L2R 점수→CVSS 매핑 MAE(참고): 2.3773

[검증] Validation (CVSS)

=== Validation (CVSS 수치) ===
MAE: 2.3773
RMSE: 2.4963
Pearson r (y_true, y_pred): 0.9392

[Train] CVSS 예측 vs 정답

=== Train (L2R score→CVSS) (CVSS 수치) ===
MAE: 2.3069
RMSE: 2.4227
Pearson r (y_true, y_pred): 0.9307

[CVSS] train L2R 점수 min/max: -30.935478 / 65.470856 (train CVSS 범위로 선형 매핑)

[Test] CVSS 예측 vs 정답

=== Test (mode=train_score_relevance_0_3) (CVSS 수치) ===
MAE: 2.2497
RMSE: 2.4007
Pearson r (y_true, y_pred): 0.8918

저장: severity/CVE_summary_separate/cve-datasets/cve_with_meaning70_l2r_ranknet_train_score_relevance_0_3.csv

=== 소요 시간 ===
CSV 로드·train/val/test 분할: 0.816 s
전처리(인코딩·스케일) + 학습(train∪val L2R): 21245.661 s
추론·경계·Train·Val·Test 평가·저장(전수): 0.394 s
  └ Test severity 정답 비교(report_metrics)만: 0.000 s
전체: 21246.880 s

=== 랭킹 지표 MRR (L2R/metrics, relevance=CVSS 수치) ===
Validation MRR: 1.000000
Test MRR:       1.000000

========== l2r_lambdarank ==========
[로그 파일] /home/sghan/LTR-algorithm/severity/experiment_logs/all_20260330_214454/logs/l2r_lambdarank_train_score_relevance_0_3.log
[[ 5.      0.     -1.1232 -0.2859 -0.4048 -0.4294 -0.4028 -0.3939 -0.3819 -0.3086 -0.3087 -0.3104 -0.3066 -0.2778 -0.3069 -0.3074 -0.3048 -0.141  -0.2267 -0.2223 -0.292  -0.2186 -0.2439 -0.2375
  -0.1655 -0.2792 -0.1645 -0.2836 -0.2775 -0.1003 -0.1586 -0.2229 -0.2076 -0.191  -0.2113 -0.2164 -0.2154 -0.2131 -0.1907 -0.2554 -0.1859 -0.1639 -0.1722 -0.2022 -0.2015 -0.2024 -0.2159 -0.1078
  -0.1348 -0.1959 -0.1045 -0.1683 -0.131  -0.1583 -0.1597 -0.1793 -0.1657 -0.1447 -0.18   -0.1944 -0.13   -0.1296 -0.1861 -0.1174 -0.1816 -0.1538 -0.1441 -0.1347 -0.1287 -0.1412 -0.2019 -0.1842
  -0.1578 -0.5867 -0.3699 -0.7797  0.3774  1.0478  0.9286  0.8101]
 [ 5.      0.     -1.1232 -0.2859 -0.4048 -0.4294 -0.4028 -0.3939 -0.3819 -0.3086 -0.3087 -0.3104 -0.3066 -0.2778 -0.3069 -0.3074 -0.3048 -0.141  -0.2267 -0.2223 -0.292  -0.2186 -0.2439 -0.2375
  -0.1655 -0.2792 -0.1645 -0.2836 -0.2775 -0.1003 -0.1586 -0.2229 -0.2076 -0.191  -0.2113 -0.2164 -0.2154 -0.2131 -0.1907 -0.2554 -0.1859 -0.1639 -0.1722 -0.2022 -0.2015 -0.2024 -0.2159 -0.1078
  -0.1348 -0.1959 -0.1045 -0.1683 -0.131  -0.1583 -0.1597 -0.1793 -0.1657 -0.1447 -0.18   -0.1944 -0.13   -0.1296 -0.1861 -0.1174 -0.1816 -0.1538 -0.1441 -0.1347 -0.1287 -0.1412 -0.2019 -0.1842
  -0.1578 -0.5867 -0.3699 -0.7797  0.3774  1.0478  0.9286  0.8101]
 [ 5.      0.     -0.4009 -0.2859 -0.4048 -0.4294 -0.4028 -0.3939 -0.3819 -0.3086 -0.3087 -0.3104 -0.3066 -0.2778 -0.3069 -0.3074 -0.3048 -0.141  -0.2267 -0.2223 -0.292  -0.2186 -0.2439 -0.2375
  -0.1655 -0.2792 -0.1645 -0.2836 -0.2775 -0.1003 -0.1586 -0.2229 -0.2076  3.7522 -0.2113 -0.2164 -0.2154 -0.2131 -0.1907 -0.2554 -0.1859 -0.1639 -0.1722 -0.2022 -0.2015 -0.2024 -0.2159 -0.1078
  -0.1348 -0.1959 -0.1045 -0.1683 -0.131  -0.1583 -0.1597 -0.1793 -0.1657 -0.1447 -0.18   -0.1944 -0.13   -0.1296 -0.1861 -0.1174 -0.1816 -0.1538 -0.1441 -0.1347 -0.1287 -0.1412 -0.2019 -0.1842
  -0.1578 -0.0048 -0.3699 -0.7797  0.3774  1.0478  0.9286  0.8101]
 [ 5.      0.      1.6421 -0.2859 -0.4048 -0.4294 -0.4028 -0.3939 -0.3819 -0.3086 -0.3087 -0.3104 -0.3066 -0.2778 -0.3069 -0.3074 -0.3048 -0.141  -0.2267 -0.2223 -0.292  -0.2186 -0.2439 -0.2375
  -0.1655 -0.2792 -0.1645 -0.2836 -0.2775 -0.1003 -0.1586 -0.2229 -0.2076 -0.191  -0.2113 -0.2164 -0.2154 -0.2131 -0.1907 -0.2554 -0.1859 -0.1639 -0.1722 -0.2022 -0.2015 -0.2024 -0.2159 -0.1078
  -0.1348 -0.1959 -0.1045 -0.1683 -0.131  -0.1583 -0.1597 -0.1793 -0.1657 -0.1447 -0.18   -0.1944 -0.13   -0.1296 -0.1861 -0.1174 -0.1816 -0.1538 -0.1441 -0.1347 -0.1287 -0.1412 -0.2019 -0.1842
  -0.1578  1.6512 -0.3699 -0.7797  0.3774  1.0478  0.9286  0.8101]]
Training .....

Epoch 0 | Train Metrics: {'NDCG@1': 0.5407009619955198, 'NDCG@5': 0.6829892485589025, 'NDCG@10': 0.7343143741934788, 'MAP': 0.9999999949651391, 'MRR': 1.0}
Epoch 1 | Train Metrics: {'NDCG@1': 0.7649505683158392, 'NDCG@5': 0.8541873866201866, 'NDCG@10': 0.8780398855106819, 'MAP': 0.99999977446841, 'MRR': 1.0}
Epoch 2 | Train Metrics: {'NDCG@1': 0.37632008950179685, 'NDCG@5': 0.5482842717713354, 'NDCG@10': 0.6115999531652654, 'MAP': 0.9999999626387902, 'MRR': 1.0}
/home/sghan/LTR-algorithm/L2R/lambdaRank.py:131: RuntimeWarning: overflow encountered in exp
  rho = 1 / (1 + np.exp(temp_scores[i] - temp_scores[j]))
Epoch 3 | Train Metrics: {'NDCG@1': 0.7056478567540679, 'NDCG@5': 0.8179996444053874, 'NDCG@10': 0.8487737885091017, 'MAP': 0.999999732003431, 'MRR': 1.0}
Epoch 4 | Train Metrics: {'NDCG@1': 0.34517546656858755, 'NDCG@5': 0.542580150084561, 'NDCG@10': 0.6116639983507098, 'MAP': 0.9999999567310587, 'MRR': 1.0}
Epoch 5 | Train Metrics: {'NDCG@1': 0.7046364328909285, 'NDCG@5': 0.8075924463328639, 'NDCG@10': 0.8403259814135299, 'MAP': 0.9999998624830272, 'MRR': 1.0}
Epoch 6 | Train Metrics: {'NDCG@1': 0.41752305263015754, 'NDCG@5': 0.6047095480915363, 'NDCG@10': 0.66838878284106, 'MAP': 0.9999999634916775, 'MRR': 1.0}
Epoch 7 | Train Metrics: {'NDCG@1': 0.4526659001884512, 'NDCG@5': 0.6080768932033841, 'NDCG@10': 0.6642607408890701, 'MAP': 0.9999998841089919, 'MRR': 1.0}
/home/sghan/LTR-algorithm/L2R/lambdaRank.py:131: RuntimeWarning: invalid value encountered in scalar subtract
  rho = 1 / (1 + np.exp(temp_scores[i] - temp_scores[j]))
Epoch 8 | Train Metrics: {'NDCG@1': 0.49705229704664744, 'NDCG@5': 0.6513266465277185, 'NDCG@10': 0.7045117057525666, 'MAP': 0.9999999935805701, 'MRR': 1.0}
Epoch 9 | Train Metrics: {'NDCG@1': 0.4914262103475207, 'NDCG@5': 0.6474299651960249, 'NDCG@10': 0.7012538778669429, 'MAP': 0.9999999926492861, 'MRR': 1.0}
Epoch 10 | Train Metrics: {'NDCG@1': 0.4914262103475207, 'NDCG@5': 0.6474299651960249, 'NDCG@10': 0.7012538778669429, 'MAP': 0.9999999926492861, 'MRR': 1.0}
Epoch 11 | Train Metrics: {'NDCG@1': 0.4914262103475207, 'NDCG@5': 0.6474299651960249, 'NDCG@10': 0.7012538778669429, 'MAP': 0.9999999926492861, 'MRR': 1.0}
Epoch 12 | Train Metrics: {'NDCG@1': 0.4914262103475207, 'NDCG@5': 0.6474299651960249, 'NDCG@10': 0.7012538778669429, 'MAP': 0.9999999926492861, 'MRR': 1.0}
Epoch 13 | Train Metrics: {'NDCG@1': 0.4914262103475207, 'NDCG@5': 0.6474299651960249, 'NDCG@10': 0.7012538778669429, 'MAP': 0.9999999926492861, 'MRR': 1.0}
Epoch 14 | Train Metrics: {'NDCG@1': 0.4914262103475207, 'NDCG@5': 0.6474299651960249, 'NDCG@10': 0.7012538778669429, 'MAP': 0.9999999926492861, 'MRR': 1.0}
Epoch 15 | Train Metrics: {'NDCG@1': 0.4914262103475207, 'NDCG@5': 0.6474299651960249, 'NDCG@10': 0.7012538778669429, 'MAP': 0.9999999926492861, 'MRR': 1.0}
Epoch 16 | Train Metrics: {'NDCG@1': 0.4914262103475207, 'NDCG@5': 0.6474299651960249, 'NDCG@10': 0.7012538778669429, 'MAP': 0.9999999926492861, 'MRR': 1.0}
Epoch 17 | Train Metrics: {'NDCG@1': 0.4914262103475207, 'NDCG@5': 0.6474299651960249, 'NDCG@10': 0.7012538778669429, 'MAP': 0.9999999926492861, 'MRR': 1.0}
Epoch 18 | Train Metrics: {'NDCG@1': 0.4914262103475207, 'NDCG@5': 0.6474299651960249, 'NDCG@10': 0.7012538778669429, 'MAP': 0.9999999926492861, 'MRR': 1.0}
Epoch 19 | Train Metrics: {'NDCG@1': 0.4914262103475207, 'NDCG@5': 0.6474299651960249, 'NDCG@10': 0.7012538778669429, 'MAP': 0.9999999926492861, 'MRR': 1.0}
Epoch 20 | Train Metrics: {'NDCG@1': 0.4914262103475207, 'NDCG@5': 0.6474299651960249, 'NDCG@10': 0.7012538778669429, 'MAP': 0.9999999926492861, 'MRR': 1.0}
Epoch 21 | Train Metrics: {'NDCG@1': 0.4914262103475207, 'NDCG@5': 0.6474299651960249, 'NDCG@10': 0.7012538778669429, 'MAP': 0.9999999926492861, 'MRR': 1.0}
Epoch 22 | Train Metrics: {'NDCG@1': 0.4914262103475207, 'NDCG@5': 0.6474299651960249, 'NDCG@10': 0.7012538778669429, 'MAP': 0.9999999926492861, 'MRR': 1.0}
Epoch 23 | Train Metrics: {'NDCG@1': 0.4914262103475207, 'NDCG@5': 0.6474299651960249, 'NDCG@10': 0.7012538778669429, 'MAP': 0.9999999926492861, 'MRR': 1.0}
Epoch 24 | Train Metrics: {'NDCG@1': 0.4914262103475207, 'NDCG@5': 0.6474299651960249, 'NDCG@10': 0.7012538778669429, 'MAP': 0.9999999926492861, 'MRR': 1.0}
Epoch 25 | Train Metrics: {'NDCG@1': 0.4914262103475207, 'NDCG@5': 0.6474299651960249, 'NDCG@10': 0.7012538778669429, 'MAP': 0.9999999926492861, 'MRR': 1.0}
Epoch 26 | Train Metrics: {'NDCG@1': 0.4914262103475207, 'NDCG@5': 0.6474299651960249, 'NDCG@10': 0.7012538778669429, 'MAP': 0.9999999926492861, 'MRR': 1.0}
Epoch 27 | Train Metrics: {'NDCG@1': 0.4914262103475207, 'NDCG@5': 0.6474299651960249, 'NDCG@10': 0.7012538778669429, 'MAP': 0.9999999926492861, 'MRR': 1.0}
Epoch 28 | Train Metrics: {'NDCG@1': 0.4914262103475207, 'NDCG@5': 0.6474299651960249, 'NDCG@10': 0.7012538778669429, 'MAP': 0.9999999926492861, 'MRR': 1.0}
Epoch 29 | Train Metrics: {'NDCG@1': 0.4914262103475207, 'NDCG@5': 0.6474299651960249, 'NDCG@10': 0.7012538778669429, 'MAP': 0.9999999926492861, 'MRR': 1.0}
Epoch 30 | Train Metrics: {'NDCG@1': 0.4914262103475207, 'NDCG@5': 0.6474299651960249, 'NDCG@10': 0.7012538778669429, 'MAP': 0.9999999926492861, 'MRR': 1.0}
Epoch 31 | Train Metrics: {'NDCG@1': 0.4914262103475207, 'NDCG@5': 0.6474299651960249, 'NDCG@10': 0.7012538778669429, 'MAP': 0.9999999926492861, 'MRR': 1.0}
Epoch 32 | Train Metrics: {'NDCG@1': 0.4914262103475207, 'NDCG@5': 0.6474299651960249, 'NDCG@10': 0.7012538778669429, 'MAP': 0.9999999926492861, 'MRR': 1.0}
Epoch 33 | Train Metrics: {'NDCG@1': 0.4914262103475207, 'NDCG@5': 0.6474299651960249, 'NDCG@10': 0.7012538778669429, 'MAP': 0.9999999926492861, 'MRR': 1.0}
Epoch 34 | Train Metrics: {'NDCG@1': 0.4914262103475207, 'NDCG@5': 0.6474299651960249, 'NDCG@10': 0.7012538778669429, 'MAP': 0.9999999926492861, 'MRR': 1.0}
Epoch 35 | Train Metrics: {'NDCG@1': 0.4914262103475207, 'NDCG@5': 0.6474299651960249, 'NDCG@10': 0.7012538778669429, 'MAP': 0.9999999926492861, 'MRR': 1.0}
Epoch 36 | Train Metrics: {'NDCG@1': 0.4914262103475207, 'NDCG@5': 0.6474299651960249, 'NDCG@10': 0.7012538778669429, 'MAP': 0.9999999926492861, 'MRR': 1.0}
Epoch 37 | Train Metrics: {'NDCG@1': 0.4914262103475207, 'NDCG@5': 0.6474299651960249, 'NDCG@10': 0.7012538778669429, 'MAP': 0.9999999926492861, 'MRR': 1.0}
Epoch 38 | Train Metrics: {'NDCG@1': 0.4914262103475207, 'NDCG@5': 0.6474299651960249, 'NDCG@10': 0.7012538778669429, 'MAP': 0.9999999926492861, 'MRR': 1.0}
Epoch 39 | Train Metrics: {'NDCG@1': 0.4914262103475207, 'NDCG@5': 0.6474299651960249, 'NDCG@10': 0.7012538778669429, 'MAP': 0.9999999926492861, 'MRR': 1.0}
Epoch 40 | Train Metrics: {'NDCG@1': 0.4914262103475207, 'NDCG@5': 0.6474299651960249, 'NDCG@10': 0.7012538778669429, 'MAP': 0.9999999926492861, 'MRR': 1.0}
Epoch 41 | Train Metrics: {'NDCG@1': 0.4914262103475207, 'NDCG@5': 0.6474299651960249, 'NDCG@10': 0.7012538778669429, 'MAP': 0.9999999926492861, 'MRR': 1.0}
Epoch 42 | Train Metrics: {'NDCG@1': 0.4914262103475207, 'NDCG@5': 0.6474299651960249, 'NDCG@10': 0.7012538778669429, 'MAP': 0.9999999926492861, 'MRR': 1.0}
Epoch 43 | Train Metrics: {'NDCG@1': 0.4914262103475207, 'NDCG@5': 0.6474299651960249, 'NDCG@10': 0.7012538778669429, 'MAP': 0.9999999926492861, 'MRR': 1.0}
Epoch 44 | Train Metrics: {'NDCG@1': 0.4914262103475207, 'NDCG@5': 0.6474299651960249, 'NDCG@10': 0.7012538778669429, 'MAP': 0.9999999926492861, 'MRR': 1.0}
Epoch 45 | Train Metrics: {'NDCG@1': 0.4914262103475207, 'NDCG@5': 0.6474299651960249, 'NDCG@10': 0.7012538778669429, 'MAP': 0.9999999926492861, 'MRR': 1.0}
Epoch 46 | Train Metrics: {'NDCG@1': 0.4914262103475207, 'NDCG@5': 0.6474299651960249, 'NDCG@10': 0.7012538778669429, 'MAP': 0.9999999926492861, 'MRR': 1.0}
Epoch 47 | Train Metrics: {'NDCG@1': 0.4914262103475207, 'NDCG@5': 0.6474299651960249, 'NDCG@10': 0.7012538778669429, 'MAP': 0.9999999926492861, 'MRR': 1.0}
Epoch 48 | Train Metrics: {'NDCG@1': 0.4914262103475207, 'NDCG@5': 0.6474299651960249, 'NDCG@10': 0.7012538778669429, 'MAP': 0.9999999926492861, 'MRR': 1.0}
Epoch 49 | Train Metrics: {'NDCG@1': 0.4914262103475207, 'NDCG@5': 0.6474299651960249, 'NDCG@10': 0.7012538778669429, 'MAP': 0.9999999926492861, 'MRR': 1.0}
Epoch 50 | Train Metrics: {'NDCG@1': 0.4914262103475207, 'NDCG@5': 0.6474299651960249, 'NDCG@10': 0.7012538778669429, 'MAP': 0.9999999926492861, 'MRR': 1.0}
Epoch 51 | Train Metrics: {'NDCG@1': 0.4914262103475207, 'NDCG@5': 0.6474299651960249, 'NDCG@10': 0.7012538778669429, 'MAP': 0.9999999926492861, 'MRR': 1.0}
Epoch 52 | Train Metrics: {'NDCG@1': 0.4914262103475207, 'NDCG@5': 0.6474299651960249, 'NDCG@10': 0.7012538778669429, 'MAP': 0.9999999926492861, 'MRR': 1.0}
Epoch 53 | Train Metrics: {'NDCG@1': 0.4914262103475207, 'NDCG@5': 0.6474299651960249, 'NDCG@10': 0.7012538778669429, 'MAP': 0.9999999926492861, 'MRR': 1.0}
Epoch 54 | Train Metrics: {'NDCG@1': 0.4914262103475207, 'NDCG@5': 0.6474299651960249, 'NDCG@10': 0.7012538778669429, 'MAP': 0.9999999926492861, 'MRR': 1.0}
Epoch 55 | Train Metrics: {'NDCG@1': 0.4914262103475207, 'NDCG@5': 0.6474299651960249, 'NDCG@10': 0.7012538778669429, 'MAP': 0.9999999926492861, 'MRR': 1.0}
Epoch 56 | Train Metrics: {'NDCG@1': 0.4914262103475207, 'NDCG@5': 0.6474299651960249, 'NDCG@10': 0.7012538778669429, 'MAP': 0.9999999926492861, 'MRR': 1.0}
Epoch 57 | Train Metrics: {'NDCG@1': 0.4914262103475207, 'NDCG@5': 0.6474299651960249, 'NDCG@10': 0.7012538778669429, 'MAP': 0.9999999926492861, 'MRR': 1.0}
Epoch 58 | Train Metrics: {'NDCG@1': 0.4914262103475207, 'NDCG@5': 0.6474299651960249, 'NDCG@10': 0.7012538778669429, 'MAP': 0.9999999926492861, 'MRR': 1.0}
Epoch 59 | Train Metrics: {'NDCG@1': 0.4914262103475207, 'NDCG@5': 0.6474299651960249, 'NDCG@10': 0.7012538778669429, 'MAP': 0.9999999926492861, 'MRR': 1.0}
Epoch 60 | Train Metrics: {'NDCG@1': 0.4914262103475207, 'NDCG@5': 0.6474299651960249, 'NDCG@10': 0.7012538778669429, 'MAP': 0.9999999926492861, 'MRR': 1.0}
Epoch 61 | Train Metrics: {'NDCG@1': 0.4914262103475207, 'NDCG@5': 0.6474299651960249, 'NDCG@10': 0.7012538778669429, 'MAP': 0.9999999926492861, 'MRR': 1.0}
Epoch 62 | Train Metrics: {'NDCG@1': 0.4914262103475207, 'NDCG@5': 0.6474299651960249, 'NDCG@10': 0.7012538778669429, 'MAP': 0.9999999926492861, 'MRR': 1.0}
Epoch 63 | Train Metrics: {'NDCG@1': 0.4914262103475207, 'NDCG@5': 0.6474299651960249, 'NDCG@10': 0.7012538778669429, 'MAP': 0.9999999926492861, 'MRR': 1.0}
Epoch 64 | Train Metrics: {'NDCG@1': 0.4914262103475207, 'NDCG@5': 0.6474299651960249, 'NDCG@10': 0.7012538778669429, 'MAP': 0.9999999926492861, 'MRR': 1.0}
Epoch 65 | Train Metrics: {'NDCG@1': 0.4914262103475207, 'NDCG@5': 0.6474299651960249, 'NDCG@10': 0.7012538778669429, 'MAP': 0.9999999926492861, 'MRR': 1.0}
Epoch 66 | Train Metrics: {'NDCG@1': 0.4914262103475207, 'NDCG@5': 0.6474299651960249, 'NDCG@10': 0.7012538778669429, 'MAP': 0.9999999926492861, 'MRR': 1.0}
Epoch 67 | Train Metrics: {'NDCG@1': 0.4914262103475207, 'NDCG@5': 0.6474299651960249, 'NDCG@10': 0.7012538778669429, 'MAP': 0.9999999926492861, 'MRR': 1.0}
Epoch 68 | Train Metrics: {'NDCG@1': 0.4914262103475207, 'NDCG@5': 0.6474299651960249, 'NDCG@10': 0.7012538778669429, 'MAP': 0.9999999926492861, 'MRR': 1.0}
Epoch 69 | Train Metrics: {'NDCG@1': 0.4914262103475207, 'NDCG@5': 0.6474299651960249, 'NDCG@10': 0.7012538778669429, 'MAP': 0.9999999926492861, 'MRR': 1.0}
Epoch 70 | Train Metrics: {'NDCG@1': 0.4914262103475207, 'NDCG@5': 0.6474299651960249, 'NDCG@10': 0.7012538778669429, 'MAP': 0.9999999926492861, 'MRR': 1.0}
Epoch 71 | Train Metrics: {'NDCG@1': 0.4914262103475207, 'NDCG@5': 0.6474299651960249, 'NDCG@10': 0.7012538778669429, 'MAP': 0.9999999926492861, 'MRR': 1.0}
Epoch 72 | Train Metrics: {'NDCG@1': 0.4914262103475207, 'NDCG@5': 0.6474299651960249, 'NDCG@10': 0.7012538778669429, 'MAP': 0.9999999926492861, 'MRR': 1.0}
Epoch 73 | Train Metrics: {'NDCG@1': 0.4914262103475207, 'NDCG@5': 0.6474299651960249, 'NDCG@10': 0.7012538778669429, 'MAP': 0.9999999926492861, 'MRR': 1.0}
Epoch 74 | Train Metrics: {'NDCG@1': 0.4914262103475207, 'NDCG@5': 0.6474299651960249, 'NDCG@10': 0.7012538778669429, 'MAP': 0.9999999926492861, 'MRR': 1.0}
Epoch 75 | Train Metrics: {'NDCG@1': 0.4914262103475207, 'NDCG@5': 0.6474299651960249, 'NDCG@10': 0.7012538778669429, 'MAP': 0.9999999926492861, 'MRR': 1.0}
Epoch 76 | Train Metrics: {'NDCG@1': 0.4914262103475207, 'NDCG@5': 0.6474299651960249, 'NDCG@10': 0.7012538778669429, 'MAP': 0.9999999926492861, 'MRR': 1.0}
Epoch 77 | Train Metrics: {'NDCG@1': 0.4914262103475207, 'NDCG@5': 0.6474299651960249, 'NDCG@10': 0.7012538778669429, 'MAP': 0.9999999926492861, 'MRR': 1.0}
Epoch 78 | Train Metrics: {'NDCG@1': 0.4914262103475207, 'NDCG@5': 0.6474299651960249, 'NDCG@10': 0.7012538778669429, 'MAP': 0.9999999926492861, 'MRR': 1.0}
Epoch 79 | Train Metrics: {'NDCG@1': 0.4914262103475207, 'NDCG@5': 0.6474299651960249, 'NDCG@10': 0.7012538778669429, 'MAP': 0.9999999926492861, 'MRR': 1.0}
Epoch 80 | Train Metrics: {'NDCG@1': 0.4914262103475207, 'NDCG@5': 0.6474299651960249, 'NDCG@10': 0.7012538778669429, 'MAP': 0.9999999926492861, 'MRR': 1.0}
Epoch 81 | Train Metrics: {'NDCG@1': 0.4914262103475207, 'NDCG@5': 0.6474299651960249, 'NDCG@10': 0.7012538778669429, 'MAP': 0.9999999926492861, 'MRR': 1.0}
Epoch 82 | Train Metrics: {'NDCG@1': 0.4914262103475207, 'NDCG@5': 0.6474299651960249, 'NDCG@10': 0.7012538778669429, 'MAP': 0.9999999926492861, 'MRR': 1.0}
Epoch 83 | Train Metrics: {'NDCG@1': 0.4914262103475207, 'NDCG@5': 0.6474299651960249, 'NDCG@10': 0.7012538778669429, 'MAP': 0.9999999926492861, 'MRR': 1.0}
Epoch 84 | Train Metrics: {'NDCG@1': 0.4914262103475207, 'NDCG@5': 0.6474299651960249, 'NDCG@10': 0.7012538778669429, 'MAP': 0.9999999926492861, 'MRR': 1.0}
Epoch 85 | Train Metrics: {'NDCG@1': 0.4914262103475207, 'NDCG@5': 0.6474299651960249, 'NDCG@10': 0.7012538778669429, 'MAP': 0.9999999926492861, 'MRR': 1.0}
Epoch 86 | Train Metrics: {'NDCG@1': 0.4914262103475207, 'NDCG@5': 0.6474299651960249, 'NDCG@10': 0.7012538778669429, 'MAP': 0.9999999926492861, 'MRR': 1.0}
Epoch 87 | Train Metrics: {'NDCG@1': 0.4914262103475207, 'NDCG@5': 0.6474299651960249, 'NDCG@10': 0.7012538778669429, 'MAP': 0.9999999926492861, 'MRR': 1.0}
Epoch 88 | Train Metrics: {'NDCG@1': 0.4914262103475207, 'NDCG@5': 0.6474299651960249, 'NDCG@10': 0.7012538778669429, 'MAP': 0.9999999926492861, 'MRR': 1.0}
Epoch 89 | Train Metrics: {'NDCG@1': 0.4914262103475207, 'NDCG@5': 0.6474299651960249, 'NDCG@10': 0.7012538778669429, 'MAP': 0.9999999926492861, 'MRR': 1.0}
Epoch 90 | Train Metrics: {'NDCG@1': 0.4914262103475207, 'NDCG@5': 0.6474299651960249, 'NDCG@10': 0.7012538778669429, 'MAP': 0.9999999926492861, 'MRR': 1.0}
Epoch 91 | Train Metrics: {'NDCG@1': 0.4914262103475207, 'NDCG@5': 0.6474299651960249, 'NDCG@10': 0.7012538778669429, 'MAP': 0.9999999926492861, 'MRR': 1.0}
Epoch 92 | Train Metrics: {'NDCG@1': 0.4914262103475207, 'NDCG@5': 0.6474299651960249, 'NDCG@10': 0.7012538778669429, 'MAP': 0.9999999926492861, 'MRR': 1.0}
Epoch 93 | Train Metrics: {'NDCG@1': 0.4914262103475207, 'NDCG@5': 0.6474299651960249, 'NDCG@10': 0.7012538778669429, 'MAP': 0.9999999926492861, 'MRR': 1.0}
Epoch 94 | Train Metrics: {'NDCG@1': 0.4914262103475207, 'NDCG@5': 0.6474299651960249, 'NDCG@10': 0.7012538778669429, 'MAP': 0.9999999926492861, 'MRR': 1.0}
Epoch 95 | Train Metrics: {'NDCG@1': 0.4914262103475207, 'NDCG@5': 0.6474299651960249, 'NDCG@10': 0.7012538778669429, 'MAP': 0.9999999926492861, 'MRR': 1.0}
Epoch 96 | Train Metrics: {'NDCG@1': 0.4914262103475207, 'NDCG@5': 0.6474299651960249, 'NDCG@10': 0.7012538778669429, 'MAP': 0.9999999926492861, 'MRR': 1.0}
Epoch 97 | Train Metrics: {'NDCG@1': 0.4914262103475207, 'NDCG@5': 0.6474299651960249, 'NDCG@10': 0.7012538778669429, 'MAP': 0.9999999926492861, 'MRR': 1.0}
Epoch 98 | Train Metrics: {'NDCG@1': 0.4914262103475207, 'NDCG@5': 0.6474299651960249, 'NDCG@10': 0.7012538778669429, 'MAP': 0.9999999926492861, 'MRR': 1.0}
Epoch 99 | Train Metrics: {'NDCG@1': 0.4914262103475207, 'NDCG@5': 0.6474299651960249, 'NDCG@10': 0.7012538778669429, 'MAP': 0.9999999926492861, 'MRR': 1.0}
Epoch 100 | Train Metrics: {'NDCG@1': 0.4914262103475207, 'NDCG@5': 0.6474299651960249, 'NDCG@10': 0.7012538778669429, 'MAP': 0.9999999926492861, 'MRR': 1.0}
Epoch 101 | Train Metrics: {'NDCG@1': 0.4914262103475207, 'NDCG@5': 0.6474299651960249, 'NDCG@10': 0.7012538778669429, 'MAP': 0.9999999926492861, 'MRR': 1.0}
Epoch 102 | Train Metrics: {'NDCG@1': 0.4914262103475207, 'NDCG@5': 0.6474299651960249, 'NDCG@10': 0.7012538778669429, 'MAP': 0.9999999926492861, 'MRR': 1.0}
Epoch 103 | Train Metrics: {'NDCG@1': 0.4914262103475207, 'NDCG@5': 0.6474299651960249, 'NDCG@10': 0.7012538778669429, 'MAP': 0.9999999926492861, 'MRR': 1.0}
