[로그 파일] /home/sghan/LTR-algorithm/severity/experiment_logs/all_20260330_210434/logs/anomaly_sequence_ae_train_score_relevance_0_3.log

[피처 중요도 로그] /home/sghan/LTR-algorithm/severity/feature_importance_train_severity_anomaly_sequence_ae_train_score_relevance_0_3.log

[검증] 이상 점수→CVSS 매핑 MAE(참고): 6.1863

[검증] Validation (CVSS)

=== Validation (CVSS 수치) ===
MAE: 6.1863
RMSE: 6.5275
Pearson r (y_true, y_pred): 0.0694

[Train] CVSS 예측 vs 정답

=== Train (score→CVSS map) (CVSS 수치) ===
MAE: 5.9977
RMSE: 6.3169
Pearson r (y_true, y_pred): 0.0172

[CVSS] train 이상 점수 min/max: 0.074474 / 186.227661 (train CVSS min/max로 선형 매핑)

[Test] CVSS 예측 vs 정답

=== Test (mode=train_score_relevance_0_3) (CVSS 수치) ===
MAE: 5.6135
RMSE: 5.9214
Pearson r (y_true, y_pred): 0.0624

저장: severity/CVE_summary_separate/cve-datasets/cve_with_meaning70_anomaly_sequence_ae_train_score_relevance_0_3.csv

=== 소요 시간 ===
CSV 로드·train/val/test 분할: 0.573 s
전처리(인코딩·스케일) + 학습(train∪val): 490.833 s
추론·경계·평가·저장(전수): 1.031 s
  └ Test severity 정답 비교(report_metrics)만: 0.000 s
전체: 492.437 s

=== 랭킹 지표 MRR (relevance=CVSS 수치) ===
Validation MRR: 1.000000
Test MRR:       1.000000
