# train_severity_l2r_rank 2026-03-29T11:58:14.961819
# model=ranknet test_mode=train_thresholds csv=severity/logging_monitoring_anomalies.csv
# config=/home/work/lab_project/severity/experiment_config.yaml

[로그 파일] /home/work/lab_project/severity/experiment_logs/all_20260329_115624/logs/l2r_ranknet_train_thresholds.log
[[ 0.      0.     -0.8351 -1.7189  1.4577  0.122   1.0859  0.5791 -1.2547  1.2696 -1.309   1.1615  1.3574  0.7751 -1.7115 -0.1346 -0.9621 -1.3686  1.0604  0.8664  0.7023  0.882   1.3367 -0.8785
   0.4453  0.4473  0.635   0.7097 -1.3365 -0.7106]
 [ 1.      0.      0.1243 -0.3186 -1.2696 -1.2888  0.3412  0.4589  1.4455 -0.1913  0.2913 -1.2219  1.3574  0.6019  1.7109 -1.085  -1.6556  1.5471 -0.5     0.8664 -1.4193 -0.881  -0.4545  1.4664
  -0.45    0.4473 -0.2115  0.0033  1.3381 -1.4171]
 [ 2.      0.      0.9625  0.3535 -1.2696  0.12    0.1687  1.4359 -1.1057 -0.4565  1.3232 -0.0269 -0.5194  0.6019 -0.9671 -0.9529  0.4249 -0.0661  0.493   0.518  -0.7121 -0.2933 -1.3501 -1.4647
   1.3406 -1.3473  0.1516  0.7097 -0.445   1.409 ]
 [ 1.      0.     -1.6167 -1.2117 -0.1787 -0.6923 -1.2574 -0.5276 -0.8082  0.3122  0.5782  1.5341 -0.6584  1.1216 -1.1053  0.515  -0.442  -0.3785  0.7767 -1.5721  0.7023 -1.4687  1.3367 -0.8785
   0.4453 -1.3473  1.5224  0.7097 -1.3365  1.409 ]]
Traning………………

/home/work/lab_project/L2R/RankNet.py:214: UserWarning: Converting a tensor with requires_grad=True to a scalar may lead to unexpected behavior.
Consider using tensor.detach() first. (Triggered internally at /opt/pytorch/pytorch/aten/src/ATen/native/Scalar.cpp:22.)
  score = -loss.item()
Epoch:0, loss : 0.7004647254943848, Metrics: {'NDCG@1': 0.40814285714285714, 'NDCG@5': 0.4006912941824141, 'NDCG@10': 0.40147381070725136, 'MAP': 0.7687548685900861, 'MRR': 0.8690999999999999}
Epoch:10, loss : 0.6926790475845337, Metrics: {'NDCG@1': 0.4162857142857143, 'NDCG@5': 0.4168259180050217, 'NDCG@10': 0.4158800471390677, 'MAP': 0.7766369887748573, 'MRR': 0.8791166666666667}
Epoch:20, loss : 0.6904445886611938, Metrics: {'NDCG@1': 0.4621428571428572, 'NDCG@5': 0.45165902448455664, 'NDCG@10': 0.4408613081904553, 'MAP': 0.7876794909394361, 'MRR': 0.8975833333333334}
Epoch:30, loss : 0.6874969601631165, Metrics: {'NDCG@1': 0.5274285714285715, 'NDCG@5': 0.484440490137067, 'NDCG@10': 0.4686607808244789, 'MAP': 0.7944947244975252, 'MRR': 0.9205833333333334}
