# train_severity_l2r_rank 2026-03-29T11:56:27.567194
# model=listnet test_mode=train_thresholds csv=severity/logging_monitoring_anomalies.csv
# config=/home/work/lab_project/severity/experiment_config.yaml

[로그 파일] /home/work/lab_project/severity/experiment_logs/all_20260329_115624/logs/l2r_listnet_train_thresholds.log
[[ 0.      0.     -0.8351 -1.7189  1.4577  0.122   1.0859  0.5791 -1.2547  1.2696 -1.309   1.1615  1.3574  0.7751 -1.7115 -0.1346 -0.9621 -1.3686  1.0604  0.8664  0.7023  0.882   1.3367 -0.8785
   0.4453  0.4473  0.635   0.7097 -1.3365 -0.7106]
 [ 1.      0.      0.1243 -0.3186 -1.2696 -1.2888  0.3412  0.4589  1.4455 -0.1913  0.2913 -1.2219  1.3574  0.6019  1.7109 -1.085  -1.6556  1.5471 -0.5     0.8664 -1.4193 -0.881  -0.4545  1.4664
  -0.45    0.4473 -0.2115  0.0033  1.3381 -1.4171]
 [ 2.      0.      0.9625  0.3535 -1.2696  0.12    0.1687  1.4359 -1.1057 -0.4565  1.3232 -0.0269 -0.5194  0.6019 -0.9671 -0.9529  0.4249 -0.0661  0.493   0.518  -0.7121 -0.2933 -1.3501 -1.4647
   1.3406 -1.3473  0.1516  0.7097 -0.445   1.409 ]
 [ 1.      0.     -1.6167 -1.2117 -0.1787 -0.6923 -1.2574 -0.5276 -0.8082  0.3122  0.5782  1.5341 -0.6584  1.1216 -1.1053  0.515  -0.442  -0.3785  0.7767 -1.5721  0.7023 -1.4687  1.3367 -0.8785
   0.4453 -1.3473  1.5224  0.7097 -1.3365  1.409 ]]
ListNet Epoch 0 | Metrics: {'NDCG@1': 0.38708297690333615, 'NDCG@5': 0.38852265833524674, 'NDCG@10': 0.3953257470186826, 'MAP': 0.7590037540938934, 'MRR': 0.8701097804391218}
ListNet Epoch 1 | Metrics: {'NDCG@1': 0.3840889649272883, 'NDCG@5': 0.38516747005169466, 'NDCG@10': 0.39205878799721666, 'MAP': 0.7596561751437013, 'MRR': 0.8625748502994013}
ListNet Epoch 2 | Metrics: {'NDCG@1': 0.41317365269461076, 'NDCG@5': 0.3868005234178903, 'NDCG@10': 0.3903028951742971, 'MAP': 0.761099533514549, 'MRR': 0.8713572854291416}
ListNet Epoch 3 | Metrics: {'NDCG@1': 0.3840889649272883, 'NDCG@5': 0.395101639430115, 'NDCG@10': 0.3914571530325194, 'MAP': 0.7623418930934416, 'MRR': 0.8779940119760479}
ListNet Epoch 4 | Metrics: {'NDCG@1': 0.38023952095808383, 'NDCG@5': 0.3928262843472467, 'NDCG@10': 0.3907593742372345, 'MAP': 0.7623952716905245, 'MRR': 0.8872255489021957}
ListNet Epoch 5 | Metrics: {'NDCG@1': 0.37125748502994016, 'NDCG@5': 0.39103652386440074, 'NDCG@10': 0.38963552145867536, 'MAP': 0.7621833079015365, 'MRR': 0.8808383233532936}
ListNet Epoch 6 | Metrics: {'NDCG@1': 0.37553464499572287, 'NDCG@5': 0.3914144242487067, 'NDCG@10': 0.38889698151562296, 'MAP': 0.7617823589260824, 'MRR': 0.8797405189620758}
ListNet Epoch 7 | Metrics: {'NDCG@1': 0.39221556886227543, 'NDCG@5': 0.38880279103264104, 'NDCG@10': 0.38759591610166705, 'MAP': 0.7614899409805224, 'MRR': 0.8752495009980041}
ListNet Epoch 8 | Metrics: {'NDCG@1': 0.4118905047048759, 'NDCG@5': 0.3878557426904261, 'NDCG@10': 0.3838755427347282, 'MAP': 0.7616104787061784, 'MRR': 0.8784930139720558}

[피처 중요도 로그] /home/work/lab_project/severity/feature_importance_train_severity_l2r_listnet_train_thresholds.log

[검증] train score 경계(threshold) 기준 분류 정확도(참고): 0.2487

[Train] 실제 Severity와 비교

=== Train (train_thresholds) ===
Accuracy: 0.2570
Macro precision: 0.2570
Macro recall: 0.2570
Macro F1: 0.2570
Weighted precision: 0.2570
Weighted recall: 0.2570
Weighted F1: 0.2570
              precision    recall  f1-score   support

    Critical     0.2705    0.2705    0.2705     15114
        High     0.2503    0.2503    0.2503     15048
      Medium     0.2446    0.2446    0.2446     14906
         Low     0.2624    0.2624    0.2624     14932

    accuracy                         0.2570     60000
   macro avg     0.2570    0.2570    0.2570     60000
weighted avg     0.2570    0.2570    0.2570     60000


Train에서 추정한 score 경계(내림차순 상위부터 Critical→…): [0.115896 0.084719 0.054082]
(참고) train score min/max: -0.145137 / 0.294490

[Test] 실제 Severity와 비교

=== Test (mode=train_thresholds) ===
Accuracy: 0.2519
Macro precision: 0.2513
Macro recall: 0.2516
Macro F1: 0.2507
Weighted precision: 0.2513
Weighted recall: 0.2519
Weighted F1: 0.2508
              precision    recall  f1-score   support

    Critical     0.2598    0.2919    0.2749      5108
        High     0.2497    0.2665    0.2578      4920
      Medium     0.2522    0.2457    0.2489      5027
         Low     0.2433    0.2024    0.2210      4945

    accuracy                         0.2519     20000
   macro avg     0.2513    0.2516    0.2507     20000
weighted avg     0.2513    0.2519    0.2508     20000


저장: severity/logging_monitoring_anomalies_l2r_listnet_train_thresholds.csv

=== 소요 시간 ===
CSV 로드·train/val/test 분할: 0.358 s
전처리(인코딩·스케일) + 학습(train∪val L2R): 8.597 s
추론·경계·Train·Val·Test 평가·저장(전수): 2.033 s
  └ Test severity 정답 비교(report_metrics)만: 0.376 s
전체: 11.457 s

=== 랭킹 지표 MRR (L2R/metrics, relevance=0..3) ===
Validation MRR: 0.870110
Test MRR:       0.865269
