# train_severity_l2r_rank 2026-03-30T04:01:51.065335
# model=listmle test_mode=train_thresholds csv=severity/logging_monitoring_anomalies.csv
# config=/home/work/lab_project/severity/experiment_config.yaml

[로그 파일] /home/work/lab_project/severity/experiment_logs/all_20260330_035952/logs/l2r_listmle_train_thresholds.log
[[ 0.      0.     -0.8351 -1.7189  1.4577  0.122   1.0859  0.5791 -1.2547  1.2696 -1.309   1.1615  1.3574  0.7751 -1.7115 -0.1346 -0.9621 -1.3686  1.0604  0.8664  0.7023  0.882   1.3367 -0.8785
   0.4453  0.4473  0.635   0.7097 -1.3365 -0.7106]
 [ 1.      0.      0.1243 -0.3186 -1.2696 -1.2888  0.3412  0.4589  1.4455 -0.1913  0.2913 -1.2219  1.3574  0.6019  1.7109 -1.085  -1.6556  1.5471 -0.5     0.8664 -1.4193 -0.881  -0.4545  1.4664
  -0.45    0.4473 -0.2115  0.0033  1.3381 -1.4171]
 [ 2.      0.      0.9625  0.3535 -1.2696  0.12    0.1687  1.4359 -1.1057 -0.4565  1.3232 -0.0269 -0.5194  0.6019 -0.9671 -0.9529  0.4249 -0.0661  0.493   0.518  -0.7121 -0.2933 -1.3501 -1.4647
   1.3406 -1.3473  0.1516  0.7097 -0.445   1.409 ]
 [ 1.      0.     -1.6167 -1.2117 -0.1787 -0.6923 -1.2574 -0.5276 -0.8082  0.3122  0.5782  1.5341 -0.6584  1.1216 -1.1053  0.515  -0.442  -0.3785  0.7767 -1.5721  0.7023 -1.4687  1.3367 -0.8785
   0.4453 -1.3473  1.5224  0.7097 -1.3365  1.409 ]]
ListMLE Epoch 0 | Metrics: {'NDCG@1': 0.3917878528656971, 'NDCG@5': 0.3896511817952583, 'NDCG@10': 0.39298913053293405, 'MAP': 0.7623595229227957, 'MRR': 0.8797405189620758}
ListMLE Epoch 1 | Metrics: {'NDCG@1': 0.37082976903336184, 'NDCG@5': 0.39769185038089794, 'NDCG@10': 0.39643034193858256, 'MAP': 0.7621146168931187, 'MRR': 0.8635229540918162}
ListMLE Epoch 2 | Metrics: {'NDCG@1': 0.3986313088109495, 'NDCG@5': 0.3995208913712047, 'NDCG@10': 0.3999392438454709, 'MAP': 0.7614971627062608, 'MRR': 0.8637724550898204}
ListMLE Epoch 3 | Metrics: {'NDCG@1': 0.38451668092386654, 'NDCG@5': 0.3920335785098511, 'NDCG@10': 0.3927657931225789, 'MAP': 0.7604604054816905, 'MRR': 0.860129740518962}
ListMLE Epoch 4 | Metrics: {'NDCG@1': 0.39221556886227543, 'NDCG@5': 0.39689412687156705, 'NDCG@10': 0.3970196581329663, 'MAP': 0.7605259894057306, 'MRR': 0.8683632734530937}
ListMLE Epoch 5 | Metrics: {'NDCG@1': 0.4174508126603935, 'NDCG@5': 0.3989964614232012, 'NDCG@10': 0.3985353520562663, 'MAP': 0.760978066293293, 'MRR': 0.8810878243512973}
ListMLE Epoch 6 | Metrics: {'NDCG@1': 0.4170230966638152, 'NDCG@5': 0.3949572555937319, 'NDCG@10': 0.39801950660906554, 'MAP': 0.7608993600022584, 'MRR': 0.8807670373538636}
ListMLE Epoch 7 | Metrics: {'NDCG@1': 0.4097519247219845, 'NDCG@5': 0.39504077817156447, 'NDCG@10': 0.39841890536563146, 'MAP': 0.7607754616456552, 'MRR': 0.8701097804391218}
ListMLE Epoch 8 | Metrics: {'NDCG@1': 0.4118905047048759, 'NDCG@5': 0.39447218718482074, 'NDCG@10': 0.40096309803806285, 'MAP': 0.7613889731617717, 'MRR': 0.8763758197889935}
ListMLE Epoch 9 | Metrics: {'NDCG@1': 0.4067579127459367, 'NDCG@5': 0.39627581326921824, 'NDCG@10': 0.4011309166426958, 'MAP': 0.7612926508668898, 'MRR': 0.8703592814371257}
ListMLE Epoch 10 | Metrics: {'NDCG@1': 0.39820359281437123, 'NDCG@5': 0.3945567333979157, 'NDCG@10': 0.39983796492568413, 'MAP': 0.7613634094087155, 'MRR': 0.8673652694610778}
ListMLE Epoch 11 | Metrics: {'NDCG@1': 0.4059024807527802, 'NDCG@5': 0.40028814917121397, 'NDCG@10': 0.4017828133908644, 'MAP': 0.7617380892325142, 'MRR': 0.8688123752495011}
ListMLE Epoch 12 | Metrics: {'NDCG@1': 0.40633019674935844, 'NDCG@5': 0.4038250500119182, 'NDCG@10': 0.40055544407457455, 'MAP': 0.7619374471214948, 'MRR': 0.8677145708582833}
ListMLE Epoch 13 | Metrics: {'NDCG@1': 0.4059024807527801, 'NDCG@5': 0.406985263859799, 'NDCG@10': 0.40019568849967596, 'MAP': 0.7616598440789267, 'MRR': 0.8699600798403193}
ListMLE Epoch 14 | Metrics: {'NDCG@1': 0.4080410607356716, 'NDCG@5': 0.4039108766966326, 'NDCG@10': 0.4015638479247784, 'MAP': 0.7615812849325556, 'MRR': 0.8647205588822353}
ListMLE Epoch 15 | Metrics: {'NDCG@1': 0.41317365269461076, 'NDCG@5': 0.4040478873646581, 'NDCG@10': 0.4012882474386176, 'MAP': 0.7615171224793181, 'MRR': 0.8707085828343312}
ListMLE Epoch 16 | Metrics: {'NDCG@1': 0.41531223267750217, 'NDCG@5': 0.405445355604979, 'NDCG@10': 0.4007483487480898, 'MAP': 0.7615662529073226, 'MRR': 0.866367265469062}
ListMLE Epoch 17 | Metrics: {'NDCG@1': 0.4200171086398631, 'NDCG@5': 0.4072291472829817, 'NDCG@10': 0.4013705605292209, 'MAP': 0.7615946531243453, 'MRR': 0.8716067864271457}
ListMLE Epoch 18 | Metrics: {'NDCG@1': 0.4362703165098375, 'NDCG@5': 0.41041195028104577, 'NDCG@10': 0.4040605279148232, 'MAP': 0.7622005566649975, 'MRR': 0.8708582834331338}
ListMLE Epoch 19 | Metrics: {'NDCG@1': 0.4272882805816937, 'NDCG@5': 0.40763468353182336, 'NDCG@10': 0.4050149289993429, 'MAP': 0.7623551139688282, 'MRR': 0.8701097804391218}
ListMLE Epoch 20 | Metrics: {'NDCG@1': 0.43242087254063305, 'NDCG@5': 0.4124553345187151, 'NDCG@10': 0.40360784985706155, 'MAP': 0.7625042514420275, 'MRR': 0.8750998003992015}
ListMLE Epoch 21 | Metrics: {'NDCG@1': 0.4242942686056459, 'NDCG@5': 0.4113094237377426, 'NDCG@10': 0.4033196240596091, 'MAP': 0.762860846018165, 'MRR': 0.8708582834331335}
ListMLE Epoch 22 | Metrics: {'NDCG@1': 0.4298545765611633, 'NDCG@5': 0.4084584245989579, 'NDCG@10': 0.4030121751745077, 'MAP': 0.7624247640867748, 'MRR': 0.8694610778443113}
ListMLE Epoch 23 | Metrics: {'NDCG@1': 0.41916167664670656, 'NDCG@5': 0.4088148027281628, 'NDCG@10': 0.40090111640887455, 'MAP': 0.7624272128690364, 'MRR': 0.8630738522954091}
ListMLE Epoch 24 | Metrics: {'NDCG@1': 0.41060735671514115, 'NDCG@5': 0.4081888517515605, 'NDCG@10': 0.4000577943816475, 'MAP': 0.7628506515991462, 'MRR': 0.8644710578842314}
ListMLE Epoch 25 | Metrics: {'NDCG@1': 0.4076133447390932, 'NDCG@5': 0.40524169172279273, 'NDCG@10': 0.40068246761979487, 'MAP': 0.762313483533293, 'MRR': 0.8627245508982035}
ListMLE Epoch 26 | Metrics: {'NDCG@1': 0.41445680068434554, 'NDCG@5': 0.4057659726300789, 'NDCG@10': 0.40190436620504855, 'MAP': 0.7622592432157534, 'MRR': 0.8634730538922155}
ListMLE Epoch 27 | Metrics: {'NDCG@1': 0.41060735671514115, 'NDCG@5': 0.40534937421556017, 'NDCG@10': 0.400764536793525, 'MAP': 0.7621526732210401, 'MRR': 0.8647205588822355}
ListMLE Epoch 28 | Metrics: {'NDCG@1': 0.4101796407185629, 'NDCG@5': 0.4010079201251896, 'NDCG@10': 0.39857809502652103, 'MAP': 0.7618415329161761, 'MRR': 0.8628243512974052}
ListMLE Epoch 29 | Metrics: {'NDCG@1': 0.40932420872540637, 'NDCG@5': 0.3994828513291962, 'NDCG@10': 0.39863838812530683, 'MAP': 0.7620198776402876, 'MRR': 0.8593313373253493}
ListMLE Epoch 30 | Metrics: {'NDCG@1': 0.4127459366980325, 'NDCG@5': 0.4022526419340375, 'NDCG@10': 0.3996117753758654, 'MAP': 0.7621318406217403, 'MRR': 0.8594810379241516}
ListMLE Epoch 31 | Metrics: {'NDCG@1': 0.4076133447390932, 'NDCG@5': 0.39810255529894306, 'NDCG@10': 0.3963718331899773, 'MAP': 0.7619137137828174, 'MRR': 0.8569860279441118}
ListMLE Epoch 32 | Metrics: {'NDCG@1': 0.4110350727117194, 'NDCG@5': 0.397879211544751, 'NDCG@10': 0.39933576899188533, 'MAP': 0.7621373238718673, 'MRR': 0.861327345309381}
ListMLE Epoch 33 | Metrics: {'NDCG@1': 0.4118905047048759, 'NDCG@5': 0.3968613130976735, 'NDCG@10': 0.400077063741443, 'MAP': 0.7625439577597188, 'MRR': 0.8644211576846307}
ListMLE Epoch 34 | Metrics: {'NDCG@1': 0.4178785286569718, 'NDCG@5': 0.40132546744105807, 'NDCG@10': 0.39915602823400237, 'MAP': 0.7625061906767505, 'MRR': 0.870808383233533}
ListMLE Epoch 35 | Metrics: {'NDCG@1': 0.4264328485885372, 'NDCG@5': 0.40231729620991247, 'NDCG@10': 0.39829850064058925, 'MAP': 0.7624157684727502, 'MRR': 0.877224123182207}
ListMLE Epoch 36 | Metrics: {'NDCG@1': 0.4341317365269461, 'NDCG@5': 0.4017710766270916, 'NDCG@10': 0.3998806049496014, 'MAP': 0.7620039880690208, 'MRR': 0.8816153407470771}
ListMLE Epoch 37 | Metrics: {'NDCG@1': 0.4294268605645852, 'NDCG@5': 0.4012136140236105, 'NDCG@10': 0.4001540552501155, 'MAP': 0.7622394706133265, 'MRR': 0.8840105503279155}
ListMLE Epoch 38 | Metrics: {'NDCG@1': 0.42942686056458507, 'NDCG@5': 0.40091924308922217, 'NDCG@10': 0.39936579289786217, 'MAP': 0.7622962819995658, 'MRR': 0.8830125463358997}
ListMLE Epoch 39 | Metrics: {'NDCG@1': 0.42087254063301965, 'NDCG@5': 0.3997498366834153, 'NDCG@10': 0.3981901417254191, 'MAP': 0.762393948348592, 'MRR': 0.8795195323638436}
ListMLE Epoch 40 | Metrics: {'NDCG@1': 0.43284858853721125, 'NDCG@5': 0.40434637735948126, 'NDCG@10': 0.3995956084919192, 'MAP': 0.762488035519847, 'MRR': 0.8795908183632734}
ListMLE Epoch 41 | Metrics: {'NDCG@1': 0.43071000855431996, 'NDCG@5': 0.40207254525817687, 'NDCG@10': 0.3979105777985084, 'MAP': 0.7626521600602476, 'MRR': 0.8778443113772455}
ListMLE Epoch 42 | Metrics: {'NDCG@1': 0.43584260051325924, 'NDCG@5': 0.4010773423194191, 'NDCG@10': 0.39738508845180026, 'MAP': 0.7628941159078658, 'MRR': 0.8807670373538635}
ListMLE Epoch 43 | Metrics: {'NDCG@1': 0.4298545765611633, 'NDCG@5': 0.40119840770388976, 'NDCG@10': 0.3971992568167094, 'MAP': 0.7628582311640629, 'MRR': 0.8749287140005703}
ListMLE Epoch 44 | Metrics: {'NDCG@1': 0.42857142857142855, 'NDCG@5': 0.40120429636088584, 'NDCG@10': 0.397142832248319, 'MAP': 0.7628864903595188, 'MRR': 0.8711861990305104}
ListMLE Epoch 45 | Metrics: {'NDCG@1': 0.42857142857142855, 'NDCG@5': 0.39999507052972194, 'NDCG@10': 0.3971799212194395, 'MAP': 0.7631731606845779, 'MRR': 0.8746792130025662}
ListMLE Epoch 46 | Metrics: {'NDCG@1': 0.4289991445680068, 'NDCG@5': 0.3992566979203841, 'NDCG@10': 0.3979309459385091, 'MAP': 0.7634989158848825, 'MRR': 0.8787710293698316}
ListMLE Epoch 47 | Metrics: {'NDCG@1': 0.4195893926432848, 'NDCG@5': 0.39940840137490335, 'NDCG@10': 0.39673723501009006, 'MAP': 0.7631566043726975, 'MRR': 0.8722055888223553}
ListMLE Epoch 48 | Metrics: {'NDCG@1': 0.4195893926432848, 'NDCG@5': 0.3972466386976058, 'NDCG@10': 0.3963059599968072, 'MAP': 0.762684721182952, 'MRR': 0.8712075848303392}
ListMLE Epoch 49 | Metrics: {'NDCG@1': 0.42130025662959797, 'NDCG@5': 0.3976712770279342, 'NDCG@10': 0.3969813384714545, 'MAP': 0.7630779959565621, 'MRR': 0.8747005988023951}
ListMLE Epoch 50 | Metrics: {'NDCG@1': 0.42728828058169377, 'NDCG@5': 0.3956679330835217, 'NDCG@10': 0.3976876428475799, 'MAP': 0.7632208434437877, 'MRR': 0.8739520958083832}
ListMLE Epoch 51 | Metrics: {'NDCG@1': 0.4148845166809239, 'NDCG@5': 0.3937711777492927, 'NDCG@10': 0.39485951571228173, 'MAP': 0.7632345367724824, 'MRR': 0.8754491017964071}
ListMLE Epoch 52 | Metrics: {'NDCG@1': 0.41445680068434565, 'NDCG@5': 0.39312325543762827, 'NDCG@10': 0.39532683929385326, 'MAP': 0.7628818758386025, 'MRR': 0.8719560878243513}
ListMLE Epoch 53 | Metrics: {'NDCG@1': 0.4140290846877674, 'NDCG@5': 0.3955330193952749, 'NDCG@10': 0.39644215045850995, 'MAP': 0.7628263685397381, 'MRR': 0.8693612774451098}
ListMLE Epoch 54 | Metrics: {'NDCG@1': 0.4148845166809238, 'NDCG@5': 0.3953808966843768, 'NDCG@10': 0.39764813903022667, 'MAP': 0.7627633924246181, 'MRR': 0.8669660678642717}
ListMLE Epoch 55 | Metrics: {'NDCG@1': 0.4101796407185629, 'NDCG@5': 0.394761710626203, 'NDCG@10': 0.396324199334862, 'MAP': 0.7628485252349745, 'MRR': 0.8656187624750499}
ListMLE Epoch 56 | Metrics: {'NDCG@1': 0.4097519247219847, 'NDCG@5': 0.3928308239728728, 'NDCG@10': 0.3950078017239241, 'MAP': 0.7629978605762938, 'MRR': 0.8671157684630739}
ListMLE Epoch 57 | Metrics: {'NDCG@1': 0.42044482463644145, 'NDCG@5': 0.39635215688759756, 'NDCG@10': 0.39678140593631744, 'MAP': 0.7634252212755357, 'MRR': 0.8700099800399201}
ListMLE Epoch 58 | Metrics: {'NDCG@1': 0.42472198460222416, 'NDCG@5': 0.3976108826442692, 'NDCG@10': 0.39620392579129243, 'MAP': 0.7635327519358192, 'MRR': 0.8686127744510979}
ListMLE Epoch 59 | Metrics: {'NDCG@1': 0.4178785286569717, 'NDCG@5': 0.3981991932644535, 'NDCG@10': 0.39719462250604803, 'MAP': 0.7636702589536087, 'MRR': 0.8660179640718563}
ListMLE Epoch 60 | Metrics: {'NDCG@1': 0.4200171086398632, 'NDCG@5': 0.39478596079195055, 'NDCG@10': 0.3969996967677472, 'MAP': 0.763390147032724, 'MRR': 0.8711077844311377}
ListMLE Epoch 61 | Metrics: {'NDCG@1': 0.4242942686056459, 'NDCG@5': 0.39686187746928275, 'NDCG@10': 0.39692185552316545, 'MAP': 0.7633235968159285, 'MRR': 0.8666167664670656}
ListMLE Epoch 62 | Metrics: {'NDCG@1': 0.4230111206159111, 'NDCG@5': 0.39528137080172676, 'NDCG@10': 0.39513961659598446, 'MAP': 0.7632012749853213, 'MRR': 0.8673652694610776}
ListMLE Epoch 63 | Metrics: {'NDCG@1': 0.4200171086398632, 'NDCG@5': 0.3959862995019106, 'NDCG@10': 0.3956215946529454, 'MAP': 0.7634430269299368, 'MRR': 0.8666167664670656}
ListMLE Epoch 64 | Metrics: {'NDCG@1': 0.41830624465355004, 'NDCG@5': 0.3945876792290592, 'NDCG@10': 0.396011561607166, 'MAP': 0.7636032438041493, 'MRR': 0.870259481037924}
ListMLE Epoch 65 | Metrics: {'NDCG@1': 0.41445680068434565, 'NDCG@5': 0.39374926739441635, 'NDCG@10': 0.3961882026782174, 'MAP': 0.763495940771208, 'MRR': 0.8662674650698604}
ListMLE Epoch 66 | Metrics: {'NDCG@1': 0.41573994867408043, 'NDCG@5': 0.39148612979044095, 'NDCG@10': 0.3952829627361416, 'MAP': 0.7633949488609018, 'MRR': 0.8667664670658682}
ListMLE Epoch 67 | Metrics: {'NDCG@1': 0.4127459366980325, 'NDCG@5': 0.3937625445009887, 'NDCG@10': 0.3954643544414947, 'MAP': 0.7635546247163021, 'MRR': 0.8687624750499002}
ListMLE Epoch 68 | Metrics: {'NDCG@1': 0.4076133447390932, 'NDCG@5': 0.39462008819306843, 'NDCG@10': 0.3959158918208827, 'MAP': 0.7636623688629744, 'MRR': 0.8660179640718563}
ListMLE Epoch 69 | Metrics: {'NDCG@1': 0.41060735671514115, 'NDCG@5': 0.3947172976879939, 'NDCG@10': 0.3962400682507518, 'MAP': 0.7635607345661064, 'MRR': 0.8637724550898204}
ListMLE Epoch 70 | Metrics: {'NDCG@1': 0.4080410607356715, 'NDCG@5': 0.3928397237296307, 'NDCG@10': 0.395363629637428, 'MAP': 0.7635437660129671, 'MRR': 0.8670159680638722}
ListMLE Epoch 71 | Metrics: {'NDCG@1': 0.4046193327630454, 'NDCG@5': 0.39452748344690797, 'NDCG@10': 0.3961156550365283, 'MAP': 0.7637055348598488, 'MRR': 0.8652694610778443}
ListMLE Epoch 72 | Metrics: {'NDCG@1': 0.4110350727117194, 'NDCG@5': 0.39420014112364865, 'NDCG@10': 0.39749122319385094, 'MAP': 0.7637538540696301, 'MRR': 0.8670159680638724}
ListMLE Epoch 73 | Metrics: {'NDCG@1': 0.4101796407185629, 'NDCG@5': 0.3941470817936073, 'NDCG@10': 0.3970153809516715, 'MAP': 0.7640087982725544, 'MRR': 0.8667664670658682}
ListMLE Epoch 74 | Metrics: {'NDCG@1': 0.40846877673224985, 'NDCG@5': 0.3915809739663325, 'NDCG@10': 0.39579794977678073, 'MAP': 0.7637937753840697, 'MRR': 0.8640219560878245}
ListMLE Epoch 75 | Metrics: {'NDCG@1': 0.41060735671514115, 'NDCG@5': 0.3913053824579044, 'NDCG@10': 0.3951510513894632, 'MAP': 0.7635629892935603, 'MRR': 0.8620259481037923}
ListMLE Epoch 76 | Metrics: {'NDCG@1': 0.4059024807527802, 'NDCG@5': 0.3917643360153163, 'NDCG@10': 0.395713176437772, 'MAP': 0.7636355987506019, 'MRR': 0.8590319361277444}
ListMLE Epoch 77 | Metrics: {'NDCG@1': 0.4140290846877673, 'NDCG@5': 0.39362683650835467, 'NDCG@10': 0.39639769760247734, 'MAP': 0.7636379530642716, 'MRR': 0.8632734530938123}
ListMLE Epoch 78 | Metrics: {'NDCG@1': 0.4178785286569718, 'NDCG@5': 0.3921878863871358, 'NDCG@10': 0.3969356035415198, 'MAP': 0.7635708058746448, 'MRR': 0.8650199600798402}
ListMLE Epoch 79 | Metrics: {'NDCG@1': 0.4114627887082977, 'NDCG@5': 0.39144921165284136, 'NDCG@10': 0.3973758530020382, 'MAP': 0.7635424651389215, 'MRR': 0.8635229540918162}
ListMLE Epoch 80 | Metrics: {'NDCG@1': 0.4234388366124894, 'NDCG@5': 0.3958102740688365, 'NDCG@10': 0.3992606734913998, 'MAP': 0.7633433840365679, 'MRR': 0.8635229540918162}
ListMLE Epoch 81 | Metrics: {'NDCG@1': 0.42600513259195893, 'NDCG@5': 0.39357808348440615, 'NDCG@10': 0.39864385432543875, 'MAP': 0.7634466428380972, 'MRR': 0.8677644710578841}
ListMLE Epoch 82 | Metrics: {'NDCG@1': 0.42130025662959797, 'NDCG@5': 0.3931116512148487, 'NDCG@10': 0.39787457580963265, 'MAP': 0.7632139577251282, 'MRR': 0.8647704590818363}
ListMLE Epoch 83 | Metrics: {'NDCG@1': 0.42172797262617623, 'NDCG@5': 0.39265913178959605, 'NDCG@10': 0.3981106635123995, 'MAP': 0.7631448786792807, 'MRR': 0.8657684630738521}
ListMLE Epoch 84 | Metrics: {'NDCG@1': 0.4178785286569718, 'NDCG@5': 0.3925391983332523, 'NDCG@10': 0.39736357943013717, 'MAP': 0.7632106494480672, 'MRR': 0.8652694610778443}
ListMLE Epoch 85 | Metrics: {'NDCG@1': 0.411890504704876, 'NDCG@5': 0.3900457965920968, 'NDCG@10': 0.39642386795173123, 'MAP': 0.76322703089385, 'MRR': 0.8652694610778443}
ListMLE Epoch 86 | Metrics: {'NDCG@1': 0.42172797262617623, 'NDCG@5': 0.3926333842466614, 'NDCG@10': 0.3987147946332299, 'MAP': 0.763214262328757, 'MRR': 0.8677644710578841}
ListMLE Epoch 87 | Metrics: {'NDCG@1': 0.408896492728828, 'NDCG@5': 0.3891820562251804, 'NDCG@10': 0.39760019390828105, 'MAP': 0.7630907021041858, 'MRR': 0.8617764471057885}
ListMLE Epoch 88 | Metrics: {'NDCG@1': 0.40846877673224985, 'NDCG@5': 0.390168055826899, 'NDCG@10': 0.3974591496736851, 'MAP': 0.7632065285946177, 'MRR': 0.8637724550898204}
ListMLE Epoch 89 | Metrics: {'NDCG@1': 0.4174508126603935, 'NDCG@5': 0.38999129473233524, 'NDCG@10': 0.3979467764372962, 'MAP': 0.7632661932405098, 'MRR': 0.8647704590818363}
ListMLE Epoch 90 | Metrics: {'NDCG@1': 0.41531223267750217, 'NDCG@5': 0.3901188521068949, 'NDCG@10': 0.398415078143306, 'MAP': 0.7632064231055498, 'MRR': 0.8652694610778443}
ListMLE Epoch 91 | Metrics: {'NDCG@1': 0.4110350727117194, 'NDCG@5': 0.38954516518984034, 'NDCG@10': 0.39866505370274885, 'MAP': 0.7633691582446815, 'MRR': 0.8632734530938125}
ListMLE Epoch 92 | Metrics: {'NDCG@1': 0.4054747647562019, 'NDCG@5': 0.39062552194219524, 'NDCG@10': 0.39760813247404914, 'MAP': 0.7634084212266526, 'MRR': 0.8592814371257484}
ListMLE Epoch 93 | Metrics: {'NDCG@1': 0.40461933276304535, 'NDCG@5': 0.3917545410791921, 'NDCG@10': 0.3973616173715153, 'MAP': 0.7632559380802629, 'MRR': 0.8617764471057884}
ListMLE Epoch 94 | Metrics: {'NDCG@1': 0.4007698887938409, 'NDCG@5': 0.39221501254188285, 'NDCG@10': 0.39667438576235875, 'MAP': 0.7633742528927571, 'MRR': 0.8597804391217565}
ListMLE Epoch 95 | Metrics: {'NDCG@1': 0.3999144568006844, 'NDCG@5': 0.3919763536395083, 'NDCG@10': 0.3968742269500491, 'MAP': 0.763384670277662, 'MRR': 0.8572854291417167}
ListMLE Epoch 96 | Metrics: {'NDCG@1': 0.39905902480752775, 'NDCG@5': 0.3927444039507703, 'NDCG@10': 0.3964281626908808, 'MAP': 0.763211395467376, 'MRR': 0.8562874251497006}
ListMLE Epoch 97 | Metrics: {'NDCG@1': 0.397775876817793, 'NDCG@5': 0.39317483801247993, 'NDCG@10': 0.396249140720283, 'MAP': 0.7630904780707878, 'MRR': 0.8517964071856288}
ListMLE Epoch 98 | Metrics: {'NDCG@1': 0.40633019674935844, 'NDCG@5': 0.39481129432530454, 'NDCG@10': 0.3964190536729426, 'MAP': 0.7633684865095114, 'MRR': 0.8582834331337325}
ListMLE Epoch 99 | Metrics: {'NDCG@1': 0.4118905047048759, 'NDCG@5': 0.3970830378823213, 'NDCG@10': 0.39738691274183996, 'MAP': 0.7635032067272267, 'MRR': 0.8657684630738521}
ListMLE Epoch 100 | Metrics: {'NDCG@1': 0.408896492728828, 'NDCG@5': 0.3942869252791385, 'NDCG@10': 0.3967926528072049, 'MAP': 0.763463524006553, 'MRR': 0.8612774451097803}
ListMLE Epoch 101 | Metrics: {'NDCG@1': 0.4114627887082977, 'NDCG@5': 0.3960278857821603, 'NDCG@10': 0.39716938021330567, 'MAP': 0.7634944315685243, 'MRR': 0.8612774451097803}
ListMLE Epoch 102 | Metrics: {'NDCG@1': 0.4114627887082977, 'NDCG@5': 0.3947235462463382, 'NDCG@10': 0.3969819867263265, 'MAP': 0.7634836320305627, 'MRR': 0.8637724550898204}
ListMLE Epoch 103 | Metrics: {'NDCG@1': 0.40932420872540637, 'NDCG@5': 0.39449238575779055, 'NDCG@10': 0.39692586391906787, 'MAP': 0.7634365806437415, 'MRR': 0.8627744510978043}
ListMLE Epoch 104 | Metrics: {'NDCG@1': 0.4080410607356715, 'NDCG@5': 0.39605094043068906, 'NDCG@10': 0.3947696772776598, 'MAP': 0.7630386600860198, 'MRR': 0.8577844311377245}
ListMLE Epoch 105 | Metrics: {'NDCG@1': 0.40846877673224985, 'NDCG@5': 0.39436925968573017, 'NDCG@10': 0.39567917749488957, 'MAP': 0.7633801067261523, 'MRR': 0.8642714570858284}
ListMLE Epoch 106 | Metrics: {'NDCG@1': 0.408896492728828, 'NDCG@5': 0.39424809209598993, 'NDCG@10': 0.395329367833412, 'MAP': 0.7632792048081462, 'MRR': 0.8622754491017964}
ListMLE Epoch 107 | Metrics: {'NDCG@1': 0.4037639007698887, 'NDCG@5': 0.3936406687648314, 'NDCG@10': 0.3951918150004671, 'MAP': 0.7632421446455768, 'MRR': 0.8562874251497006}
ListMLE Epoch 108 | Metrics: {'NDCG@1': 0.4059024807527801, 'NDCG@5': 0.39237864146213286, 'NDCG@10': 0.3956676773070401, 'MAP': 0.7631874372052246, 'MRR': 0.8582834331337325}
ListMLE Epoch 109 | Metrics: {'NDCG@1': 0.40718562874251496, 'NDCG@5': 0.3921918396634044, 'NDCG@10': 0.39627806031827834, 'MAP': 0.7631972611891253, 'MRR': 0.8597804391217564}
ListMLE Epoch 110 | Metrics: {'NDCG@1': 0.40675791274593665, 'NDCG@5': 0.3922370141101702, 'NDCG@10': 0.3971266778967815, 'MAP': 0.7631583290101462, 'MRR': 0.8580339321357285}
ListMLE Epoch 111 | Metrics: {'NDCG@1': 0.40932420872540637, 'NDCG@5': 0.3934140312291304, 'NDCG@10': 0.39603692783406536, 'MAP': 0.7631109342994967, 'MRR': 0.8605289421157684}
ListMLE Epoch 112 | Metrics: {'NDCG@1': 0.40675791274593665, 'NDCG@5': 0.39115131186968943, 'NDCG@10': 0.39583064167636006, 'MAP': 0.7630358367586251, 'MRR': 0.8610279441117764}
ListMLE Epoch 113 | Metrics: {'NDCG@1': 0.41231822070145424, 'NDCG@5': 0.3908838149336151, 'NDCG@10': 0.39680309316272455, 'MAP': 0.7630687296747685, 'MRR': 0.8620259481037923}
ListMLE Epoch 114 | Metrics: {'NDCG@1': 0.41317365269461076, 'NDCG@5': 0.39294426248916015, 'NDCG@10': 0.3971217453064984, 'MAP': 0.7631582628399711, 'MRR': 0.8650199600798402}
ListMLE Epoch 115 | Metrics: {'NDCG@1': 0.40376390076988883, 'NDCG@5': 0.3918967759388871, 'NDCG@10': 0.39639570540756036, 'MAP': 0.7632003528158143, 'MRR': 0.8622754491017964}
ListMLE Epoch 116 | Metrics: {'NDCG@1': 0.4054747647562019, 'NDCG@5': 0.3901746835222138, 'NDCG@10': 0.3951446055150965, 'MAP': 0.7630767462839141, 'MRR': 0.8617764471057885}
ListMLE Epoch 117 | Metrics: {'NDCG@1': 0.4054747647562019, 'NDCG@5': 0.38993860637212907, 'NDCG@10': 0.39529015935849043, 'MAP': 0.7630097193879307, 'MRR': 0.8607784431137725}
ListMLE Epoch 118 | Metrics: {'NDCG@1': 0.40333618477331057, 'NDCG@5': 0.3882307160353896, 'NDCG@10': 0.393751398375335, 'MAP': 0.7631505237457802, 'MRR': 0.8595309381237526}
ListMLE Epoch 119 | Metrics: {'NDCG@1': 0.4046193327630454, 'NDCG@5': 0.39053832488732415, 'NDCG@10': 0.39463434921477175, 'MAP': 0.7629862518619761, 'MRR': 0.8577844311377245}
ListMLE Epoch 120 | Metrics: {'NDCG@1': 0.3999144568006844, 'NDCG@5': 0.39034831126801844, 'NDCG@10': 0.39417479232071395, 'MAP': 0.7628582512275034, 'MRR': 0.8528942115768463}
ListMLE Epoch 121 | Metrics: {'NDCG@1': 0.40248075278015405, 'NDCG@5': 0.3915543402328346, 'NDCG@10': 0.3944973829545902, 'MAP': 0.7629320698634835, 'MRR': 0.8568862275449103}
ListMLE Epoch 122 | Metrics: {'NDCG@1': 0.4020530367835757, 'NDCG@5': 0.39010448457734276, 'NDCG@10': 0.39571141276632454, 'MAP': 0.7631089581360891, 'MRR': 0.8582834331337326}
ListMLE Epoch 123 | Metrics: {'NDCG@1': 0.40376390076988883, 'NDCG@5': 0.391686225048809, 'NDCG@10': 0.3958597003467586, 'MAP': 0.763048140569002, 'MRR': 0.8542914171656688}
ListMLE Epoch 124 | Metrics: {'NDCG@1': 0.40333618477331057, 'NDCG@5': 0.391650702415577, 'NDCG@10': 0.3951030924921234, 'MAP': 0.7631287028844127, 'MRR': 0.8575349301397206}
ListMLE Epoch 125 | Metrics: {'NDCG@1': 0.4029084687767323, 'NDCG@5': 0.39226709664515336, 'NDCG@10': 0.39535487476616993, 'MAP': 0.7631887687779251, 'MRR': 0.8595309381237525}
ListMLE Epoch 126 | Metrics: {'NDCG@1': 0.40034217279726264, 'NDCG@5': 0.39213232849268526, 'NDCG@10': 0.39508777068569034, 'MAP': 0.7632336534763279, 'MRR': 0.8595309381237525}
ListMLE Epoch 127 | Metrics: {'NDCG@1': 0.3973481608212147, 'NDCG@5': 0.389794811311612, 'NDCG@10': 0.394846599274032, 'MAP': 0.7628976421112871, 'MRR': 0.8565369261477045}
ListMLE Epoch 128 | Metrics: {'NDCG@1': 0.40119760479041916, 'NDCG@5': 0.3914503807290992, 'NDCG@10': 0.39519992515327523, 'MAP': 0.7627870895348462, 'MRR': 0.8590319361277444}
ListMLE Epoch 129 | Metrics: {'NDCG@1': 0.3994867408041061, 'NDCG@5': 0.3927937094374131, 'NDCG@10': 0.3950938923288123, 'MAP': 0.7629482216114436, 'MRR': 0.8557884231536925}
ListMLE Epoch 130 | Metrics: {'NDCG@1': 0.39905902480752775, 'NDCG@5': 0.389732023847844, 'NDCG@10': 0.3947537707635874, 'MAP': 0.7627374551465801, 'MRR': 0.8567864271457085}
ListMLE Epoch 131 | Metrics: {'NDCG@1': 0.39905902480752775, 'NDCG@5': 0.3916061331421378, 'NDCG@10': 0.39525753795399066, 'MAP': 0.7625124345272476, 'MRR': 0.8570359281437125}
ListMLE Epoch 132 | Metrics: {'NDCG@1': 0.40034217279726264, 'NDCG@5': 0.3911726220194295, 'NDCG@10': 0.3948722000676728, 'MAP': 0.7624679225958246, 'MRR': 0.8587824351297405}
ListMLE Epoch 133 | Metrics: {'NDCG@1': 0.4016253207869974, 'NDCG@5': 0.39147152230743876, 'NDCG@10': 0.394930424366533, 'MAP': 0.7624750341035789, 'MRR': 0.8602794411177644}
ListMLE Epoch 134 | Metrics: {'NDCG@1': 0.40333618477331057, 'NDCG@5': 0.39035802549538334, 'NDCG@10': 0.39482906948955754, 'MAP': 0.7624084545820987, 'MRR': 0.8627744510978043}
ListMLE Epoch 135 | Metrics: {'NDCG@1': 0.40718562874251496, 'NDCG@5': 0.3905177316226068, 'NDCG@10': 0.39440917325372987, 'MAP': 0.7623548436300234, 'MRR': 0.8647704590818363}
ListMLE Epoch 136 | Metrics: {'NDCG@1': 0.39820359281437123, 'NDCG@5': 0.3890882317126611, 'NDCG@10': 0.3942972475402606, 'MAP': 0.7623204843863699, 'MRR': 0.8567864271457085}
ListMLE Epoch 137 | Metrics: {'NDCG@1': 0.3999144568006844, 'NDCG@5': 0.38897965956393654, 'NDCG@10': 0.39400141472692923, 'MAP': 0.7623373086505958, 'MRR': 0.8597804391217564}
ListMLE Epoch 138 | Metrics: {'NDCG@1': 0.4007698887938408, 'NDCG@5': 0.3905995374829761, 'NDCG@10': 0.3944209413820634, 'MAP': 0.762343300236902, 'MRR': 0.8597804391217564}
ListMLE Epoch 139 | Metrics: {'NDCG@1': 0.39435414884516684, 'NDCG@5': 0.39044813541678364, 'NDCG@10': 0.3946378489567402, 'MAP': 0.7625481820553639, 'MRR': 0.8587824351297405}
ListMLE Epoch 140 | Metrics: {'NDCG@1': 0.40119760479041916, 'NDCG@5': 0.3930530796205278, 'NDCG@10': 0.3938677211142104, 'MAP': 0.7626204712934784, 'MRR': 0.8617764471057884}
ListMLE Epoch 141 | Metrics: {'NDCG@1': 0.4007698887938408, 'NDCG@5': 0.3935728112427327, 'NDCG@10': 0.39427307605488854, 'MAP': 0.7627086263000353, 'MRR': 0.8597804391217564}
ListMLE Epoch 142 | Metrics: {'NDCG@1': 0.39905902480752775, 'NDCG@5': 0.39212382315664923, 'NDCG@10': 0.39481227150256465, 'MAP': 0.762573301446947, 'MRR': 0.8597804391217564}
ListMLE Epoch 143 | Metrics: {'NDCG@1': 0.3960650128314799, 'NDCG@5': 0.3924654739465955, 'NDCG@10': 0.3941645856690993, 'MAP': 0.7625596603997068, 'MRR': 0.8552894211576845}
ListMLE Epoch 144 | Metrics: {'NDCG@1': 0.39435414884516684, 'NDCG@5': 0.3937545412206693, 'NDCG@10': 0.39364549473351784, 'MAP': 0.7626772768293555, 'MRR': 0.8552894211576845}
ListMLE Epoch 145 | Metrics: {'NDCG@1': 0.39520958083832336, 'NDCG@5': 0.3928470945455893, 'NDCG@10': 0.39263368456798275, 'MAP': 0.7626226112711393, 'MRR': 0.8582834331337325}
ListMLE Epoch 146 | Metrics: {'NDCG@1': 0.3887938408896493, 'NDCG@5': 0.3927004616567133, 'NDCG@10': 0.3936002016288043, 'MAP': 0.7625328852915143, 'MRR': 0.8562874251497006}
ListMLE Epoch 147 | Metrics: {'NDCG@1': 0.39649272882805814, 'NDCG@5': 0.3949942516849011, 'NDCG@10': 0.39425080900981074, 'MAP': 0.7625589059820798, 'MRR': 0.8587824351297406}
ListMLE Epoch 148 | Metrics: {'NDCG@1': 0.3900769888793841, 'NDCG@5': 0.39357886556477917, 'NDCG@10': 0.39262123918434544, 'MAP': 0.7626409167630092, 'MRR': 0.8572854291417167}
ListMLE Epoch 149 | Metrics: {'NDCG@1': 0.39050470487596234, 'NDCG@5': 0.3935997423127584, 'NDCG@10': 0.3933069848063593, 'MAP': 0.7627208545709099, 'MRR': 0.8587824351297406}

[피처 중요도 로그] /home/work/lab_project/severity/feature_importance_train_severity_l2r_listmle_train_thresholds.log

[검증] train score 경계(threshold) 기준 분류 정확도(참고): 0.2520
[검증] 클래스별 리콜·오답·FP 요약
  [실제 정답 클래스 기준]
    Critical: 정답 4925건, 맞춤 1324건, 리콜 0.2688
      오답 3601건 — 예측 High: 1172건, 예측 Medium: 1164건, 예측 Low: 1265건
    High: 정답 4954건, 맞춤 1193건, 리콜 0.2408
      오답 3761건 — 예측 Critical: 1251건, 예측 Medium: 1184건, 예측 Low: 1326건
    Medium: 정답 5085건, 맞춤 1214건, 리콜 0.2387
      오답 3871건 — 예측 Critical: 1313건, 예측 High: 1203건, 예측 Low: 1355건
    Low: 정답 5036건, 맞춤 1310건, 리콜 0.2601
      오답 3726건 — 예측 Critical: 1332건, 예측 High: 1233건, 예측 Medium: 1161건
  [예측 클래스 기준 FP] (예측이 해당 클래스인데 정답이 다른 경우)
    예측 Critical: FP 3896건 (실제 High: 1251건, 실제 Medium: 1313건, 실제 Low: 1332건)
    예측 High: FP 3608건 (실제 Critical: 1172건, 실제 Medium: 1203건, 실제 Low: 1233건)
    예측 Medium: FP 3509건 (실제 Critical: 1164건, 실제 High: 1184건, 실제 Low: 1161건)
    예측 Low: FP 3946건 (실제 Critical: 1265건, 실제 High: 1326건, 실제 Medium: 1355건)
  ※ Train/Test의 classification_report recall 열은 위 ‘맞춤’과 대응합니다. precision·F1은 같은 표에서 확인.

[Train] 실제 Severity와 비교

=== Train (train_thresholds) ===
Accuracy: 0.2806
  클래스별 리콜·오답·FP 요약:
  [실제 정답 클래스 기준]
    Critical: 정답 15114건, 맞춤 4488건, 리콜 0.2969
      오답 10626건 — 예측 High: 3859건, 예측 Medium: 3569건, 예측 Low: 3198건
    High: 정답 15048건, 맞춤 3895건, 리콜 0.2588
      오답 11153건 — 예측 Critical: 4099건, 예측 Medium: 3648건, 예측 Low: 3406건
    Medium: 정답 14906건, 맞춤 3770건, 리콜 0.2529
      오답 11136건 — 예측 Critical: 3715건, 예측 High: 3778건, 예측 Low: 3643건
    Low: 정답 14932건, 맞춤 4685건, 리콜 0.3138
      오답 10247건 — 예측 Critical: 2812건, 예측 High: 3516건, 예측 Medium: 3919건
  [예측 클래스 기준 FP] (예측이 해당 클래스인데 정답이 다른 경우)
    예측 Critical: FP 10626건 (실제 High: 4099건, 실제 Medium: 3715건, 실제 Low: 2812건)
    예측 High: FP 11153건 (실제 Critical: 3859건, 실제 Medium: 3778건, 실제 Low: 3516건)
    예측 Medium: FP 11136건 (실제 Critical: 3569건, 실제 High: 3648건, 실제 Low: 3919건)
    예측 Low: FP 10247건 (실제 Critical: 3198건, 실제 High: 3406건, 실제 Medium: 3643건)
  ※ 위 ‘맞춤 n건’ 기준 리콜은 아래 classification_report의 recall 열과 같습니다. precision·f1은 같은 표에서 확인하세요.
Macro precision: 0.2806
Macro recall: 0.2806
Macro F1: 0.2806
Weighted precision: 0.2806
Weighted recall: 0.2806
Weighted F1: 0.2806
              precision    recall  f1-score   support

    Critical     0.2969    0.2969    0.2969     15114
        High     0.2588    0.2588    0.2588     15048
      Medium     0.2529    0.2529    0.2529     14906
         Low     0.3138    0.3138    0.3138     14932

    accuracy                         0.2806     60000
   macro avg     0.2806    0.2806    0.2806     60000
weighted avg     0.2806    0.2806    0.2806     60000


Train에서 추정한 score 경계(내림차순 상위부터 Critical→…): [1.1677   1.073629 0.982977]
(참고) train score min/max: 0.498988 / 1.705682

[Test] 실제 Severity와 비교

=== Test (mode=train_thresholds) ===
Accuracy: 0.2481
  클래스별 리콜·오답·FP 요약:
  [실제 정답 클래스 기준]
    Critical: 정답 5108건, 맞춤 1305건, 리콜 0.2555
      오답 3803건 — 예측 High: 1266건, 예측 Medium: 1230건, 예측 Low: 1307건
    High: 정답 4920건, 맞춤 1195건, 리콜 0.2429
      오답 3725건 — 예측 Critical: 1209건, 예측 Medium: 1186건, 예측 Low: 1330건
    Medium: 정답 5027건, 맞춤 1138건, 리콜 0.2264
      오답 3889건 — 예측 Critical: 1360건, 예측 High: 1190건, 예측 Low: 1339건
    Low: 정답 4945건, 맞춤 1324건, 리콜 0.2677
      오답 3621건 — 예측 Critical: 1336건, 예측 High: 1201건, 예측 Medium: 1084건
  [예측 클래스 기준 FP] (예측이 해당 클래스인데 정답이 다른 경우)
    예측 Critical: FP 3905건 (실제 High: 1209건, 실제 Medium: 1360건, 실제 Low: 1336건)
    예측 High: FP 3657건 (실제 Critical: 1266건, 실제 Medium: 1190건, 실제 Low: 1201건)
    예측 Medium: FP 3500건 (실제 Critical: 1230건, 실제 High: 1186건, 실제 Low: 1084건)
    예측 Low: FP 3976건 (실제 Critical: 1307건, 실제 High: 1330건, 실제 Medium: 1339건)
  ※ 위 ‘맞춤 n건’ 기준 리콜은 아래 classification_report의 recall 열과 같습니다. precision·f1은 같은 표에서 확인하세요.
Macro precision: 0.2480
Macro recall: 0.2481
Macro F1: 0.2479
Weighted precision: 0.2480
Weighted recall: 0.2481
Weighted F1: 0.2479
              precision    recall  f1-score   support

    Critical     0.2505    0.2555    0.2530      5108
        High     0.2463    0.2429    0.2446      4920
      Medium     0.2454    0.2264    0.2355      5027
         Low     0.2498    0.2677    0.2585      4945

    accuracy                         0.2481     20000
   macro avg     0.2480    0.2481    0.2479     20000
weighted avg     0.2480    0.2481    0.2479     20000


저장: severity/logging_monitoring_anomalies_l2r_listmle_train_thresholds.csv

=== 소요 시간 ===
CSV 로드·train/val/test 분할: 0.345 s
전처리(인코딩·스케일) + 학습(train∪val L2R): 821.889 s
추론·경계·Train·Val·Test 평가·저장(전수): 2.061 s
  └ Test severity 정답 비교(report_metrics)만: 0.384 s
전체: 824.748 s

=== 랭킹 지표 MRR (L2R/metrics, relevance=0..3) ===
Validation MRR: 0.870110
Test MRR:       0.855289
