# train_severity_l2r_rank 2026-03-30T03:59:54.864045
# model=listnet test_mode=train_thresholds csv=severity/logging_monitoring_anomalies.csv
# config=/home/work/lab_project/severity/experiment_config.yaml

[로그 파일] /home/work/lab_project/severity/experiment_logs/all_20260330_035952/logs/l2r_listnet_train_thresholds.log
[[ 0.      0.     -0.8351 -1.7189  1.4577  0.122   1.0859  0.5791 -1.2547  1.2696 -1.309   1.1615  1.3574  0.7751 -1.7115 -0.1346 -0.9621 -1.3686  1.0604  0.8664  0.7023  0.882   1.3367 -0.8785
   0.4453  0.4473  0.635   0.7097 -1.3365 -0.7106]
 [ 1.      0.      0.1243 -0.3186 -1.2696 -1.2888  0.3412  0.4589  1.4455 -0.1913  0.2913 -1.2219  1.3574  0.6019  1.7109 -1.085  -1.6556  1.5471 -0.5     0.8664 -1.4193 -0.881  -0.4545  1.4664
  -0.45    0.4473 -0.2115  0.0033  1.3381 -1.4171]
 [ 2.      0.      0.9625  0.3535 -1.2696  0.12    0.1687  1.4359 -1.1057 -0.4565  1.3232 -0.0269 -0.5194  0.6019 -0.9671 -0.9529  0.4249 -0.0661  0.493   0.518  -0.7121 -0.2933 -1.3501 -1.4647
   1.3406 -1.3473  0.1516  0.7097 -0.445   1.409 ]
 [ 1.      0.     -1.6167 -1.2117 -0.1787 -0.6923 -1.2574 -0.5276 -0.8082  0.3122  0.5782  1.5341 -0.6584  1.1216 -1.1053  0.515  -0.442  -0.3785  0.7767 -1.5721  0.7023 -1.4687  1.3367 -0.8785
   0.4453 -1.3473  1.5224  0.7097 -1.3365  1.409 ]]
ListNet Epoch 0 | Metrics: {'NDCG@1': 0.38451668092386654, 'NDCG@5': 0.39031815689319027, 'NDCG@10': 0.38643197046213124, 'MAP': 0.7619366536280855, 'MRR': 0.8675149700598802}
ListNet Epoch 1 | Metrics: {'NDCG@1': 0.39692044482463645, 'NDCG@5': 0.38546034623002345, 'NDCG@10': 0.38712349910704225, 'MAP': 0.762440341535025, 'MRR': 0.8767964071856287}
ListNet Epoch 2 | Metrics: {'NDCG@1': 0.4097519247219845, 'NDCG@5': 0.3876125072908087, 'NDCG@10': 0.3904951142537123, 'MAP': 0.7623382882310032, 'MRR': 0.8906686626746507}
ListNet Epoch 3 | Metrics: {'NDCG@1': 0.4302822925577417, 'NDCG@5': 0.3894853564295793, 'NDCG@10': 0.39340633054810786, 'MAP': 0.761696697022396, 'MRR': 0.8993013972055889}
ListNet Epoch 4 | Metrics: {'NDCG@1': 0.4041916167664671, 'NDCG@5': 0.39018231983696966, 'NDCG@10': 0.39147952028329946, 'MAP': 0.761561915355503, 'MRR': 0.8811876247504989}
ListNet Epoch 5 | Metrics: {'NDCG@1': 0.4238665526090675, 'NDCG@5': 0.3975502600830573, 'NDCG@10': 0.39246492817991013, 'MAP': 0.76203512052284, 'MRR': 0.8778443113772455}
ListNet Epoch 6 | Metrics: {'NDCG@1': 0.41231822070145424, 'NDCG@5': 0.3952401112844053, 'NDCG@10': 0.39254771012248996, 'MAP': 0.7616441062929021, 'MRR': 0.8627245508982035}
ListNet Epoch 7 | Metrics: {'NDCG@1': 0.4076133447390932, 'NDCG@5': 0.39475179735430754, 'NDCG@10': 0.3933352539676292, 'MAP': 0.7620876399038898, 'MRR': 0.8627744510978043}
ListNet Epoch 8 | Metrics: {'NDCG@1': 0.4170230966638152, 'NDCG@5': 0.39482388867870627, 'NDCG@10': 0.3960431881132651, 'MAP': 0.7620379056935811, 'MRR': 0.8630239520958084}
ListNet Epoch 9 | Metrics: {'NDCG@1': 0.4114627887082977, 'NDCG@5': 0.39437633674613337, 'NDCG@10': 0.3934108390400326, 'MAP': 0.7625284620642868, 'MRR': 0.8705089820359282}
ListNet Epoch 10 | Metrics: {'NDCG@1': 0.40034217279726264, 'NDCG@5': 0.39482139328761995, 'NDCG@10': 0.3917927244182635, 'MAP': 0.7623513668183728, 'MRR': 0.8605289421157684}
ListNet Epoch 11 | Metrics: {'NDCG@1': 0.3934987168520103, 'NDCG@5': 0.39193699379827535, 'NDCG@10': 0.3899261825944202, 'MAP': 0.7626841153476838, 'MRR': 0.8620259481037925}
ListNet Epoch 12 | Metrics: {'NDCG@1': 0.4037639007698887, 'NDCG@5': 0.39162965643497394, 'NDCG@10': 0.3931883430650057, 'MAP': 0.7629931005268166, 'MRR': 0.8683632734530937}
ListNet Epoch 13 | Metrics: {'NDCG@1': 0.3900769888793841, 'NDCG@5': 0.385809929587667, 'NDCG@10': 0.38778295716993544, 'MAP': 0.762842438056045, 'MRR': 0.8674650698602795}
ListNet Epoch 14 | Metrics: {'NDCG@1': 0.3917878528656971, 'NDCG@5': 0.38777454739619344, 'NDCG@10': 0.3864681310690187, 'MAP': 0.7628225127696949, 'MRR': 0.8657684630738521}
ListNet Epoch 15 | Metrics: {'NDCG@1': 0.3875106928999145, 'NDCG@5': 0.3858132890721241, 'NDCG@10': 0.3859237900264033, 'MAP': 0.7621714997674842, 'MRR': 0.8530439121756488}
ListNet Epoch 16 | Metrics: {'NDCG@1': 0.39093242087254065, 'NDCG@5': 0.3829904871010175, 'NDCG@10': 0.38338216540297687, 'MAP': 0.7621566241682375, 'MRR': 0.8635229540918162}
ListNet Epoch 17 | Metrics: {'NDCG@1': 0.3721129170230967, 'NDCG@5': 0.3813013866926668, 'NDCG@10': 0.3811549681751422, 'MAP': 0.761911704290824, 'MRR': 0.8561377245508982}
ListNet Epoch 18 | Metrics: {'NDCG@1': 0.378956372968349, 'NDCG@5': 0.3819510350441496, 'NDCG@10': 0.3829633518838455, 'MAP': 0.7620787823969545, 'MRR': 0.8619760479041916}
ListNet Epoch 19 | Metrics: {'NDCG@1': 0.3793840889649273, 'NDCG@5': 0.38544835287758983, 'NDCG@10': 0.38286690651200656, 'MAP': 0.7622700468045985, 'MRR': 0.8632235528942116}
ListNet Epoch 20 | Metrics: {'NDCG@1': 0.38152266894781867, 'NDCG@5': 0.3858574161068177, 'NDCG@10': 0.38325493451132575, 'MAP': 0.7623504877868417, 'MRR': 0.8650199600798402}
ListNet Epoch 21 | Metrics: {'NDCG@1': 0.3772455089820359, 'NDCG@5': 0.38161946756015297, 'NDCG@10': 0.3805174071623996, 'MAP': 0.7620861301553843, 'MRR': 0.8660179640718563}
ListNet Epoch 22 | Metrics: {'NDCG@1': 0.38152266894781867, 'NDCG@5': 0.38398494232964536, 'NDCG@10': 0.3814233670643834, 'MAP': 0.7625261201146376, 'MRR': 0.8647704590818363}
ListNet Epoch 23 | Metrics: {'NDCG@1': 0.37425149700598803, 'NDCG@5': 0.3809276534941234, 'NDCG@10': 0.38215306464882404, 'MAP': 0.7620819806372516, 'MRR': 0.8581586826347305}
ListNet Epoch 24 | Metrics: {'NDCG@1': 0.3879384088964928, 'NDCG@5': 0.38580479566568066, 'NDCG@10': 0.3835854863621706, 'MAP': 0.7623455297632313, 'MRR': 0.8711861990305104}
ListNet Epoch 25 | Metrics: {'NDCG@1': 0.36954662104362707, 'NDCG@5': 0.38517790828745846, 'NDCG@10': 0.3797986850977022, 'MAP': 0.762257362065161, 'MRR': 0.8555389221556886}
ListNet Epoch 26 | Metrics: {'NDCG@1': 0.38323353293413176, 'NDCG@5': 0.3847308419892084, 'NDCG@10': 0.3835007978159579, 'MAP': 0.7627267656273966, 'MRR': 0.8617764471057884}
ListNet Epoch 27 | Metrics: {'NDCG@1': 0.38152266894781867, 'NDCG@5': 0.3829180146144048, 'NDCG@10': 0.3830449419013074, 'MAP': 0.7624214295414802, 'MRR': 0.8553892215568862}
ListNet Epoch 28 | Metrics: {'NDCG@1': 0.3725406330196749, 'NDCG@5': 0.3803100849309378, 'NDCG@10': 0.3840477466155362, 'MAP': 0.7624161395963622, 'MRR': 0.8665169660678643}
ListNet Epoch 29 | Metrics: {'NDCG@1': 0.369546621043627, 'NDCG@5': 0.38038359111388564, 'NDCG@10': 0.38335500793406707, 'MAP': 0.7624041309135118, 'MRR': 0.8561377245508982}
ListNet Epoch 30 | Metrics: {'NDCG@1': 0.3571428571428571, 'NDCG@5': 0.37566184330731983, 'NDCG@10': 0.3829461709738206, 'MAP': 0.7622436213230179, 'MRR': 0.8490518962075848}
ListNet Epoch 31 | Metrics: {'NDCG@1': 0.3627031650983747, 'NDCG@5': 0.37837001601637654, 'NDCG@10': 0.38319303445051506, 'MAP': 0.7626858592072138, 'MRR': 0.8550399201596808}
ListNet Epoch 32 | Metrics: {'NDCG@1': 0.3558597091531223, 'NDCG@5': 0.3794994136052046, 'NDCG@10': 0.38213176918297265, 'MAP': 0.7625779404660622, 'MRR': 0.8546407185628743}
ListNet Epoch 33 | Metrics: {'NDCG@1': 0.37553464499572287, 'NDCG@5': 0.3843206448062602, 'NDCG@10': 0.3851670451069941, 'MAP': 0.7634002711668355, 'MRR': 0.8615269461077845}
ListNet Epoch 34 | Metrics: {'NDCG@1': 0.3562874251497006, 'NDCG@5': 0.38186263562948947, 'NDCG@10': 0.38507232006837644, 'MAP': 0.763191505064986, 'MRR': 0.8560379241516964}
ListNet Epoch 35 | Metrics: {'NDCG@1': 0.355431993156544, 'NDCG@5': 0.38100840245358997, 'NDCG@10': 0.387157644892027, 'MAP': 0.7629815222949753, 'MRR': 0.8590319361277444}
ListNet Epoch 36 | Metrics: {'NDCG@1': 0.36056458511548334, 'NDCG@5': 0.38424453605085884, 'NDCG@10': 0.38646290188624766, 'MAP': 0.7632307540986422, 'MRR': 0.8597804391217564}
ListNet Epoch 37 | Metrics: {'NDCG@1': 0.36484174508126604, 'NDCG@5': 0.3829378952574062, 'NDCG@10': 0.3856277179506964, 'MAP': 0.7635716358266468, 'MRR': 0.8617764471057884}
ListNet Epoch 38 | Metrics: {'NDCG@1': 0.3541488451668092, 'NDCG@5': 0.38167141548484457, 'NDCG@10': 0.3841988654350929, 'MAP': 0.7638613149384114, 'MRR': 0.8578842315369261}
ListNet Epoch 39 | Metrics: {'NDCG@1': 0.3712574850299401, 'NDCG@5': 0.3848973633767407, 'NDCG@10': 0.3859831147963796, 'MAP': 0.7642823478450126, 'MRR': 0.8638722554890219}
ListNet Epoch 40 | Metrics: {'NDCG@1': 0.378956372968349, 'NDCG@5': 0.38704738750074374, 'NDCG@10': 0.38501116724658074, 'MAP': 0.764792725030652, 'MRR': 0.8712574850299402}
ListNet Epoch 41 | Metrics: {'NDCG@1': 0.3704020530367836, 'NDCG@5': 0.3871904226846347, 'NDCG@10': 0.38679767865393416, 'MAP': 0.7646114634284993, 'MRR': 0.8690119760479041}
ListNet Epoch 42 | Metrics: {'NDCG@1': 0.3746792130025663, 'NDCG@5': 0.38726988952579333, 'NDCG@10': 0.3861912790889646, 'MAP': 0.7647617205544538, 'MRR': 0.8681137724550898}
ListNet Epoch 43 | Metrics: {'NDCG@1': 0.372540633019675, 'NDCG@5': 0.3850798790562253, 'NDCG@10': 0.38454469500362926, 'MAP': 0.7648317176606639, 'MRR': 0.8706087824351298}
ListNet Epoch 44 | Metrics: {'NDCG@1': 0.36569717707442256, 'NDCG@5': 0.3860505184909763, 'NDCG@10': 0.38347503411196027, 'MAP': 0.7648206254928116, 'MRR': 0.8693612774451098}
ListNet Epoch 45 | Metrics: {'NDCG@1': 0.36526946107784436, 'NDCG@5': 0.38320457330100005, 'NDCG@10': 0.38449202962888046, 'MAP': 0.7646303477391472, 'MRR': 0.8683632734530939}
ListNet Epoch 46 | Metrics: {'NDCG@1': 0.3515825491873396, 'NDCG@5': 0.3825147365372861, 'NDCG@10': 0.38240541863885097, 'MAP': 0.764231790041528, 'MRR': 0.8638722554890219}
ListNet Epoch 47 | Metrics: {'NDCG@1': 0.36398631308810947, 'NDCG@5': 0.3855555940999859, 'NDCG@10': 0.3852403835477568, 'MAP': 0.7647012791533447, 'MRR': 0.8747504990019959}
ListNet Epoch 48 | Metrics: {'NDCG@1': 0.3627031650983747, 'NDCG@5': 0.3859444474989391, 'NDCG@10': 0.3850835813886396, 'MAP': 0.7649441436326763, 'MRR': 0.8687624750499002}
ListNet Epoch 49 | Metrics: {'NDCG@1': 0.36526946107784425, 'NDCG@5': 0.3822077474734724, 'NDCG@10': 0.38520705415950895, 'MAP': 0.7647541033778207, 'MRR': 0.8652694610778443}
ListNet Epoch 50 | Metrics: {'NDCG@1': 0.36484174508126604, 'NDCG@5': 0.3839970240830276, 'NDCG@10': 0.38442476874721376, 'MAP': 0.7651569037027254, 'MRR': 0.8662674650698602}
ListNet Epoch 51 | Metrics: {'NDCG@1': 0.3605645851154834, 'NDCG@5': 0.38441246587462585, 'NDCG@10': 0.3841568011435845, 'MAP': 0.7649675502599839, 'MRR': 0.8695109780439122}
ListNet Epoch 52 | Metrics: {'NDCG@1': 0.3712574850299401, 'NDCG@5': 0.38497059082223184, 'NDCG@10': 0.3826225753248321, 'MAP': 0.7649098148847397, 'MRR': 0.8697604790419161}
ListNet Epoch 53 | Metrics: {'NDCG@1': 0.36826347305389223, 'NDCG@5': 0.38348071246597426, 'NDCG@10': 0.3842169142747124, 'MAP': 0.7649745523494378, 'MRR': 0.8647704590818363}
ListNet Epoch 54 | Metrics: {'NDCG@1': 0.37125748502994016, 'NDCG@5': 0.38434853042785505, 'NDCG@10': 0.3848463300423756, 'MAP': 0.7652391116470563, 'MRR': 0.8672654690618763}
ListNet Epoch 55 | Metrics: {'NDCG@1': 0.3699743370402053, 'NDCG@5': 0.3835203922256901, 'NDCG@10': 0.385740378087158, 'MAP': 0.7652078072935384, 'MRR': 0.8687624750499001}
ListNet Epoch 56 | Metrics: {'NDCG@1': 0.38023952095808383, 'NDCG@5': 0.38657368603606257, 'NDCG@10': 0.3860604568151961, 'MAP': 0.7655209550644801, 'MRR': 0.8715069860279441}
ListNet Epoch 57 | Metrics: {'NDCG@1': 0.3772455089820359, 'NDCG@5': 0.38530269773312625, 'NDCG@10': 0.38519063024352945, 'MAP': 0.765688774968014, 'MRR': 0.8759980039920161}
ListNet Epoch 58 | Metrics: {'NDCG@1': 0.37852865697177074, 'NDCG@5': 0.385816604075864, 'NDCG@10': 0.3855420281341081, 'MAP': 0.765786441954968, 'MRR': 0.876996007984032}
ListNet Epoch 59 | Metrics: {'NDCG@1': 0.3857998289136014, 'NDCG@5': 0.38727248672416287, 'NDCG@10': 0.38675970664075654, 'MAP': 0.765613009421993, 'MRR': 0.8762475049900198}
ListNet Epoch 60 | Metrics: {'NDCG@1': 0.3828058169375535, 'NDCG@5': 0.3877483439942794, 'NDCG@10': 0.38783678263780963, 'MAP': 0.7655101657567894, 'MRR': 0.874500998003992}
ListNet Epoch 61 | Metrics: {'NDCG@1': 0.39520958083832336, 'NDCG@5': 0.3914815633009492, 'NDCG@10': 0.388750576389844, 'MAP': 0.7662695361328764, 'MRR': 0.8867265469061875}
ListNet Epoch 62 | Metrics: {'NDCG@1': 0.3900769888793841, 'NDCG@5': 0.38924689878825613, 'NDCG@10': 0.3881419558266475, 'MAP': 0.7660011363587068, 'MRR': 0.8834830339321357}
ListNet Epoch 63 | Metrics: {'NDCG@1': 0.39050470487596234, 'NDCG@5': 0.39018489389018723, 'NDCG@10': 0.38833217690132604, 'MAP': 0.7660491256042307, 'MRR': 0.8849800399201596}
ListNet Epoch 64 | Metrics: {'NDCG@1': 0.39050470487596234, 'NDCG@5': 0.3893450900857264, 'NDCG@10': 0.3891193237774326, 'MAP': 0.7663216394247117, 'MRR': 0.8849800399201596}
ListNet Epoch 65 | Metrics: {'NDCG@1': 0.3853721129170231, 'NDCG@5': 0.38901205885810863, 'NDCG@10': 0.38848035422383403, 'MAP': 0.7662681891832311, 'MRR': 0.8857285429141716}
ListNet Epoch 66 | Metrics: {'NDCG@1': 0.38793840889649267, 'NDCG@5': 0.3896293881338536, 'NDCG@10': 0.3887966595991352, 'MAP': 0.7664483158724906, 'MRR': 0.8892215568862275}
ListNet Epoch 67 | Metrics: {'NDCG@1': 0.38323353293413176, 'NDCG@5': 0.3889257408578253, 'NDCG@10': 0.38792410402846056, 'MAP': 0.7663680315596056, 'MRR': 0.8877245508982036}
ListNet Epoch 68 | Metrics: {'NDCG@1': 0.38323353293413176, 'NDCG@5': 0.3884399549582108, 'NDCG@10': 0.38727953247399766, 'MAP': 0.7663920898565918, 'MRR': 0.8902195608782435}
ListNet Epoch 69 | Metrics: {'NDCG@1': 0.37767322497861416, 'NDCG@5': 0.38844471052986934, 'NDCG@10': 0.3875889694178304, 'MAP': 0.7664559698529265, 'MRR': 0.8852295409181635}
ListNet Epoch 70 | Metrics: {'NDCG@1': 0.3733960650128315, 'NDCG@5': 0.38884443925633305, 'NDCG@10': 0.3869579811469352, 'MAP': 0.7665407135259413, 'MRR': 0.8850798403193613}
ListNet Epoch 71 | Metrics: {'NDCG@1': 0.36569717707442256, 'NDCG@5': 0.3881505714479626, 'NDCG@10': 0.387530721895722, 'MAP': 0.7664750758692646, 'MRR': 0.8813373253493014}
ListNet Epoch 72 | Metrics: {'NDCG@1': 0.36740804106073566, 'NDCG@5': 0.3872416421785488, 'NDCG@10': 0.387465908926757, 'MAP': 0.7664211991394632, 'MRR': 0.8840818363273453}
ListNet Epoch 73 | Metrics: {'NDCG@1': 0.36826347305389223, 'NDCG@5': 0.3866129448614988, 'NDCG@10': 0.38579941889260716, 'MAP': 0.766369107822926, 'MRR': 0.8835828343313373}
ListNet Epoch 74 | Metrics: {'NDCG@1': 0.36740804106073566, 'NDCG@5': 0.3864142377029009, 'NDCG@10': 0.3860093941814203, 'MAP': 0.7661424077384252, 'MRR': 0.8831836327345309}
ListNet Epoch 75 | Metrics: {'NDCG@1': 0.3712574850299401, 'NDCG@5': 0.3882156871081197, 'NDCG@10': 0.387340234826504, 'MAP': 0.7664371670330596, 'MRR': 0.8841816367265469}
ListNet Epoch 76 | Metrics: {'NDCG@1': 0.3712574850299401, 'NDCG@5': 0.3861298783856744, 'NDCG@10': 0.3868241059866137, 'MAP': 0.7663352940788243, 'MRR': 0.8874251497005987}
ListNet Epoch 77 | Metrics: {'NDCG@1': 0.37681779298545764, 'NDCG@5': 0.3880257963718891, 'NDCG@10': 0.38825979013878914, 'MAP': 0.7663146124063117, 'MRR': 0.8854291417165667}
ListNet Epoch 78 | Metrics: {'NDCG@1': 0.37681779298545764, 'NDCG@5': 0.3880146739208424, 'NDCG@10': 0.38662656702275255, 'MAP': 0.7663071982440712, 'MRR': 0.890069860279441}
ListNet Epoch 79 | Metrics: {'NDCG@1': 0.3896492728828058, 'NDCG@5': 0.38973513276304633, 'NDCG@10': 0.3886849613192952, 'MAP': 0.7663301365397875, 'MRR': 0.8951596806387226}
ListNet Epoch 80 | Metrics: {'NDCG@1': 0.3845166809238666, 'NDCG@5': 0.3877080067767419, 'NDCG@10': 0.3888679578968654, 'MAP': 0.7663507492161133, 'MRR': 0.8951596806387226}
ListNet Epoch 81 | Metrics: {'NDCG@1': 0.38494439692044485, 'NDCG@5': 0.38845586351159334, 'NDCG@10': 0.38777790181672495, 'MAP': 0.7661839448436961, 'MRR': 0.8901696606786427}
ListNet Epoch 82 | Metrics: {'NDCG@1': 0.3746792130025663, 'NDCG@5': 0.38883838590119174, 'NDCG@10': 0.387617399616553, 'MAP': 0.7662271810746435, 'MRR': 0.8871756487025948}
ListNet Epoch 83 | Metrics: {'NDCG@1': 0.37895637296834894, 'NDCG@5': 0.38838763052862996, 'NDCG@10': 0.38741162495754833, 'MAP': 0.7661018716490631, 'MRR': 0.8931636726546904}
ListNet Epoch 84 | Metrics: {'NDCG@1': 0.38195038494439687, 'NDCG@5': 0.3910700979851007, 'NDCG@10': 0.3893786708561234, 'MAP': 0.7662690389562401, 'MRR': 0.8926646706586826}
ListNet Epoch 85 | Metrics: {'NDCG@1': 0.38023952095808383, 'NDCG@5': 0.38937657295670236, 'NDCG@10': 0.38900090230591894, 'MAP': 0.7660989303009188, 'MRR': 0.8919161676646706}
ListNet Epoch 86 | Metrics: {'NDCG@1': 0.3772455089820359, 'NDCG@5': 0.3873785457489779, 'NDCG@10': 0.3899515959529311, 'MAP': 0.7660071613577726, 'MRR': 0.8899201596806386}
ListNet Epoch 87 | Metrics: {'NDCG@1': 0.37681779298545764, 'NDCG@5': 0.3880182531354961, 'NDCG@10': 0.38942985723395945, 'MAP': 0.766079172594475, 'MRR': 0.8909181636726546}
ListNet Epoch 88 | Metrics: {'NDCG@1': 0.37681779298545764, 'NDCG@5': 0.3887210363380312, 'NDCG@10': 0.3888523682514749, 'MAP': 0.7660307559830294, 'MRR': 0.8889221556886227}
ListNet Epoch 89 | Metrics: {'NDCG@1': 0.3793840889649273, 'NDCG@5': 0.388640015901081, 'NDCG@10': 0.3885527236401614, 'MAP': 0.7658716929534473, 'MRR': 0.8889221556886227}
ListNet Epoch 90 | Metrics: {'NDCG@1': 0.37681779298545764, 'NDCG@5': 0.388904981148187, 'NDCG@10': 0.3870125969629286, 'MAP': 0.7660799391329142, 'MRR': 0.8894211576846307}
ListNet Epoch 91 | Metrics: {'NDCG@1': 0.37296834901625314, 'NDCG@5': 0.3860088040510352, 'NDCG@10': 0.3868243903291251, 'MAP': 0.76567855126791, 'MRR': 0.8864271457085826}
ListNet Epoch 92 | Metrics: {'NDCG@1': 0.369546621043627, 'NDCG@5': 0.3867298268248944, 'NDCG@10': 0.3876225786030598, 'MAP': 0.7660618043219455, 'MRR': 0.8859281437125748}
ListNet Epoch 93 | Metrics: {'NDCG@1': 0.38237810094097524, 'NDCG@5': 0.38880398443214725, 'NDCG@10': 0.387352371376732, 'MAP': 0.7659612894670619, 'MRR': 0.8896706586826346}
ListNet Epoch 94 | Metrics: {'NDCG@1': 0.38066723695466215, 'NDCG@5': 0.3890995530207927, 'NDCG@10': 0.3869722457835426, 'MAP': 0.7659213133162299, 'MRR': 0.8901696606786426}
ListNet Epoch 95 | Metrics: {'NDCG@1': 0.3849443969204448, 'NDCG@5': 0.3893209674774371, 'NDCG@10': 0.3870383052129951, 'MAP': 0.7660398696688088, 'MRR': 0.8926646706586826}
ListNet Epoch 96 | Metrics: {'NDCG@1': 0.3849443969204448, 'NDCG@5': 0.38734919324871975, 'NDCG@10': 0.3864710117619236, 'MAP': 0.7661266609301922, 'MRR': 0.8926646706586826}
ListNet Epoch 97 | Metrics: {'NDCG@1': 0.3819503849443969, 'NDCG@5': 0.3872935231011058, 'NDCG@10': 0.3855754380093863, 'MAP': 0.7660378544329864, 'MRR': 0.8914171656686627}
ListNet Epoch 98 | Metrics: {'NDCG@1': 0.38109495295124035, 'NDCG@5': 0.38762072496571104, 'NDCG@10': 0.3865478051062819, 'MAP': 0.7660709010654968, 'MRR': 0.8919161676646706}
ListNet Epoch 99 | Metrics: {'NDCG@1': 0.3798118049615056, 'NDCG@5': 0.3862883251465086, 'NDCG@10': 0.3862288936841911, 'MAP': 0.766172496392913, 'MRR': 0.8911676646706587}
ListNet Epoch 100 | Metrics: {'NDCG@1': 0.37852865697177074, 'NDCG@5': 0.38503443565216006, 'NDCG@10': 0.38505817350969523, 'MAP': 0.7659897253707195, 'MRR': 0.8891716566866268}
ListNet Epoch 101 | Metrics: {'NDCG@1': 0.3810949529512404, 'NDCG@5': 0.3870796632657312, 'NDCG@10': 0.3841428357641076, 'MAP': 0.7659493902936626, 'MRR': 0.8896706586826346}
ListNet Epoch 102 | Metrics: {'NDCG@1': 0.3733960650128315, 'NDCG@5': 0.3842851389247597, 'NDCG@10': 0.38315326375525377, 'MAP': 0.7656836261296579, 'MRR': 0.8861776447105789}
ListNet Epoch 103 | Metrics: {'NDCG@1': 0.37425149700598803, 'NDCG@5': 0.38470188431382196, 'NDCG@10': 0.3836074383062587, 'MAP': 0.7656927559480218, 'MRR': 0.882435129740519}
ListNet Epoch 104 | Metrics: {'NDCG@1': 0.3721129170230966, 'NDCG@5': 0.3853878830965029, 'NDCG@10': 0.3842160814989745, 'MAP': 0.7657908092334967, 'MRR': 0.8878243512974052}
ListNet Epoch 105 | Metrics: {'NDCG@1': 0.364841745081266, 'NDCG@5': 0.383307507660667, 'NDCG@10': 0.38327184672620296, 'MAP': 0.7656722483931773, 'MRR': 0.8829840319361278}
ListNet Epoch 106 | Metrics: {'NDCG@1': 0.3674080410607356, 'NDCG@5': 0.384249047969553, 'NDCG@10': 0.384112642836779, 'MAP': 0.7656632800062101, 'MRR': 0.8867265469061877}
ListNet Epoch 107 | Metrics: {'NDCG@1': 0.369546621043627, 'NDCG@5': 0.38420466933407826, 'NDCG@10': 0.3845053680564932, 'MAP': 0.7658202583825132, 'MRR': 0.8882235528942116}
ListNet Epoch 108 | Metrics: {'NDCG@1': 0.36441402908468773, 'NDCG@5': 0.3824794397456087, 'NDCG@10': 0.38331868060522567, 'MAP': 0.7656483390121009, 'MRR': 0.8862275449101796}
ListNet Epoch 109 | Metrics: {'NDCG@1': 0.36227544910179643, 'NDCG@5': 0.38242144588011195, 'NDCG@10': 0.3839841646693159, 'MAP': 0.7657719392651299, 'MRR': 0.8842315369261479}
ListNet Epoch 110 | Metrics: {'NDCG@1': 0.35757057313943535, 'NDCG@5': 0.3816105333728378, 'NDCG@10': 0.38186686044434853, 'MAP': 0.7656555348820446, 'MRR': 0.8834830339321357}
ListNet Epoch 111 | Metrics: {'NDCG@1': 0.3665526090675791, 'NDCG@5': 0.381549139071769, 'NDCG@10': 0.38374344743329103, 'MAP': 0.765627530006656, 'MRR': 0.8844810379241516}
ListNet Epoch 112 | Metrics: {'NDCG@1': 0.3618477331052181, 'NDCG@5': 0.3803850499790743, 'NDCG@10': 0.38279490495219054, 'MAP': 0.7656465157799318, 'MRR': 0.8807385229540917}
ListNet Epoch 113 | Metrics: {'NDCG@1': 0.3661248930710008, 'NDCG@5': 0.3827346027866757, 'NDCG@10': 0.38326933021401915, 'MAP': 0.7656916491229462, 'MRR': 0.8832335329341318}
ListNet Epoch 114 | Metrics: {'NDCG@1': 0.36184773310521806, 'NDCG@5': 0.3794990896026607, 'NDCG@10': 0.3817719743963322, 'MAP': 0.7654832370892339, 'MRR': 0.8802395209580839}
ListNet Epoch 115 | Metrics: {'NDCG@1': 0.37168520102651836, 'NDCG@5': 0.38058024657697415, 'NDCG@10': 0.3830251061588062, 'MAP': 0.765457509122015, 'MRR': 0.8814870259481037}
ListNet Epoch 116 | Metrics: {'NDCG@1': 0.3725406330196749, 'NDCG@5': 0.3789242687501954, 'NDCG@10': 0.3830197023511408, 'MAP': 0.7655062482158564, 'MRR': 0.8817365269461078}
ListNet Epoch 117 | Metrics: {'NDCG@1': 0.3704020530367836, 'NDCG@5': 0.3785273322460175, 'NDCG@10': 0.3832505606778888, 'MAP': 0.7653836302850916, 'MRR': 0.8807385229540917}
ListNet Epoch 118 | Metrics: {'NDCG@1': 0.3721129170230966, 'NDCG@5': 0.3795523885792407, 'NDCG@10': 0.38345685091812015, 'MAP': 0.765477585361201, 'MRR': 0.8807385229540917}
ListNet Epoch 119 | Metrics: {'NDCG@1': 0.37168520102651836, 'NDCG@5': 0.3807374397836897, 'NDCG@10': 0.38276541713806767, 'MAP': 0.765417311529096, 'MRR': 0.8787425149700598}
ListNet Epoch 120 | Metrics: {'NDCG@1': 0.37596236099230107, 'NDCG@5': 0.3810932972890743, 'NDCG@10': 0.3831111363429414, 'MAP': 0.7653623424056107, 'MRR': 0.8772455089820359}
ListNet Epoch 121 | Metrics: {'NDCG@1': 0.37296834901625314, 'NDCG@5': 0.38121985937099023, 'NDCG@10': 0.3827320425134895, 'MAP': 0.7650718878563313, 'MRR': 0.8767465069860279}
ListNet Epoch 122 | Metrics: {'NDCG@1': 0.37510692899914455, 'NDCG@5': 0.380665749961835, 'NDCG@10': 0.38206119669254296, 'MAP': 0.7651750693977764, 'MRR': 0.8777445109780438}
ListNet Epoch 123 | Metrics: {'NDCG@1': 0.3815226689478186, 'NDCG@5': 0.38241050077044336, 'NDCG@10': 0.3834188391356112, 'MAP': 0.7653202396575544, 'MRR': 0.8792415169660678}
ListNet Epoch 124 | Metrics: {'NDCG@1': 0.3857998289136014, 'NDCG@5': 0.38275991857668645, 'NDCG@10': 0.38374474410881687, 'MAP': 0.7654803320212847, 'MRR': 0.8824850299401198}
ListNet Epoch 125 | Metrics: {'NDCG@1': 0.3845166809238666, 'NDCG@5': 0.3823008277146229, 'NDCG@10': 0.3825144837138592, 'MAP': 0.7652800952014779, 'MRR': 0.8809880239520959}
ListNet Epoch 126 | Metrics: {'NDCG@1': 0.3776732249786141, 'NDCG@5': 0.3820471093549015, 'NDCG@10': 0.3816805105935849, 'MAP': 0.7652854238716859, 'MRR': 0.8779940119760479}
ListNet Epoch 127 | Metrics: {'NDCG@1': 0.3772455089820359, 'NDCG@5': 0.38241729561302534, 'NDCG@10': 0.38175204714577615, 'MAP': 0.7654013627291821, 'MRR': 0.8802395209580839}
ListNet Epoch 128 | Metrics: {'NDCG@1': 0.3798118049615055, 'NDCG@5': 0.38258246488638004, 'NDCG@10': 0.381808917891791, 'MAP': 0.7654596936213576, 'MRR': 0.8859780439121757}
ListNet Epoch 129 | Metrics: {'NDCG@1': 0.37767322497861416, 'NDCG@5': 0.381907012913819, 'NDCG@10': 0.3823962119087385, 'MAP': 0.7653191592751204, 'MRR': 0.8814870259481038}
ListNet Epoch 130 | Metrics: {'NDCG@1': 0.3798118049615055, 'NDCG@5': 0.3829117553021529, 'NDCG@10': 0.3836581716620673, 'MAP': 0.7654114191819065, 'MRR': 0.8829840319361278}
ListNet Epoch 131 | Metrics: {'NDCG@1': 0.37681779298545764, 'NDCG@5': 0.38116186423035964, 'NDCG@10': 0.382240264456527, 'MAP': 0.7655003677133433, 'MRR': 0.8849800399201598}
ListNet Epoch 132 | Metrics: {'NDCG@1': 0.38451668092386654, 'NDCG@5': 0.3828966890507875, 'NDCG@10': 0.3846354842339348, 'MAP': 0.7654732188750996, 'MRR': 0.8854790419161677}
ListNet Epoch 133 | Metrics: {'NDCG@1': 0.38195038494439687, 'NDCG@5': 0.3823953510000166, 'NDCG@10': 0.3840291055839951, 'MAP': 0.7654152333449644, 'MRR': 0.8847305389221557}
ListNet Epoch 134 | Metrics: {'NDCG@1': 0.37767322497861416, 'NDCG@5': 0.38336606901568593, 'NDCG@10': 0.38396140590057953, 'MAP': 0.7653201821574863, 'MRR': 0.8824850299401198}
ListNet Epoch 135 | Metrics: {'NDCG@1': 0.3793840889649272, 'NDCG@5': 0.38228243995588895, 'NDCG@10': 0.3839399909491282, 'MAP': 0.7654146886947176, 'MRR': 0.8852295409181635}
ListNet Epoch 136 | Metrics: {'NDCG@1': 0.37895637296834894, 'NDCG@5': 0.38423985247011844, 'NDCG@10': 0.3842520457152706, 'MAP': 0.7655272158737281, 'MRR': 0.8864770459081835}
ListNet Epoch 137 | Metrics: {'NDCG@1': 0.3781009409751924, 'NDCG@5': 0.3836769449330503, 'NDCG@10': 0.38372085467148354, 'MAP': 0.765574072937993, 'MRR': 0.8834830339321357}
ListNet Epoch 138 | Metrics: {'NDCG@1': 0.38323353293413176, 'NDCG@5': 0.38356396574034507, 'NDCG@10': 0.38403108558183713, 'MAP': 0.7656975349327501, 'MRR': 0.8859780439121755}
ListNet Epoch 139 | Metrics: {'NDCG@1': 0.38195038494439687, 'NDCG@5': 0.38164156660023796, 'NDCG@10': 0.38249145695153386, 'MAP': 0.7655619492609407, 'MRR': 0.8844810379241516}
ListNet Epoch 140 | Metrics: {'NDCG@1': 0.3785286569717707, 'NDCG@5': 0.3831249015344929, 'NDCG@10': 0.3820828146573324, 'MAP': 0.7656476953840896, 'MRR': 0.8844810379241516}
ListNet Epoch 141 | Metrics: {'NDCG@1': 0.38152266894781856, 'NDCG@5': 0.38234185145162103, 'NDCG@10': 0.3826697166628083, 'MAP': 0.7656897663538871, 'MRR': 0.8864770459081835}
ListNet Epoch 142 | Metrics: {'NDCG@1': 0.3823781009409752, 'NDCG@5': 0.38345461903007927, 'NDCG@10': 0.3819987264965935, 'MAP': 0.7657141134284486, 'MRR': 0.8838323353293412}
ListNet Epoch 143 | Metrics: {'NDCG@1': 0.3857998289136013, 'NDCG@5': 0.38527307364518115, 'NDCG@10': 0.3823746346313609, 'MAP': 0.7656809309997357, 'MRR': 0.8833333333333332}
ListNet Epoch 144 | Metrics: {'NDCG@1': 0.38793840889649267, 'NDCG@5': 0.38347116691014593, 'NDCG@10': 0.3827352403163597, 'MAP': 0.7653732294532326, 'MRR': 0.8840818363273453}
ListNet Epoch 145 | Metrics: {'NDCG@1': 0.38451668092386654, 'NDCG@5': 0.3832695804006614, 'NDCG@10': 0.3825175099493403, 'MAP': 0.765525870952394, 'MRR': 0.8823353293413173}
ListNet Epoch 146 | Metrics: {'NDCG@1': 0.3772455089820359, 'NDCG@5': 0.38326451937711575, 'NDCG@10': 0.38275866171406103, 'MAP': 0.7654419727694785, 'MRR': 0.8799900199600798}
ListNet Epoch 147 | Metrics: {'NDCG@1': 0.3772455089820359, 'NDCG@5': 0.38357358519738144, 'NDCG@10': 0.38325479828346204, 'MAP': 0.7655416731975566, 'MRR': 0.8833333333333332}
ListNet Epoch 148 | Metrics: {'NDCG@1': 0.3746792130025663, 'NDCG@5': 0.38311097557422213, 'NDCG@10': 0.3829282813474903, 'MAP': 0.7655122985345117, 'MRR': 0.8803393213572853}
ListNet Epoch 149 | Metrics: {'NDCG@1': 0.37254063301967494, 'NDCG@5': 0.380698728454397, 'NDCG@10': 0.3825057633930956, 'MAP': 0.7653110970291752, 'MRR': 0.8788423153692614}

[피처 중요도 로그] /home/work/lab_project/severity/feature_importance_train_severity_l2r_listnet_train_thresholds.log

[검증] train score 경계(threshold) 기준 분류 정확도(참고): 0.2446
[검증] 클래스별 리콜·오답·FP 요약
  [실제 정답 클래스 기준]
    Critical: 정답 4925건, 맞춤 1148건, 리콜 0.2331
      오답 3777건 — 예측 High: 1266건, 예측 Medium: 1274건, 예측 Low: 1237건
    High: 정답 4954건, 맞춤 1212건, 리콜 0.2447
      오답 3742건 — 예측 Critical: 1196건, 예측 Medium: 1238건, 예측 Low: 1308건
    Medium: 정답 5085건, 맞춤 1281건, 리콜 0.2519
      오답 3804건 — 예측 Critical: 1183건, 예측 High: 1317건, 예측 Low: 1304건
    Low: 정답 5036건, 맞춤 1251건, 리콜 0.2484
      오답 3785건 — 예측 Critical: 1199건, 예측 High: 1309건, 예측 Medium: 1277건
  [예측 클래스 기준 FP] (예측이 해당 클래스인데 정답이 다른 경우)
    예측 Critical: FP 3578건 (실제 High: 1196건, 실제 Medium: 1183건, 실제 Low: 1199건)
    예측 High: FP 3892건 (실제 Critical: 1266건, 실제 Medium: 1317건, 실제 Low: 1309건)
    예측 Medium: FP 3789건 (실제 Critical: 1274건, 실제 High: 1238건, 실제 Low: 1277건)
    예측 Low: FP 3849건 (실제 Critical: 1237건, 실제 High: 1308건, 실제 Medium: 1304건)
  ※ Train/Test의 classification_report recall 열은 위 ‘맞춤’과 대응합니다. precision·F1은 같은 표에서 확인.

[Train] 실제 Severity와 비교

=== Train (train_thresholds) ===
Accuracy: 0.2763
  클래스별 리콜·오답·FP 요약:
  [실제 정답 클래스 기준]
    Critical: 정답 15114건, 맞춤 4686건, 리콜 0.3100
      오답 10428건 — 예측 High: 3906건, 예측 Medium: 3484건, 예측 Low: 3038건
    High: 정답 15048건, 맞춤 3809건, 리콜 0.2531
      오답 11239건 — 예측 Critical: 3697건, 예측 Medium: 3810건, 예측 Low: 3732건
    Medium: 정답 14906건, 맞춤 3845건, 리콜 0.2579
      오답 11061건 — 예측 Critical: 3471건, 예측 High: 3665건, 예측 Low: 3925건
    Low: 정답 14932건, 맞춤 4237건, 리콜 0.2838
      오답 10695건 — 예측 Critical: 3260건, 예측 High: 3668건, 예측 Medium: 3767건
  [예측 클래스 기준 FP] (예측이 해당 클래스인데 정답이 다른 경우)
    예측 Critical: FP 10428건 (실제 High: 3697건, 실제 Medium: 3471건, 실제 Low: 3260건)
    예측 High: FP 11239건 (실제 Critical: 3906건, 실제 Medium: 3665건, 실제 Low: 3668건)
    예측 Medium: FP 11061건 (실제 Critical: 3484건, 실제 High: 3810건, 실제 Low: 3767건)
    예측 Low: FP 10695건 (실제 Critical: 3038건, 실제 High: 3732건, 실제 Medium: 3925건)
  ※ 위 ‘맞춤 n건’ 기준 리콜은 아래 classification_report의 recall 열과 같습니다. precision·f1은 같은 표에서 확인하세요.
Macro precision: 0.2762
Macro recall: 0.2762
Macro F1: 0.2762
Weighted precision: 0.2763
Weighted recall: 0.2763
Weighted F1: 0.2763
              precision    recall  f1-score   support

    Critical     0.3100    0.3100    0.3100     15114
        High     0.2531    0.2531    0.2531     15048
      Medium     0.2579    0.2579    0.2579     14906
         Low     0.2838    0.2838    0.2838     14932

    accuracy                         0.2763     60000
   macro avg     0.2762    0.2762    0.2762     60000
weighted avg     0.2763    0.2763    0.2763     60000


Train에서 추정한 score 경계(내림차순 상위부터 Critical→…): [1.334975 1.277675 1.22042 ]
(참고) train score min/max: 0.907694 / 1.636677

[Test] 실제 Severity와 비교

=== Test (mode=train_thresholds) ===
Accuracy: 0.2540
  클래스별 리콜·오답·FP 요약:
  [실제 정답 클래스 기준]
    Critical: 정답 5108건, 맞춤 1232건, 리콜 0.2412
      오답 3876건 — 예측 High: 1261건, 예측 Medium: 1294건, 예측 Low: 1321건
    High: 정답 4920건, 맞춤 1250건, 리콜 0.2541
      오답 3670건 — 예측 Critical: 1106건, 예측 Medium: 1247건, 예측 Low: 1317건
    Medium: 정답 5027건, 맞춤 1292건, 리콜 0.2570
      오답 3735건 — 예측 Critical: 1186건, 예측 High: 1218건, 예측 Low: 1331건
    Low: 정답 4945건, 맞춤 1305건, 리콜 0.2639
      오답 3640건 — 예측 Critical: 1108건, 예측 High: 1276건, 예측 Medium: 1256건
  [예측 클래스 기준 FP] (예측이 해당 클래스인데 정답이 다른 경우)
    예측 Critical: FP 3400건 (실제 High: 1106건, 실제 Medium: 1186건, 실제 Low: 1108건)
    예측 High: FP 3755건 (실제 Critical: 1261건, 실제 Medium: 1218건, 실제 Low: 1276건)
    예측 Medium: FP 3797건 (실제 Critical: 1294건, 실제 High: 1247건, 실제 Low: 1256건)
    예측 Low: FP 3969건 (실제 Critical: 1321건, 실제 High: 1317건, 실제 Medium: 1331건)
  ※ 위 ‘맞춤 n건’ 기준 리콜은 아래 classification_report의 recall 열과 같습니다. precision·f1은 같은 표에서 확인하세요.
Macro precision: 0.2543
Macro recall: 0.2540
Macro F1: 0.2539
Weighted precision: 0.2544
Weighted recall: 0.2540
Weighted F1: 0.2539
              precision    recall  f1-score   support

    Critical     0.2660    0.2412    0.2530      5108
        High     0.2498    0.2541    0.2519      4920
      Medium     0.2539    0.2570    0.2554      5027
         Low     0.2474    0.2639    0.2554      4945

    accuracy                         0.2540     20000
   macro avg     0.2543    0.2540    0.2539     20000
weighted avg     0.2544    0.2540    0.2539     20000


저장: severity/logging_monitoring_anomalies_l2r_listnet_train_thresholds.csv

=== 소요 시간 ===
CSV 로드·train/val/test 분할: 0.358 s
전처리(인코딩·스케일) + 학습(train∪val L2R): 109.648 s
추론·경계·Train·Val·Test 평가·저장(전수): 2.047 s
  └ Test severity 정답 비교(report_metrics)만: 0.371 s
전체: 112.512 s

=== 랭킹 지표 MRR (L2R/metrics, relevance=0..3) ===
Validation MRR: 0.863024
Test MRR:       0.871756
