# train_severity_l2r_rank 2026-03-29T12:22:56.459847
# model=listnet test_mode=train_thresholds csv=severity/logging_monitoring_anomalies.csv
# config=/home/work/lab_project/severity/experiment_config.yaml

[로그 파일] /home/work/lab_project/severity/experiment_logs/all_20260329_122253/logs/l2r_listnet_train_thresholds.log
[[ 0.      0.     -0.8351 -1.7189  1.4577  0.122   1.0859  0.5791 -1.2547  1.2696 -1.309   1.1615  1.3574  0.7751 -1.7115 -0.1346 -0.9621 -1.3686  1.0604  0.8664  0.7023  0.882   1.3367 -0.8785
   0.4453  0.4473  0.635   0.7097 -1.3365 -0.7106]
 [ 1.      0.      0.1243 -0.3186 -1.2696 -1.2888  0.3412  0.4589  1.4455 -0.1913  0.2913 -1.2219  1.3574  0.6019  1.7109 -1.085  -1.6556  1.5471 -0.5     0.8664 -1.4193 -0.881  -0.4545  1.4664
  -0.45    0.4473 -0.2115  0.0033  1.3381 -1.4171]
 [ 2.      0.      0.9625  0.3535 -1.2696  0.12    0.1687  1.4359 -1.1057 -0.4565  1.3232 -0.0269 -0.5194  0.6019 -0.9671 -0.9529  0.4249 -0.0661  0.493   0.518  -0.7121 -0.2933 -1.3501 -1.4647
   1.3406 -1.3473  0.1516  0.7097 -0.445   1.409 ]
 [ 1.      0.     -1.6167 -1.2117 -0.1787 -0.6923 -1.2574 -0.5276 -0.8082  0.3122  0.5782  1.5341 -0.6584  1.1216 -1.1053  0.515  -0.442  -0.3785  0.7767 -1.5721  0.7023 -1.4687  1.3367 -0.8785
   0.4453 -1.3473  1.5224  0.7097 -1.3365  1.409 ]]
ListNet Epoch 0 | Metrics: {'NDCG@1': 0.40034217279726264, 'NDCG@5': 0.39230572039131617, 'NDCG@10': 0.38839548540527324, 'MAP': 0.7615069152538786, 'MRR': 0.8792415169660678}
ListNet Epoch 1 | Metrics: {'NDCG@1': 0.41060735671514115, 'NDCG@5': 0.40150854786091483, 'NDCG@10': 0.3921152429043712, 'MAP': 0.7608554946539339, 'MRR': 0.8839820359281437}
ListNet Epoch 2 | Metrics: {'NDCG@1': 0.3849443969204448, 'NDCG@5': 0.3954420848524364, 'NDCG@10': 0.3916632404534803, 'MAP': 0.7596365748086708, 'MRR': 0.8622754491017964}
ListNet Epoch 3 | Metrics: {'NDCG@1': 0.3956372968349016, 'NDCG@5': 0.39738443232428644, 'NDCG@10': 0.38825484603873506, 'MAP': 0.759369685320539, 'MRR': 0.8541417165668662}
ListNet Epoch 4 | Metrics: {'NDCG@1': 0.3819503849443969, 'NDCG@5': 0.3945319929657038, 'NDCG@10': 0.3921937878777534, 'MAP': 0.760283765618048, 'MRR': 0.8642215568862275}
ListNet Epoch 5 | Metrics: {'NDCG@1': 0.3652694610778443, 'NDCG@5': 0.39206110679338235, 'NDCG@10': 0.3881726018716999, 'MAP': 0.7609293438922473, 'MRR': 0.8569860279441118}
ListNet Epoch 6 | Metrics: {'NDCG@1': 0.38152266894781867, 'NDCG@5': 0.39488808466184205, 'NDCG@10': 0.3905288258255361, 'MAP': 0.7614421416464667, 'MRR': 0.865048474479612}
ListNet Epoch 7 | Metrics: {'NDCG@1': 0.3986313088109496, 'NDCG@5': 0.3909512457930164, 'NDCG@10': 0.3929772275999236, 'MAP': 0.7611404665588214, 'MRR': 0.8715355004277159}
ListNet Epoch 8 | Metrics: {'NDCG@1': 0.3986313088109495, 'NDCG@5': 0.3897633928261187, 'NDCG@10': 0.3927943013497283, 'MAP': 0.7614577339286606, 'MRR': 0.8721057884231536}
ListNet Epoch 9 | Metrics: {'NDCG@1': 0.399486740804106, 'NDCG@5': 0.3879173825118395, 'NDCG@10': 0.3919267142384985, 'MAP': 0.7614356561267209, 'MRR': 0.8721889554224884}
ListNet Epoch 10 | Metrics: {'NDCG@1': 0.38708297690333615, 'NDCG@5': 0.39042843055024834, 'NDCG@10': 0.39065412477967526, 'MAP': 0.7615731503003944, 'MRR': 0.8597139055222885}
ListNet Epoch 11 | Metrics: {'NDCG@1': 0.3815226689478187, 'NDCG@5': 0.39144035928378357, 'NDCG@10': 0.3907155151501493, 'MAP': 0.761197636719024, 'MRR': 0.8592564870259481}
ListNet Epoch 12 | Metrics: {'NDCG@1': 0.3721129170230966, 'NDCG@5': 0.3886149551270179, 'NDCG@10': 0.3893089370337874, 'MAP': 0.7612191199493726, 'MRR': 0.8529191616766467}
ListNet Epoch 13 | Metrics: {'NDCG@1': 0.37510692899914455, 'NDCG@5': 0.38992132045977446, 'NDCG@10': 0.38723106086806547, 'MAP': 0.7608625310590992, 'MRR': 0.8515754205873967}
ListNet Epoch 14 | Metrics: {'NDCG@1': 0.36313088109495295, 'NDCG@5': 0.3863195240451974, 'NDCG@10': 0.3865414122066726, 'MAP': 0.7605948657027363, 'MRR': 0.8481822070145424}
ListNet Epoch 15 | Metrics: {'NDCG@1': 0.37553464499572287, 'NDCG@5': 0.38249920142844956, 'NDCG@10': 0.386610452200671, 'MAP': 0.760952261870528, 'MRR': 0.8667949814656403}
ListNet Epoch 16 | Metrics: {'NDCG@1': 0.36997433704020527, 'NDCG@5': 0.3835903685461512, 'NDCG@10': 0.3882821409823075, 'MAP': 0.761524457521621, 'MRR': 0.8692614770459083}
ListNet Epoch 17 | Metrics: {'NDCG@1': 0.3635585970915312, 'NDCG@5': 0.37871491036123534, 'NDCG@10': 0.38712054078321106, 'MAP': 0.7618095939248918, 'MRR': 0.8642001710863987}
ListNet Epoch 18 | Metrics: {'NDCG@1': 0.36569717707442256, 'NDCG@5': 0.3789873636985039, 'NDCG@10': 0.3881292330934694, 'MAP': 0.7615938501118354, 'MRR': 0.8605574565155403}
ListNet Epoch 19 | Metrics: {'NDCG@1': 0.3712574850299401, 'NDCG@5': 0.3792501054546732, 'NDCG@10': 0.38715924660816814, 'MAP': 0.7612461659606473, 'MRR': 0.8629740518962077}
ListNet Epoch 20 | Metrics: {'NDCG@1': 0.3686911890504705, 'NDCG@5': 0.38363300486795293, 'NDCG@10': 0.3876795354176534, 'MAP': 0.7613472191585632, 'MRR': 0.8642215568862275}
ListNet Epoch 21 | Metrics: {'NDCG@1': 0.3815226689478187, 'NDCG@5': 0.3880659196309503, 'NDCG@10': 0.38856598797696545, 'MAP': 0.761519901586343, 'MRR': 0.8678143712574851}
ListNet Epoch 22 | Metrics: {'NDCG@1': 0.3956372968349016, 'NDCG@5': 0.39015122611748826, 'NDCG@10': 0.3918249746953345, 'MAP': 0.7617147713735013, 'MRR': 0.8781936127744513}
ListNet Epoch 23 | Metrics: {'NDCG@1': 0.408896492728828, 'NDCG@5': 0.39367217334282545, 'NDCG@10': 0.3936232091548978, 'MAP': 0.7617812113185305, 'MRR': 0.8760978043912175}
ListNet Epoch 24 | Metrics: {'NDCG@1': 0.41317365269461076, 'NDCG@5': 0.3952974915095873, 'NDCG@10': 0.393568270017987, 'MAP': 0.7618812249065517, 'MRR': 0.8768463073852296}
ListNet Epoch 25 | Metrics: {'NDCG@1': 0.4046193327630454, 'NDCG@5': 0.39469812599930365, 'NDCG@10': 0.392288614554365, 'MAP': 0.7618877789194938, 'MRR': 0.8683632734530937}
ListNet Epoch 26 | Metrics: {'NDCG@1': 0.397775876817793, 'NDCG@5': 0.39468547557250927, 'NDCG@10': 0.39295964623304247, 'MAP': 0.7618668867623137, 'MRR': 0.8656187624750499}
ListNet Epoch 27 | Metrics: {'NDCG@1': 0.40119760479041916, 'NDCG@5': 0.3941793032856367, 'NDCG@10': 0.3927986643426061, 'MAP': 0.7620500272387685, 'MRR': 0.8648702594810379}
ListNet Epoch 28 | Metrics: {'NDCG@1': 0.4097519247219845, 'NDCG@5': 0.39694418038493257, 'NDCG@10': 0.3940530761847011, 'MAP': 0.7620283014626317, 'MRR': 0.8702594810379242}
ListNet Epoch 29 | Metrics: {'NDCG@1': 0.4059024807527801, 'NDCG@5': 0.39774279095314596, 'NDCG@10': 0.3947075846757706, 'MAP': 0.7623730661127346, 'MRR': 0.8648702594810379}
ListNet Epoch 30 | Metrics: {'NDCG@1': 0.40718562874251496, 'NDCG@5': 0.39509681167862315, 'NDCG@10': 0.3947461219934657, 'MAP': 0.7623483337286534, 'MRR': 0.870259481037924}
ListNet Epoch 31 | Metrics: {'NDCG@1': 0.41231822070145424, 'NDCG@5': 0.3972064604195552, 'NDCG@10': 0.39604411597146416, 'MAP': 0.7621624603560744, 'MRR': 0.8700099800399201}
ListNet Epoch 32 | Metrics: {'NDCG@1': 0.39435414884516684, 'NDCG@5': 0.39665659646600415, 'NDCG@10': 0.39593602019015395, 'MAP': 0.7619633401864594, 'MRR': 0.8669660678642714}
ListNet Epoch 33 | Metrics: {'NDCG@1': 0.40846877673224985, 'NDCG@5': 0.3971207414753425, 'NDCG@10': 0.39763622750320426, 'MAP': 0.7620035856284126, 'MRR': 0.8720558882235528}
ListNet Epoch 34 | Metrics: {'NDCG@1': 0.40376390076988883, 'NDCG@5': 0.3955694446217294, 'NDCG@10': 0.39825899108795776, 'MAP': 0.761618807018598, 'MRR': 0.873053892215569}
ListNet Epoch 35 | Metrics: {'NDCG@1': 0.41060735671514115, 'NDCG@5': 0.39529903499695235, 'NDCG@10': 0.39778086719528816, 'MAP': 0.761617671125035, 'MRR': 0.8728043912175648}
ListNet Epoch 36 | Metrics: {'NDCG@1': 0.4037639007698889, 'NDCG@5': 0.3958459599070084, 'NDCG@10': 0.3964876572889096, 'MAP': 0.7615152394352959, 'MRR': 0.868562874251497}
ListNet Epoch 37 | Metrics: {'NDCG@1': 0.4050470487596236, 'NDCG@5': 0.39724208204220546, 'NDCG@10': 0.39518289005629287, 'MAP': 0.7616362028994603, 'MRR': 0.8732035928143712}
ListNet Epoch 38 | Metrics: {'NDCG@1': 0.40034217279726264, 'NDCG@5': 0.39585341719199596, 'NDCG@10': 0.3946536617749605, 'MAP': 0.7614851402934457, 'MRR': 0.869788993441688}
ListNet Epoch 39 | Metrics: {'NDCG@1': 0.4059024807527802, 'NDCG@5': 0.39696033547747195, 'NDCG@10': 0.3957072739984919, 'MAP': 0.761615975721089, 'MRR': 0.8655474764756202}
ListNet Epoch 40 | Metrics: {'NDCG@1': 0.40761334473909333, 'NDCG@5': 0.39619117169510726, 'NDCG@10': 0.3950692162805377, 'MAP': 0.7621023088948391, 'MRR': 0.8655474764756202}
ListNet Epoch 41 | Metrics: {'NDCG@1': 0.4114627887082977, 'NDCG@5': 0.39539453651986434, 'NDCG@10': 0.3989755533778466, 'MAP': 0.7619544116881319, 'MRR': 0.8648987738808097}
ListNet Epoch 42 | Metrics: {'NDCG@1': 0.416595380667237, 'NDCG@5': 0.3974476673470143, 'NDCG@10': 0.39861069990428477, 'MAP': 0.7622751738498554, 'MRR': 0.8698887938408895}
ListNet Epoch 43 | Metrics: {'NDCG@1': 0.4101796407185629, 'NDCG@5': 0.3979468714364213, 'NDCG@10': 0.39805730678870394, 'MAP': 0.7621343152591658, 'MRR': 0.8688907898488736}
ListNet Epoch 44 | Metrics: {'NDCG@1': 0.4041916167664671, 'NDCG@5': 0.3952461996734088, 'NDCG@10': 0.39745529137952135, 'MAP': 0.7620622383596204, 'MRR': 0.8657969774736239}
ListNet Epoch 45 | Metrics: {'NDCG@1': 0.39221556886227543, 'NDCG@5': 0.39449724330659525, 'NDCG@10': 0.3952412269616658, 'MAP': 0.7618934578123274, 'MRR': 0.8652979754776161}
ListNet Epoch 46 | Metrics: {'NDCG@1': 0.39093242087254065, 'NDCG@5': 0.39458859278233843, 'NDCG@10': 0.3963730173032835, 'MAP': 0.7616731059219451, 'MRR': 0.8638009694895922}
ListNet Epoch 47 | Metrics: {'NDCG@1': 0.3947818648417451, 'NDCG@5': 0.39713826574326844, 'NDCG@10': 0.3978172929163897, 'MAP': 0.7615953185511201, 'MRR': 0.8588109495295124}
ListNet Epoch 48 | Metrics: {'NDCG@1': 0.39905902480752775, 'NDCG@5': 0.39787275531728156, 'NDCG@10': 0.3963596944606561, 'MAP': 0.761856324352048, 'MRR': 0.8578129455374963}
ListNet Epoch 49 | Metrics: {'NDCG@1': 0.3973481608212147, 'NDCG@5': 0.39583195314008424, 'NDCG@10': 0.3960710034938543, 'MAP': 0.7619313286611192, 'MRR': 0.8568149415454803}
ListNet Epoch 50 | Metrics: {'NDCG@1': 0.3887938408896493, 'NDCG@5': 0.39770771936554233, 'NDCG@10': 0.3973411384076901, 'MAP': 0.7620385266938055, 'MRR': 0.855168234958654}
ListNet Epoch 51 | Metrics: {'NDCG@1': 0.3934987168520103, 'NDCG@5': 0.3951394331664691, 'NDCG@10': 0.39746294104214547, 'MAP': 0.7621104202037248, 'MRR': 0.8505774165953807}
ListNet Epoch 52 | Metrics: {'NDCG@1': 0.38366124893071, 'NDCG@5': 0.3916195834337085, 'NDCG@10': 0.3969185899561109, 'MAP': 0.761793651762244, 'MRR': 0.8455873966353008}
ListNet Epoch 53 | Metrics: {'NDCG@1': 0.3828058169375535, 'NDCG@5': 0.389995486300241, 'NDCG@10': 0.3957123335703781, 'MAP': 0.7617473904714763, 'MRR': 0.8461576846307386}
ListNet Epoch 54 | Metrics: {'NDCG@1': 0.3900769888793841, 'NDCG@5': 0.3909645145339982, 'NDCG@10': 0.3955026152949935, 'MAP': 0.7617466188791872, 'MRR': 0.8506487025948104}
ListNet Epoch 55 | Metrics: {'NDCG@1': 0.3793840889649273, 'NDCG@5': 0.3907185326315199, 'NDCG@10': 0.3936271548901365, 'MAP': 0.7614887248750818, 'MRR': 0.8460863986313089}
ListNet Epoch 56 | Metrics: {'NDCG@1': 0.37339606501283146, 'NDCG@5': 0.3892422648191113, 'NDCG@10': 0.39188714981101774, 'MAP': 0.7612125999442336, 'MRR': 0.8435913886512688}
ListNet Epoch 57 | Metrics: {'NDCG@1': 0.37895637296834905, 'NDCG@5': 0.39145537905035804, 'NDCG@10': 0.39161428862645675, 'MAP': 0.7614166962466757, 'MRR': 0.8490269461077844}
ListNet Epoch 58 | Metrics: {'NDCG@1': 0.36826347305389223, 'NDCG@5': 0.3881933412955749, 'NDCG@10': 0.3918254294516457, 'MAP': 0.7614304398772137, 'MRR': 0.8440369261477045}
ListNet Epoch 59 | Metrics: {'NDCG@1': 0.3798118049615056, 'NDCG@5': 0.39212564254112625, 'NDCG@10': 0.39263970716633867, 'MAP': 0.7615392334119415, 'MRR': 0.8483782435129741}
ListNet Epoch 60 | Metrics: {'NDCG@1': 0.37895637296834905, 'NDCG@5': 0.390901597001383, 'NDCG@10': 0.39140972805702856, 'MAP': 0.7615396044089154, 'MRR': 0.849625748502994}
ListNet Epoch 61 | Metrics: {'NDCG@1': 0.3793840889649273, 'NDCG@5': 0.39289018518235425, 'NDCG@10': 0.3916932483663369, 'MAP': 0.7614309688838677, 'MRR': 0.8468812375249501}
ListNet Epoch 62 | Metrics: {'NDCG@1': 0.3798118049615056, 'NDCG@5': 0.3925488955977171, 'NDCG@10': 0.39325450989887933, 'MAP': 0.7615184244764464, 'MRR': 0.846631736526946}
ListNet Epoch 63 | Metrics: {'NDCG@1': 0.3721129170230966, 'NDCG@5': 0.3911739262141736, 'NDCG@10': 0.390715785631182, 'MAP': 0.7614365787280198, 'MRR': 0.846631736526946}
ListNet Epoch 64 | Metrics: {'NDCG@1': 0.37168520102651836, 'NDCG@5': 0.3905457369963991, 'NDCG@10': 0.3922715999379336, 'MAP': 0.7614793019804041, 'MRR': 0.8488772455089819}
ListNet Epoch 65 | Metrics: {'NDCG@1': 0.37425149700598803, 'NDCG@5': 0.3912839392545134, 'NDCG@10': 0.3924280661981601, 'MAP': 0.7616615752022179, 'MRR': 0.8448852295409182}
ListNet Epoch 66 | Metrics: {'NDCG@1': 0.37767322497861416, 'NDCG@5': 0.391367138751588, 'NDCG@10': 0.39409374997439073, 'MAP': 0.7615044406145329, 'MRR': 0.8452345309381236}
ListNet Epoch 67 | Metrics: {'NDCG@1': 0.3772455089820359, 'NDCG@5': 0.3897832778264774, 'NDCG@10': 0.3926730667482188, 'MAP': 0.7615081429807358, 'MRR': 0.8460329341317365}
ListNet Epoch 68 | Metrics: {'NDCG@1': 0.381950384944397, 'NDCG@5': 0.39218069387408455, 'NDCG@10': 0.3935370667552039, 'MAP': 0.7615834369608212, 'MRR': 0.85062375249501}
ListNet Epoch 69 | Metrics: {'NDCG@1': 0.381950384944397, 'NDCG@5': 0.39203169237943936, 'NDCG@10': 0.3933686561542946, 'MAP': 0.7615806025162859, 'MRR': 0.8502744510978044}
ListNet Epoch 70 | Metrics: {'NDCG@1': 0.378956372968349, 'NDCG@5': 0.39118133746781564, 'NDCG@10': 0.39325966232226095, 'MAP': 0.7615002128663735, 'MRR': 0.8521207584830339}
ListNet Epoch 71 | Metrics: {'NDCG@1': 0.3712574850299401, 'NDCG@5': 0.3911896004156932, 'NDCG@10': 0.3921640168506883, 'MAP': 0.7615687341058012, 'MRR': 0.84937624750499}
ListNet Epoch 72 | Metrics: {'NDCG@1': 0.36698032506415745, 'NDCG@5': 0.38894781373783543, 'NDCG@10': 0.391186647341174, 'MAP': 0.7616795020880943, 'MRR': 0.8499287140005702}
ListNet Epoch 73 | Metrics: {'NDCG@1': 0.3605645851154833, 'NDCG@5': 0.3902096763709975, 'NDCG@10': 0.39039717436951665, 'MAP': 0.7619656840109598, 'MRR': 0.848627744510978}
ListNet Epoch 74 | Metrics: {'NDCG@1': 0.3652694610778443, 'NDCG@5': 0.38992526786825793, 'NDCG@10': 0.39057141342995666, 'MAP': 0.7616680874690621, 'MRR': 0.8494297120045622}
ListNet Epoch 75 | Metrics: {'NDCG@1': 0.3712574850299401, 'NDCG@5': 0.39287742074510146, 'NDCG@10': 0.3904800919683012, 'MAP': 0.7616680931513031, 'MRR': 0.8459366980325063}
ListNet Epoch 76 | Metrics: {'NDCG@1': 0.37724550898203596, 'NDCG@5': 0.3924001952117705, 'NDCG@10': 0.391716316808329, 'MAP': 0.7618185412569782, 'MRR': 0.8526732249786142}
ListNet Epoch 77 | Metrics: {'NDCG@1': 0.3781009409751924, 'NDCG@5': 0.39146446192120393, 'NDCG@10': 0.3907102179758621, 'MAP': 0.7617876144576836, 'MRR': 0.8533219275734245}
ListNet Epoch 78 | Metrics: {'NDCG@1': 0.3729683490162532, 'NDCG@5': 0.3907135473501992, 'NDCG@10': 0.39171886018444, 'MAP': 0.7619114276601094, 'MRR': 0.8506487025948104}
ListNet Epoch 79 | Metrics: {'NDCG@1': 0.38152266894781867, 'NDCG@5': 0.39220731722030827, 'NDCG@10': 0.3921826120063663, 'MAP': 0.761635576933777, 'MRR': 0.847754491017964}
ListNet Epoch 80 | Metrics: {'NDCG@1': 0.37553464499572287, 'NDCG@5': 0.39153452360952085, 'NDCG@10': 0.39170198349193924, 'MAP': 0.7617005360709319, 'MRR': 0.847005988023952}
ListNet Epoch 81 | Metrics: {'NDCG@1': 0.37339606501283146, 'NDCG@5': 0.3911539438401323, 'NDCG@10': 0.39095836472376433, 'MAP': 0.7617470412188522, 'MRR': 0.8482534930139722}
ListNet Epoch 82 | Metrics: {'NDCG@1': 0.37467921300256635, 'NDCG@5': 0.390583043134852, 'NDCG@10': 0.38984284443051037, 'MAP': 0.7618463250862176, 'MRR': 0.850249500998004}
ListNet Epoch 83 | Metrics: {'NDCG@1': 0.37296834901625325, 'NDCG@5': 0.39211316250248274, 'NDCG@10': 0.38959738094434154, 'MAP': 0.7619933176439346, 'MRR': 0.8537425149700598}
ListNet Epoch 84 | Metrics: {'NDCG@1': 0.3781009409751924, 'NDCG@5': 0.39276877347418504, 'NDCG@10': 0.3897507825828929, 'MAP': 0.762001195778045, 'MRR': 0.8542415169660679}
ListNet Epoch 85 | Metrics: {'NDCG@1': 0.3810949529512404, 'NDCG@5': 0.39261207588525, 'NDCG@10': 0.38868900533227263, 'MAP': 0.7619409186236445, 'MRR': 0.8557385229540918}
ListNet Epoch 86 | Metrics: {'NDCG@1': 0.38622754491017963, 'NDCG@5': 0.39693776844302175, 'NDCG@10': 0.39043939768645153, 'MAP': 0.7619029820029002, 'MRR': 0.8577345309381238}
ListNet Epoch 87 | Metrics: {'NDCG@1': 0.3763900769888794, 'NDCG@5': 0.3943856816313197, 'NDCG@10': 0.39040996070452, 'MAP': 0.7618834273451357, 'MRR': 0.8542415169660679}
ListNet Epoch 88 | Metrics: {'NDCG@1': 0.3704020530367836, 'NDCG@5': 0.39421979771134436, 'NDCG@10': 0.39065534848937405, 'MAP': 0.7617630862528796, 'MRR': 0.8517465069860279}
ListNet Epoch 89 | Metrics: {'NDCG@1': 0.3686911890504705, 'NDCG@5': 0.3939601753398294, 'NDCG@10': 0.38933203031545827, 'MAP': 0.7616916436174258, 'MRR': 0.8514970059880239}
ListNet Epoch 90 | Metrics: {'NDCG@1': 0.36569717707442256, 'NDCG@5': 0.3948438031280798, 'NDCG@10': 0.3892731910155608, 'MAP': 0.7616386003629563, 'MRR': 0.8498502994011977}
ListNet Epoch 91 | Metrics: {'NDCG@1': 0.369546621043627, 'NDCG@5': 0.3959908238292047, 'NDCG@10': 0.389919668060379, 'MAP': 0.7617138123878283, 'MRR': 0.85124750499002}
ListNet Epoch 92 | Metrics: {'NDCG@1': 0.37082976903336184, 'NDCG@5': 0.3928372310364368, 'NDCG@10': 0.39007054506022953, 'MAP': 0.7616765752922507, 'MRR': 0.8522455089820359}
ListNet Epoch 93 | Metrics: {'NDCG@1': 0.3725406330196749, 'NDCG@5': 0.39395948292551525, 'NDCG@10': 0.38931908365667833, 'MAP': 0.7618323208993647, 'MRR': 0.8520958083832336}
ListNet Epoch 94 | Metrics: {'NDCG@1': 0.37168520102651836, 'NDCG@5': 0.39285620337468746, 'NDCG@10': 0.3892036091200296, 'MAP': 0.761589815447837, 'MRR': 0.8525948103792415}
ListNet Epoch 95 | Metrics: {'NDCG@1': 0.36911890504704875, 'NDCG@5': 0.3896102777893544, 'NDCG@10': 0.3881606573614163, 'MAP': 0.7614069006912677, 'MRR': 0.8504990019960079}
ListNet Epoch 96 | Metrics: {'NDCG@1': 0.36484174508126604, 'NDCG@5': 0.3916867754506065, 'NDCG@10': 0.38887677507656226, 'MAP': 0.7616396103896792, 'MRR': 0.847005988023952}
ListNet Epoch 97 | Metrics: {'NDCG@1': 0.3644140290846878, 'NDCG@5': 0.38971970500045044, 'NDCG@10': 0.3879632039807366, 'MAP': 0.7615036449995053, 'MRR': 0.8452594810379241}
ListNet Epoch 98 | Metrics: {'NDCG@1': 0.369546621043627, 'NDCG@5': 0.392799132780228, 'NDCG@10': 0.38811800188251927, 'MAP': 0.7616980993692087, 'MRR': 0.8485029940119759}
ListNet Epoch 99 | Metrics: {'NDCG@1': 0.36826347305389223, 'NDCG@5': 0.39264201646750924, 'NDCG@10': 0.3874685113307938, 'MAP': 0.7616011511342506, 'MRR': 0.85}
ListNet Epoch 100 | Metrics: {'NDCG@1': 0.36313088109495295, 'NDCG@5': 0.3924443680148484, 'NDCG@10': 0.38765392669488336, 'MAP': 0.7616410068754459, 'MRR': 0.8429141716566866}
ListNet Epoch 101 | Metrics: {'NDCG@1': 0.3652694610778443, 'NDCG@5': 0.39448619624754605, 'NDCG@10': 0.3878793047729781, 'MAP': 0.7616455361235748, 'MRR': 0.8441616766467067}
ListNet Epoch 102 | Metrics: {'NDCG@1': 0.37168520102651836, 'NDCG@5': 0.3942534400065165, 'NDCG@10': 0.3886272291163397, 'MAP': 0.7618694247388608, 'MRR': 0.8490019960079839}
ListNet Epoch 103 | Metrics: {'NDCG@1': 0.36826347305389223, 'NDCG@5': 0.39571002381133713, 'NDCG@10': 0.38915567754048747, 'MAP': 0.7619239551731172, 'MRR': 0.84625748502994}
ListNet Epoch 104 | Metrics: {'NDCG@1': 0.3738237810094098, 'NDCG@5': 0.3936123065199848, 'NDCG@10': 0.3883503600937816, 'MAP': 0.7619404192288519, 'MRR': 0.8505988023952097}
ListNet Epoch 105 | Metrics: {'NDCG@1': 0.3716852010265184, 'NDCG@5': 0.39339864130818164, 'NDCG@10': 0.38806048338785526, 'MAP': 0.7618784468506316, 'MRR': 0.8520958083832336}
ListNet Epoch 106 | Metrics: {'NDCG@1': 0.37168520102651836, 'NDCG@5': 0.3959556295088753, 'NDCG@10': 0.38877925879016434, 'MAP': 0.7622240370900647, 'MRR': 0.849750499001996}
ListNet Epoch 107 | Metrics: {'NDCG@1': 0.3665526090675791, 'NDCG@5': 0.39560488680213507, 'NDCG@10': 0.3886478493683935, 'MAP': 0.7622794354685893, 'MRR': 0.850249500998004}
ListNet Epoch 108 | Metrics: {'NDCG@1': 0.360136869118905, 'NDCG@5': 0.39310613918110004, 'NDCG@10': 0.3882406707788337, 'MAP': 0.7620946477129695, 'MRR': 0.848253493013972}
ListNet Epoch 109 | Metrics: {'NDCG@1': 0.37082976903336184, 'NDCG@5': 0.395290467914283, 'NDCG@10': 0.38950838046783204, 'MAP': 0.7622340904752536, 'MRR': 0.8537425149700598}
ListNet Epoch 110 | Metrics: {'NDCG@1': 0.3686911890504705, 'NDCG@5': 0.395820821011075, 'NDCG@10': 0.38940176062982135, 'MAP': 0.7622317560382966, 'MRR': 0.8522455089820359}
ListNet Epoch 111 | Metrics: {'NDCG@1': 0.3712574850299401, 'NDCG@5': 0.39660850213132914, 'NDCG@10': 0.3896600549323218, 'MAP': 0.7623966578326413, 'MRR': 0.8517465069860278}
ListNet Epoch 112 | Metrics: {'NDCG@1': 0.37168520102651836, 'NDCG@5': 0.39758815224904775, 'NDCG@10': 0.3902789783726254, 'MAP': 0.7625309753166524, 'MRR': 0.8509980039920159}
ListNet Epoch 113 | Metrics: {'NDCG@1': 0.37339606501283146, 'NDCG@5': 0.3957652087377911, 'NDCG@10': 0.3911409751793052, 'MAP': 0.7624862508949053, 'MRR': 0.8509980039920159}
ListNet Epoch 114 | Metrics: {'NDCG@1': 0.37852865697177074, 'NDCG@5': 0.3974084802778769, 'NDCG@10': 0.39304381329599336, 'MAP': 0.7626093310225144, 'MRR': 0.8534930139720557}
ListNet Epoch 115 | Metrics: {'NDCG@1': 0.3772455089820359, 'NDCG@5': 0.3957428262058774, 'NDCG@10': 0.39175340376524553, 'MAP': 0.7625516979555761, 'MRR': 0.8527445109780439}
ListNet Epoch 116 | Metrics: {'NDCG@1': 0.37339606501283146, 'NDCG@5': 0.3934912332830902, 'NDCG@10': 0.3923196068668479, 'MAP': 0.7625520174705214, 'MRR': 0.849750499001996}
ListNet Epoch 117 | Metrics: {'NDCG@1': 0.3738237810094097, 'NDCG@5': 0.39358329889408517, 'NDCG@10': 0.39196751186931944, 'MAP': 0.7626841433119764, 'MRR': 0.8520958083832336}
ListNet Epoch 118 | Metrics: {'NDCG@1': 0.37681779298545764, 'NDCG@5': 0.39423008627333433, 'NDCG@10': 0.39285234449333617, 'MAP': 0.7626713400515737, 'MRR': 0.8530938123752495}
ListNet Epoch 119 | Metrics: {'NDCG@1': 0.37254063301967494, 'NDCG@5': 0.39369099063320034, 'NDCG@10': 0.3915748352374822, 'MAP': 0.7629172650785506, 'MRR': 0.8557385229540918}
ListNet Epoch 120 | Metrics: {'NDCG@1': 0.37082976903336184, 'NDCG@5': 0.3934741278763606, 'NDCG@10': 0.3912272460374384, 'MAP': 0.7627951325990721, 'MRR': 0.8559880239520957}
ListNet Epoch 121 | Metrics: {'NDCG@1': 0.36826347305389223, 'NDCG@5': 0.3928955931319154, 'NDCG@10': 0.3907012007867335, 'MAP': 0.7627993279861326, 'MRR': 0.853243512974052}
ListNet Epoch 122 | Metrics: {'NDCG@1': 0.36655260906757914, 'NDCG@5': 0.3933075581546613, 'NDCG@10': 0.39057539586568824, 'MAP': 0.7628678508786055, 'MRR': 0.8562375249500999}
ListNet Epoch 123 | Metrics: {'NDCG@1': 0.37168520102651836, 'NDCG@5': 0.3938660176325335, 'NDCG@10': 0.3909115360825375, 'MAP': 0.7629309629474801, 'MRR': 0.8548403193612774}
ListNet Epoch 124 | Metrics: {'NDCG@1': 0.37254063301967494, 'NDCG@5': 0.394552655923362, 'NDCG@10': 0.39078526081825027, 'MAP': 0.7629057609701191, 'MRR': 0.8555888223552893}
ListNet Epoch 125 | Metrics: {'NDCG@1': 0.36911890504704875, 'NDCG@5': 0.3951812061479451, 'NDCG@10': 0.3899541507297178, 'MAP': 0.7628429997617242, 'MRR': 0.8548403193612774}
ListNet Epoch 126 | Metrics: {'NDCG@1': 0.36698032506415734, 'NDCG@5': 0.39625453093030033, 'NDCG@10': 0.39093750411376726, 'MAP': 0.7629209807476377, 'MRR': 0.8555888223552893}
ListNet Epoch 127 | Metrics: {'NDCG@1': 0.37168520102651836, 'NDCG@5': 0.39741317092931044, 'NDCG@10': 0.39130802034977474, 'MAP': 0.7629263961940916, 'MRR': 0.8540918163672654}
ListNet Epoch 128 | Metrics: {'NDCG@1': 0.3661248930710009, 'NDCG@5': 0.3945315115559749, 'NDCG@10': 0.3903603634174886, 'MAP': 0.7629367999445006, 'MRR': 0.8525948103792415}
ListNet Epoch 129 | Metrics: {'NDCG@1': 0.3712574850299401, 'NDCG@5': 0.3956622718760362, 'NDCG@10': 0.3909799026382795, 'MAP': 0.7628444442969226, 'MRR': 0.8555888223552893}
ListNet Epoch 130 | Metrics: {'NDCG@1': 0.37339606501283146, 'NDCG@5': 0.3954348168009417, 'NDCG@10': 0.3901053900900104, 'MAP': 0.7628336266203481, 'MRR': 0.8535928143712576}
ListNet Epoch 131 | Metrics: {'NDCG@1': 0.3772455089820359, 'NDCG@5': 0.39432348408790124, 'NDCG@10': 0.3901817684652028, 'MAP': 0.762637660207974, 'MRR': 0.8522455089820359}
ListNet Epoch 132 | Metrics: {'NDCG@1': 0.3781009409751924, 'NDCG@5': 0.39545035057539135, 'NDCG@10': 0.3907752028290003, 'MAP': 0.762920502629564, 'MRR': 0.8538922155688622}
ListNet Epoch 133 | Metrics: {'NDCG@1': 0.3793840889649273, 'NDCG@5': 0.39552514820114687, 'NDCG@10': 0.39108257189931217, 'MAP': 0.762830283945408, 'MRR': 0.8552395209580838}
ListNet Epoch 134 | Metrics: {'NDCG@1': 0.37767322497861416, 'NDCG@5': 0.39497164983131017, 'NDCG@10': 0.3904618847054277, 'MAP': 0.7628019491707886, 'MRR': 0.8582335329341316}
ListNet Epoch 135 | Metrics: {'NDCG@1': 0.37553464499572287, 'NDCG@5': 0.39433891043201175, 'NDCG@10': 0.39043004761668987, 'MAP': 0.7628314995105916, 'MRR': 0.8572355289421157}
ListNet Epoch 136 | Metrics: {'NDCG@1': 0.37852865697177074, 'NDCG@5': 0.3961303741777266, 'NDCG@10': 0.3910757454994031, 'MAP': 0.7628647808593573, 'MRR': 0.8581337325349302}
ListNet Epoch 137 | Metrics: {'NDCG@1': 0.3751069289991446, 'NDCG@5': 0.3946334978767889, 'NDCG@10': 0.39061212977118626, 'MAP': 0.7628802619591056, 'MRR': 0.861377245508982}
ListNet Epoch 138 | Metrics: {'NDCG@1': 0.3793840889649273, 'NDCG@5': 0.39546425680586816, 'NDCG@10': 0.3911802108541751, 'MAP': 0.7628548991586337, 'MRR': 0.8581337325349302}
ListNet Epoch 139 | Metrics: {'NDCG@1': 0.3857998289136014, 'NDCG@5': 0.3978534968383218, 'NDCG@10': 0.3919417058333414, 'MAP': 0.7628652664460568, 'MRR': 0.8631237524950099}
ListNet Epoch 140 | Metrics: {'NDCG@1': 0.3815226689478187, 'NDCG@5': 0.3959581824921559, 'NDCG@10': 0.3909452561229842, 'MAP': 0.7626487701997035, 'MRR': 0.859880239520958}
ListNet Epoch 141 | Metrics: {'NDCG@1': 0.3849443969204448, 'NDCG@5': 0.3977927960986283, 'NDCG@10': 0.39149762368176555, 'MAP': 0.7628151897632477, 'MRR': 0.859880239520958}
ListNet Epoch 142 | Metrics: {'NDCG@1': 0.38708297690333615, 'NDCG@5': 0.3977944881973252, 'NDCG@10': 0.3913645017167864, 'MAP': 0.7627823591089385, 'MRR': 0.8583832335329341}
ListNet Epoch 143 | Metrics: {'NDCG@1': 0.3823781009409752, 'NDCG@5': 0.3969475106733909, 'NDCG@10': 0.39104497872210625, 'MAP': 0.7628434425659706, 'MRR': 0.8568862275449102}
ListNet Epoch 144 | Metrics: {'NDCG@1': 0.37767322497861416, 'NDCG@5': 0.39623602733342184, 'NDCG@10': 0.3910311070955487, 'MAP': 0.7626920364370962, 'MRR': 0.8558882235528943}
ListNet Epoch 145 | Metrics: {'NDCG@1': 0.38195038494439687, 'NDCG@5': 0.396445760028387, 'NDCG@10': 0.3907378746451187, 'MAP': 0.7624655642175269, 'MRR': 0.8563872255489021}
ListNet Epoch 146 | Metrics: {'NDCG@1': 0.3853721129170231, 'NDCG@5': 0.39698253067550426, 'NDCG@10': 0.39156511145169787, 'MAP': 0.7626796543383721, 'MRR': 0.85938123752495}
ListNet Epoch 147 | Metrics: {'NDCG@1': 0.38152266894781867, 'NDCG@5': 0.39478555588172576, 'NDCG@10': 0.3906880717532664, 'MAP': 0.7625724518840982, 'MRR': 0.8551397205588822}
ListNet Epoch 148 | Metrics: {'NDCG@1': 0.38152266894781867, 'NDCG@5': 0.39470919789840025, 'NDCG@10': 0.39112817194750094, 'MAP': 0.7625103312765358, 'MRR': 0.8551397205588822}
ListNet Epoch 149 | Metrics: {'NDCG@1': 0.3840889649272883, 'NDCG@5': 0.3948826116449873, 'NDCG@10': 0.3911884077952829, 'MAP': 0.7626143252408067, 'MRR': 0.858632734530938}

[피처 중요도 로그] /home/work/lab_project/severity/feature_importance_train_severity_l2r_listnet_train_thresholds.log

[검증] train score 경계(threshold) 기준 분류 정확도(참고): 0.2468

[Train] 실제 Severity와 비교

=== Train (train_thresholds) ===
Accuracy: 0.2933
Macro precision: 0.2932
Macro recall: 0.2932
Macro F1: 0.2932
Weighted precision: 0.2933
Weighted recall: 0.2933
Weighted F1: 0.2933
              precision    recall  f1-score   support

    Critical     0.3530    0.3530    0.3530     15114
        High     0.2513    0.2513    0.2513     15048
      Medium     0.2655    0.2655    0.2655     14906
         Low     0.3032    0.3032    0.3032     14932

    accuracy                         0.2933     60000
   macro avg     0.2932    0.2932    0.2932     60000
weighted avg     0.2933    0.2933    0.2933     60000


Train에서 추정한 score 경계(내림차순 상위부터 Critical→…): [6.160913 6.050712 5.944191]
(참고) train score min/max: 5.263407 / 6.785050

[Test] 실제 Severity와 비교

=== Test (mode=train_thresholds) ===
Accuracy: 0.2513
Macro precision: 0.2509
Macro recall: 0.2512
Macro F1: 0.2509
Weighted precision: 0.2510
Weighted recall: 0.2513
Weighted F1: 0.2510
              precision    recall  f1-score   support

    Critical     0.2613    0.2803    0.2705      5108
        High     0.2482    0.2510    0.2496      4920
      Medium     0.2451    0.2258    0.2351      5027
         Low     0.2491    0.2475    0.2483      4945

    accuracy                         0.2513     20000
   macro avg     0.2509    0.2512    0.2509     20000
weighted avg     0.2510    0.2513    0.2510     20000


저장: severity/logging_monitoring_anomalies_l2r_listnet_train_thresholds.csv

=== 소요 시간 ===
CSV 로드·train/val/test 분할: 0.382 s
전처리(인코딩·스케일) + 학습(train∪val L2R): 109.898 s
추론·경계·Train·Val·Test 평가·저장(전수): 1.999 s
  └ Test severity 정답 비교(report_metrics)만: 0.364 s
전체: 112.739 s

=== 랭킹 지표 MRR (L2R/metrics, relevance=0..3) ===
Validation MRR: 0.864899
Test MRR:       0.864271
