# train_severity_l2r_rank 2026-03-29T12:24:53.280967
# model=listmle test_mode=train_thresholds csv=severity/logging_monitoring_anomalies.csv
# config=/home/work/lab_project/severity/experiment_config.yaml

[로그 파일] /home/work/lab_project/severity/experiment_logs/all_20260329_122253/logs/l2r_listmle_train_thresholds.log
[[ 0.      0.     -0.8351 -1.7189  1.4577  0.122   1.0859  0.5791 -1.2547  1.2696 -1.309   1.1615  1.3574  0.7751 -1.7115 -0.1346 -0.9621 -1.3686  1.0604  0.8664  0.7023  0.882   1.3367 -0.8785
   0.4453  0.4473  0.635   0.7097 -1.3365 -0.7106]
 [ 1.      0.      0.1243 -0.3186 -1.2696 -1.2888  0.3412  0.4589  1.4455 -0.1913  0.2913 -1.2219  1.3574  0.6019  1.7109 -1.085  -1.6556  1.5471 -0.5     0.8664 -1.4193 -0.881  -0.4545  1.4664
  -0.45    0.4473 -0.2115  0.0033  1.3381 -1.4171]
 [ 2.      0.      0.9625  0.3535 -1.2696  0.12    0.1687  1.4359 -1.1057 -0.4565  1.3232 -0.0269 -0.5194  0.6019 -0.9671 -0.9529  0.4249 -0.0661  0.493   0.518  -0.7121 -0.2933 -1.3501 -1.4647
   1.3406 -1.3473  0.1516  0.7097 -0.445   1.409 ]
 [ 1.      0.     -1.6167 -1.2117 -0.1787 -0.6923 -1.2574 -0.5276 -0.8082  0.3122  0.5782  1.5341 -0.6584  1.1216 -1.1053  0.515  -0.442  -0.3785  0.7767 -1.5721  0.7023 -1.4687  1.3367 -0.8785
   0.4453 -1.3473  1.5224  0.7097 -1.3365  1.409 ]]
ListMLE Epoch 0 | Metrics: {'NDCG@1': 0.3913601368691189, 'NDCG@5': 0.38159568374600344, 'NDCG@10': 0.38418965324584814, 'MAP': 0.759545902441883, 'MRR': 0.8602794411177644}
ListMLE Epoch 1 | Metrics: {'NDCG@1': 0.3712574850299401, 'NDCG@5': 0.3842970253117477, 'NDCG@10': 0.3874722745021935, 'MAP': 0.7589858152944013, 'MRR': 0.848253493013972}
ListMLE Epoch 2 | Metrics: {'NDCG@1': 0.3857998289136014, 'NDCG@5': 0.3915537098713328, 'NDCG@10': 0.3904560234605176, 'MAP': 0.7590134646976716, 'MRR': 0.8521457085828343}
ListMLE Epoch 3 | Metrics: {'NDCG@1': 0.4041916167664671, 'NDCG@5': 0.391825073642176, 'NDCG@10': 0.3904091982729464, 'MAP': 0.7591661542169227, 'MRR': 0.8503992015968063}
ListMLE Epoch 4 | Metrics: {'NDCG@1': 0.394781864841745, 'NDCG@5': 0.39186212498249356, 'NDCG@10': 0.3942575450621231, 'MAP': 0.7588666906762432, 'MRR': 0.8405189620758483}
ListMLE Epoch 5 | Metrics: {'NDCG@1': 0.3755346449957228, 'NDCG@5': 0.3913779880993141, 'NDCG@10': 0.391293738685519, 'MAP': 0.7585948487457075, 'MRR': 0.8319860279441118}
ListMLE Epoch 6 | Metrics: {'NDCG@1': 0.3738237810094098, 'NDCG@5': 0.3938639571209565, 'NDCG@10': 0.39186748421198386, 'MAP': 0.7590360099792816, 'MRR': 0.8441117764471058}
ListMLE Epoch 7 | Metrics: {'NDCG@1': 0.38836612489307104, 'NDCG@5': 0.39387329453139003, 'NDCG@10': 0.39268381969696814, 'MAP': 0.7602151635108977, 'MRR': 0.8589820359281436}
ListMLE Epoch 8 | Metrics: {'NDCG@1': 0.39307100085543195, 'NDCG@5': 0.3961045336602462, 'NDCG@10': 0.391448353196847, 'MAP': 0.7604848181490894, 'MRR': 0.8647704590818363}
ListMLE Epoch 9 | Metrics: {'NDCG@1': 0.40461933276304535, 'NDCG@5': 0.39746561216811066, 'NDCG@10': 0.393811322159358, 'MAP': 0.7606354570297199, 'MRR': 0.8616267465069859}
ListMLE Epoch 10 | Metrics: {'NDCG@1': 0.4029084687767322, 'NDCG@5': 0.39954270676070786, 'NDCG@10': 0.39294547368611676, 'MAP': 0.760483188275975, 'MRR': 0.8655688622754492}
ListMLE Epoch 11 | Metrics: {'NDCG@1': 0.3939264328485886, 'NDCG@5': 0.40106436839174237, 'NDCG@10': 0.3939125966963388, 'MAP': 0.760153770584846, 'MRR': 0.8560878243512974}
ListMLE Epoch 12 | Metrics: {'NDCG@1': 0.38708297690333615, 'NDCG@5': 0.39973811687447575, 'NDCG@10': 0.39387074587852655, 'MAP': 0.7602325009708679, 'MRR': 0.8508483033932136}
ListMLE Epoch 13 | Metrics: {'NDCG@1': 0.36826347305389223, 'NDCG@5': 0.3928369346510507, 'NDCG@10': 0.3939924002557112, 'MAP': 0.7595744009579467, 'MRR': 0.8320359281437125}
ListMLE Epoch 14 | Metrics: {'NDCG@1': 0.3845166809238666, 'NDCG@5': 0.39345895474785314, 'NDCG@10': 0.39329317838220845, 'MAP': 0.7598277208236757, 'MRR': 0.8496792130025663}
ListMLE Epoch 15 | Metrics: {'NDCG@1': 0.3665526090675792, 'NDCG@5': 0.3931944499325399, 'NDCG@10': 0.3934464941640598, 'MAP': 0.7600492831852023, 'MRR': 0.8450099800399202}
ListMLE Epoch 16 | Metrics: {'NDCG@1': 0.3763900769888794, 'NDCG@5': 0.394110892510939, 'NDCG@10': 0.39354526710457177, 'MAP': 0.7603893701131296, 'MRR': 0.8452594810379241}
ListMLE Epoch 17 | Metrics: {'NDCG@1': 0.381950384944397, 'NDCG@5': 0.3937345955506884, 'NDCG@10': 0.3949206495668526, 'MAP': 0.7609805539047328, 'MRR': 0.8529940119760479}
ListMLE Epoch 18 | Metrics: {'NDCG@1': 0.36227544910179643, 'NDCG@5': 0.39046290454101856, 'NDCG@10': 0.39289455204702073, 'MAP': 0.7611483318678589, 'MRR': 0.8467564870259481}
ListMLE Epoch 19 | Metrics: {'NDCG@1': 0.3721129170230966, 'NDCG@5': 0.3905730519811507, 'NDCG@10': 0.3935600508069867, 'MAP': 0.7609545639989657, 'MRR': 0.8514970059880239}
ListMLE Epoch 20 | Metrics: {'NDCG@1': 0.3806672369546621, 'NDCG@5': 0.39434992800387986, 'NDCG@10': 0.39520130434647954, 'MAP': 0.7607352137665899, 'MRR': 0.848253493013972}
ListMLE Epoch 21 | Metrics: {'NDCG@1': 0.38109495295124035, 'NDCG@5': 0.3937889508059145, 'NDCG@10': 0.39668045402893815, 'MAP': 0.7607032984365858, 'MRR': 0.8486027944111777}
ListMLE Epoch 22 | Metrics: {'NDCG@1': 0.3853721129170231, 'NDCG@5': 0.39509022053071735, 'NDCG@10': 0.39643811096810266, 'MAP': 0.7606436742017488, 'MRR': 0.8529940119760479}
ListMLE Epoch 23 | Metrics: {'NDCG@1': 0.3960650128314799, 'NDCG@5': 0.3985366854664494, 'NDCG@10': 0.3958055579166022, 'MAP': 0.760361634276694, 'MRR': 0.8550898203592815}
ListMLE Epoch 24 | Metrics: {'NDCG@1': 0.4020530367835757, 'NDCG@5': 0.39814929877089267, 'NDCG@10': 0.3970526982654, 'MAP': 0.7605043926842662, 'MRR': 0.8612275449101796}
ListMLE Epoch 25 | Metrics: {'NDCG@1': 0.39093242087254065, 'NDCG@5': 0.39972659654185094, 'NDCG@10': 0.3959890622360202, 'MAP': 0.7600785083841556, 'MRR': 0.851996007984032}
ListMLE Epoch 26 | Metrics: {'NDCG@1': 0.3926432848588538, 'NDCG@5': 0.3998765569309862, 'NDCG@10': 0.397256320585153, 'MAP': 0.7603893367579282, 'MRR': 0.8533433133732534}
ListMLE Epoch 27 | Metrics: {'NDCG@1': 0.3849443969204448, 'NDCG@5': 0.40070213378053765, 'NDCG@10': 0.3957322656390071, 'MAP': 0.7600986337346264, 'MRR': 0.8499001996007984}
ListMLE Epoch 28 | Metrics: {'NDCG@1': 0.4054747647562019, 'NDCG@5': 0.40164720331870896, 'NDCG@10': 0.39772220170052963, 'MAP': 0.7604915007094525, 'MRR': 0.8618263473053891}
ListMLE Epoch 29 | Metrics: {'NDCG@1': 0.399486740804106, 'NDCG@5': 0.402678444632391, 'NDCG@10': 0.3957262456038008, 'MAP': 0.7603240533826502, 'MRR': 0.8568363273453092}
ListMLE Epoch 30 | Metrics: {'NDCG@1': 0.40119760479041916, 'NDCG@5': 0.3997374345298079, 'NDCG@10': 0.3969965177689871, 'MAP': 0.7600310251231489, 'MRR': 0.8592315369261477}
ListMLE Epoch 31 | Metrics: {'NDCG@1': 0.40333618477331057, 'NDCG@5': 0.40203835985567776, 'NDCG@10': 0.39716243809472934, 'MAP': 0.7601773951805116, 'MRR': 0.8588822355289422}
ListMLE Epoch 32 | Metrics: {'NDCG@1': 0.4187339606501283, 'NDCG@5': 0.4011840477339543, 'NDCG@10': 0.3993950642413484, 'MAP': 0.7603706831152275, 'MRR': 0.863373253493014}
ListMLE Epoch 33 | Metrics: {'NDCG@1': 0.4101796407185629, 'NDCG@5': 0.4003045645936029, 'NDCG@10': 0.39957195196561013, 'MAP': 0.7607618242566497, 'MRR': 0.8692614770459082}
ListMLE Epoch 34 | Metrics: {'NDCG@1': 0.4140290846877673, 'NDCG@5': 0.39970914724294815, 'NDCG@10': 0.3973479946264703, 'MAP': 0.7605421272538675, 'MRR': 0.8717564870259482}
ListMLE Epoch 35 | Metrics: {'NDCG@1': 0.40846877673224985, 'NDCG@5': 0.3985624591929424, 'NDCG@10': 0.3986311650262847, 'MAP': 0.7608082021503757, 'MRR': 0.8705089820359282}
ListMLE Epoch 36 | Metrics: {'NDCG@1': 0.4054747647562019, 'NDCG@5': 0.39654744266754477, 'NDCG@10': 0.39965153940133674, 'MAP': 0.7603897158558941, 'MRR': 0.8642714570858284}
ListMLE Epoch 37 | Metrics: {'NDCG@1': 0.40248075278015394, 'NDCG@5': 0.39611288331921557, 'NDCG@10': 0.39641305280976635, 'MAP': 0.7599096155026885, 'MRR': 0.8622754491017964}
ListMLE Epoch 38 | Metrics: {'NDCG@1': 0.40119760479041916, 'NDCG@5': 0.3948669384930883, 'NDCG@10': 0.3963892947162689, 'MAP': 0.7598307859715252, 'MRR': 0.8610279441117764}
ListMLE Epoch 39 | Metrics: {'NDCG@1': 0.4029084687767322, 'NDCG@5': 0.395573892775015, 'NDCG@10': 0.3959887526791651, 'MAP': 0.7593540024653466, 'MRR': 0.8610279441117764}
ListMLE Epoch 40 | Metrics: {'NDCG@1': 0.4041916167664671, 'NDCG@5': 0.3919940278800495, 'NDCG@10': 0.394994993136646, 'MAP': 0.7592860913580773, 'MRR': 0.8620259481037923}
ListMLE Epoch 41 | Metrics: {'NDCG@1': 0.408896492728828, 'NDCG@5': 0.39359681719323425, 'NDCG@10': 0.39544360269095197, 'MAP': 0.7595128848595547, 'MRR': 0.8630239520958084}
ListMLE Epoch 42 | Metrics: {'NDCG@1': 0.4059024807527802, 'NDCG@5': 0.3927345280328001, 'NDCG@10': 0.394131184002048, 'MAP': 0.7593975453691278, 'MRR': 0.8630239520958084}
ListMLE Epoch 43 | Metrics: {'NDCG@1': 0.40932420872540637, 'NDCG@5': 0.3922464352970416, 'NDCG@10': 0.3931868957104935, 'MAP': 0.7592168827396018, 'MRR': 0.8635229540918165}
ListMLE Epoch 44 | Metrics: {'NDCG@1': 0.4050470487596236, 'NDCG@5': 0.3906515301855417, 'NDCG@10': 0.39342552271765246, 'MAP': 0.7594495224730095, 'MRR': 0.8690119760479041}
ListMLE Epoch 45 | Metrics: {'NDCG@1': 0.40034217279726264, 'NDCG@5': 0.388372802930425, 'NDCG@10': 0.39047688400028635, 'MAP': 0.7593426681553569, 'MRR': 0.8647704590818363}
ListMLE Epoch 46 | Metrics: {'NDCG@1': 0.3986313088109495, 'NDCG@5': 0.3871689970628574, 'NDCG@10': 0.39083969384423595, 'MAP': 0.7593031668219654, 'MRR': 0.8610279441117764}
ListMLE Epoch 47 | Metrics: {'NDCG@1': 0.3934987168520102, 'NDCG@5': 0.38617026951560857, 'NDCG@10': 0.3928606405780161, 'MAP': 0.7595025281817858, 'MRR': 0.8585329341317365}
ListMLE Epoch 48 | Metrics: {'NDCG@1': 0.40119760479041916, 'NDCG@5': 0.38943293996675166, 'NDCG@10': 0.391977447180508, 'MAP': 0.7594072052100448, 'MRR': 0.8627744510978043}
ListMLE Epoch 49 | Metrics: {'NDCG@1': 0.3973481608212147, 'NDCG@5': 0.3886171718391288, 'NDCG@10': 0.39161757559599947, 'MAP': 0.7595058582891924, 'MRR': 0.8596307385229541}

[피처 중요도 로그] /home/work/lab_project/severity/feature_importance_train_severity_l2r_listmle_train_thresholds.log

[검증] train score 경계(threshold) 기준 분류 정확도(참고): 0.2480

[Train] 실제 Severity와 비교

=== Train (train_thresholds) ===
Accuracy: 0.2885
Macro precision: 0.2884
Macro recall: 0.2884
Macro F1: 0.2884
Weighted precision: 0.2885
Weighted recall: 0.2885
Weighted F1: 0.2885
              precision    recall  f1-score   support

    Critical     0.3083    0.3083    0.3083     15114
        High     0.2603    0.2603    0.2603     15048
      Medium     0.2540    0.2540    0.2540     14906
         Low     0.3312    0.3312    0.3312     14932

    accuracy                         0.2885     60000
   macro avg     0.2884    0.2884    0.2884     60000
weighted avg     0.2885    0.2885    0.2885     60000


Train에서 추정한 score 경계(내림차순 상위부터 Critical→…): [1.468392 1.345412 1.225964]
(참고) train score min/max: 0.545324 / 2.208333

[Test] 실제 Severity와 비교

=== Test (mode=train_thresholds) ===
Accuracy: 0.2452
Macro precision: 0.2451
Macro recall: 0.2452
Macro F1: 0.2451
Weighted precision: 0.2452
Weighted recall: 0.2452
Weighted F1: 0.2452
              precision    recall  f1-score   support

    Critical     0.2529    0.2559    0.2544      5108
        High     0.2464    0.2496    0.2480      4920
      Medium     0.2422    0.2339    0.2380      5027
         Low     0.2390    0.2413    0.2401      4945

    accuracy                         0.2452     20000
   macro avg     0.2451    0.2452    0.2451     20000
weighted avg     0.2452    0.2452    0.2452     20000


저장: severity/logging_monitoring_anomalies_l2r_listmle_train_thresholds.csv

=== 소요 시간 ===
CSV 로드·train/val/test 분할: 0.364 s
전처리(인코딩·스케일) + 학습(train∪val L2R): 289.571 s
추론·경계·Train·Val·Test 평가·저장(전수): 2.032 s
  └ Test severity 정답 비교(report_metrics)만: 0.370 s
전체: 292.452 s

=== 랭킹 지표 MRR (L2R/metrics, relevance=0..3) ===
Validation MRR: 0.864271
Test MRR:       0.846307
