# train_severity_l2r_rank 2026-03-30T04:16:03.436422
# model=listmle test_mode=train_score_relevance_0_3 csv=severity/CVE_summary_separate/cve-datasets/cve_with_meaning70.csv
# config=/home/work/lab_project/severity/experiment_config.yaml

[로그 파일] /home/work/lab_project/severity/experiment_logs/all_20260330_041200/logs/l2r_listmle_train_score_relevance_0_3.log
[[ 5.      0.     -1.1232 -0.2859 -0.4048 -0.4294 -0.4028 -0.3939 -0.3819 -0.3086 -0.3087 -0.3104 -0.3066 -0.2778 -0.3069 -0.3074 -0.3048 -0.141  -0.2267 -0.2223 -0.292  -0.2186 -0.2439 -0.2375
  -0.1655 -0.2792 -0.1645 -0.2836 -0.2775 -0.1003 -0.1586 -0.2229 -0.2076 -0.191  -0.2113 -0.2164 -0.2154 -0.2131 -0.1907 -0.2554 -0.1859 -0.1639 -0.1722 -0.2022 -0.2015 -0.2024 -0.2159 -0.1078
  -0.1348 -0.1959 -0.1045 -0.1683 -0.131  -0.1583 -0.1597 -0.1793 -0.1657 -0.1447 -0.18   -0.1944 -0.13   -0.1296 -0.1861 -0.1174 -0.1816 -0.1538 -0.1441 -0.1347 -0.1287 -0.1412 -0.2019 -0.1842
  -0.1578 -0.5867 -0.3699 -0.7797  0.3774  1.0478  0.9286  0.8101]
 [ 5.      0.     -1.1232 -0.2859 -0.4048 -0.4294 -0.4028 -0.3939 -0.3819 -0.3086 -0.3087 -0.3104 -0.3066 -0.2778 -0.3069 -0.3074 -0.3048 -0.141  -0.2267 -0.2223 -0.292  -0.2186 -0.2439 -0.2375
  -0.1655 -0.2792 -0.1645 -0.2836 -0.2775 -0.1003 -0.1586 -0.2229 -0.2076 -0.191  -0.2113 -0.2164 -0.2154 -0.2131 -0.1907 -0.2554 -0.1859 -0.1639 -0.1722 -0.2022 -0.2015 -0.2024 -0.2159 -0.1078
  -0.1348 -0.1959 -0.1045 -0.1683 -0.131  -0.1583 -0.1597 -0.1793 -0.1657 -0.1447 -0.18   -0.1944 -0.13   -0.1296 -0.1861 -0.1174 -0.1816 -0.1538 -0.1441 -0.1347 -0.1287 -0.1412 -0.2019 -0.1842
  -0.1578 -0.5867 -0.3699 -0.7797  0.3774  1.0478  0.9286  0.8101]
 [ 5.      0.     -0.4009 -0.2859 -0.4048 -0.4294 -0.4028 -0.3939 -0.3819 -0.3086 -0.3087 -0.3104 -0.3066 -0.2778 -0.3069 -0.3074 -0.3048 -0.141  -0.2267 -0.2223 -0.292  -0.2186 -0.2439 -0.2375
  -0.1655 -0.2792 -0.1645 -0.2836 -0.2775 -0.1003 -0.1586 -0.2229 -0.2076  3.7522 -0.2113 -0.2164 -0.2154 -0.2131 -0.1907 -0.2554 -0.1859 -0.1639 -0.1722 -0.2022 -0.2015 -0.2024 -0.2159 -0.1078
  -0.1348 -0.1959 -0.1045 -0.1683 -0.131  -0.1583 -0.1597 -0.1793 -0.1657 -0.1447 -0.18   -0.1944 -0.13   -0.1296 -0.1861 -0.1174 -0.1816 -0.1538 -0.1441 -0.1347 -0.1287 -0.1412 -0.2019 -0.1842
  -0.1578 -0.0048 -0.3699 -0.7797  0.3774  1.0478  0.9286  0.8101]
 [ 5.      0.      1.6421 -0.2859 -0.4048 -0.4294 -0.4028 -0.3939 -0.3819 -0.3086 -0.3087 -0.3104 -0.3066 -0.2778 -0.3069 -0.3074 -0.3048 -0.141  -0.2267 -0.2223 -0.292  -0.2186 -0.2439 -0.2375
  -0.1655 -0.2792 -0.1645 -0.2836 -0.2775 -0.1003 -0.1586 -0.2229 -0.2076 -0.191  -0.2113 -0.2164 -0.2154 -0.2131 -0.1907 -0.2554 -0.1859 -0.1639 -0.1722 -0.2022 -0.2015 -0.2024 -0.2159 -0.1078
  -0.1348 -0.1959 -0.1045 -0.1683 -0.131  -0.1583 -0.1597 -0.1793 -0.1657 -0.1447 -0.18   -0.1944 -0.13   -0.1296 -0.1861 -0.1174 -0.1816 -0.1538 -0.1441 -0.1347 -0.1287 -0.1412 -0.2019 -0.1842
  -0.1578  1.6512 -0.3699 -0.7797  0.3774  1.0478  0.9286  0.8101]]
ListMLE Epoch 0 | Metrics: {'NDCG@1': 0.9766966282219565, 'NDCG@5': 0.9774811009294306, 'NDCG@10': 0.9801924956157203, 'MAP': 1.0, 'MRR': 1.0}
ListMLE Epoch 1 | Metrics: {'NDCG@1': 0.9910279172503559, 'NDCG@5': 0.9870481504586062, 'NDCG@10': 0.9868204076580159, 'MAP': 1.0, 'MRR': 1.0}
ListMLE Epoch 2 | Metrics: {'NDCG@1': 0.9910671581643472, 'NDCG@5': 0.9890171508571766, 'NDCG@10': 0.9883222223399222, 'MAP': 1.0, 'MRR': 1.0}
ListMLE Epoch 3 | Metrics: {'NDCG@1': 0.989523369520719, 'NDCG@5': 0.9882583934419797, 'NDCG@10': 0.9885130319157079, 'MAP': 1.0, 'MRR': 1.0}
ListMLE Epoch 4 | Metrics: {'NDCG@1': 0.9903771318222541, 'NDCG@5': 0.9895523923016321, 'NDCG@10': 0.9892413639324455, 'MAP': 1.0, 'MRR': 1.0}
ListMLE Epoch 5 | Metrics: {'NDCG@1': 0.9903771318222541, 'NDCG@5': 0.9890072669970962, 'NDCG@10': 0.9890901571289578, 'MAP': 1.0, 'MRR': 1.0}
ListMLE Epoch 6 | Metrics: {'NDCG@1': 0.9903737777300916, 'NDCG@5': 0.9893316732284186, 'NDCG@10': 0.9894190641515436, 'MAP': 1.0, 'MRR': 1.0}
ListMLE Epoch 7 | Metrics: {'NDCG@1': 0.9903771318222541, 'NDCG@5': 0.9892573018119024, 'NDCG@10': 0.9889379806055514, 'MAP': 1.0, 'MRR': 1.0}
ListMLE Epoch 8 | Metrics: {'NDCG@1': 0.9903737777300916, 'NDCG@5': 0.990108005284658, 'NDCG@10': 0.9895031913380149, 'MAP': 1.0, 'MRR': 1.0}
ListMLE Epoch 9 | Metrics: {'NDCG@1': 0.9920712400566745, 'NDCG@5': 0.9899457801958784, 'NDCG@10': 0.9898717869916421, 'MAP': 1.0, 'MRR': 1.0}
ListMLE Epoch 10 | Metrics: {'NDCG@1': 0.9920712400566745, 'NDCG@5': 0.9908525983728151, 'NDCG@10': 0.9904730247065904, 'MAP': 1.0, 'MRR': 1.0}
ListMLE Epoch 11 | Metrics: {'NDCG@1': 0.9929216482660471, 'NDCG@5': 0.9904517642918769, 'NDCG@10': 0.9905778810240706, 'MAP': 1.0, 'MRR': 1.0}
ListMLE Epoch 12 | Metrics: {'NDCG@1': 0.9936107888229853, 'NDCG@5': 0.9909844145691952, 'NDCG@10': 0.9908058846950762, 'MAP': 1.0, 'MRR': 1.0}
ListMLE Epoch 13 | Metrics: {'NDCG@1': 0.9929216482660471, 'NDCG@5': 0.9908659637567149, 'NDCG@10': 0.9907206745959359, 'MAP': 1.0, 'MRR': 1.0}
ListMLE Epoch 14 | Metrics: {'NDCG@1': 0.9953441379713971, 'NDCG@5': 0.9915123207574777, 'NDCG@10': 0.9914694913111228, 'MAP': 1.0, 'MRR': 1.0}
ListMLE Epoch 15 | Metrics: {'NDCG@1': 0.9936116746081403, 'NDCG@5': 0.9910707653271129, 'NDCG@10': 0.9908078878257189, 'MAP': 1.0, 'MRR': 1.0}
ListMLE Epoch 16 | Metrics: {'NDCG@1': 0.9944611970323579, 'NDCG@5': 0.9913980496012057, 'NDCG@10': 0.9913058570355859, 'MAP': 1.0, 'MRR': 1.0}
ListMLE Epoch 17 | Metrics: {'NDCG@1': 0.993912887727448, 'NDCG@5': 0.9900277269453673, 'NDCG@10': 0.9900009832216219, 'MAP': 1.0, 'MRR': 1.0}
ListMLE Epoch 18 | Metrics: {'NDCG@1': 0.9961945461807696, 'NDCG@5': 0.9921123850048191, 'NDCG@10': 0.991921327550473, 'MAP': 1.0, 'MRR': 1.0}
ListMLE Epoch 19 | Metrics: {'NDCG@1': 0.9939162418196105, 'NDCG@5': 0.9913438104838637, 'NDCG@10': 0.9913925064743855, 'MAP': 1.0, 'MRR': 1.0}
ListMLE Epoch 20 | Metrics: {'NDCG@1': 0.9961945461807696, 'NDCG@5': 0.9923103629857286, 'NDCG@10': 0.9926210441824831, 'MAP': 1.0, 'MRR': 1.0}
ListMLE Epoch 21 | Metrics: {'NDCG@1': 0.9961945461807696, 'NDCG@5': 0.99230584193035, 'NDCG@10': 0.9923021812748636, 'MAP': 1.0, 'MRR': 1.0}
ListMLE Epoch 22 | Metrics: {'NDCG@1': 0.9953490306834472, 'NDCG@5': 0.9919295275328709, 'NDCG@10': 0.9921969774855566, 'MAP': 1.0, 'MRR': 1.0}
ListMLE Epoch 23 | Metrics: {'NDCG@1': 0.9970823798318589, 'NDCG@5': 0.9926068326515913, 'NDCG@10': 0.9926599416201392, 'MAP': 1.0, 'MRR': 1.0}
ListMLE Epoch 24 | Metrics: {'NDCG@1': 0.9933135826305723, 'NDCG@5': 0.9923104648755472, 'NDCG@10': 0.99223757583587, 'MAP': 1.0, 'MRR': 1.0}
ListMLE Epoch 25 | Metrics: {'NDCG@1': 0.9970823798318589, 'NDCG@5': 0.9930420147099387, 'NDCG@10': 0.9926785115612075, 'MAP': 1.0, 'MRR': 1.0}
ListMLE Epoch 26 | Metrics: {'NDCG@1': 0.9967802809273961, 'NDCG@5': 0.9940043623579675, 'NDCG@10': 0.9937204084204704, 'MAP': 1.0, 'MRR': 1.0}
ListMLE Epoch 27 | Metrics: {'NDCG@1': 0.9967802809273961, 'NDCG@5': 0.9938386206077231, 'NDCG@10': 0.9935037336766509, 'MAP': 1.0, 'MRR': 1.0}
ListMLE Epoch 28 | Metrics: {'NDCG@1': 0.9933135826305723, 'NDCG@5': 0.9922273020206174, 'NDCG@10': 0.9922441301852042, 'MAP': 1.0, 'MRR': 1.0}
ListMLE Epoch 29 | Metrics: {'NDCG@1': 0.9950469317789843, 'NDCG@5': 0.9933692910796528, 'NDCG@10': 0.9930295495927675, 'MAP': 1.0, 'MRR': 1.0}
ListMLE Epoch 30 | Metrics: {'NDCG@1': 0.9967802809273961, 'NDCG@5': 0.9935622788860028, 'NDCG@10': 0.9935565262746381, 'MAP': 1.0, 'MRR': 1.0}
ListMLE Epoch 31 | Metrics: {'NDCG@1': 0.9953490306834472, 'NDCG@5': 0.9930088803728446, 'NDCG@10': 0.993239918980161, 'MAP': 1.0, 'MRR': 1.0}
ListMLE Epoch 32 | Metrics: {'NDCG@1': 0.9967802809273961, 'NDCG@5': 0.9942449956735174, 'NDCG@10': 0.9941942976487474, 'MAP': 1.0, 'MRR': 1.0}
ListMLE Epoch 33 | Metrics: {'NDCG@1': 0.9953490306834472, 'NDCG@5': 0.9934161269744591, 'NDCG@10': 0.993247396697031, 'MAP': 1.0, 'MRR': 1.0}
ListMLE Epoch 34 | Metrics: {'NDCG@1': 0.9953490306834472, 'NDCG@5': 0.9939939442586861, 'NDCG@10': 0.9939843878843465, 'MAP': 1.0, 'MRR': 1.0}
ListMLE Epoch 35 | Metrics: {'NDCG@1': 0.9950469317789843, 'NDCG@5': 0.9937572066055896, 'NDCG@10': 0.9937557978922563, 'MAP': 1.0, 'MRR': 1.0}
ListMLE Epoch 36 | Metrics: {'NDCG@1': 0.9950469317789843, 'NDCG@5': 0.9941880453772044, 'NDCG@10': 0.9942188318383938, 'MAP': 1.0, 'MRR': 1.0}
ListMLE Epoch 37 | Metrics: {'NDCG@1': 0.9953490306834472, 'NDCG@5': 0.9940794441243539, 'NDCG@10': 0.9939496270342244, 'MAP': 1.0, 'MRR': 1.0}
ListMLE Epoch 38 | Metrics: {'NDCG@1': 0.9950469317789843, 'NDCG@5': 0.9943265021776605, 'NDCG@10': 0.9943169740846788, 'MAP': 1.0, 'MRR': 1.0}
ListMLE Epoch 39 | Metrics: {'NDCG@1': 0.9953490306834472, 'NDCG@5': 0.9942802521681097, 'NDCG@10': 0.99427325357343, 'MAP': 1.0, 'MRR': 1.0}
ListMLE Epoch 40 | Metrics: {'NDCG@1': 0.9950469317789843, 'NDCG@5': 0.9941858909941075, 'NDCG@10': 0.9943121619332932, 'MAP': 1.0, 'MRR': 1.0}
ListMLE Epoch 41 | Metrics: {'NDCG@1': 0.9967802809273961, 'NDCG@5': 0.9944940028621347, 'NDCG@10': 0.9942651841319137, 'MAP': 1.0, 'MRR': 1.0}
ListMLE Epoch 42 | Metrics: {'NDCG@1': 0.9959332268101859, 'NDCG@5': 0.9942047510458925, 'NDCG@10': 0.9944309986698672, 'MAP': 1.0, 'MRR': 1.0}
ListMLE Epoch 43 | Metrics: {'NDCG@1': 0.9953490306834472, 'NDCG@5': 0.9940801827551605, 'NDCG@10': 0.9938326645102957, 'MAP': 1.0, 'MRR': 1.0}
ListMLE Epoch 44 | Metrics: {'NDCG@1': 0.9950469317789843, 'NDCG@5': 0.9943716762891821, 'NDCG@10': 0.9947432542003631, 'MAP': 1.0, 'MRR': 1.0}
ListMLE Epoch 45 | Metrics: {'NDCG@1': 0.9967802809273961, 'NDCG@5': 0.9947769089264334, 'NDCG@10': 0.9949565290455459, 'MAP': 1.0, 'MRR': 1.0}
ListMLE Epoch 46 | Metrics: {'NDCG@1': 0.9959332268101859, 'NDCG@5': 0.9946543206611989, 'NDCG@10': 0.9946950762182206, 'MAP': 1.0, 'MRR': 1.0}
ListMLE Epoch 47 | Metrics: {'NDCG@1': 0.9950469317789843, 'NDCG@5': 0.9943474424565538, 'NDCG@10': 0.9946418101508594, 'MAP': 1.0, 'MRR': 1.0}
ListMLE Epoch 48 | Metrics: {'NDCG@1': 0.9950469317789843, 'NDCG@5': 0.9943651929987154, 'NDCG@10': 0.9945215134606725, 'MAP': 1.0, 'MRR': 1.0}
ListMLE Epoch 49 | Metrics: {'NDCG@1': 0.9947439177248604, 'NDCG@5': 0.994284058737509, 'NDCG@10': 0.994604637236379, 'MAP': 1.0, 'MRR': 1.0}
ListMLE Epoch 50 | Metrics: {'NDCG@1': 0.9945019765662368, 'NDCG@5': 0.9944007612145891, 'NDCG@10': 0.9943415653776447, 'MAP': 1.0, 'MRR': 1.0}
ListMLE Epoch 51 | Metrics: {'NDCG@1': 0.9950469317789843, 'NDCG@5': 0.9944949796509077, 'NDCG@10': 0.9947698625587994, 'MAP': 1.0, 'MRR': 1.0}
ListMLE Epoch 52 | Metrics: {'NDCG@1': 0.9967802809273961, 'NDCG@5': 0.9949340497320481, 'NDCG@10': 0.9957424212803513, 'MAP': 1.0, 'MRR': 1.0}
ListMLE Epoch 53 | Metrics: {'NDCG@1': 0.9959332268101859, 'NDCG@5': 0.9948513565032913, 'NDCG@10': 0.9948770444940283, 'MAP': 1.0, 'MRR': 1.0}
ListMLE Epoch 54 | Metrics: {'NDCG@1': 0.9939162418196105, 'NDCG@5': 0.9943160982205749, 'NDCG@10': 0.9946832029115018, 'MAP': 1.0, 'MRR': 1.0}
ListMLE Epoch 55 | Metrics: {'NDCG@1': 0.9967802809273961, 'NDCG@5': 0.9950624446777118, 'NDCG@10': 0.9949128648938517, 'MAP': 1.0, 'MRR': 1.0}
ListMLE Epoch 56 | Metrics: {'NDCG@1': 0.9950469317789843, 'NDCG@5': 0.9945713932104485, 'NDCG@10': 0.9948252473828328, 'MAP': 1.0, 'MRR': 1.0}
ListMLE Epoch 57 | Metrics: {'NDCG@1': 0.9950469317789843, 'NDCG@5': 0.994762869098546, 'NDCG@10': 0.9948886247275985, 'MAP': 1.0, 'MRR': 1.0}
ListMLE Epoch 58 | Metrics: {'NDCG@1': 0.9950469317789843, 'NDCG@5': 0.9946883459769248, 'NDCG@10': 0.9947825500481058, 'MAP': 1.0, 'MRR': 1.0}
ListMLE Epoch 59 | Metrics: {'NDCG@1': 0.9950469317789843, 'NDCG@5': 0.9945538616836447, 'NDCG@10': 0.9948799378973984, 'MAP': 1.0, 'MRR': 1.0}
ListMLE Epoch 60 | Metrics: {'NDCG@1': 0.9950469317789843, 'NDCG@5': 0.9945135797029623, 'NDCG@10': 0.9948739485731206, 'MAP': 1.0, 'MRR': 1.0}
ListMLE Epoch 61 | Metrics: {'NDCG@1': 0.9959332268101859, 'NDCG@5': 0.9947100989571778, 'NDCG@10': 0.9948868037357949, 'MAP': 1.0, 'MRR': 1.0}
ListMLE Epoch 62 | Metrics: {'NDCG@1': 0.9950469317789843, 'NDCG@5': 0.9946447386491764, 'NDCG@10': 0.995535679700339, 'MAP': 1.0, 'MRR': 1.0}
ListMLE Epoch 63 | Metrics: {'NDCG@1': 0.9950469317789843, 'NDCG@5': 0.9949075952526841, 'NDCG@10': 0.9945754183420553, 'MAP': 1.0, 'MRR': 1.0}
ListMLE Epoch 64 | Metrics: {'NDCG@1': 0.9950469317789843, 'NDCG@5': 0.9948738680330362, 'NDCG@10': 0.9956881943827481, 'MAP': 1.0, 'MRR': 1.0}
ListMLE Epoch 65 | Metrics: {'NDCG@1': 0.9950469317789843, 'NDCG@5': 0.994777352393104, 'NDCG@10': 0.9947807398862045, 'MAP': 1.0, 'MRR': 1.0}
ListMLE Epoch 66 | Metrics: {'NDCG@1': 0.9950469317789843, 'NDCG@5': 0.9949358332272501, 'NDCG@10': 0.9949602762302242, 'MAP': 1.0, 'MRR': 1.0}
ListMLE Epoch 67 | Metrics: {'NDCG@1': 0.9947632959368207, 'NDCG@5': 0.9945684998878972, 'NDCG@10': 0.99455118387912, 'MAP': 1.0, 'MRR': 1.0}
ListMLE Epoch 68 | Metrics: {'NDCG@1': 0.9941998776617741, 'NDCG@5': 0.9945854454384351, 'NDCG@10': 0.9947334386813345, 'MAP': 1.0, 'MRR': 1.0}
ListMLE Epoch 69 | Metrics: {'NDCG@1': 0.9941998776617741, 'NDCG@5': 0.9948418172539579, 'NDCG@10': 0.9957404929478316, 'MAP': 1.0, 'MRR': 1.0}
ListMLE Epoch 70 | Metrics: {'NDCG@1': 0.9936141429151476, 'NDCG@5': 0.9946322600610334, 'NDCG@10': 0.9955276553105501, 'MAP': 1.0, 'MRR': 1.0}
ListMLE Epoch 71 | Metrics: {'NDCG@1': 0.9941998776617741, 'NDCG@5': 0.9949654404626977, 'NDCG@10': 0.9958968335939621, 'MAP': 1.0, 'MRR': 1.0}
ListMLE Epoch 72 | Metrics: {'NDCG@1': 0.9950469317789843, 'NDCG@5': 0.9949639969248473, 'NDCG@10': 0.9958420600578132, 'MAP': 1.0, 'MRR': 1.0}
ListMLE Epoch 73 | Metrics: {'NDCG@1': 0.9945019765662368, 'NDCG@5': 0.9940526055459141, 'NDCG@10': 0.9948399740849648, 'MAP': 1.0, 'MRR': 1.0}
ListMLE Epoch 74 | Metrics: {'NDCG@1': 0.9941998776617741, 'NDCG@5': 0.9946189440524116, 'NDCG@10': 0.9955486159783491, 'MAP': 1.0, 'MRR': 1.0}
ListMLE Epoch 75 | Metrics: {'NDCG@1': 0.9950469317789843, 'NDCG@5': 0.9949211310944721, 'NDCG@10': 0.9958521662651816, 'MAP': 1.0, 'MRR': 1.0}
ListMLE Epoch 76 | Metrics: {'NDCG@1': 0.9950469317789843, 'NDCG@5': 0.994565518360001, 'NDCG@10': 0.9955187662429855, 'MAP': 1.0, 'MRR': 1.0}
ListMLE Epoch 77 | Metrics: {'NDCG@1': 0.9941998776617741, 'NDCG@5': 0.9949349626011571, 'NDCG@10': 0.9956466639809844, 'MAP': 1.0, 'MRR': 1.0}
ListMLE Epoch 78 | Metrics: {'NDCG@1': 0.9941998776617741, 'NDCG@5': 0.9948708872810426, 'NDCG@10': 0.9956699537822559, 'MAP': 1.0, 'MRR': 1.0}
ListMLE Epoch 79 | Metrics: {'NDCG@1': 0.9950469317789843, 'NDCG@5': 0.9950110669994265, 'NDCG@10': 0.9960404349208094, 'MAP': 1.0, 'MRR': 1.0}
ListMLE Epoch 80 | Metrics: {'NDCG@1': 0.9950469317789843, 'NDCG@5': 0.9951819108154099, 'NDCG@10': 0.9961640952337794, 'MAP': 1.0, 'MRR': 1.0}
ListMLE Epoch 81 | Metrics: {'NDCG@1': 0.9953490306834472, 'NDCG@5': 0.9945600901231121, 'NDCG@10': 0.9953338601856714, 'MAP': 1.0, 'MRR': 1.0}
ListMLE Epoch 82 | Metrics: {'NDCG@1': 0.9941998776617741, 'NDCG@5': 0.9949505958475946, 'NDCG@10': 0.9958958145978233, 'MAP': 1.0, 'MRR': 1.0}
ListMLE Epoch 83 | Metrics: {'NDCG@1': 0.9950469317789843, 'NDCG@5': 0.994969760380251, 'NDCG@10': 0.9961143884774548, 'MAP': 1.0, 'MRR': 1.0}
ListMLE Epoch 84 | Metrics: {'NDCG@1': 0.9950469317789843, 'NDCG@5': 0.9949912922648023, 'NDCG@10': 0.9961413346126748, 'MAP': 1.0, 'MRR': 1.0}
ListMLE Epoch 85 | Metrics: {'NDCG@1': 0.9941998776617741, 'NDCG@5': 0.9948292040458808, 'NDCG@10': 0.9961403751305463, 'MAP': 1.0, 'MRR': 1.0}
ListMLE Epoch 86 | Metrics: {'NDCG@1': 0.9950469317789843, 'NDCG@5': 0.9951256148911442, 'NDCG@10': 0.9963097241745681, 'MAP': 1.0, 'MRR': 1.0}
ListMLE Epoch 87 | Metrics: {'NDCG@1': 0.9950469317789843, 'NDCG@5': 0.9948931460658735, 'NDCG@10': 0.9961178378656769, 'MAP': 1.0, 'MRR': 1.0}
ListMLE Epoch 88 | Metrics: {'NDCG@1': 0.9950469317789843, 'NDCG@5': 0.9950560991797694, 'NDCG@10': 0.9960722672602942, 'MAP': 1.0, 'MRR': 1.0}
ListMLE Epoch 89 | Metrics: {'NDCG@1': 0.9950469317789843, 'NDCG@5': 0.9949885402174561, 'NDCG@10': 0.9960798400311809, 'MAP': 1.0, 'MRR': 1.0}
ListMLE Epoch 90 | Metrics: {'NDCG@1': 0.9941998776617741, 'NDCG@5': 0.9947816639334003, 'NDCG@10': 0.9960655241900861, 'MAP': 1.0, 'MRR': 1.0}
ListMLE Epoch 91 | Metrics: {'NDCG@1': 0.9950469317789843, 'NDCG@5': 0.9949394269671638, 'NDCG@10': 0.9962461501149213, 'MAP': 1.0, 'MRR': 1.0}
ListMLE Epoch 92 | Metrics: {'NDCG@1': 0.9950469317789843, 'NDCG@5': 0.9948425178875157, 'NDCG@10': 0.9960218989111597, 'MAP': 1.0, 'MRR': 1.0}
ListMLE Epoch 93 | Metrics: {'NDCG@1': 0.9950469317789843, 'NDCG@5': 0.9949913485339958, 'NDCG@10': 0.9963001726063151, 'MAP': 1.0, 'MRR': 1.0}
ListMLE Epoch 94 | Metrics: {'NDCG@1': 0.9950469317789843, 'NDCG@5': 0.995073374437485, 'NDCG@10': 0.9962225384329433, 'MAP': 1.0, 'MRR': 1.0}
ListMLE Epoch 95 | Metrics: {'NDCG@1': 0.9950469317789843, 'NDCG@5': 0.9950001527190803, 'NDCG@10': 0.9961477905811819, 'MAP': 1.0, 'MRR': 1.0}
ListMLE Epoch 96 | Metrics: {'NDCG@1': 0.9947632959368207, 'NDCG@5': 0.9948605030781137, 'NDCG@10': 0.9961597592711702, 'MAP': 1.0, 'MRR': 1.0}
ListMLE Epoch 97 | Metrics: {'NDCG@1': 0.9950469317789843, 'NDCG@5': 0.9950307869400977, 'NDCG@10': 0.9962128394043973, 'MAP': 1.0, 'MRR': 1.0}
ListMLE Epoch 98 | Metrics: {'NDCG@1': 0.9950469317789843, 'NDCG@5': 0.9951747171719353, 'NDCG@10': 0.9962118532825529, 'MAP': 1.0, 'MRR': 1.0}
ListMLE Epoch 99 | Metrics: {'NDCG@1': 0.9941998776617741, 'NDCG@5': 0.9949677418604055, 'NDCG@10': 0.996500690248142, 'MAP': 1.0, 'MRR': 1.0}
ListMLE Epoch 100 | Metrics: {'NDCG@1': 0.9950469317789843, 'NDCG@5': 0.9954212638586947, 'NDCG@10': 0.9966628262300711, 'MAP': 1.0, 'MRR': 1.0}
ListMLE Epoch 101 | Metrics: {'NDCG@1': 0.9950469317789843, 'NDCG@5': 0.995050902129305, 'NDCG@10': 0.9964982724998557, 'MAP': 1.0, 'MRR': 1.0}
ListMLE Epoch 102 | Metrics: {'NDCG@1': 0.9947632959368207, 'NDCG@5': 0.9945432427423023, 'NDCG@10': 0.9959571688169927, 'MAP': 1.0, 'MRR': 1.0}
ListMLE Epoch 103 | Metrics: {'NDCG@1': 0.9967802809273961, 'NDCG@5': 0.9953734372920345, 'NDCG@10': 0.9967536540395461, 'MAP': 1.0, 'MRR': 1.0}
ListMLE Epoch 104 | Metrics: {'NDCG@1': 0.9950469317789843, 'NDCG@5': 0.995162056283679, 'NDCG@10': 0.9966914229400088, 'MAP': 1.0, 'MRR': 1.0}
ListMLE Epoch 105 | Metrics: {'NDCG@1': 0.9950469317789843, 'NDCG@5': 0.9952061180039529, 'NDCG@10': 0.9967068358013284, 'MAP': 1.0, 'MRR': 1.0}
ListMLE Epoch 106 | Metrics: {'NDCG@1': 0.9950469317789843, 'NDCG@5': 0.9951881226130902, 'NDCG@10': 0.9967696566962735, 'MAP': 1.0, 'MRR': 1.0}
ListMLE Epoch 107 | Metrics: {'NDCG@1': 0.9950469317789843, 'NDCG@5': 0.9950653729375103, 'NDCG@10': 0.9966760580887175, 'MAP': 1.0, 'MRR': 1.0}
ListMLE Epoch 108 | Metrics: {'NDCG@1': 0.9950469317789843, 'NDCG@5': 0.9960811521955925, 'NDCG@10': 0.9968060540690326, 'MAP': 1.0, 'MRR': 1.0}
ListMLE Epoch 109 | Metrics: {'NDCG@1': 0.9944611970323579, 'NDCG@5': 0.9960119625300553, 'NDCG@10': 0.9967783786371932, 'MAP': 1.0, 'MRR': 1.0}
ListMLE Epoch 110 | Metrics: {'NDCG@1': 0.9953490306834472, 'NDCG@5': 0.9959342196600752, 'NDCG@10': 0.9966401830581589, 'MAP': 1.0, 'MRR': 1.0}
ListMLE Epoch 111 | Metrics: {'NDCG@1': 0.9950469317789843, 'NDCG@5': 0.9958937385584044, 'NDCG@10': 0.9969600437585415, 'MAP': 1.0, 'MRR': 1.0}
ListMLE Epoch 112 | Metrics: {'NDCG@1': 0.9950469317789843, 'NDCG@5': 0.9962113524580208, 'NDCG@10': 0.996906102884336, 'MAP': 1.0, 'MRR': 1.0}
ListMLE Epoch 113 | Metrics: {'NDCG@1': 0.9947632959368207, 'NDCG@5': 0.9957111278867696, 'NDCG@10': 0.9964711696111925, 'MAP': 1.0, 'MRR': 1.0}
ListMLE Epoch 114 | Metrics: {'NDCG@1': 0.9950469317789843, 'NDCG@5': 0.9961011336005552, 'NDCG@10': 0.9968183688962196, 'MAP': 1.0, 'MRR': 1.0}
ListMLE Epoch 115 | Metrics: {'NDCG@1': 0.9950469317789843, 'NDCG@5': 0.9958660464846587, 'NDCG@10': 0.9969239895069718, 'MAP': 1.0, 'MRR': 1.0}
ListMLE Epoch 116 | Metrics: {'NDCG@1': 0.9967802809273961, 'NDCG@5': 0.9962119239290768, 'NDCG@10': 0.9971133961429657, 'MAP': 1.0, 'MRR': 1.0}
ListMLE Epoch 117 | Metrics: {'NDCG@1': 0.9950469317789843, 'NDCG@5': 0.9962605346564517, 'NDCG@10': 0.9969022559324644, 'MAP': 1.0, 'MRR': 1.0}
ListMLE Epoch 118 | Metrics: {'NDCG@1': 0.9947632959368207, 'NDCG@5': 0.9954687565123078, 'NDCG@10': 0.9962208003719425, 'MAP': 1.0, 'MRR': 1.0}
ListMLE Epoch 119 | Metrics: {'NDCG@1': 0.9950469317789843, 'NDCG@5': 0.9961803141393738, 'NDCG@10': 0.9969282701703477, 'MAP': 1.0, 'MRR': 1.0}
ListMLE Epoch 120 | Metrics: {'NDCG@1': 0.9950469317789843, 'NDCG@5': 0.9961314821613585, 'NDCG@10': 0.9969351566648396, 'MAP': 1.0, 'MRR': 1.0}
ListMLE Epoch 121 | Metrics: {'NDCG@1': 0.9950469317789843, 'NDCG@5': 0.9958983298648435, 'NDCG@10': 0.9966576285552154, 'MAP': 1.0, 'MRR': 1.0}
ListMLE Epoch 122 | Metrics: {'NDCG@1': 0.9950469317789843, 'NDCG@5': 0.9959941416618583, 'NDCG@10': 0.9969816959900748, 'MAP': 1.0, 'MRR': 1.0}
ListMLE Epoch 123 | Metrics: {'NDCG@1': 0.9950469317789843, 'NDCG@5': 0.996047079666174, 'NDCG@10': 0.9970507801469404, 'MAP': 1.0, 'MRR': 1.0}
ListMLE Epoch 124 | Metrics: {'NDCG@1': 0.9950469317789843, 'NDCG@5': 0.996381571117798, 'NDCG@10': 0.9970103038497043, 'MAP': 1.0, 'MRR': 1.0}
ListMLE Epoch 125 | Metrics: {'NDCG@1': 0.9967802809273961, 'NDCG@5': 0.996241418461153, 'NDCG@10': 0.9970038860506555, 'MAP': 1.0, 'MRR': 1.0}
ListMLE Epoch 126 | Metrics: {'NDCG@1': 0.9950469317789843, 'NDCG@5': 0.9963491715303335, 'NDCG@10': 0.9969985923808663, 'MAP': 1.0, 'MRR': 1.0}
ListMLE Epoch 127 | Metrics: {'NDCG@1': 0.9933135826305723, 'NDCG@5': 0.9948694487138641, 'NDCG@10': 0.9961317090264213, 'MAP': 1.0, 'MRR': 1.0}
ListMLE Epoch 128 | Metrics: {'NDCG@1': 0.9950469317789843, 'NDCG@5': 0.9961530502256789, 'NDCG@10': 0.9968874557286432, 'MAP': 1.0, 'MRR': 1.0}
ListMLE Epoch 129 | Metrics: {'NDCG@1': 0.9950469317789843, 'NDCG@5': 0.9958312019587078, 'NDCG@10': 0.9966832000818626, 'MAP': 1.0, 'MRR': 1.0}
ListMLE Epoch 130 | Metrics: {'NDCG@1': 0.9941998776617741, 'NDCG@5': 0.9963243704394442, 'NDCG@10': 0.9966658373710345, 'MAP': 1.0, 'MRR': 1.0}
ListMLE Epoch 131 | Metrics: {'NDCG@1': 0.9950469317789843, 'NDCG@5': 0.9962865265532775, 'NDCG@10': 0.9970370667140821, 'MAP': 1.0, 'MRR': 1.0}
ListMLE Epoch 132 | Metrics: {'NDCG@1': 0.9950469317789843, 'NDCG@5': 0.9960192452601381, 'NDCG@10': 0.9969144387301273, 'MAP': 1.0, 'MRR': 1.0}
ListMLE Epoch 133 | Metrics: {'NDCG@1': 0.9967802809273961, 'NDCG@5': 0.9965813032949002, 'NDCG@10': 0.9972976725619117, 'MAP': 1.0, 'MRR': 1.0}
ListMLE Epoch 134 | Metrics: {'NDCG@1': 0.9950469317789843, 'NDCG@5': 0.9962304179476076, 'NDCG@10': 0.9968673915778794, 'MAP': 1.0, 'MRR': 1.0}
ListMLE Epoch 135 | Metrics: {'NDCG@1': 0.9944611970323579, 'NDCG@5': 0.9963269903388833, 'NDCG@10': 0.9968167194044574, 'MAP': 1.0, 'MRR': 1.0}
ListMLE Epoch 136 | Metrics: {'NDCG@1': 0.9950469317789843, 'NDCG@5': 0.9966689985151272, 'NDCG@10': 0.9970710561506996, 'MAP': 1.0, 'MRR': 1.0}
ListMLE Epoch 137 | Metrics: {'NDCG@1': 0.9950469317789843, 'NDCG@5': 0.996734735298149, 'NDCG@10': 0.9970440936230843, 'MAP': 1.0, 'MRR': 1.0}
ListMLE Epoch 138 | Metrics: {'NDCG@1': 0.9950469317789843, 'NDCG@5': 0.9969310209185475, 'NDCG@10': 0.9971514889367602, 'MAP': 1.0, 'MRR': 1.0}
ListMLE Epoch 139 | Metrics: {'NDCG@1': 0.9950469317789843, 'NDCG@5': 0.9966330935795101, 'NDCG@10': 0.9970476517503477, 'MAP': 1.0, 'MRR': 1.0}
ListMLE Epoch 140 | Metrics: {'NDCG@1': 0.9950469317789843, 'NDCG@5': 0.9968087719696049, 'NDCG@10': 0.997171149269371, 'MAP': 1.0, 'MRR': 1.0}
ListMLE Epoch 141 | Metrics: {'NDCG@1': 0.9933135826305723, 'NDCG@5': 0.9965443221979813, 'NDCG@10': 0.9968932802995601, 'MAP': 1.0, 'MRR': 1.0}
ListMLE Epoch 142 | Metrics: {'NDCG@1': 0.9950469317789843, 'NDCG@5': 0.9960881836494443, 'NDCG@10': 0.996786429774967, 'MAP': 1.0, 'MRR': 1.0}
ListMLE Epoch 143 | Metrics: {'NDCG@1': 0.9962312027987135, 'NDCG@5': 0.9970732274335121, 'NDCG@10': 0.9975180832278249, 'MAP': 1.0, 'MRR': 1.0}
ListMLE Epoch 144 | Metrics: {'NDCG@1': 0.9950469317789843, 'NDCG@5': 0.9963585321199591, 'NDCG@10': 0.9971732969936271, 'MAP': 1.0, 'MRR': 1.0}
ListMLE Epoch 145 | Metrics: {'NDCG@1': 0.9950469317789843, 'NDCG@5': 0.9972439960894764, 'NDCG@10': 0.9974749562516388, 'MAP': 1.0, 'MRR': 1.0}
ListMLE Epoch 146 | Metrics: {'NDCG@1': 0.9979645519471254, 'NDCG@5': 0.9981518383690131, 'NDCG@10': 0.9982198699687519, 'MAP': 1.0, 'MRR': 1.0}
ListMLE Epoch 147 | Metrics: {'NDCG@1': 0.9933135826305723, 'NDCG@5': 0.995623782253809, 'NDCG@10': 0.996031321233101, 'MAP': 1.0, 'MRR': 1.0}
ListMLE Epoch 148 | Metrics: {'NDCG@1': 0.9979645519471254, 'NDCG@5': 0.9981462100717982, 'NDCG@10': 0.9982843842106042, 'MAP': 1.0, 'MRR': 1.0}
ListMLE Epoch 149 | Metrics: {'NDCG@1': 0.9956454680520872, 'NDCG@5': 0.9968321008996782, 'NDCG@10': 0.9974442209316157, 'MAP': 1.0, 'MRR': 1.0}

[피처 중요도 로그] /home/work/lab_project/severity/feature_importance_train_severity_l2r_listmle_train_score_relevance_0_3.log

[검증] L2R 점수→CVSS 매핑 MAE(참고): 1.0731

[검증] Validation (CVSS)

=== Validation (CVSS 수치) ===
MAE: 1.0731
RMSE: 1.1100
Pearson r (y_true, y_pred): 0.9928

[Train] CVSS 예측 vs 정답

=== Train (L2R score→CVSS) (CVSS 수치) ===
MAE: 1.0909
RMSE: 1.1269
Pearson r (y_true, y_pred): 0.9921

[CVSS] train L2R 점수 min/max: -2.588204 / 77.067368 (train CVSS 범위로 선형 매핑)

[Test] CVSS 예측 vs 정답

=== Test (mode=train_score_relevance_0_3) (CVSS 수치) ===
MAE: 1.1572
RMSE: 1.2256
Pearson r (y_true, y_pred): 0.9386

저장: severity/CVE_summary_separate/cve-datasets/cve_with_meaning70_l2r_listmle_train_score_relevance_0_3.csv

=== 소요 시간 ===
CSV 로드·train/val/test 분할: 0.762 s
전처리(인코딩·스케일) + 학습(train∪val L2R): 884.889 s
추론·경계·Train·Val·Test 평가·저장(전수): 0.480 s
  └ Test severity 정답 비교(report_metrics)만: 0.000 s
전체: 886.761 s

=== 랭킹 지표 MRR (L2R/metrics, relevance=CVSS 수치) ===
Validation MRR: 1.000000
Test MRR:       1.000000
