# train_severity_l2r_rank 2026-03-30T04:12:03.138420
# model=listnet test_mode=train_score_relevance_0_3 csv=severity/CVE_summary_separate/cve-datasets/cve_with_meaning70.csv
# config=/home/work/lab_project/severity/experiment_config.yaml

[로그 파일] /home/work/lab_project/severity/experiment_logs/all_20260330_041200/logs/l2r_listnet_train_score_relevance_0_3.log
[[ 5.      0.     -1.1232 -0.2859 -0.4048 -0.4294 -0.4028 -0.3939 -0.3819 -0.3086 -0.3087 -0.3104 -0.3066 -0.2778 -0.3069 -0.3074 -0.3048 -0.141  -0.2267 -0.2223 -0.292  -0.2186 -0.2439 -0.2375
  -0.1655 -0.2792 -0.1645 -0.2836 -0.2775 -0.1003 -0.1586 -0.2229 -0.2076 -0.191  -0.2113 -0.2164 -0.2154 -0.2131 -0.1907 -0.2554 -0.1859 -0.1639 -0.1722 -0.2022 -0.2015 -0.2024 -0.2159 -0.1078
  -0.1348 -0.1959 -0.1045 -0.1683 -0.131  -0.1583 -0.1597 -0.1793 -0.1657 -0.1447 -0.18   -0.1944 -0.13   -0.1296 -0.1861 -0.1174 -0.1816 -0.1538 -0.1441 -0.1347 -0.1287 -0.1412 -0.2019 -0.1842
  -0.1578 -0.5867 -0.3699 -0.7797  0.3774  1.0478  0.9286  0.8101]
 [ 5.      0.     -1.1232 -0.2859 -0.4048 -0.4294 -0.4028 -0.3939 -0.3819 -0.3086 -0.3087 -0.3104 -0.3066 -0.2778 -0.3069 -0.3074 -0.3048 -0.141  -0.2267 -0.2223 -0.292  -0.2186 -0.2439 -0.2375
  -0.1655 -0.2792 -0.1645 -0.2836 -0.2775 -0.1003 -0.1586 -0.2229 -0.2076 -0.191  -0.2113 -0.2164 -0.2154 -0.2131 -0.1907 -0.2554 -0.1859 -0.1639 -0.1722 -0.2022 -0.2015 -0.2024 -0.2159 -0.1078
  -0.1348 -0.1959 -0.1045 -0.1683 -0.131  -0.1583 -0.1597 -0.1793 -0.1657 -0.1447 -0.18   -0.1944 -0.13   -0.1296 -0.1861 -0.1174 -0.1816 -0.1538 -0.1441 -0.1347 -0.1287 -0.1412 -0.2019 -0.1842
  -0.1578 -0.5867 -0.3699 -0.7797  0.3774  1.0478  0.9286  0.8101]
 [ 5.      0.     -0.4009 -0.2859 -0.4048 -0.4294 -0.4028 -0.3939 -0.3819 -0.3086 -0.3087 -0.3104 -0.3066 -0.2778 -0.3069 -0.3074 -0.3048 -0.141  -0.2267 -0.2223 -0.292  -0.2186 -0.2439 -0.2375
  -0.1655 -0.2792 -0.1645 -0.2836 -0.2775 -0.1003 -0.1586 -0.2229 -0.2076  3.7522 -0.2113 -0.2164 -0.2154 -0.2131 -0.1907 -0.2554 -0.1859 -0.1639 -0.1722 -0.2022 -0.2015 -0.2024 -0.2159 -0.1078
  -0.1348 -0.1959 -0.1045 -0.1683 -0.131  -0.1583 -0.1597 -0.1793 -0.1657 -0.1447 -0.18   -0.1944 -0.13   -0.1296 -0.1861 -0.1174 -0.1816 -0.1538 -0.1441 -0.1347 -0.1287 -0.1412 -0.2019 -0.1842
  -0.1578 -0.0048 -0.3699 -0.7797  0.3774  1.0478  0.9286  0.8101]
 [ 5.      0.      1.6421 -0.2859 -0.4048 -0.4294 -0.4028 -0.3939 -0.3819 -0.3086 -0.3087 -0.3104 -0.3066 -0.2778 -0.3069 -0.3074 -0.3048 -0.141  -0.2267 -0.2223 -0.292  -0.2186 -0.2439 -0.2375
  -0.1655 -0.2792 -0.1645 -0.2836 -0.2775 -0.1003 -0.1586 -0.2229 -0.2076 -0.191  -0.2113 -0.2164 -0.2154 -0.2131 -0.1907 -0.2554 -0.1859 -0.1639 -0.1722 -0.2022 -0.2015 -0.2024 -0.2159 -0.1078
  -0.1348 -0.1959 -0.1045 -0.1683 -0.131  -0.1583 -0.1597 -0.1793 -0.1657 -0.1447 -0.18   -0.1944 -0.13   -0.1296 -0.1861 -0.1174 -0.1816 -0.1538 -0.1441 -0.1347 -0.1287 -0.1412 -0.2019 -0.1842
  -0.1578  1.6512 -0.3699 -0.7797  0.3774  1.0478  0.9286  0.8101]]
ListNet Epoch 0 | Metrics: {'NDCG@1': 0.92764151991433, 'NDCG@5': 0.9473133398242841, 'NDCG@10': 0.95632683509187, 'MAP': 1.0, 'MRR': 1.0}
ListNet Epoch 1 | Metrics: {'NDCG@1': 0.958434306791421, 'NDCG@5': 0.9691830982123291, 'NDCG@10': 0.9724421761256301, 'MAP': 1.0, 'MRR': 1.0}
ListNet Epoch 2 | Metrics: {'NDCG@1': 0.9638397694346907, 'NDCG@5': 0.974840828444658, 'NDCG@10': 0.9771844673873282, 'MAP': 1.0, 'MRR': 1.0}
ListNet Epoch 3 | Metrics: {'NDCG@1': 0.9627252981069339, 'NDCG@5': 0.9738826827706812, 'NDCG@10': 0.977216448610805, 'MAP': 1.0, 'MRR': 1.0}
ListNet Epoch 4 | Metrics: {'NDCG@1': 0.9682576974551513, 'NDCG@5': 0.9777781745542363, 'NDCG@10': 0.9818857561287488, 'MAP': 1.0, 'MRR': 1.0}
ListNet Epoch 5 | Metrics: {'NDCG@1': 0.9580163360539923, 'NDCG@5': 0.9736680584050472, 'NDCG@10': 0.9787940127589903, 'MAP': 1.0, 'MRR': 1.0}
ListNet Epoch 6 | Metrics: {'NDCG@1': 0.9804857218271043, 'NDCG@5': 0.9827243230334259, 'NDCG@10': 0.9860595204550144, 'MAP': 1.0, 'MRR': 1.0}
ListNet Epoch 7 | Metrics: {'NDCG@1': 0.958586466725114, 'NDCG@5': 0.9744134223208288, 'NDCG@10': 0.9808385794417969, 'MAP': 1.0, 'MRR': 1.0}
ListNet Epoch 8 | Metrics: {'NDCG@1': 0.989976561189477, 'NDCG@5': 0.9883711618577904, 'NDCG@10': 0.9897287165172876, 'MAP': 1.0, 'MRR': 1.0}
ListNet Epoch 9 | Metrics: {'NDCG@1': 0.9584260552279655, 'NDCG@5': 0.9747402264069432, 'NDCG@10': 0.9801512155538945, 'MAP': 1.0, 'MRR': 1.0}
ListNet Epoch 10 | Metrics: {'NDCG@1': 0.9946257547239695, 'NDCG@5': 0.9894956002960265, 'NDCG@10': 0.9906559944225217, 'MAP': 1.0, 'MRR': 1.0}
ListNet Epoch 11 | Metrics: {'NDCG@1': 0.9668776782518045, 'NDCG@5': 0.9787646050699351, 'NDCG@10': 0.9836175770760435, 'MAP': 1.0, 'MRR': 1.0}
ListNet Epoch 12 | Metrics: {'NDCG@1': 0.9928266807600223, 'NDCG@5': 0.9908822567485681, 'NDCG@10': 0.9930750308791626, 'MAP': 1.0, 'MRR': 1.0}
ListNet Epoch 13 | Metrics: {'NDCG@1': 0.9926132420152359, 'NDCG@5': 0.9884885319113811, 'NDCG@10': 0.9895448858265211, 'MAP': 1.0, 'MRR': 1.0}
ListNet Epoch 14 | Metrics: {'NDCG@1': 0.9957181040919656, 'NDCG@5': 0.9927601130403165, 'NDCG@10': 0.9932750846866172, 'MAP': 1.0, 'MRR': 1.0}
ListNet Epoch 15 | Metrics: {'NDCG@1': 0.976143110218178, 'NDCG@5': 0.98460002356513, 'NDCG@10': 0.9879071193763099, 'MAP': 1.0, 'MRR': 1.0}
ListNet Epoch 16 | Metrics: {'NDCG@1': 0.9965651582091758, 'NDCG@5': 0.9948541428412221, 'NDCG@10': 0.9950029636423197, 'MAP': 1.0, 'MRR': 1.0}
ListNet Epoch 17 | Metrics: {'NDCG@1': 0.9922566003764483, 'NDCG@5': 0.991310620602266, 'NDCG@10': 0.9925640538987064, 'MAP': 1.0, 'MRR': 1.0}
ListNet Epoch 18 | Metrics: {'NDCG@1': 0.9965651582091758, 'NDCG@5': 0.9949804031943286, 'NDCG@10': 0.9954276444104941, 'MAP': 1.0, 'MRR': 1.0}
ListNet Epoch 19 | Metrics: {'NDCG@1': 0.9957181040919656, 'NDCG@5': 0.992649896367652, 'NDCG@10': 0.9935992216564832, 'MAP': 1.0, 'MRR': 1.0}
ListNet Epoch 20 | Metrics: {'NDCG@1': 0.9878984124671166, 'NDCG@5': 0.9919189624409415, 'NDCG@10': 0.9937402139483061, 'MAP': 1.0, 'MRR': 1.0}
ListNet Epoch 21 | Metrics: {'NDCG@1': 0.9965112680077421, 'NDCG@5': 0.9950969181922671, 'NDCG@10': 0.9956295642815668, 'MAP': 1.0, 'MRR': 1.0}
ListNet Epoch 22 | Metrics: {'NDCG@1': 0.9832090099590803, 'NDCG@5': 0.9907534100473239, 'NDCG@10': 0.9926124985122314, 'MAP': 1.0, 'MRR': 1.0}
ListNet Epoch 23 | Metrics: {'NDCG@1': 0.9965651582091758, 'NDCG@5': 0.9947872181616711, 'NDCG@10': 0.9956019554417339, 'MAP': 1.0, 'MRR': 1.0}
ListNet Epoch 24 | Metrics: {'NDCG@1': 0.9849423591074922, 'NDCG@5': 0.9912534788185698, 'NDCG@10': 0.9935831468045796, 'MAP': 1.0, 'MRR': 1.0}
ListNet Epoch 25 | Metrics: {'NDCG@1': 0.997075803146375, 'NDCG@5': 0.9968047982522769, 'NDCG@10': 0.9971602719970558, 'MAP': 1.0, 'MRR': 1.0}
ListNet Epoch 26 | Metrics: {'NDCG@1': 0.9943352758335845, 'NDCG@5': 0.9944462763357025, 'NDCG@10': 0.9950932302809867, 'MAP': 1.0, 'MRR': 1.0}
ListNet Epoch 27 | Metrics: {'NDCG@1': 0.996601045031005, 'NDCG@5': 0.9967859974256381, 'NDCG@10': 0.9976451887256609, 'MAP': 1.0, 'MRR': 1.0}
ListNet Epoch 28 | Metrics: {'NDCG@1': 0.9806286066934582, 'NDCG@5': 0.9894464743611872, 'NDCG@10': 0.9918532176035362, 'MAP': 1.0, 'MRR': 1.0}
ListNet Epoch 29 | Metrics: {'NDCG@1': 0.9993948870414133, 'NDCG@5': 0.9973137879653751, 'NDCG@10': 0.9974021231389371, 'MAP': 1.0, 'MRR': 1.0}
ListNet Epoch 30 | Metrics: {'NDCG@1': 0.9943352758335845, 'NDCG@5': 0.99320541775255, 'NDCG@10': 0.9938009337091069, 'MAP': 1.0, 'MRR': 1.0}
ListNet Epoch 31 | Metrics: {'NDCG@1': 0.996601045031005, 'NDCG@5': 0.9947770158359664, 'NDCG@10': 0.9946876260761272, 'MAP': 1.0, 'MRR': 1.0}
ListNet Epoch 32 | Metrics: {'NDCG@1': 0.997075803146375, 'NDCG@5': 0.9970124066199989, 'NDCG@10': 0.997335980779769, 'MAP': 1.0, 'MRR': 1.0}
ListNet Epoch 33 | Metrics: {'NDCG@1': 0.9973583221249526, 'NDCG@5': 0.9963529986055484, 'NDCG@10': 0.99644677743867, 'MAP': 1.0, 'MRR': 1.0}
ListNet Epoch 34 | Metrics: {'NDCG@1': 0.9918757557011395, 'NDCG@5': 0.9941663224765928, 'NDCG@10': 0.9955997534496822, 'MAP': 1.0, 'MRR': 1.0}
ListNet Epoch 35 | Metrics: {'NDCG@1': 0.9974480991482151, 'NDCG@5': 0.9966822025316293, 'NDCG@10': 0.997539473665428, 'MAP': 1.0, 'MRR': 1.0}
ListNet Epoch 36 | Metrics: {'NDCG@1': 0.9965651582091758, 'NDCG@5': 0.9960769125057491, 'NDCG@10': 0.9964723633552414, 'MAP': 1.0, 'MRR': 1.0}
ListNet Epoch 37 | Metrics: {'NDCG@1': 0.9990916712733644, 'NDCG@5': 0.9980014907371013, 'NDCG@10': 0.9982307739357454, 'MAP': 1.0, 'MRR': 1.0}
ListNet Epoch 38 | Metrics: {'NDCG@1': 0.9957181040919656, 'NDCG@5': 0.9967999139711223, 'NDCG@10': 0.9972213739872855, 'MAP': 1.0, 'MRR': 1.0}
ListNet Epoch 39 | Metrics: {'NDCG@1': 0.9974514532403774, 'NDCG@5': 0.9972892541137465, 'NDCG@10': 0.9978502548568945, 'MAP': 1.0, 'MRR': 1.0}
ListNet Epoch 40 | Metrics: {'NDCG@1': 0.9957181040919656, 'NDCG@5': 0.995993866061847, 'NDCG@10': 0.9966118400041615, 'MAP': 1.0, 'MRR': 1.0}
ListNet Epoch 41 | Metrics: {'NDCG@1': 0.9993948870414133, 'NDCG@5': 0.9990602181546813, 'NDCG@10': 0.9991615155719886, 'MAP': 1.0, 'MRR': 1.0}
ListNet Epoch 42 | Metrics: {'NDCG@1': 0.9965651582091758, 'NDCG@5': 0.9955373992479101, 'NDCG@10': 0.9960351892908059, 'MAP': 1.0, 'MRR': 1.0}
ListNet Epoch 43 | Metrics: {'NDCG@1': 0.9855793285720783, 'NDCG@5': 0.9911520564344444, 'NDCG@10': 0.9935494500320788, 'MAP': 1.0, 'MRR': 1.0}
ListNet Epoch 44 | Metrics: {'NDCG@1': 0.9976615378930015, 'NDCG@5': 0.9971302878349558, 'NDCG@10': 0.9973084589884141, 'MAP': 1.0, 'MRR': 1.0}
ListNet Epoch 45 | Metrics: {'NDCG@1': 0.9988091522947868, 'NDCG@5': 0.9984254825536804, 'NDCG@10': 0.9985916014806167, 'MAP': 1.0, 'MRR': 1.0}
ListNet Epoch 46 | Metrics: {'NDCG@1': 0.9976615378930015, 'NDCG@5': 0.9972504679375751, 'NDCG@10': 0.9974005032943808, 'MAP': 1.0, 'MRR': 1.0}
ListNet Epoch 47 | Metrics: {'NDCG@1': 0.9982985073575876, 'NDCG@5': 0.9981542563049879, 'NDCG@10': 0.9981807028442317, 'MAP': 1.0, 'MRR': 1.0}
ListNet Epoch 48 | Metrics: {'NDCG@1': 0.9965651582091758, 'NDCG@5': 0.9970133883686353, 'NDCG@10': 0.9971481680413349, 'MAP': 1.0, 'MRR': 1.0}
ListNet Epoch 49 | Metrics: {'NDCG@1': 0.9982985073575876, 'NDCG@5': 0.998397831693052, 'NDCG@10': 0.9987808251441614, 'MAP': 1.0, 'MRR': 1.0}
ListNet Epoch 50 | Metrics: {'NDCG@1': 0.9965651582091758, 'NDCG@5': 0.9967848423234251, 'NDCG@10': 0.9969363691689637, 'MAP': 1.0, 'MRR': 1.0}
ListNet Epoch 51 | Metrics: {'NDCG@1': 0.9993948870414133, 'NDCG@5': 0.9981109134405056, 'NDCG@10': 0.9987222505397775, 'MAP': 1.0, 'MRR': 1.0}
ListNet Epoch 52 | Metrics: {'NDCG@1': 0.997075803146375, 'NDCG@5': 0.995933967802272, 'NDCG@10': 0.9964548821323767, 'MAP': 1.0, 'MRR': 1.0}
ListNet Epoch 53 | Metrics: {'NDCG@1': 0.9982985073575876, 'NDCG@5': 0.9988004898180769, 'NDCG@10': 0.9988852187709973, 'MAP': 1.0, 'MRR': 1.0}
ListNet Epoch 54 | Metrics: {'NDCG@1': 0.9982985073575876, 'NDCG@5': 0.9981678569675402, 'NDCG@10': 0.9982680556821564, 'MAP': 1.0, 'MRR': 1.0}
ListNet Epoch 55 | Metrics: {'NDCG@1': 0.994831809060764, 'NDCG@5': 0.9956062878650247, 'NDCG@10': 0.9959888559410265, 'MAP': 1.0, 'MRR': 1.0}
ListNet Epoch 56 | Metrics: {'NDCG@1': 0.9965651582091758, 'NDCG@5': 0.9960887800901088, 'NDCG@10': 0.9963703873770945, 'MAP': 1.0, 'MRR': 1.0}
ListNet Epoch 57 | Metrics: {'NDCG@1': 0.9884482983183073, 'NDCG@5': 0.9924788362128981, 'NDCG@10': 0.9939151389006923, 'MAP': 1.0, 'MRR': 1.0}
ListNet Epoch 58 | Metrics: {'NDCG@1': 0.9985453646171957, 'NDCG@5': 0.9990719188355848, 'NDCG@10': 0.9990014041711502, 'MAP': 1.0, 'MRR': 1.0}
ListNet Epoch 59 | Metrics: {'NDCG@1': 0.9878984124671166, 'NDCG@5': 0.9926179865361794, 'NDCG@10': 0.9940896324011849, 'MAP': 1.0, 'MRR': 1.0}
ListNet Epoch 60 | Metrics: {'NDCG@1': 0.9965651582091758, 'NDCG@5': 0.9963115347310264, 'NDCG@10': 0.9967423230788205, 'MAP': 1.0, 'MRR': 1.0}
ListNet Epoch 61 | Metrics: {'NDCG@1': 0.9965651582091758, 'NDCG@5': 0.9966764411696466, 'NDCG@10': 0.9968096560635249, 'MAP': 1.0, 'MRR': 1.0}
ListNet Epoch 62 | Metrics: {'NDCG@1': 0.9957156357849581, 'NDCG@5': 0.9959844614120588, 'NDCG@10': 0.9958276336130796, 'MAP': 1.0, 'MRR': 1.0}
ListNet Epoch 63 | Metrics: {'NDCG@1': 0.9976615378930015, 'NDCG@5': 0.9968187532426549, 'NDCG@10': 0.9972964159450808, 'MAP': 1.0, 'MRR': 1.0}
ListNet Epoch 64 | Metrics: {'NDCG@1': 0.9965651582091758, 'NDCG@5': 0.9958345883996736, 'NDCG@10': 0.9963154466699089, 'MAP': 1.0, 'MRR': 1.0}
ListNet Epoch 65 | Metrics: {'NDCG@1': 0.9875586491949433, 'NDCG@5': 0.992126685245519, 'NDCG@10': 0.9941187642532695, 'MAP': 1.0, 'MRR': 1.0}
ListNet Epoch 66 | Metrics: {'NDCG@1': 0.997075803146375, 'NDCG@5': 0.9966951615997406, 'NDCG@10': 0.9969865268187231, 'MAP': 1.0, 'MRR': 1.0}
ListNet Epoch 67 | Metrics: {'NDCG@1': 0.9976615378930015, 'NDCG@5': 0.9974270087032547, 'NDCG@10': 0.9975194526014567, 'MAP': 1.0, 'MRR': 1.0}
ListNet Epoch 68 | Metrics: {'NDCG@1': 0.9965651582091758, 'NDCG@5': 0.9961650971378317, 'NDCG@10': 0.9967311375678943, 'MAP': 1.0, 'MRR': 1.0}
ListNet Epoch 69 | Metrics: {'NDCG@1': 0.9976615378930015, 'NDCG@5': 0.9975630431843467, 'NDCG@10': 0.9978087285842189, 'MAP': 1.0, 'MRR': 1.0}
ListNet Epoch 70 | Metrics: {'NDCG@1': 0.9965651582091758, 'NDCG@5': 0.9968663889944361, 'NDCG@10': 0.9970630024388635, 'MAP': 1.0, 'MRR': 1.0}
ListNet Epoch 71 | Metrics: {'NDCG@1': 0.997075803146375, 'NDCG@5': 0.9970418033487127, 'NDCG@10': 0.9972843846527022, 'MAP': 1.0, 'MRR': 1.0}
ListNet Epoch 72 | Metrics: {'NDCG@1': 0.9993948870414133, 'NDCG@5': 0.9992597178374657, 'NDCG@10': 0.9992227346949932, 'MAP': 1.0, 'MRR': 1.0}
ListNet Epoch 73 | Metrics: {'NDCG@1': 0.997075803146375, 'NDCG@5': 0.9968728421216199, 'NDCG@10': 0.9972427369456587, 'MAP': 1.0, 'MRR': 1.0}
ListNet Epoch 74 | Metrics: {'NDCG@1': 0.9973583221249526, 'NDCG@5': 0.9969661801289732, 'NDCG@10': 0.99726133567531, 'MAP': 1.0, 'MRR': 1.0}
ListNet Epoch 75 | Metrics: {'NDCG@1': 0.9976615378930015, 'NDCG@5': 0.9975083801100634, 'NDCG@10': 0.9974641525983385, 'MAP': 1.0, 'MRR': 1.0}
ListNet Epoch 76 | Metrics: {'NDCG@1': 0.9976615378930015, 'NDCG@5': 0.9972696915449677, 'NDCG@10': 0.9974101426455557, 'MAP': 1.0, 'MRR': 1.0}
ListNet Epoch 77 | Metrics: {'NDCG@1': 0.9953424539979633, 'NDCG@5': 0.9952663925056371, 'NDCG@10': 0.995679090218696, 'MAP': 1.0, 'MRR': 1.0}
ListNet Epoch 78 | Metrics: {'NDCG@1': 0.9982985073575876, 'NDCG@5': 0.997760628093237, 'NDCG@10': 0.9981026039561989, 'MAP': 1.0, 'MRR': 1.0}
ListNet Epoch 79 | Metrics: {'NDCG@1': 0.997075803146375, 'NDCG@5': 0.9961965811054032, 'NDCG@10': 0.9967269837047794, 'MAP': 1.0, 'MRR': 1.0}
ListNet Epoch 80 | Metrics: {'NDCG@1': 0.998547832924203, 'NDCG@5': 0.9987239990607316, 'NDCG@10': 0.9989041175253784, 'MAP': 1.0, 'MRR': 1.0}
ListNet Epoch 81 | Metrics: {'NDCG@1': 0.9962287490291648, 'NDCG@5': 0.9962133551012418, 'NDCG@10': 0.9966096441165252, 'MAP': 1.0, 'MRR': 1.0}
ListNet Epoch 82 | Metrics: {'NDCG@1': 0.9993948870414133, 'NDCG@5': 0.9991273464623728, 'NDCG@10': 0.9990914910457251, 'MAP': 1.0, 'MRR': 1.0}
ListNet Epoch 83 | Metrics: {'NDCG@1': 0.9988091522947868, 'NDCG@5': 0.9987882512158095, 'NDCG@10': 0.9991468538865167, 'MAP': 1.0, 'MRR': 1.0}
ListNet Epoch 84 | Metrics: {'NDCG@1': 0.9993948870414133, 'NDCG@5': 0.9993861812907137, 'NDCG@10': 0.9994510879067647, 'MAP': 1.0, 'MRR': 1.0}
ListNet Epoch 85 | Metrics: {'NDCG@1': 0.9988091522947868, 'NDCG@5': 0.998310307153094, 'NDCG@10': 0.998940665700175, 'MAP': 1.0, 'MRR': 1.0}
ListNet Epoch 86 | Metrics: {'NDCG@1': 0.9976615378930015, 'NDCG@5': 0.9973426833321418, 'NDCG@10': 0.9971883861184342, 'MAP': 1.0, 'MRR': 1.0}
ListNet Epoch 87 | Metrics: {'NDCG@1': 0.997075803146375, 'NDCG@5': 0.9975424648804072, 'NDCG@10': 0.9976304742988102, 'MAP': 1.0, 'MRR': 1.0}
ListNet Epoch 88 | Metrics: {'NDCG@1': 0.9973583221249526, 'NDCG@5': 0.9969228708792165, 'NDCG@10': 0.9970821996921894, 'MAP': 1.0, 'MRR': 1.0}
ListNet Epoch 89 | Metrics: {'NDCG@1': 0.997075803146375, 'NDCG@5': 0.9970468124610774, 'NDCG@10': 0.9973094664733155, 'MAP': 1.0, 'MRR': 1.0}
ListNet Epoch 90 | Metrics: {'NDCG@1': 0.9993948870414133, 'NDCG@5': 0.9994736255915143, 'NDCG@10': 0.9995943851360001, 'MAP': 1.0, 'MRR': 1.0}
ListNet Epoch 91 | Metrics: {'NDCG@1': 0.9976615378930015, 'NDCG@5': 0.9972240221862171, 'NDCG@10': 0.9970637901325838, 'MAP': 1.0, 'MRR': 1.0}
ListNet Epoch 92 | Metrics: {'NDCG@1': 0.9915725399330906, 'NDCG@5': 0.9943787413700744, 'NDCG@10': 0.9956222167842403, 'MAP': 1.0, 'MRR': 1.0}
ListNet Epoch 93 | Metrics: {'NDCG@1': 0.9990916712733644, 'NDCG@5': 0.9988109498011211, 'NDCG@10': 0.9989189563823123, 'MAP': 1.0, 'MRR': 1.0}
ListNet Epoch 94 | Metrics: {'NDCG@1': 0.9944953998807529, 'NDCG@5': 0.9941548050283016, 'NDCG@10': 0.9959244725959775, 'MAP': 1.0, 'MRR': 1.0}
ListNet Epoch 95 | Metrics: {'NDCG@1': 0.9993948870414133, 'NDCG@5': 0.9991166429256162, 'NDCG@10': 0.9992955156354314, 'MAP': 1.0, 'MRR': 1.0}
ListNet Epoch 96 | Metrics: {'NDCG@1': 0.997075803146375, 'NDCG@5': 0.9969103120416497, 'NDCG@10': 0.9973459576798163, 'MAP': 1.0, 'MRR': 1.0}
ListNet Epoch 97 | Metrics: {'NDCG@1': 0.9988091522947868, 'NDCG@5': 0.9990435001549918, 'NDCG@10': 0.9992388017904241, 'MAP': 1.0, 'MRR': 1.0}
ListNet Epoch 98 | Metrics: {'NDCG@1': 0.997075803146375, 'NDCG@5': 0.9970435074903985, 'NDCG@10': 0.9973979277078464, 'MAP': 1.0, 'MRR': 1.0}
ListNet Epoch 99 | Metrics: {'NDCG@1': 0.9990916712733644, 'NDCG@5': 0.9982402856821988, 'NDCG@10': 0.9986344080637415, 'MAP': 1.0, 'MRR': 1.0}
ListNet Epoch 100 | Metrics: {'NDCG@1': 0.997075803146375, 'NDCG@5': 0.9972518549339106, 'NDCG@10': 0.9975558750916907, 'MAP': 1.0, 'MRR': 1.0}
ListNet Epoch 101 | Metrics: {'NDCG@1': 0.997075803146375, 'NDCG@5': 0.9971971468222585, 'NDCG@10': 0.9973421971046055, 'MAP': 1.0, 'MRR': 1.0}
ListNet Epoch 102 | Metrics: {'NDCG@1': 0.9953424539979633, 'NDCG@5': 0.9972673359113553, 'NDCG@10': 0.997523384112818, 'MAP': 1.0, 'MRR': 1.0}
ListNet Epoch 103 | Metrics: {'NDCG@1': 0.9993937701778272, 'NDCG@5': 0.9981373194522927, 'NDCG@10': 0.9984520841140483, 'MAP': 1.0, 'MRR': 1.0}
ListNet Epoch 104 | Metrics: {'NDCG@1': 0.9965651582091758, 'NDCG@5': 0.9971671191823535, 'NDCG@10': 0.9974773470207191, 'MAP': 1.0, 'MRR': 1.0}
ListNet Epoch 105 | Metrics: {'NDCG@1': 0.9976615378930015, 'NDCG@5': 0.9973763018066583, 'NDCG@10': 0.9976435038897192, 'MAP': 1.0, 'MRR': 1.0}
ListNet Epoch 106 | Metrics: {'NDCG@1': 0.9993948870414133, 'NDCG@5': 0.9993335780957252, 'NDCG@10': 0.9993687020992412, 'MAP': 1.0, 'MRR': 1.0}
ListNet Epoch 107 | Metrics: {'NDCG@1': 0.9993948870414133, 'NDCG@5': 0.9996915267311991, 'NDCG@10': 0.9995792854190187, 'MAP': 1.0, 'MRR': 1.0}
ListNet Epoch 108 | Metrics: {'NDCG@1': 0.9985059365267379, 'NDCG@5': 0.998684790483479, 'NDCG@10': 0.998972319201013, 'MAP': 1.0, 'MRR': 1.0}
ListNet Epoch 109 | Metrics: {'NDCG@1': 0.9976615378930015, 'NDCG@5': 0.9975830266777795, 'NDCG@10': 0.9975882670133995, 'MAP': 1.0, 'MRR': 1.0}
ListNet Epoch 110 | Metrics: {'NDCG@1': 0.9988091522947868, 'NDCG@5': 0.9991128318527374, 'NDCG@10': 0.9993784199295477, 'MAP': 1.0, 'MRR': 1.0}
ListNet Epoch 111 | Metrics: {'NDCG@1': 0.9965651582091758, 'NDCG@5': 0.998267970551425, 'NDCG@10': 0.9987818652730276, 'MAP': 1.0, 'MRR': 1.0}
ListNet Epoch 112 | Metrics: {'NDCG@1': 0.9988091522947868, 'NDCG@5': 0.9989668783197823, 'NDCG@10': 0.9990688799193295, 'MAP': 1.0, 'MRR': 1.0}
ListNet Epoch 113 | Metrics: {'NDCG@1': 0.9977127726109613, 'NDCG@5': 0.9987698239550554, 'NDCG@10': 0.999028584600764, 'MAP': 1.0, 'MRR': 1.0}
ListNet Epoch 114 | Metrics: {'NDCG@1': 0.997075803146375, 'NDCG@5': 0.997101407515218, 'NDCG@10': 0.9975760933765802, 'MAP': 1.0, 'MRR': 1.0}
ListNet Epoch 115 | Metrics: {'NDCG@1': 0.9965651582091758, 'NDCG@5': 0.997330160689034, 'NDCG@10': 0.9975393307241224, 'MAP': 1.0, 'MRR': 1.0}
ListNet Epoch 116 | Metrics: {'NDCG@1': 0.9990916712733644, 'NDCG@5': 0.9987477351094121, 'NDCG@10': 0.9989688496999735, 'MAP': 1.0, 'MRR': 1.0}
ListNet Epoch 117 | Metrics: {'NDCG@1': 0.9988091522947868, 'NDCG@5': 0.9992398250466261, 'NDCG@10': 0.9993378755918138, 'MAP': 1.0, 'MRR': 1.0}
ListNet Epoch 118 | Metrics: {'NDCG@1': 0.997075803146375, 'NDCG@5': 0.9986637552899261, 'NDCG@10': 0.9991105487372484, 'MAP': 1.0, 'MRR': 1.0}
ListNet Epoch 119 | Metrics: {'NDCG@1': 0.9993948870414133, 'NDCG@5': 0.9992059101304137, 'NDCG@10': 0.999262654283435, 'MAP': 1.0, 'MRR': 1.0}
ListNet Epoch 120 | Metrics: {'NDCG@1': 0.9993948870414133, 'NDCG@5': 0.9990224623262134, 'NDCG@10': 0.9991116093999232, 'MAP': 1.0, 'MRR': 1.0}
ListNet Epoch 121 | Metrics: {'NDCG@1': 0.9973788172004988, 'NDCG@5': 0.9985367782466571, 'NDCG@10': 0.9990614766235505, 'MAP': 1.0, 'MRR': 1.0}
ListNet Epoch 122 | Metrics: {'NDCG@1': 0.9988091522947868, 'NDCG@5': 0.9988208610443633, 'NDCG@10': 0.9992904679391382, 'MAP': 1.0, 'MRR': 1.0}
ListNet Epoch 123 | Metrics: {'NDCG@1': 0.9993948870414133, 'NDCG@5': 0.9991969813985768, 'NDCG@10': 0.99940873179149, 'MAP': 1.0, 'MRR': 1.0}
ListNet Epoch 124 | Metrics: {'NDCG@1': 0.9973583221249526, 'NDCG@5': 0.9984495193344815, 'NDCG@10': 0.9990045446034405, 'MAP': 1.0, 'MRR': 1.0}
ListNet Epoch 125 | Metrics: {'NDCG@1': 0.9982985073575876, 'NDCG@5': 0.9991741714461131, 'NDCG@10': 0.9993682932027017, 'MAP': 1.0, 'MRR': 1.0}
ListNet Epoch 126 | Metrics: {'NDCG@1': 0.9988091522947868, 'NDCG@5': 0.999047371025967, 'NDCG@10': 0.999386147393074, 'MAP': 1.0, 'MRR': 1.0}
ListNet Epoch 127 | Metrics: {'NDCG@1': 0.9993948870414133, 'NDCG@5': 0.9994378453693961, 'NDCG@10': 0.9994713565611874, 'MAP': 1.0, 'MRR': 1.0}
ListNet Epoch 128 | Metrics: {'NDCG@1': 0.9982985073575876, 'NDCG@5': 0.9973742117918581, 'NDCG@10': 0.9972199315843814, 'MAP': 1.0, 'MRR': 1.0}
ListNet Epoch 129 | Metrics: {'NDCG@1': 0.9973583221249526, 'NDCG@5': 0.9969108677272078, 'NDCG@10': 0.9971090795020228, 'MAP': 1.0, 'MRR': 1.0}
ListNet Epoch 130 | Metrics: {'NDCG@1': 0.9982985073575876, 'NDCG@5': 0.9981744537342646, 'NDCG@10': 0.9985366351830999, 'MAP': 1.0, 'MRR': 1.0}
ListNet Epoch 131 | Metrics: {'NDCG@1': 0.9996979010955372, 'NDCG@5': 0.999353978147814, 'NDCG@10': 0.9994775202835223, 'MAP': 1.0, 'MRR': 1.0}
ListNet Epoch 132 | Metrics: {'NDCG@1': 0.997075803146375, 'NDCG@5': 0.9973876610117477, 'NDCG@10': 0.9975450623716409, 'MAP': 1.0, 'MRR': 1.0}
ListNet Epoch 133 | Metrics: {'NDCG@1': 0.9996967842319511, 'NDCG@5': 0.9981900402145942, 'NDCG@10': 0.9985656498940575, 'MAP': 1.0, 'MRR': 1.0}
ListNet Epoch 134 | Metrics: {'NDCG@1': 0.9988091522947868, 'NDCG@5': 0.9991044600076057, 'NDCG@10': 0.9993994101720357, 'MAP': 1.0, 'MRR': 1.0}
ListNet Epoch 135 | Metrics: {'NDCG@1': 0.9968672571136387, 'NDCG@5': 0.9967159092551107, 'NDCG@10': 0.9972311766092522, 'MAP': 1.0, 'MRR': 1.0}
ListNet Epoch 136 | Metrics: {'NDCG@1': 0.9982985073575876, 'NDCG@5': 0.9982872033322108, 'NDCG@10': 0.9987249016029317, 'MAP': 1.0, 'MRR': 1.0}
ListNet Epoch 137 | Metrics: {'NDCG@1': 0.9976615378930015, 'NDCG@5': 0.9976164822317538, 'NDCG@10': 0.997903469536007, 'MAP': 1.0, 'MRR': 1.0}
ListNet Epoch 138 | Metrics: {'NDCG@1': 0.9976615378930015, 'NDCG@5': 0.9978974308733035, 'NDCG@10': 0.9977992303528054, 'MAP': 1.0, 'MRR': 1.0}
ListNet Epoch 139 | Metrics: {'NDCG@1': 0.9976615378930015, 'NDCG@5': 0.9979566396227817, 'NDCG@10': 0.9980132788063479, 'MAP': 1.0, 'MRR': 1.0}
ListNet Epoch 140 | Metrics: {'NDCG@1': 0.9988091522947868, 'NDCG@5': 0.9989922348425025, 'NDCG@10': 0.9991096222985528, 'MAP': 1.0, 'MRR': 1.0}
ListNet Epoch 141 | Metrics: {'NDCG@1': 0.9993948870414133, 'NDCG@5': 0.9995360824360345, 'NDCG@10': 0.9996894178800234, 'MAP': 1.0, 'MRR': 1.0}
ListNet Epoch 142 | Metrics: {'NDCG@1': 0.9991121663489108, 'NDCG@5': 0.9983964343899318, 'NDCG@10': 0.9984189706619707, 'MAP': 1.0, 'MRR': 1.0}
ListNet Epoch 143 | Metrics: {'NDCG@1': 0.9973583221249526, 'NDCG@5': 0.9956707892665416, 'NDCG@10': 0.9961853445645349, 'MAP': 1.0, 'MRR': 1.0}
ListNet Epoch 144 | Metrics: {'NDCG@1': 0.9996979010955372, 'NDCG@5': 0.9990770722892443, 'NDCG@10': 0.9994900586778195, 'MAP': 1.0, 'MRR': 1.0}
ListNet Epoch 145 | Metrics: {'NDCG@1': 0.9979645519471254, 'NDCG@5': 0.9975638280914277, 'NDCG@10': 0.9976661182379853, 'MAP': 1.0, 'MRR': 1.0}
ListNet Epoch 146 | Metrics: {'NDCG@1': 0.997075803146375, 'NDCG@5': 0.9987177361227371, 'NDCG@10': 0.9991881321145845, 'MAP': 1.0, 'MRR': 1.0}
ListNet Epoch 147 | Metrics: {'NDCG@1': 0.9979645519471254, 'NDCG@5': 0.9974565754973918, 'NDCG@10': 0.998013190596946, 'MAP': 1.0, 'MRR': 1.0}
ListNet Epoch 148 | Metrics: {'NDCG@1': 0.997075803146375, 'NDCG@5': 0.9972576325477374, 'NDCG@10': 0.9974058044422351, 'MAP': 1.0, 'MRR': 1.0}
ListNet Epoch 149 | Metrics: {'NDCG@1': 0.997116380966329, 'NDCG@5': 0.9959709502169646, 'NDCG@10': 0.9958374260286581, 'MAP': 1.0, 'MRR': 1.0}

[피처 중요도 로그] /home/work/lab_project/severity/feature_importance_train_severity_l2r_listnet_train_score_relevance_0_3.log

[검증] L2R 점수→CVSS 매핑 MAE(참고): 0.3068

[검증] Validation (CVSS)

=== Validation (CVSS 수치) ===
MAE: 0.3068
RMSE: 0.3285
Pearson r (y_true, y_pred): 0.9979

[Train] CVSS 예측 vs 정답

=== Train (L2R score→CVSS) (CVSS 수치) ===
MAE: 0.3127
RMSE: 0.3287
Pearson r (y_true, y_pred): 0.9984

[CVSS] train L2R 점수 min/max: 24.697281 / 34.581463 (train CVSS 범위로 선형 매핑)

[Test] CVSS 예측 vs 정답

=== Test (mode=train_score_relevance_0_3) (CVSS 수치) ===
MAE: 0.3968
RMSE: 0.6552
Pearson r (y_true, y_pred): 0.9453

저장: severity/CVE_summary_separate/cve-datasets/cve_with_meaning70_l2r_listnet_train_score_relevance_0_3.csv

=== 소요 시간 ===
CSV 로드·train/val/test 분할: 0.816 s
전처리(인코딩·스케일) + 학습(train∪val L2R): 234.614 s
추론·경계·Train·Val·Test 평가·저장(전수): 0.659 s
  └ Test severity 정답 비교(report_metrics)만: 0.000 s
전체: 236.569 s

=== 랭킹 지표 MRR (L2R/metrics, relevance=CVSS 수치) ===
Validation MRR: 1.000000
Test MRR:       1.000000
