# train_severity_l2r_rank 2026-03-30T04:32:09.160999
# model=lambdarank test_mode=train_score_relevance_0_3 csv=severity/CVE_summary_separate/cve-datasets/cve_with_meaning70.csv
# config=/home/work/lab_project/severity/experiment_config.yaml

[로그 파일] /home/work/lab_project/severity/experiment_logs/all_20260330_041200/logs/l2r_lambdarank_train_score_relevance_0_3.log
[[ 5.      0.     -1.1232 -0.2859 -0.4048 -0.4294 -0.4028 -0.3939 -0.3819 -0.3086 -0.3087 -0.3104 -0.3066 -0.2778 -0.3069 -0.3074 -0.3048 -0.141  -0.2267 -0.2223 -0.292  -0.2186 -0.2439 -0.2375
  -0.1655 -0.2792 -0.1645 -0.2836 -0.2775 -0.1003 -0.1586 -0.2229 -0.2076 -0.191  -0.2113 -0.2164 -0.2154 -0.2131 -0.1907 -0.2554 -0.1859 -0.1639 -0.1722 -0.2022 -0.2015 -0.2024 -0.2159 -0.1078
  -0.1348 -0.1959 -0.1045 -0.1683 -0.131  -0.1583 -0.1597 -0.1793 -0.1657 -0.1447 -0.18   -0.1944 -0.13   -0.1296 -0.1861 -0.1174 -0.1816 -0.1538 -0.1441 -0.1347 -0.1287 -0.1412 -0.2019 -0.1842
  -0.1578 -0.5867 -0.3699 -0.7797  0.3774  1.0478  0.9286  0.8101]
 [ 5.      0.     -1.1232 -0.2859 -0.4048 -0.4294 -0.4028 -0.3939 -0.3819 -0.3086 -0.3087 -0.3104 -0.3066 -0.2778 -0.3069 -0.3074 -0.3048 -0.141  -0.2267 -0.2223 -0.292  -0.2186 -0.2439 -0.2375
  -0.1655 -0.2792 -0.1645 -0.2836 -0.2775 -0.1003 -0.1586 -0.2229 -0.2076 -0.191  -0.2113 -0.2164 -0.2154 -0.2131 -0.1907 -0.2554 -0.1859 -0.1639 -0.1722 -0.2022 -0.2015 -0.2024 -0.2159 -0.1078
  -0.1348 -0.1959 -0.1045 -0.1683 -0.131  -0.1583 -0.1597 -0.1793 -0.1657 -0.1447 -0.18   -0.1944 -0.13   -0.1296 -0.1861 -0.1174 -0.1816 -0.1538 -0.1441 -0.1347 -0.1287 -0.1412 -0.2019 -0.1842
  -0.1578 -0.5867 -0.3699 -0.7797  0.3774  1.0478  0.9286  0.8101]
 [ 5.      0.     -0.4009 -0.2859 -0.4048 -0.4294 -0.4028 -0.3939 -0.3819 -0.3086 -0.3087 -0.3104 -0.3066 -0.2778 -0.3069 -0.3074 -0.3048 -0.141  -0.2267 -0.2223 -0.292  -0.2186 -0.2439 -0.2375
  -0.1655 -0.2792 -0.1645 -0.2836 -0.2775 -0.1003 -0.1586 -0.2229 -0.2076  3.7522 -0.2113 -0.2164 -0.2154 -0.2131 -0.1907 -0.2554 -0.1859 -0.1639 -0.1722 -0.2022 -0.2015 -0.2024 -0.2159 -0.1078
  -0.1348 -0.1959 -0.1045 -0.1683 -0.131  -0.1583 -0.1597 -0.1793 -0.1657 -0.1447 -0.18   -0.1944 -0.13   -0.1296 -0.1861 -0.1174 -0.1816 -0.1538 -0.1441 -0.1347 -0.1287 -0.1412 -0.2019 -0.1842
  -0.1578 -0.0048 -0.3699 -0.7797  0.3774  1.0478  0.9286  0.8101]
 [ 5.      0.      1.6421 -0.2859 -0.4048 -0.4294 -0.4028 -0.3939 -0.3819 -0.3086 -0.3087 -0.3104 -0.3066 -0.2778 -0.3069 -0.3074 -0.3048 -0.141  -0.2267 -0.2223 -0.292  -0.2186 -0.2439 -0.2375
  -0.1655 -0.2792 -0.1645 -0.2836 -0.2775 -0.1003 -0.1586 -0.2229 -0.2076 -0.191  -0.2113 -0.2164 -0.2154 -0.2131 -0.1907 -0.2554 -0.1859 -0.1639 -0.1722 -0.2022 -0.2015 -0.2024 -0.2159 -0.1078
  -0.1348 -0.1959 -0.1045 -0.1683 -0.131  -0.1583 -0.1597 -0.1793 -0.1657 -0.1447 -0.18   -0.1944 -0.13   -0.1296 -0.1861 -0.1174 -0.1816 -0.1538 -0.1441 -0.1347 -0.1287 -0.1412 -0.2019 -0.1842
  -0.1578  1.6512 -0.3699 -0.7797  0.3774  1.0478  0.9286  0.8101]]
Training .....

Epoch 0 | Train Metrics: {'NDCG@1': 0.5471417985893957, 'NDCG@5': 0.6912493159340218, 'NDCG@10': 0.7386349499243728, 'MAP': 0.999999891144235, 'MRR': 1.0}
Epoch 1 | Train Metrics: {'NDCG@1': 0.7726710348079352, 'NDCG@5': 0.8593545242767135, 'NDCG@10': 0.882091664892043, 'MAP': 0.9999997357149408, 'MRR': 1.0}
Epoch 2 | Train Metrics: {'NDCG@1': 0.45494283546747005, 'NDCG@5': 0.6016885398894569, 'NDCG@10': 0.6576334670355537, 'MAP': 0.9999999754637242, 'MRR': 1.0}
/home/work/lab_project/L2R/lambdaRank.py:129: RuntimeWarning: overflow encountered in exp
  rho = 1 / (1 + np.exp(temp_scores[i] - temp_scores[j]))
Epoch 3 | Train Metrics: {'NDCG@1': 0.7042980171560607, 'NDCG@5': 0.8151776950774255, 'NDCG@10': 0.8478680095890851, 'MAP': 0.999999832686279, 'MRR': 1.0}
Epoch 4 | Train Metrics: {'NDCG@1': 0.3765850593611395, 'NDCG@5': 0.5774365796052043, 'NDCG@10': 0.6463532101875255, 'MAP': 0.9999999997186225, 'MRR': 1.0}
Epoch 5 | Train Metrics: {'NDCG@1': 0.7330410905499449, 'NDCG@5': 0.8046298166758521, 'NDCG@10': 0.831980421105071, 'MAP': 0.9999997278596746, 'MRR': 1.0}
Epoch 6 | Train Metrics: {'NDCG@1': 0.4826362979698316, 'NDCG@5': 0.6602077139855842, 'NDCG@10': 0.7176682789059396, 'MAP': 0.9999999481742345, 'MRR': 1.0}
Epoch 7 | Train Metrics: {'NDCG@1': 0.4617865749112817, 'NDCG@5': 0.6378658564787488, 'NDCG@10': 0.6941832584734997, 'MAP': 0.9999998169967493, 'MRR': 1.0}
/home/work/lab_project/L2R/lambdaRank.py:129: RuntimeWarning: invalid value encountered in scalar subtract
  rho = 1 / (1 + np.exp(temp_scores[i] - temp_scores[j]))
Epoch 8 | Train Metrics: {'NDCG@1': 0.49142621070276976, 'NDCG@5': 0.6474299652843708, 'NDCG@10': 0.7012538779585862, 'MAP': 0.9999999926492861, 'MRR': 1.0}
Epoch 9 | Train Metrics: {'NDCG@1': 0.49142621070276976, 'NDCG@5': 0.6474299652843708, 'NDCG@10': 0.7012538779585862, 'MAP': 0.9999999926492861, 'MRR': 1.0}
Epoch 10 | Train Metrics: {'NDCG@1': 0.49142621070276976, 'NDCG@5': 0.6474299652843708, 'NDCG@10': 0.7012538779585862, 'MAP': 0.9999999926492861, 'MRR': 1.0}
Epoch 11 | Train Metrics: {'NDCG@1': 0.49142621070276976, 'NDCG@5': 0.6474299652843708, 'NDCG@10': 0.7012538779585862, 'MAP': 0.9999999926492861, 'MRR': 1.0}
Epoch 12 | Train Metrics: {'NDCG@1': 0.49142621070276976, 'NDCG@5': 0.6474299652843708, 'NDCG@10': 0.7012538779585862, 'MAP': 0.9999999926492861, 'MRR': 1.0}
Epoch 13 | Train Metrics: {'NDCG@1': 0.49142621070276976, 'NDCG@5': 0.6474299652843708, 'NDCG@10': 0.7012538779585862, 'MAP': 0.9999999926492861, 'MRR': 1.0}
Epoch 14 | Train Metrics: {'NDCG@1': 0.49142621070276976, 'NDCG@5': 0.6474299652843708, 'NDCG@10': 0.7012538779585862, 'MAP': 0.9999999926492861, 'MRR': 1.0}
Epoch 15 | Train Metrics: {'NDCG@1': 0.49142621070276976, 'NDCG@5': 0.6474299652843708, 'NDCG@10': 0.7012538779585862, 'MAP': 0.9999999926492861, 'MRR': 1.0}
Epoch 16 | Train Metrics: {'NDCG@1': 0.49142621070276976, 'NDCG@5': 0.6474299652843708, 'NDCG@10': 0.7012538779585862, 'MAP': 0.9999999926492861, 'MRR': 1.0}
Epoch 17 | Train Metrics: {'NDCG@1': 0.49142621070276976, 'NDCG@5': 0.6474299652843708, 'NDCG@10': 0.7012538779585862, 'MAP': 0.9999999926492861, 'MRR': 1.0}
Epoch 18 | Train Metrics: {'NDCG@1': 0.49142621070276976, 'NDCG@5': 0.6474299652843708, 'NDCG@10': 0.7012538779585862, 'MAP': 0.9999999926492861, 'MRR': 1.0}
Epoch 19 | Train Metrics: {'NDCG@1': 0.49142621070276976, 'NDCG@5': 0.6474299652843708, 'NDCG@10': 0.7012538779585862, 'MAP': 0.9999999926492861, 'MRR': 1.0}
Epoch 20 | Train Metrics: {'NDCG@1': 0.49142621070276976, 'NDCG@5': 0.6474299652843708, 'NDCG@10': 0.7012538779585862, 'MAP': 0.9999999926492861, 'MRR': 1.0}
Epoch 21 | Train Metrics: {'NDCG@1': 0.49142621070276976, 'NDCG@5': 0.6474299652843708, 'NDCG@10': 0.7012538779585862, 'MAP': 0.9999999926492861, 'MRR': 1.0}
Epoch 22 | Train Metrics: {'NDCG@1': 0.49142621070276976, 'NDCG@5': 0.6474299652843708, 'NDCG@10': 0.7012538779585862, 'MAP': 0.9999999926492861, 'MRR': 1.0}
Epoch 23 | Train Metrics: {'NDCG@1': 0.49142621070276976, 'NDCG@5': 0.6474299652843708, 'NDCG@10': 0.7012538779585862, 'MAP': 0.9999999926492861, 'MRR': 1.0}
Epoch 24 | Train Metrics: {'NDCG@1': 0.49142621070276976, 'NDCG@5': 0.6474299652843708, 'NDCG@10': 0.7012538779585862, 'MAP': 0.9999999926492861, 'MRR': 1.0}
Epoch 25 | Train Metrics: {'NDCG@1': 0.49142621070276976, 'NDCG@5': 0.6474299652843708, 'NDCG@10': 0.7012538779585862, 'MAP': 0.9999999926492861, 'MRR': 1.0}
Epoch 26 | Train Metrics: {'NDCG@1': 0.49142621070276976, 'NDCG@5': 0.6474299652843708, 'NDCG@10': 0.7012538779585862, 'MAP': 0.9999999926492861, 'MRR': 1.0}
Epoch 27 | Train Metrics: {'NDCG@1': 0.49142621070276976, 'NDCG@5': 0.6474299652843708, 'NDCG@10': 0.7012538779585862, 'MAP': 0.9999999926492861, 'MRR': 1.0}
Epoch 28 | Train Metrics: {'NDCG@1': 0.49142621070276976, 'NDCG@5': 0.6474299652843708, 'NDCG@10': 0.7012538779585862, 'MAP': 0.9999999926492861, 'MRR': 1.0}
Epoch 29 | Train Metrics: {'NDCG@1': 0.49142621070276976, 'NDCG@5': 0.6474299652843708, 'NDCG@10': 0.7012538779585862, 'MAP': 0.9999999926492861, 'MRR': 1.0}
Epoch 30 | Train Metrics: {'NDCG@1': 0.49142621070276976, 'NDCG@5': 0.6474299652843708, 'NDCG@10': 0.7012538779585862, 'MAP': 0.9999999926492861, 'MRR': 1.0}
Epoch 31 | Train Metrics: {'NDCG@1': 0.49142621070276976, 'NDCG@5': 0.6474299652843708, 'NDCG@10': 0.7012538779585862, 'MAP': 0.9999999926492861, 'MRR': 1.0}
Epoch 32 | Train Metrics: {'NDCG@1': 0.49142621070276976, 'NDCG@5': 0.6474299652843708, 'NDCG@10': 0.7012538779585862, 'MAP': 0.9999999926492861, 'MRR': 1.0}
Epoch 33 | Train Metrics: {'NDCG@1': 0.49142621070276976, 'NDCG@5': 0.6474299652843708, 'NDCG@10': 0.7012538779585862, 'MAP': 0.9999999926492861, 'MRR': 1.0}
Epoch 34 | Train Metrics: {'NDCG@1': 0.49142621070276976, 'NDCG@5': 0.6474299652843708, 'NDCG@10': 0.7012538779585862, 'MAP': 0.9999999926492861, 'MRR': 1.0}
Epoch 35 | Train Metrics: {'NDCG@1': 0.49142621070276976, 'NDCG@5': 0.6474299652843708, 'NDCG@10': 0.7012538779585862, 'MAP': 0.9999999926492861, 'MRR': 1.0}
Epoch 36 | Train Metrics: {'NDCG@1': 0.49142621070276976, 'NDCG@5': 0.6474299652843708, 'NDCG@10': 0.7012538779585862, 'MAP': 0.9999999926492861, 'MRR': 1.0}
Epoch 37 | Train Metrics: {'NDCG@1': 0.49142621070276976, 'NDCG@5': 0.6474299652843708, 'NDCG@10': 0.7012538779585862, 'MAP': 0.9999999926492861, 'MRR': 1.0}
Epoch 38 | Train Metrics: {'NDCG@1': 0.49142621070276976, 'NDCG@5': 0.6474299652843708, 'NDCG@10': 0.7012538779585862, 'MAP': 0.9999999926492861, 'MRR': 1.0}
Epoch 39 | Train Metrics: {'NDCG@1': 0.49142621070276976, 'NDCG@5': 0.6474299652843708, 'NDCG@10': 0.7012538779585862, 'MAP': 0.9999999926492861, 'MRR': 1.0}
Epoch 40 | Train Metrics: {'NDCG@1': 0.49142621070276976, 'NDCG@5': 0.6474299652843708, 'NDCG@10': 0.7012538779585862, 'MAP': 0.9999999926492861, 'MRR': 1.0}
Epoch 41 | Train Metrics: {'NDCG@1': 0.49142621070276976, 'NDCG@5': 0.6474299652843708, 'NDCG@10': 0.7012538779585862, 'MAP': 0.9999999926492861, 'MRR': 1.0}
Epoch 42 | Train Metrics: {'NDCG@1': 0.49142621070276976, 'NDCG@5': 0.6474299652843708, 'NDCG@10': 0.7012538779585862, 'MAP': 0.9999999926492861, 'MRR': 1.0}
Epoch 43 | Train Metrics: {'NDCG@1': 0.49142621070276976, 'NDCG@5': 0.6474299652843708, 'NDCG@10': 0.7012538779585862, 'MAP': 0.9999999926492861, 'MRR': 1.0}
Epoch 44 | Train Metrics: {'NDCG@1': 0.49142621070276976, 'NDCG@5': 0.6474299652843708, 'NDCG@10': 0.7012538779585862, 'MAP': 0.9999999926492861, 'MRR': 1.0}
Epoch 45 | Train Metrics: {'NDCG@1': 0.49142621070276976, 'NDCG@5': 0.6474299652843708, 'NDCG@10': 0.7012538779585862, 'MAP': 0.9999999926492861, 'MRR': 1.0}
Epoch 46 | Train Metrics: {'NDCG@1': 0.49142621070276976, 'NDCG@5': 0.6474299652843708, 'NDCG@10': 0.7012538779585862, 'MAP': 0.9999999926492861, 'MRR': 1.0}
Epoch 47 | Train Metrics: {'NDCG@1': 0.49142621070276976, 'NDCG@5': 0.6474299652843708, 'NDCG@10': 0.7012538779585862, 'MAP': 0.9999999926492861, 'MRR': 1.0}
Epoch 48 | Train Metrics: {'NDCG@1': 0.49142621070276976, 'NDCG@5': 0.6474299652843708, 'NDCG@10': 0.7012538779585862, 'MAP': 0.9999999926492861, 'MRR': 1.0}
Epoch 49 | Train Metrics: {'NDCG@1': 0.49142621070276976, 'NDCG@5': 0.6474299652843708, 'NDCG@10': 0.7012538779585862, 'MAP': 0.9999999926492861, 'MRR': 1.0}
Epoch 50 | Train Metrics: {'NDCG@1': 0.49142621070276976, 'NDCG@5': 0.6474299652843708, 'NDCG@10': 0.7012538779585862, 'MAP': 0.9999999926492861, 'MRR': 1.0}
Epoch 51 | Train Metrics: {'NDCG@1': 0.49142621070276976, 'NDCG@5': 0.6474299652843708, 'NDCG@10': 0.7012538779585862, 'MAP': 0.9999999926492861, 'MRR': 1.0}
Epoch 52 | Train Metrics: {'NDCG@1': 0.49142621070276976, 'NDCG@5': 0.6474299652843708, 'NDCG@10': 0.7012538779585862, 'MAP': 0.9999999926492861, 'MRR': 1.0}
Epoch 53 | Train Metrics: {'NDCG@1': 0.49142621070276976, 'NDCG@5': 0.6474299652843708, 'NDCG@10': 0.7012538779585862, 'MAP': 0.9999999926492861, 'MRR': 1.0}
Epoch 54 | Train Metrics: {'NDCG@1': 0.49142621070276976, 'NDCG@5': 0.6474299652843708, 'NDCG@10': 0.7012538779585862, 'MAP': 0.9999999926492861, 'MRR': 1.0}
Epoch 55 | Train Metrics: {'NDCG@1': 0.49142621070276976, 'NDCG@5': 0.6474299652843708, 'NDCG@10': 0.7012538779585862, 'MAP': 0.9999999926492861, 'MRR': 1.0}
